ROOT_DIR = /pfs/lustref1/flash/project_462000031/lazzaroa/openmpi_on_ss11
/pfs/lustref1/flash/project_462000031/lazzaroa/openmpi_on_ss11 ~/flash_coe/openmpi_on_ss11/osu/ompi/collectives
ROOT_DIR = /pfs/lustref1/flash/project_462000031/lazzaroa/openmpi_on_ss11

Lmod is automatically replacing "cce/19.0.0" with "gcc-native/14.2".


Lmod is automatically replacing "PrgEnv-cray/8.6.0" with "PrgEnv-gnu/8.6.0".


Due to MODULEPATH changes, the following have been reloaded:
  1) cray-libsci/25.03.0     2) cray-mpich/8.1.32


Currently Loaded Modules:
  1) craype-x86-rome                      9) cray-python/3.11.7
  2) libfabric/1.22.0                    10) gcc-native/14.2
  3) craype-network-ofi                  11) craype/2.7.34
  4) perftools-base/25.03.0              12) cray-dsmml/0.3.1
  5) xpmem/2.11.5-1.3_g73ade43320bc      13) cray-mpich/8.1.32
  6) ModuleLabel/label              (S)  14) cray-libsci/25.03.0
  7) lumi-tools/24.05               (S)  15) PrgEnv-gnu/8.6.0
  8) init-lumi/0.2                  (S)  16) rocm/6.3.4

  Where:
   S:  Module is Sticky, requires --force to unload or purge
ROCM_PATH = /opt/rocm-6.3.4
XPMEM Lib path  = /usr/lib64
/pfs/lustref1/flash/project_462000031/lazzaroa/openmpi_on_ss11/install_libfabric
/pfs/lustref1/flash/project_462000031/lazzaroa/openmpi_on_ss11/install_rccl
~/flash_coe/openmpi_on_ss11/osu/ompi/collectives
============
#!/bin/bash

for NNODES in 1 2 4 8 16 32 64; do
#for NNODES in 4; do
#for NNODES in 64; do
sbatch -N $NNODES <<EOF
#!/bin/bash
#SBATCH --ntasks-per-node=8
#SBATCH -A project_462000031
#SBATCH -p standard-g
#SBATCH --gres=gpu:8
#SBATCH --exclusive
#SBATCH --network=single_node_vni
#SBATCH -o lumi-slurm-%j-coll_N${NNODES}_opt_5.0.10.out
#SBATCH --time=1:30:00
##SBATCH --network=disable_rdzv_get

# load runtime environment
ORIGINAL_SCRIPT=\$(scontrol show job "\$SLURM_JOB_ID" | awk -F= '/Command=/{print \$2}')
export OUTPUT_DIR=\$SLURM_SUBMIT_DIR
export ROOT_DIR=\$( cd -- "\$( dirname -- "\${ORIGINAL_SCRIPT}" )/../../.." &> /dev/null && pwd -P )
echo "ROOT_DIR = "\$ROOT_DIR

# Enable OpenMPI and RCCL
USE_CPE=0 source \$ROOT_DIR/sourceme_rccl.sh

# LUMI Binding
export BINDING="--bind-to core --map-by L3cache:pe=7 --mca hwloc_base_binding_policy core --mca hwloc_base_mem_bind policy:bind"

export PRTE_MCA_ras_base_launch_orted_on_hn=1
export PMIX_MCA_gds=^shmem2
#export NCCL_DEBUG=INFO
#export FI_LOG_LEVEL=debug

echo "============"
cat $0
echo "============"

env

for FI_CXI_RX_MATCH_MODE in software hybrid; do
    export FI_CXI_RX_MATCH_MODE=\$FI_CXI_RX_MATCH_MODE

    SUFFIX="_n\${SLURM_NTASKS}_\${FI_CXI_RX_MATCH_MODE}_\${SLURM_JOB_ID}_opt_5.0.10"

    echo "========"
    echo \$SUFFIX
    echo "========"

    # Consider validation
#    OSU_ARGS=" -c "
    OSU_ARGS=" "

     # opts
     # https://github.com/HewlettPackard/shs-ccl-docs/blob/main/rccl/rccl_tuning_guide.md
     export HSA_FORCE_FINE_GRAIN_PCIE=1
     export FI_CXI_RDZV_THRESHOLD=4096
     export FI_MR_CACHE_MONITOR=kdreg2 # not useful, can avoid deadline on RCCL
     export FI_CXI_RDZV_EAGER_SIZE=0
     export FI_CXI_RDZV_PROTO="alt_read"
     export FI_CXI_DEFAULT_CQ_SIZE="131072" # default value
     export FI_CXI_DEFAULT_TX_SIZE=2048
     export FI_CXI_DISABLE_HOST_REGISTER=1

#    if false; then
    if [ "\${FI_CXI_RX_MATCH_MODE}" == "software" ]; then
    (
        echo "with LinkX"

        export FI_SHM_USE_XPMEM=0 # otherwise the D2D breaks with LNX
        export FI_PROVIDER=lnx
        export FI_LNX_PROV_LINKS=shm+cxi # changed in the binding script
        export OMPI_MCA_opal_common_ofi_provider_include=lnx
        export OMPI_MCA_mtl_ofi_av=table
        export OMPI_MCA_pml=cm
        export OMPI_MCA_mtl=ofi
	export OMPI_MCA_smsc=xpmem

	CMDS=("osu_alltoall -d rocm D D" "osu_allreduce -d rocm D D" "osu_allgather -d rocm D D")
#  	CMDS=("osu_allgather -d rocm D D" "osu_allgather H H")
        for cmd in "\${CMDS[@]}"; do
    	    run_osu_cmd "\$cmd" "mpi/collective" "_lnx\${SUFFIX}"
        done

        export FI_SHM_USE_XPMEM=1

	CMDS=("osu_allreduce H H" "osu_alltoall H H" "osu_allgather H H")
        for cmd in "\${CMDS[@]}"; do
    	    run_osu_cmd "\$cmd" "mpi/collective" "_lnx\${SUFFIX}"
        done

    )
    fi # only software
#    fi

    (
        echo "no OpenMPI internal transport, only libfabric. Use CXI directly"

        export FI_SHM_USE_XPMEM=1
	export FI_PROVIDER=cxi
    	unset FI_LNX_PROV_LINKS
    	export OMPI_MCA_opal_common_ofi_provider_include=cxi
    	export OMPI_MCA_mtl_ofi_av=table
    	export OMPI_MCA_pml=cm
    	export OMPI_MCA_mtl=ofi
	export OMPI_MCA_smsc=xpmem

        CMDS=("osu_alltoall -d rocm D D" "osu_allreduce -d rocm D D" "osu_allgather -d rocm D D" "osu_allreduce H H" "osu_alltoall H H" "osu_allgather H H")
#       CMDS=("osu_allgather -d rocm D D" "osu_allgather H H")
        for cmd in "\${CMDS[@]}"; do
            run_osu_cmd "\$cmd" "mpi/collective" "_cxi\${SUFFIX}"
        done
    )

    if [ "\${FI_CXI_RX_MATCH_MODE}" == "hybrid" ]; then
#    if false; then
    (

        # No validation available for RCCL
    	OSU_ARGS=" "

	CMDS=("osu_xccl_alltoall -d rocm D D" "osu_xccl_allreduce -d rocm D D" "osu_xccl_allgather -d rocm D D")
    	for cmd in "\${CMDS[@]}"; do
            run_osu_cmd "\$cmd" "xccl/collective" "\${SUFFIX}"
     	done
    )
#    fi

#    if false; then
    (
        echo "RCCL-tests"

	FLAGS="-d uint8 -b 1 -e 128M -f 2 -g 1"
	CMDS=("alltoall_perf \${FLAGS}" "all_reduce_perf \${FLAGS}" "all_gather_perf \${FLAGS}")
    	for cmd in "\${CMDS[@]}"; do
	    logname=\$(echo "\${cmd}" | sed -e 's/ /_/g' -e 's/-//g')
	    echo -- mpirun \$cmd
	    mpirun \${BINDING} --report-bindings \${GPUBIND} \${PREFIX_RCCL}/bin/\$cmd \${FLAGS} | tee \${OUTPUT_DIR}/\${logname}"\${SUFFIX}.txt"
	done
    )
#    fi

    fi # only hybrid

done

if [ "${NNODES}" == "1" ]; then
(
    echo "with OpenMPI internal transport"

    SUFFIX="_n\${SLURM_NTASKS}_\${SLURM_JOB_ID}"

    unset FI_SHM_USE_XPMEM
    unset FI_PROVIDER
    unset FI_CXI_RX_MATCH_MODE
    unset FI_LNX_PROV_LINKS
    unset OMPI_MCA_opal_common_ofi_provider_include
    unset OMPI_MCA_mtl_ofi_av
    export OMPI_MCA_pml=ob1
    # CUDA
    #  export OMPI_MCA_btl=vader,smcuda,self
    # ROCM
    export OMPI_MCA_btl=vader,sm,self
    unset OMPI_MCA_mtl
    export OMPI_MCA_smsc=xpmem # Only OpenMPI

    CMDS=("osu_alltoall -d rocm D D" "osu_allreduce -d rocm D D" "osu_allgather -d rocm D D" "osu_allreduce H H" "osu_alltoall H H" "osu_allgather H H")
    for cmd in "\${CMDS[@]}"; do
        run_osu_cmd "\$cmd" "mpi/collective" "_ob1\${SUFFIX}"
    done
)
fi # single node

EOF


done
============
HYDRA_LAUNCHER_EXTRA_ARGS=--external-launcher
__LMOD_REF_COUNT_PE_LIBSCI_REQUIRED_PRODUCTS=PE_MPICH:1
CRAY_LMOD_MPI=cray-mpich/8.0
LUMI_LMOD_FAMILY_MPI=cray-mpich
LMOD_FAMILY_CRAYPE_NETWORK_VERSION=false
LC_ALL=en_US.UTF-8
SLURM_MEM_PER_CPU=0
LS_COLORS=no=00:fi=00:di=01;33:ln=01;36:pi=40;33:so=01;35:do=01;35:bd=40;33;01:cd=40;33;01:or=40;31;01:su=37;41:sg=30;43:tw=30;42:ow=34;42:st=37;44:ex=00;35:*.tar=01;31:*.tgz=01;31:*.arj=01;31:*.taz=01;31:*.lzh=01;31:*.zip=01;31:*.z=01;31:*.Z=01;31:*.gz=01;31:*.bz2=01;31:*.deb=01;31:*.rpm=01;31:*.jar=01;31:*.jpg=01;35:*.jpeg=01;35:*.gif=01;35:*.bmp=01;35:*.pbm=01;35:*.pgm=01;35:*.ppm=01;35:*.tga=01;35:*.xbm=01;35:*.xpm=01;35:*.tif=01;35:*.tiff=01;35:*.png=01;35:*.mov=01;35:*.mpg=01;35:*.mpeg=01;35:*.avi=01;35:*.fli=01;35:*.gl=01;35:*.dl=01;35:*.xcf=01;35:*.xwd=01;35:*.flac=01;35:*.mp3=01;35:*.mpc=01;35:*.ogg=01;35:*.wav=01;35:
LD_LIBRARY_PATH=/pfs/lustref1/flash/project_462000031/lazzaroa/openmpi_on_ss11/install_rccl/lib:/pfs/lustref1/flash/project_462000031/lazzaroa/openmpi_on_ss11/install_ompi/lib:/pfs/lustref1/flash/project_462000031/lazzaroa/openmpi_on_ss11/install_libfabric/lib:/pfs/lustref1/flash/project_462000031/lazzaroa/openmpi_on_ss11/install_cxi/lib:/opt/rocm-6.3.4/lib/roctracer:/opt/rocm-6.3.4/lib/rocprofiler:/opt/rocm-6.3.4/lib:/opt/cray/pe/python/3.11.7/lib:/opt/cray/pe/papi/7.2.0.1/lib64:/opt/cray/libfabric/1.22.0/lib64
HOSTTYPE=x86_64
CRAY_DSMML_ROOTDIR=/opt/cray/pe/dsmml/0.3.1
LIBFABRIC_DIR=/pfs/lustref1/flash/project_462000031/lazzaroa/openmpi_on_ss11/libfabric
_ModuleTable017_=YXBwbC9sdW1pL21vZHVsZXMvU29mdHdhcmVTdGFjazovYXBwbC9sdW1pL21vZHVsZXMvU3R5bGVNb2RpZmllcnM6L2FwcGwvbHVtaS9tb2R1bGVzL2luaXQtTFVNSS1Tb2Z0d2FyZVN0YWNrOi9vcHQvY3JheS9tb2R1bGVmaWxlcyIsCn0K
SLURM_NODEID=0
CRAY_DSMML_DIR=/opt/cray/pe/dsmml/0.3.1/dsmml
SLURM_TASK_PID=45533
__LMOD_REF_COUNT_PATH=/opt/rocm-6.3.4/bin:1;/opt/cray/pe/mpich/8.1.32/ofi/gnu/12.3/bin:1;/opt/cray/pe/mpich/8.1.32/bin:1;/opt/cray/pe/craype/2.7.34/bin:1;/opt/cray/pe/gcc-native/14/bin:1;/opt/cray/pe/python/3.11.7/bin:1;/appl/lumi/SW/system/EB/lumi-tools/24.05/bin:1;/opt/cray/pe/perftools/25.03.0/bin:1;/opt/cray/pe/papi/7.2.0.1/bin:1;/opt/cray/libfabric/1.22.0/bin:1;/users/lazzaroa/.local/bin:1;/users/lazzaroa/bin:1;/usr/local/bin:1;/usr/bin:1;/bin:1;/usr/lib/mit/bin:1;/usr/lib/mit/sbin:1;/opt/cray/pe/bin:1
_ModuleTable002_=TGFiZWwvbGFiZWwubHVhIiwKZnVsbE5hbWUgPSAiTW9kdWxlTGFiZWwvbGFiZWwiLApsb2FkT3JkZXIgPSA2LApwcm9wVCA9IHsKbG1vZCA9IHsKc3RpY2t5ID0gMSwKfSwKfSwKc3RhY2tEZXB0aCA9IDEsCnN0YXR1cyA9ICJhY3RpdmUiLAp1c2VyTmFtZSA9ICJNb2R1bGVMYWJlbC9sYWJlbCIsCndWID0gInNsYWJlbC4qemZpbmFsIiwKfSwKWyJQcmdFbnYtZ251Il0gPSB7CmZuID0gIi9vcHQvY3JheS9wZS9sbW9kL21vZHVsZWZpbGVzL2NvcmUvUHJnRW52LWdudS84LjYuMC5sdWEiLApmdWxsTmFtZSA9ICJQcmdFbnYtZ251LzguNi4wIiwKbG9hZE9yZGVyID0gMTUsCnByb3BUID0ge30sCnN0YWNrRGVwdGggPSAxLApzdGF0dXMgPSAiYWN0aXZlIiwKdXNlck5hbWUgPSAi
PE_MPICH_GTL_DIR_amd_gfx90a=-L/opt/cray/pe/mpich/8.1.32/gtl/lib
PE_LIBSCI_OMP_REQUIRES= 
SSH_CONNECTION=178.197.255.11 42506 193.167.209.163 22
LUMI_LMOD_FAMILY_CRAYPE=craype
LUMI_LMOD_FAMILY_CRAYPE_VERSION=2.7.34
LESSCLOSE=lessclose.sh %s %s
CRAY_LD_LIBRARY_PATH=/opt/cray/pe/libsci/25.03.0/GNU/12.3/x86_64/lib:/opt/cray/pe/mpich/8.1.32/ofi/gnu/12.3/lib:/opt/cray/pe/mpich/8.1.32/gtl/lib:/opt/cray/pe/dsmml/0.3.1/dsmml/lib:/opt/cray/pe/perftools/25.03.0/lib64
SLURM_PRIO_PROCESS=0
XKEYSYMDB=/usr/X11R6/lib/X11/XKeysymDB
PE_ENV=GNU
__LMOD_REF_COUNT_PE_DSMML_PKGCONFIG_LIBS=dsmml:1
__LMOD_REF_COUNT_PE_FORTRAN_PKGCONFIG_LIBS=mpichf90:1
LMOD_FAMILY_CRAYPE_CPU=craype-x86-rome
EBDEVELLUMIMINTOOLS=/appl/lumi/SW/system/EB/lumi-tools/24.05/easybuild/lumi-tools-24.05-easybuild-devel
CRAYPAT_LD_LIBRARY_PATH=/opt/cray/pe/perftools/25.03.0/lib64
GCC_PREFIX=/usr/lib64/gcc/x86_64-suse-linux/14
CRAY_LMOD_COMPILER=gnu/12.0
LMOD_MODULERCFILE=/appl/lumi/LUMI-SoftwareStack/LMOD/modulerc.lua
CRAY_DSMML_PREFIX=/opt/cray/pe/dsmml/0.3.1/dsmml
PE_PRODUCT_LIST=CRAYPE:CRAYPE_X86_ROME:PERFTOOLS:CRAYPAT:CRAY_ROCM
LMOD_FAMILY_MPI_VERSION=8.1.32
CRAYPAT_ROOT=/opt/cray/pe/perftools/25.03.0
PE_PERFTOOLS_MPICH_LIBDIR=/opt/cray/pe/mpich/8.1.32/ofi/gnu/12.3/lib
PMIX_MCA_gds=^shmem2
c=gnu
I_MPI_HYDRA_BOOTSTRAP_EXEC_EXTRA_ARGS=--external-launcher
PE_MPICH_GTL_DIR_amd_gfx906=-L/opt/cray/pe/mpich/8.1.32/gtl/lib
PE_LIBSCI_MODULE_NAME=cray-libsci/25.03.0
LANG=en_US.UTF-8
SLURM_SUBMIT_DIR=/pfs/lustref1/flash/project_462000031/lazzaroa/openmpi_on_ss11/osu/ompi/collectives
GIT_HOOKS_PRE_COMMIT_HPE_CRAY_CHECKPATCH_SKIP=1
PE_MPICH_GTL_DIR_amd_gfx908=-L/opt/cray/pe/mpich/8.1.32/gtl/lib
PE_DSMML_MODULE_NAME=cray-dsmml
WINDOWMANAGER=xterm
_ModuleTable008_=ID0gIi9vcHQvY3JheS9wZS9sbW9kL21vZHVsZWZpbGVzL2NyYXlwZS10YXJnZXRzL2RlZmF1bHQvY3JheXBlLXg4Ni1yb21lLmx1YSIsCmZ1bGxOYW1lID0gImNyYXlwZS14ODYtcm9tZSIsCmxvYWRPcmRlciA9IDEsCnByb3BUID0ge30sCnN0YWNrRGVwdGggPSAwLApzdGF0dXMgPSAiYWN0aXZlIiwKdXNlck5hbWUgPSAiY3JheXBlLXg4Ni1yb21lIiwKd1YgPSAiTS4qemZpbmFsIiwKfSwKWyJnY2MtbmF0aXZlIl0gPSB7CmFjdGlvbkEgPSB7CgoicHJlcGVuZF9wYXRoKFwiTU9EVUxFUEFUSFwiLFwiL29wdC9jcmF5L3BlL2xtb2QvbW9kdWxlZmlsZXMvY29tcGlsZXIvZ251LzEyLjBcIikiCiwgInByZXBlbmRfcGF0aChcIk1PRFVMRVBBVEhcIixcIi9vcHQvY3JheS9wZS9s
HIP_LIB_PATH=/opt/rocm-6.3.4/lib
OMPI_MCA_plm_slurm_args=--external-launcher
LESS=-M -I -R
PE_MPICH_GTL_LIBS_nvidia70=-lmpi_gtl_cuda
LUMI_LMOD_FAMILY_PRGENV=PrgEnv-gnu
LMOD_FAMILY_COMPILER_VERSION=14.2
HOSTNAME=nid005396
LMOD_SYSTEM_DEFAULT_MODULES=craype-x86-rome:craype-network-ofi:perftools-base:xpmem:PrgEnv-cray:init-lumi
EBROOTLUMIMINTOOLS=/appl/lumi/SW/system/EB/lumi-tools/24.05
OLDPWD=/pfs/lustref1/flash/project_462000031/lazzaroa/openmpi_on_ss11
LUMI_LMOD_FAMILY_CRAYPE_NETWORK_VERSION=false
CSHEDIT=emacs
ENVIRONMENT=BATCH
GPG_TTY=/dev/pts/159
LESS_ADVANCED_PREPROCESSOR=no
__LMOD_REF_COUNT_PE_MPICH_GENCOMPILERS_GNU=12.3:1
COLORTERM=1
__LMOD_REF_COUNT_XDG_DATA_DIRS=/appl/lumi/SW/system/EB/lumi-tools/24.05/share:1;/usr/share:1
OSU_HOME=/pfs/lustref1/flash/project_462000031/lazzaroa/openmpi_on_ss11/osu/osu-ompi//libexec/osu-micro-benchmarks/
FPATH=/opt/cray/pe/lmod/lmod/init/ksh_funcs
_ModuleTable007_=ZWZpbGVzL25ldC9vZmkvMS4wXCIpIiwKfSwKZm4gPSAiL29wdC9jcmF5L3BlL2xtb2QvbW9kdWxlZmlsZXMvY3JheXBlLXRhcmdldHMvZGVmYXVsdC9jcmF5cGUtbmV0d29yay1vZmkubHVhIiwKZnVsbE5hbWUgPSAiY3JheXBlLW5ldHdvcmstb2ZpIiwKbG9hZE9yZGVyID0gMywKcHJvcFQgPSB7fSwKc3RhY2tEZXB0aCA9IDAsCnN0YXR1cyA9ICJhY3RpdmUiLAp1c2VyTmFtZSA9ICJjcmF5cGUtbmV0d29yay1vZmkiLAp3ViA9ICJNLip6ZmluYWwiLAp9LApbImNyYXlwZS14ODYtcm9tZSJdID0gewphY3Rpb25BID0gewoicHJlcGVuZF9wYXRoKFwiTU9EVUxFUEFUSFwiLFwiL29wdC9jcmF5L3BlL2xtb2QvbW9kdWxlZmlsZXMvY3B1L3g4Ni1yb21lLzEuMFwiKSIsCn0sCmZu
CRAY_PERFTOOLS_VERSION=25.03.0
ROCR_VISIBLE_DEVICES=0,1,2,3,4,5,6,7
LUMI_LMOD_FAMILY_PRGENV_VERSION=8.6.0
PRTE_MCA_ras_base_launch_orted_on_hn=1
ROCM_PATH=/opt/rocm-6.3.4
OMPI_DIR=/pfs/lustref1/flash/project_462000031/lazzaroa/openmpi_on_ss11/openmpi5
LMOD_FAMILY_CRAYPE_NETWORK=craype-network-ofi
JAVA_HOME=/usr/lib64/jvm/java-11-openjdk-11
__LMOD_STACK_LMOD_AVAIL_STYLE=PGxhYmVsPjpQRWhpZXJhcmNoeTpzeXN0ZW0=
LMOD_FAMILY_CRAYPE_VERSION=2.7.34
PE_XPMEM_PKGCONFIG_LIBS=cray-xpmem
CRAY_ROCM_POST_LINK_OPTS= -L/opt/rocm-6.3.4/lib -L/opt/rocm-6.3.4/lib/rocprofiler -L/opt/rocm-6.3.4/lib/roctracer -lamdhip64
SLURM_PROCID=0
APP2_STATE=25.03.0
LMOD_FAMILY_GCC_COMPILER=gcc-native
CFLAGS=-g -O -Wno-error=maybe-uninitialized -I/pfs/lustref1/flash/project_462000031/lazzaroa/openmpi_on_ss11/install_cxi/include -I/opt/rocm-6.3.4/include
SLURM_JOB_GID=10013986
MACHTYPE=x86_64-suse-linux
I_MPI_HYDRA_BOOTSTRAP=slurm
LMOD_RC=/appl/lumi/LUMI-SoftwareStack/LMOD/lmodrc.lua
__LMOD_REF_COUNT_LD_LIBRARY_PATH=/opt/rocm-6.3.4/lib/roctracer:1;/opt/rocm-6.3.4/lib/rocprofiler:1;/opt/rocm-6.3.4/lib:1;/opt/cray/pe/python/3.11.7/lib:1;/opt/cray/pe/papi/7.2.0.1/lib64:1;/opt/cray/libfabric/1.22.0/lib64:1
CRAY_ROCM_PREFIX=/opt/rocm-6.3.4
__LMOD_REF_COUNT_PKG_CONFIG_PATH=/usr/lib64/pkgconfig:1;/opt/cray/pe/dsmml/0.3.1/dsmml/lib/pkgconfig:1;/opt/cray/pe/craype/2.7.34/pkg-config:1;/opt/cray/libfabric/1.22.0/lib64/pkgconfig:1
BINDING=--bind-to core --map-by L3cache:pe=7 --mca hwloc_base_binding_policy core --mca hwloc_base_mem_bind policy:bind
OSU_INSTALL=/pfs/lustref1/flash/project_462000031/lazzaroa/openmpi_on_ss11/osu/osu-ompi/
GNU_VERSION=14.2
SLURMD_NODENAME=nid005396
PE_PKGCONFIG_PRODUCTS=PE_LIBSCI:PE_MPICH:PE_DSMML:PE_XPMEM
_ModuleTable015_=ci9nbnUvMTIuMCIKLCAiL2FwcGwvbHVtaS9tb2R1bGVzL2Vhc3lidWlsZC9zeXN0ZW0iCiwgIi9vcHQvY3JheS9wZS9sbW9kL21vZHVsZWZpbGVzL3BlcmZ0b29scy8yNS4wMy4wIgosICIvb3B0L2NyYXkvcGUvbG1vZC9tb2R1bGVmaWxlcy9uZXQvb2ZpLzEuMCIKLCAiL29wdC9jcmF5L3BlL2xtb2QvbW9kdWxlZmlsZXMvY3B1L3g4Ni1yb21lLzEuMCIKLCAiL29wdC9jcmF5L3BlL21vZHVsZWZpbGVzL0xpbnV4IiwgIi9vcHQvY3JheS9wZS9tb2R1bGVmaWxlcy9Db3JlIgosICIvb3B0L2NyYXkvcGUvbG1vZC9sbW9kL21vZHVsZWZpbGVzL0NvcmUiCiwgIi9vcHQvY3JheS9wZS9sbW9kL21vZHVsZWZpbGVzL2NvcmUiCiwgIi9vcHQvY3JheS9wZS9sbW9kL21vZHVsZWZpbGVz
SLURM_JOB_END_TIME=1772967644
LUMI_LMOD_FAMILY_LIBSCI=cray-libsci
CRAY_MPICH_BASEDIR=/opt/cray/pe/mpich/8.1.32/ofi
PE_MPICH_GTL_DIR_nvidia80=-L/opt/cray/pe/mpich/8.1.32/gtl/lib
_ModuleTable004_=YnNjaS8yNS4wMy4wLmx1YSIsCmZ1bGxOYW1lID0gImNyYXktbGlic2NpLzI1LjAzLjAiLApsb2FkT3JkZXIgPSAxNCwKcHJvcFQgPSB7fSwKc3RhY2tEZXB0aCA9IDEsCnN0YXR1cyA9ICJhY3RpdmUiLAp1c2VyTmFtZSA9ICJjcmF5LWxpYnNjaSIsCndWID0gIl4wMDAwMDAyNS4wMDAwMDAwMDMuKnpmaW5hbCIsCn0sClsiY3JheS1tcGljaCJdID0gewphY3Rpb25BID0gewoicHJlcGVuZF9wYXRoKFwiTU9EVUxFUEFUSFwiLFwiL29wdC9jcmF5L3BlL2xtb2QvbW9kdWxlZmlsZXMvbXBpL2dudS8xMi4wL29maS8xLjAvY3JheS1tcGljaC84LjBcIikiLAp9LApmbiA9ICIvb3B0L2NyYXkvcGUvbG1vZC9tb2R1bGVmaWxlcy9jb21uZXQvZ251LzEyLjAvb2ZpLzEuMC9jcmF5LW1w
PE_LIBSCI_GENCOMPILERS_GNU_x86_64=12.3
MINICOM=-c on
SLURM_TASKS_PER_NODE=8(x2)
__LMOD_REF_COUNT_PYTHONPATH=/opt/cray/pe/python/3.11.7:1
PRTE_MCA_plm_slurm_args=--external-launcher
PE_MPICH_PKGCONFIG_VARIABLES=PE_MPICH_GTL_DIR_@accelerator@:PE_MPICH_GTL_LIBS_@accelerator@
PREFIX_CXI=/pfs/lustref1/flash/project_462000031/lazzaroa/openmpi_on_ss11/install_cxi
PE_MPICH_PKGCONFIG_LIBS=mpich
USE_SRUN=0
OSTYPE=linux
CC=gcc-14
XDG_SESSION_ID=305302
CRAY_DSMML_VER=0.3.1
__LMOD_REF_COUNT_PYTHON_PATH=/opt/cray/pe/python/3.11.7:1
LUMI_LMOD_FAMILY_MPI_VERSION=8.1.32
SLURM_NNODES=2
USER=lazzaroa
LUMI_LMOD_FAMILY_LIBSCI_VERSION=25.03.0
CXXFLAGS=-g -O -I/pfs/lustref1/flash/project_462000031/lazzaroa/openmpi_on_ss11/install_cxi/include -I/opt/rocm-6.3.4/include
PAGER=less
LUMI_LMOD_FAMILY_GCC_COMPILER=gcc-native
CRAY_PYTHON_LEVEL=3.11.7
LMOD_FAMILY_PRGENV_VERSION=8.6.0
LMOD_FAMILY_LIBSCI=cray-libsci
_ModuleTable012_=MDAwMDAyNC4wMDAwMDAwMDUuKnpmaW5hbCIsCn0sClsicGVyZnRvb2xzLWJhc2UiXSA9IHsKYWN0aW9uQSA9IHsKInByZXBlbmRfcGF0aChcIk1PRFVMRVBBVEhcIixcIi9vcHQvY3JheS9wZS9sbW9kL21vZHVsZWZpbGVzL3BlcmZ0b29scy8yNS4wMy4wXCIpIiwKfSwKZm4gPSAiL29wdC9jcmF5L3BlL2xtb2QvbW9kdWxlZmlsZXMvY29yZS9wZXJmdG9vbHMtYmFzZS8yNS4wMy4wLmx1YSIsCmZ1bGxOYW1lID0gInBlcmZ0b29scy1iYXNlLzI1LjAzLjAiLApsb2FkT3JkZXIgPSA0LApwcm9wVCA9IHt9LApzdGFja0RlcHRoID0gMCwKc3RhdHVzID0gImFjdGl2ZSIsCnVzZXJOYW1lID0gInBlcmZ0b29scy1iYXNlIiwKd1YgPSAiXjAwMDAwMDI1LjAwMDAwMDAwMy4qemZpbmFs
PE_MPICH_GTL_LIBS_ponteVecchio=-lmpi_gtl_ze
CRAY_CPU_TARGET=x86-rome
PE_GCC_LEVEL=14
SLURM_JOB_START_TIME=1772962244
PE_LIBSCI_VOLATILE_PRGENV=GNU
SLURM_NTASKS_PER_NODE=8
PKGCONFIG_ENABLED=1
__LMOD_REF_COUNT_MODULEPATH=/opt/cray/pe/lmod/modulefiles/mpi/gnu/12.0/ofi/1.0/cray-mpich/8.0:1;/opt/cray/pe/lmod/modulefiles/comnet/gnu/12.0/ofi/1.0:1;/opt/cray/pe/lmod/modulefiles/mix_compilers:1;/opt/cray/pe/lmod/modulefiles/compiler/gnu/12.0:1;/appl/lumi/modules/easybuild/system:1;/opt/cray/pe/lmod/modulefiles/perftools/25.03.0:1;/opt/cray/pe/lmod/modulefiles/net/ofi/1.0:1;/opt/cray/pe/lmod/modulefiles/cpu/x86-rome/1.0:1;/opt/cray/pe/modulefiles/Linux:1;/opt/cray/pe/modulefiles/Core:1;/opt/cray/pe/lmod/lmod/modulefiles/Core:1;/opt/cray/pe/lmod/modulefiles/core:1;/opt/cray/pe/lmod/modulefiles/craype-targets/default:1;/appl/lumi/modules/SoftwareStack:1;/appl/lumi/modules/StyleModifiers:1;/appl/lumi/modules/init-LUMI-SoftwareStack:1;/opt/cray/modulefiles:1
MORE=-sl
CRAY_PERFTOOLS_PREFIX=/opt/cray/pe/perftools/25.03.0
PE_FORTRAN_PKGCONFIG_LIBS=mpichf90
CRAY_ROCM_DIR=/opt/rocm-6.3.4
__LMOD_REF_COUNT_CRAY_LD_LIBRARY_PATH=/opt/cray/pe/libsci/25.03.0/GNU/12.3/x86_64/lib:1;/opt/cray/pe/mpich/8.1.32/ofi/gnu/12.3/lib:1;/opt/cray/pe/mpich/8.1.32/gtl/lib:1;/opt/cray/pe/dsmml/0.3.1/dsmml/lib:1;/opt/cray/pe/perftools/25.03.0/lib64:1
GCC_VERSION=14.2
CRAY_LIBSCI_BASE_DIR=/opt/cray/pe/libsci/25.03.0
PWD=/users/lazzaroa/flash_coe/openmpi_on_ss11/osu/ompi/collectives
LUMI_LMOD_FAMILY_CRAYPE_CPU=craype-x86-rome
PE_MPICH_GTL_DIR_ponteVecchio=-L/opt/cray/pe/mpich/8.1.32/gtl/lib
PE_MPICH_GTL_DIR_nvidia70=-L/opt/cray/pe/mpich/8.1.32/gtl/lib
SLURM_JOB_NODELIST=nid[005396-005397]
HOME=/users/lazzaroa
SLURM_CLUSTER_NAME=lumi
PELOCAL_PRGENV=true
CMAKE_PREFIX_PATH=/opt/rocm-6.3.4/lib/cmake/hip:/appl/lumi/SW/system/EB/lumi-tools/24.05
PE_LIBSCI_REQUIRED_PRODUCTS=PE_MPICH
SLURM_NODELIST=nid[005396-005397]
PE_MPICH_GTL_LIBS_amd_gfx942=-lmpi_gtl_hsa
PE_MPICH_GTL_LIBS_amd_gfx940=-lmpi_gtl_hsa
LIBCXI_DIR=/pfs/lustref1/flash/project_462000031/lazzaroa/openmpi_on_ss11/libfabric/libcxi
SLURM_GPUS_ON_NODE=8
SLURM_NETWORK=single_node_vni
HOST=uan01
SSH_CLIENT=178.197.255.11 42506 22
__LMOD_REF_COUNT_PE_GNU_FIXED_PKGCONFIG_PATH=/opt/cray/pe/mpich/8.1.32/ofi/gnu/12.3/lib/pkgconfig:1
__LMOD_REF_COUNT_LMOD_MODULERCFILE=/appl/lumi/LUMI-SoftwareStack/LMOD/modulerc.lua:1
LMOD_VERSION=8.7.55
XNLSPATH=/usr/X11R6/lib/X11/nls
PE_MPICH_FORTRAN_PKGCONFIG_LIBS=mpichf90
SLURM_NTASKS=16
PE_LIBSCI_PKGCONFIG_LIBS=libsci_mpi:libsci
XDG_SESSION_TYPE=tty
PREFIX_RCCL=/pfs/lustref1/flash/project_462000031/lazzaroa/openmpi_on_ss11/install_rccl
SDK_HOME=/usr/lib64/jvm/java-11-openjdk-11
CRAY_LMOD_CPU=x86-rome/1.0
PE_MPICH_GTL_LIBS_nvidia80=-lmpi_gtl_cuda
PE_LIBSCI_OMP_REQUIRES_openmp=_mp
LMOD_FAMILY_CRAYPE_CPU_VERSION=false
SLURM_JOB_CPUS_PER_NODE=56(x2)
GCC_PATH=/opt/cray/pe/gcc-native/14/bin
BASH_ENV=/opt/cray/pe/lmod/lmod/init/bash
XDG_DATA_DIRS=/appl/lumi/SW/system/EB/lumi-tools/24.05/share:/usr/share
_LUMI_INIT_FIRST_LOAD=1
__LMOD_REF_COUNT_PE_MPICH_FORTRAN_PKGCONFIG_LIBS=mpichf90:1
SLURM_TOPOLOGY_ADDR=nid005396
SLURM_THREADS_PER_CORE=1
PYTHON_PATH=/opt/cray/pe/python/3.11.7
LMOD_FAMILY_GCC_COMPILER_VERSION=14.2
CRAY_LMOD_NET=ofi/1.0
__LMOD_REF_COUNT_PE_PKGCONFIG_PRODUCTS=PE_LIBSCI:1;PE_MPICH:1;PE_DSMML:1;PE_XPMEM:1
PE_MPICH_MODULE_NAME=cray-mpich
RCCL_DIR=/pfs/lustref1/flash/project_462000031/lazzaroa/openmpi_on_ss11/rccl
LIBGL_DEBUG=quiet
FCFLAGS=-O -I/pfs/lustref1/flash/project_462000031/lazzaroa/openmpi_on_ss11/install_cxi/include -I/opt/rocm-6.3.4/include
PE_LIBSCI_VOLATILE_PKGCONFIG_PATH=/opt/cray/pe/libsci/25.03.0/@PRGENV@/@PE_LIBSCI_GENCOMPS@/@PE_LIBSCI_TARGET@/lib/pkgconfig
JDK_HOME=/usr/lib64/jvm/java-11-openjdk-11
__LMOD_REF_COUNT_PE_MPICH_FIXED_PRGENV=GNU:1
PE_MPICH_GTL_DIR_amd_gfx940=-L/opt/cray/pe/mpich/8.1.32/gtl/lib
PE_MPICH_GTL_DIR_amd_gfx942=-L/opt/cray/pe/mpich/8.1.32/gtl/lib
OUTPUT_DIR=/pfs/lustref1/flash/project_462000031/lazzaroa/openmpi_on_ss11/osu/ompi/collectives
SLURM_JOB_NAME=sbatch
PROFILEREAD=true
TMPDIR=/tmp
PERFTOOLS_VERSION=25.03.0
SLURM_JOB_GPUS=0,1,2,3,4,5,6,7
__LMOD_REF_COUNT_CMAKE_PREFIX_PATH=/opt/rocm-6.3.4/lib/cmake/hip:1;/appl/lumi/SW/system/EB/lumi-tools/24.05:1
LMOD_sys=Linux
_ModuleTable010_=bmRfcGF0aChcIk1PRFVMRVBBVEhcIixcIi9hcHBsL2x1bWkvbW9kdWxlcy9lYXN5YnVpbGQvc3lzdGVtXCIpIiwKfSwKZm4gPSAiL2FwcGwvbHVtaS9tb2R1bGVzL2luaXQtTFVNSS1Tb2Z0d2FyZVN0YWNrL2luaXQtbHVtaS8wLjIubHVhIiwKZnVsbE5hbWUgPSAiaW5pdC1sdW1pLzAuMiIsCmxvYWRPcmRlciA9IDgsCnByb3BUID0gewpsbW9kID0gewpzdGlja3kgPSAxLAp9LAp9LApzdGFja0RlcHRoID0gMCwKc3RhdHVzID0gImFjdGl2ZSIsCnVzZXJOYW1lID0gImluaXQtbHVtaSIsCndWID0gIjAwMDAwMDAwMC4wMDAwMDAwMDIuKnpmaW5hbCIsCn0sCmxpYmZhYnJpYyA9IHsKZm4gPSAiL29wdC9jcmF5L21vZHVsZWZpbGVzL2xpYmZhYnJpYy8xLjIyLjAiLApmdWxsTmFt
PE_PKGCONFIG_LIBS=rocm-6.3.4:libsci_mpi:libsci:mpich:dsmml
SLURM_JOBID=16573692
_ModuleTable001_=X01vZHVsZVRhYmxlXyA9IHsKTVR2ZXJzaW9uID0gMywKY19yZWJ1aWxkVGltZSA9IGZhbHNlLApjX3Nob3J0VGltZSA9IGZhbHNlLApkZXB0aFQgPSB7fSwKZmFtaWx5ID0gewpQcmdFbnYgPSAiUHJnRW52LWdudSIsCmNvbXBpbGVyID0gImdjYy1uYXRpdmUiLApjcmF5cGUgPSAiY3JheXBlIiwKY3JheXBlX2NwdSA9ICJjcmF5cGUteDg2LXJvbWUiLApjcmF5cGVfbmV0d29yayA9ICJjcmF5cGUtbmV0d29yay1vZmkiLApnY2NfY29tcGlsZXIgPSAiZ2NjLW5hdGl2ZSIsCmxpYnNjaSA9ICJjcmF5LWxpYnNjaSIsCm1waSA9ICJjcmF5LW1waWNoIiwKfSwKbVQgPSB7Ck1vZHVsZUxhYmVsID0gewpmbiA9ICIvYXBwbC9sdW1pL21vZHVsZXMvU3R5bGVNb2RpZmllcnMvTW9kdWxl
SLURM_CONF=/etc/slurm/slurm.conf
LOADEDMODULES=craype-x86-rome:libfabric/1.22.0:craype-network-ofi:perftools-base/25.03.0:xpmem/2.11.5-1.3_g73ade43320bc:ModuleLabel/label:lumi-tools/24.05:init-lumi/0.2:cray-python/3.11.7:gcc-native/14.2:craype/2.7.34:cray-dsmml/0.3.1:cray-mpich/8.1.32:cray-libsci/25.03.0:PrgEnv-gnu/8.6.0:rocm/6.3.4
LMOD_AVAIL_STYLE=<label>:PEhierarchy:system
FC=gfortran-14
CRAYPE_NETWORK_TARGET=ofi
_ModuleTable006_=cHl0aG9uIiwKd1YgPSAiXjAwMDAwMDAzLjAwMDAwMDAxMS4wMDAwMDAwMDcuKnpmaW5hbCIsCn0sCmNyYXlwZSA9IHsKZm4gPSAiL29wdC9jcmF5L3BlL2xtb2QvbW9kdWxlZmlsZXMvY29yZS9jcmF5cGUvMi43LjM0Lmx1YSIsCmZ1bGxOYW1lID0gImNyYXlwZS8yLjcuMzQiLApsb2FkT3JkZXIgPSAxMSwKcHJvcFQgPSB7fSwKc3RhY2tEZXB0aCA9IDEsCnN0YXR1cyA9ICJhY3RpdmUiLAp1c2VyTmFtZSA9ICJjcmF5cGUiLAp3ViA9ICJeMDAwMDAwMDIuMDAwMDAwMDA3LjAwMDAwMDAzNC4qemZpbmFsIiwKfSwKWyJjcmF5cGUtbmV0d29yay1vZmkiXSA9IHsKYWN0aW9uQSA9IHsKInByZXBlbmRfcGF0aChcIk1PRFVMRVBBVEhcIixcIi9vcHQvY3JheS9wZS9sbW9kL21vZHVs
__LMOD_REF_COUNT_MANPATH=/opt/rocm-6.3.4/share/man:1;/opt/cray/pe/libsci/25.03.0/share/man:1;/opt/cray/pe/mpich/8.1.32/ofi/man:1;/opt/cray/pe/mpich/8.1.32/man/mpich:1;/opt/cray/pe/dsmml/0.3.1/dsmml/man:1;/opt/cray/pe/craype/2.7.34/man:1;/opt/cray/pe/python/3.11.7/share/man:1;/appl/lumi/SW/system/EB/lumi-tools/24.05/share/man:1;/opt/cray/pe/perftools/25.03.0/man:1;/opt/cray/pe/papi/7.2.0.1/share/pdoc/man:1;/opt/cray/libfabric/1.22.0/share/man:1;/opt/cray/pe/lmod/lmod/share/man:1;/users/lazzaroa/.local/share/man:1;/usr/local/man:1;/usr/share/man:1
_ModuleTable003_=UHJnRW52LWdudSIsCndWID0gIl4wMDAwMDAwOC4wMDAwMDAwMDYuKnpmaW5hbCIsCn0sClsiY3JheS1kc21tbCJdID0gewpmbiA9ICIvb3B0L2NyYXkvcGUvbG1vZC9tb2R1bGVmaWxlcy9jb3JlL2NyYXktZHNtbWwvMC4zLjEubHVhIiwKZnVsbE5hbWUgPSAiY3JheS1kc21tbC8wLjMuMSIsCmxvYWRPcmRlciA9IDEyLApwcm9wVCA9IHt9LApzdGFja0RlcHRoID0gMSwKc3RhdHVzID0gImFjdGl2ZSIsCnVzZXJOYW1lID0gImNyYXktZHNtbWwiLAp3ViA9ICJeMDAwMDAwMDAuMDAwMDAwMDAzLjAwMDAwMDAwMS4qemZpbmFsIiwKfSwKWyJjcmF5LWxpYnNjaSJdID0gewpmbiA9ICIvb3B0L2NyYXkvcGUvbG1vZC9tb2R1bGVmaWxlcy9jb21waWxlci9nbnUvMTIuMC9jcmF5LWxp
SLURM_JOB_QOS=normal
LMOD_ROOT=/opt/cray/pe/lmod
SLURM_TOPOLOGY_ADDR_PATTERN=node
SSH_TTY=/dev/pts/159
PAT_RT_PERFCTR_DISABLE_COMPONENTS=nvml,rocm_smi
LUMI_LMOD_FAMILY_CRAYPE_NETWORK=craype-network-ofi
CRAY_MPICH_ROOTDIR=/opt/cray/pe/mpich/8.1.32
_ModuleTable013_=IiwKfSwKcm9jbSA9IHsKZm4gPSAiL29wdC9jcmF5L3BlL2xtb2QvbW9kdWxlZmlsZXMvY29yZS9yb2NtLzYuMy40Lmx1YSIsCmZ1bGxOYW1lID0gInJvY20vNi4zLjQiLApsb2FkT3JkZXIgPSAxNiwKcHJvcFQgPSB7fSwKc3RhY2tEZXB0aCA9IDAsCnN0YXR1cyA9ICJhY3RpdmUiLAp1c2VyTmFtZSA9ICJyb2NtIiwKd1YgPSAiXjAwMDAwMDA2LjAwMDAwMDAwMy4wMDAwMDAwMDQuKnpmaW5hbCIsCn0sCnhwbWVtID0gewpmbiA9ICIvb3B0L2NyYXkvbW9kdWxlZmlsZXMveHBtZW0vMi4xMS41LTEuM19nNzNhZGU0MzMyMGJjIiwKZnVsbE5hbWUgPSAieHBtZW0vMi4xMS41LTEuM19nNzNhZGU0MzMyMGJjIiwKbG9hZE9yZGVyID0gNSwKcHJvcFQgPSB7fSwKc3RhY2tEZXB0aCA9
MOTD_SHOWN=pam
MAIL=/var/spool/mail/lazzaroa
SLURM_CPUS_ON_NODE=56
CXX=g++-14
SLURM_JOB_NUM_NODES=2
_ModuleTable016_=L2NyYXlwZS10YXJnZXRzL2RlZmF1bHQiCiwgIi9hcHBsL2x1bWkvbW9kdWxlcy9Tb2Z0d2FyZVN0YWNrIiwgIi9hcHBsL2x1bWkvbW9kdWxlcy9TdHlsZU1vZGlmaWVycyIKLCAiL2FwcGwvbHVtaS9tb2R1bGVzL2luaXQtTFVNSS1Tb2Z0d2FyZVN0YWNrIiwgIi9vcHQvY3JheS9tb2R1bGVmaWxlcyIsCn0sCnN5c3RlbUJhc2VNUEFUSCA9ICIvb3B0L2NyYXkvcGUvbW9kdWxlZmlsZXMvTGludXg6L29wdC9jcmF5L3BlL21vZHVsZWZpbGVzL0NvcmU6L29wdC9jcmF5L3BlL2xtb2QvbG1vZC9tb2R1bGVmaWxlcy9Db3JlOi9vcHQvY3JheS9wZS9sbW9kL21vZHVsZWZpbGVzL2NvcmU6L29wdC9jcmF5L3BlL2xtb2QvbW9kdWxlZmlsZXMvY3JheXBlLXRhcmdldHMvZGVmYXVsdDov
LESSKEY=/etc/lesskey.bin
LUMI_LMOD_FAMILY_COMPILER=gcc-native
_ModuleTable009_=bW9kL21vZHVsZWZpbGVzL21peF9jb21waWxlcnNcIikiLCAicHJlcGVuZF9wYXRoKFwiTU9EVUxFUEFUSFwiLFwiL29wdC9jcmF5L3BlL2xtb2QvbW9kdWxlZmlsZXMvY29tbmV0L2dudS8xMi4wL29maS8xLjBcIikiLAp9LApmbiA9ICIvb3B0L2NyYXkvcGUvbG1vZC9tb2R1bGVmaWxlcy9jb3JlL2djYy1uYXRpdmUvMTQuMi5sdWEiLApmdWxsTmFtZSA9ICJnY2MtbmF0aXZlLzE0LjIiLApsb2FkT3JkZXIgPSAxMCwKcHJvcFQgPSB7fSwKc3RhY2tEZXB0aCA9IDEsCnN0YXR1cyA9ICJhY3RpdmUiLAp1c2VyTmFtZSA9ICJnY2MtbmF0aXZlIiwKd1YgPSAiXjAwMDAwMDE0LjAwMDAwMDAwMi4qemZpbmFsIiwKfSwKWyJpbml0LWx1bWkiXSA9IHsKYWN0aW9uQSA9IHsKInByZXBl
TERM=xterm-256color
SHELL=/bin/bash
LUMI_LMOD_FAMILY_COMPILER_VERSION=14.2
CRAY_MPICH_VER=8.1.32
LMOD_ADMIN_FILE=/appl/lumi/LUMI-SoftwareStack/LMOD/admin.list
XDG_SESSION_CLASS=user
PE_MPICH_FIXED_PRGENV=GNU
CRAY_LIBSCI_PREFIX=/opt/cray/pe/libsci/25.03.0/GNU/12.3/x86_64
CRAY_ROCM_VERSION=6.3.4
LMOD_FAMILY_PRGENV=PrgEnv-gnu
SLURM_JOB_UID=10013986
_ModuleTable_Sz_=17
CRAY_PYTHON_PREFIX=/opt/cray/pe/python/3.11.7
CRAY_LIBSCI_VERSION=25.03.0
SLURM_JOB_PARTITION=standard-g
LMOD_FAMILY_COMPILER=gcc-native
CRAY_DSMML_BASEDIR=/opt/cray/pe/dsmml/0.3.1
SLURM_HINT=nomultithread
CRAY_XPMEM_POST_LINK_OPTS=-L/usr/lib64
PE_MPICH_GENCOMPILERS_GNU=12.3
SLURM_JOB_USER=lazzaroa
SLURM_NPROCS=16
LUMI_LMOD_FAMILY_CRAYPE_CPU_VERSION=false
SHLVL=3
SLURM_SUBMIT_HOST=uan01
PYTHONPATH=/opt/cray/pe/python/3.11.7
CRAY_LIBSCI_PREFIX_DIR=/opt/cray/pe/libsci/25.03.0/GNU/12.3/x86_64
G_FILENAME_ENCODING=@locale,UTF-8,ISO-8859-15,CP1252
SLURM_JOB_ACCOUNT=project_462000031
GPUBIND=/pfs/lustref1/flash/project_462000031/lazzaroa/openmpi_on_ss11/select_gpu.sh
MANPATH=/pfs/lustref1/flash/project_462000031/lazzaroa/openmpi_on_ss11/install_rccl/man:/pfs/lustref1/flash/project_462000031/lazzaroa/openmpi_on_ss11/install_ompi/share/man:/pfs/lustref1/flash/project_462000031/lazzaroa/openmpi_on_ss11/install_libfabric/share/man:/pfs/lustref1/flash/project_462000031/lazzaroa/openmpi_on_ss11/install_cxi/share/man:/pfs/lustref1/flash/project_462000031/lazzaroa/openmpi_on_ss11/install_cxi/man:/opt/rocm-6.3.4/share/man:/opt/cray/pe/libsci/25.03.0/share/man:/opt/cray/pe/mpich/8.1.32/ofi/man:/opt/cray/pe/mpich/8.1.32/man/mpich:/opt/cray/pe/dsmml/0.3.1/dsmml/man:/opt/cray/pe/craype/2.7.34/man:/opt/cray/pe/python/3.11.7/share/man:/appl/lumi/SW/system/EB/lumi-tools/24.05/share/man:/opt/cray/pe/perftools/25.03.0/man:/opt/cray/pe/papi/7.2.0.1/share/pdoc/man:/opt/cray/libfabric/1.22.0/share/man:/opt/cray/pe/lmod/lmod/share/man:/users/lazzaroa/.local/share/man:/usr/local/man:/usr/share/man
CRAY_DSMML_VERSION=0.3.1
CPPFLAGS=-I/pfs/lustref1/flash/project_462000031/lazzaroa/openmpi_on_ss11/install_cxi/include -I/opt/rocm-6.3.4/include
CRAY_ROCM_INCLUDE_OPTS=-I/opt/rocm-6.3.4/include -I/opt/rocm-6.3.4/include/rocprofiler -I/opt/rocm-6.3.4/include/roctracer -I/opt/rocm-6.3.4/include/hip -D__HIP_PLATFORM_AMD__
MPICH_DIR=/opt/cray/pe/mpich/8.1.32/ofi/gnu/12.3
EBVERSIONLUMIMINTOOLS=24.05
HYDRA_BOOTSTRAP=slurm
PE_MPICH_GTL_LIBS_nvidia90=-lmpi_gtl_cuda
ROOT_DIR=/pfs/lustref1/flash/project_462000031/lazzaroa/openmpi_on_ss11
LUMI_LMOD_FAMILY_GCC_COMPILER_VERSION=14.2
MODULEPATH=/opt/cray/pe/lmod/modulefiles/mpi/gnu/12.0/ofi/1.0/cray-mpich/8.0:/opt/cray/pe/lmod/modulefiles/comnet/gnu/12.0/ofi/1.0:/opt/cray/pe/lmod/modulefiles/mix_compilers:/opt/cray/pe/lmod/modulefiles/compiler/gnu/12.0:/appl/lumi/modules/easybuild/system:/opt/cray/pe/lmod/modulefiles/perftools/25.03.0:/opt/cray/pe/lmod/modulefiles/net/ofi/1.0:/opt/cray/pe/lmod/modulefiles/cpu/x86-rome/1.0:/opt/cray/pe/modulefiles/Linux:/opt/cray/pe/modulefiles/Core:/opt/cray/pe/lmod/lmod/modulefiles/Core:/opt/cray/pe/lmod/modulefiles/core:/opt/cray/pe/lmod/modulefiles/craype-targets/default:/appl/lumi/modules/SoftwareStack:/appl/lumi/modules/StyleModifiers:/appl/lumi/modules/init-LUMI-SoftwareStack:/opt/cray/modulefiles
CRAY_MPICH_DIR=/opt/cray/pe/mpich/8.1.32/ofi/gnu/12.3
CRAY_PYTHON_VERSION=3.11.7
SLURM_GTIDS=0
LMOD_FAMILY_CRAYPE=craype
LOGNAME=lazzaroa
DBUS_SESSION_BUS_ADDRESS=unix:path=/run/user/10013986/bus
CRAY_MPICH_VERSION=8.1.32
XDG_RUNTIME_DIR=/run/user/10013986
PREFIX_OMPI=/pfs/lustref1/flash/project_462000031/lazzaroa/openmpi_on_ss11/install_ompi
LDFLAGS=-g -O -L/pfs/lustref1/flash/project_462000031/lazzaroa/openmpi_on_ss11/install_cxi/lib -L/opt/rocm-6.3.4/lib
MODULEPATH_ROOT=/opt/cray/pe/modulefiles
LMOD_PACKAGE_PATH=/appl/lumi/LUMI-SoftwareStack/LMOD
PE_MPICH_GTL_LIBS_amd_gfx906=-lmpi_gtl_hsa
PE_DSMML_PKGCONFIG_LIBS=dsmml
JRE_HOME=/usr/lib64/jvm/java-11-openjdk-11
PE_LIBSCI_PKGCONFIG_VARIABLES=PE_LIBSCI_OMP_REQUIRES_@openmp@:PE_SCI_EXT_LIBPATH:PE_SCI_EXT_LIBNAME
XDG_CONFIG_DIRS=/etc/xdg
PATH=/pfs/lustref1/flash/project_462000031/lazzaroa/openmpi_on_ss11/install_rccl/bin:/pfs/lustref1/flash/project_462000031/lazzaroa/openmpi_on_ss11/install_ompi/bin:/pfs/lustref1/flash/project_462000031/lazzaroa/openmpi_on_ss11/install_libfabric/bin:/pfs/lustref1/flash/project_462000031/lazzaroa/openmpi_on_ss11/install_cxi/bin:/opt/rocm-6.3.4/bin:/opt/cray/pe/mpich/8.1.32/ofi/gnu/12.3/bin:/opt/cray/pe/mpich/8.1.32/bin:/opt/cray/pe/craype/2.7.34/bin:/opt/cray/pe/gcc-native/14/bin:/opt/cray/pe/python/3.11.7/bin:/appl/lumi/SW/system/EB/lumi-tools/24.05/bin:/opt/cray/pe/perftools/25.03.0/bin:/opt/cray/pe/papi/7.2.0.1/bin:/opt/cray/libfabric/1.22.0/bin:/users/lazzaroa/.local/bin:/users/lazzaroa/bin:/usr/local/bin:/usr/bin:/bin:/usr/lib/mit/bin:/usr/lib/mit/sbin:/opt/cray/pe/bin
PE_MPICH_GTL_LIBS_amd_gfx908=-lmpi_gtl_hsa
SLURM_JOB_ID=16573692
_ModuleTable014_=IDAsCnN0YXR1cyA9ICJhY3RpdmUiLAp1c2VyTmFtZSA9ICJ4cG1lbSIsCndWID0gIjAwMDAwMDAwMi4wMDAwMDAwMTEuMDAwMDAwMDA1Lip6ZmluYWwtLjAwMDAwMDAwMS4wMDAwMDAwMDMuKl8uKmcuMDAwMDAwMDczLiphZGUuMDAwMDQzMzIwLipiYy4qemZpbmFsIiwKfSwKfSwKbXBhdGhBID0gewoiL29wdC9jcmF5L3BlL2xtb2QvbW9kdWxlZmlsZXMvbXBpL2dudS8xMi4wL29maS8xLjAvY3JheS1tcGljaC84LjAiCiwgIi9vcHQvY3JheS9wZS9sbW9kL21vZHVsZWZpbGVzL2NvbW5ldC9nbnUvMTIuMC9vZmkvMS4wIgosICIvb3B0L2NyYXkvcGUvbG1vZC9tb2R1bGVmaWxlcy9taXhfY29tcGlsZXJzIgosICIvb3B0L2NyYXkvcGUvbG1vZC9tb2R1bGVmaWxlcy9jb21waWxl
JAVA_BINDIR=/usr/lib64/jvm/java-11-openjdk-11/bin
PE_MPICH_GTL_DIR_nvidia90=-L/opt/cray/pe/mpich/8.1.32/gtl/lib
__LMOD_REF_COUNT_PE_PRODUCT_LIST=CRAYPE:1;CRAYPE_X86_ROME:1;PERFTOOLS:1;CRAYPAT:1;CRAY_ROCM:1
_LMFILES_=/opt/cray/pe/lmod/modulefiles/craype-targets/default/craype-x86-rome.lua:/opt/cray/modulefiles/libfabric/1.22.0:/opt/cray/pe/lmod/modulefiles/craype-targets/default/craype-network-ofi.lua:/opt/cray/pe/lmod/modulefiles/core/perftools-base/25.03.0.lua:/opt/cray/modulefiles/xpmem/2.11.5-1.3_g73ade43320bc:/appl/lumi/modules/StyleModifiers/ModuleLabel/label.lua:/appl/lumi/modules/easybuild/system/lumi-tools/24.05.lua:/appl/lumi/modules/init-LUMI-SoftwareStack/init-lumi/0.2.lua:/opt/cray/pe/lmod/modulefiles/core/cray-python/3.11.7.lua:/opt/cray/pe/lmod/modulefiles/core/gcc-native/14.2.lua:/opt/cray/pe/lmod/modulefiles/core/craype/2.7.34.lua:/opt/cray/pe/lmod/modulefiles/core/cray-dsmml/0.3.1.lua:/opt/cray/pe/lmod/modulefiles/comnet/gnu/12.0/ofi/1.0/cray-mpich/8.1.32.lua:/opt/cray/pe/lmod/modulefiles/compiler/gnu/12.0/cray-libsci/25.03.0.lua:/opt/cray/pe/lmod/modulefiles/core/PrgEnv-gnu/8.6.0.lua:/opt/cray/pe/lmod/modulefiles/core/rocm/6.3.4.lua
LMOD_FAMILY_LIBSCI_VERSION=25.03.0
MODULESHOME=/opt/cray/pe/lmod/lmod
PKG_CONFIG_PATH=/pfs/lustref1/flash/project_462000031/lazzaroa/openmpi_on_ss11/install_rccl/lib/pkgconfig:/pfs/lustref1/flash/project_462000031/lazzaroa/openmpi_on_ss11/install_ompi/lib/pkgconfig:/pfs/lustref1/flash/project_462000031/lazzaroa/openmpi_on_ss11/install_libfabric/lib/pkgconfig:/pfs/lustref1/flash/project_462000031/lazzaroa/openmpi_on_ss11/install_cxi/lib/pkgconfig:/usr/lib64/pkgconfig:/opt/cray/pe/dsmml/0.3.1/dsmml/lib/pkgconfig:/opt/cray/pe/craype/2.7.34/pkg-config:/opt/cray/libfabric/1.22.0/lib64/pkgconfig
LMOD_SETTARG_FULL_SUPPORT=no
G_BROKEN_FILENAMES=1
PE_GNU_FIXED_PKGCONFIG_PATH=/opt/cray/pe/mpich/8.1.32/ofi/gnu/12.3/lib/pkgconfig
_ModuleTable011_=ZSA9ICJsaWJmYWJyaWMvMS4yMi4wIiwKbG9hZE9yZGVyID0gMiwKcHJvcFQgPSB7fSwKc3RhY2tEZXB0aCA9IDEsCnN0YXR1cyA9ICJhY3RpdmUiLAp1c2VyTmFtZSA9ICJsaWJmYWJyaWMiLAp3ViA9ICJeMDAwMDAwMDEuMDAwMDAwMDIyLip6ZmluYWwiLAp9LApbImx1bWktdG9vbHMiXSA9IHsKZm4gPSAiL2FwcGwvbHVtaS9tb2R1bGVzL2Vhc3lidWlsZC9zeXN0ZW0vbHVtaS10b29scy8yNC4wNS5sdWEiLApmdWxsTmFtZSA9ICJsdW1pLXRvb2xzLzI0LjA1IiwKbG9hZE9yZGVyID0gNywKcHJvcFQgPSB7Cmxtb2QgPSB7CnN0aWNreSA9IDEsCn0sCn0sCnN0YWNrRGVwdGggPSAxLApzdGF0dXMgPSAiYWN0aXZlIiwKdXNlck5hbWUgPSAibHVtaS10b29scyIsCndWID0gIjAw
PREFIX_LIBFABRIC=/pfs/lustref1/flash/project_462000031/lazzaroa/openmpi_on_ss11/install_libfabric
PE_MPICH_GTL_LIBS_amd_gfx90a=-lmpi_gtl_hsa
HISTSIZE=1000
CRAYPE_DIR=/opt/cray/pe/craype/2.7.34
LMOD_PKG=/opt/cray/pe/lmod/lmod
__LMOD_REF_COUNT_PE_MPICH_PKGCONFIG_LIBS=mpich:1
OFFLOAD_INIT=on_start
__LMOD_REF_COUNT_PE_PKGCONFIG_LIBS=rocm-6.3.4:1;libsci_mpi:1;libsci:1;mpich:1;dsmml:1
CPU=x86_64
SSH_SENDS_LOCALE=yes
CRAYPE_VERSION=2.7.34
EBU_USER_PREFIX=/project/project_462000031/lazzaroa/EasyBuild
_ModuleTable005_=aWNoLzguMS4zMi5sdWEiLApmdWxsTmFtZSA9ICJjcmF5LW1waWNoLzguMS4zMiIsCmxvYWRPcmRlciA9IDEzLApwcm9wVCA9IHt9LApzdGFja0RlcHRoID0gMSwKc3RhdHVzID0gImFjdGl2ZSIsCnVzZXJOYW1lID0gImNyYXktbXBpY2giLAp3ViA9ICJeMDAwMDAwMDguMDAwMDAwMDAxLjAwMDAwMDAzMi4qemZpbmFsIiwKfSwKWyJjcmF5LXB5dGhvbiJdID0gewpmbiA9ICIvb3B0L2NyYXkvcGUvbG1vZC9tb2R1bGVmaWxlcy9jb3JlL2NyYXktcHl0aG9uLzMuMTEuNy5sdWEiLApmdWxsTmFtZSA9ICJjcmF5LXB5dGhvbi8zLjExLjciLApsb2FkT3JkZXIgPSA5LApwcm9wVCA9IHt9LApzdGFja0RlcHRoID0gMCwKc3RhdHVzID0gImFjdGl2ZSIsCnVzZXJOYW1lID0gImNyYXkt
LMOD_CMD=/opt/cray/pe/lmod/lmod/libexec/lmod
SLURM_LOCALID=0
CRAY_MPICH_PREFIX=/opt/cray/pe/mpich/8.1.32/ofi/gnu/12.3
PE_GCC_EXTERNAL=native
LESSOPEN=lessopen.sh %s
CRAYPAT_OPTS_EXECUTABLE=libexec64/opts
CRAY_XPMEM_INCLUDE_OPTS=-I/usr/include
PE_LIBSCI_GENCOMPS_GNU_x86_64=123
LMOD_DIR=/opt/cray/pe/lmod/lmod/libexec
LMOD_FAMILY_MPI=cray-mpich
BASH_FUNC_module%%=() {  if [ -z "${LMOD_SH_DBG_ON+x}" ]; then
 case "$-" in 
 *v*x*)
 __lmod_sh_dbg='vx'
 ;;
 *v*)
 __lmod_sh_dbg='v'
 ;;
 *x*)
 __lmod_sh_dbg='x'
 ;;
 esac;
 fi;
 if [ -n "${__lmod_sh_dbg:-}" ]; then
 set +$__lmod_sh_dbg;
 echo "Shell debugging temporarily silenced: export LMOD_SH_DBG_ON=1 for Lmod's output" 1>&2;
 fi;
 eval "$($LMOD_CMD shell "$@")" && eval "$(${LMOD_SETTARG_CMD:-:} -s sh)";
 __lmod_my_status=$?;
 if [ -n "${__lmod_sh_dbg:-}" ]; then
 echo "Shell debugging restarted" 1>&2;
 set -$__lmod_sh_dbg;
 fi;
 unset __lmod_sh_dbg;
 return $__lmod_my_status
}
BASH_FUNC_ml%%=() {  eval "$($LMOD_DIR/ml_cmd "$@")"
}
_=/usr/bin/env
========
_n16_software_16573692_opt_5.0.10
========
with LinkX
-- mpirun /pfs/lustref1/flash/project_462000031/lazzaroa/openmpi_on_ss11/osu/osu-ompi//libexec/osu-micro-benchmarks//mpi/collective/osu_alltoall -d rocm D D
[nid005397:81730] Rank 9 bound to package[0][core:L7-13]
[nid005397:81730] Rank 8 bound to package[0][core:L0-6]
[nid005397:81730] Rank 10 bound to package[0][core:L14-20]
[nid005397:81730] Rank 11 bound to package[0][core:L21-27]
[nid005396:45761] Rank 0 bound to package[0][core:L0-6]
[nid005397:81730] Rank 12 bound to package[0][core:L28-34]
[nid005397:81730] Rank 13 bound to package[0][core:L35-41]
[nid005397:81730] Rank 14 bound to package[0][core:L42-48]
[nid005397:81730] Rank 15 bound to package[0][core:L49-55]
[nid005396:45761] Rank 1 bound to package[0][core:L7-13]
[nid005396:45761] Rank 2 bound to package[0][core:L14-20]
[nid005396:45761] Rank 3 bound to package[0][core:L21-27]
[nid005396:45761] Rank 4 bound to package[0][core:L28-34]
[nid005396:45761] Rank 5 bound to package[0][core:L35-41]
[nid005396:45761] Rank 7 bound to package[0][core:L49-55]
[nid005396:45761] Rank 6 bound to package[0][core:L42-48]

# OSU MPI-ROCM All-to-All Personalized Exchange Latency Test v7.5.2
# Datatype: MPI_CHAR.
# Size       Avg Latency(us)
1                      14.32
2                      14.33
4                      13.44
8                      13.55
16                     15.29
32                     15.58
64                     15.91
128                    16.40
256                    21.18
512                    18.02
1024                   19.85
2048                   19.75
4096                   24.40
8192                   43.87
16384                  63.81
32768                  99.79
65536                 174.79
131072                330.42
262144                642.94
524288               1264.00
1048576              2673.10
-- mpirun /pfs/lustref1/flash/project_462000031/lazzaroa/openmpi_on_ss11/osu/osu-ompi//libexec/osu-micro-benchmarks//mpi/collective/osu_allreduce -d rocm D D
[nid005397:81987] Rank 8 bound to package[0][core:L0-6]
[nid005397:81987] Rank 9 bound to package[0][core:L7-13]
[nid005396:46051] Rank 0 bound to package[0][core:L0-6]
[nid005397:81987] Rank 10 bound to package[0][core:L14-20]
[nid005397:81987] Rank 11 bound to package[0][core:L21-27]
[nid005397:81987] Rank 12 bound to package[0][core:L28-34]
[nid005397:81987] Rank 13 bound to package[0][core:L35-41]
[nid005397:81987] Rank 14 bound to package[0][core:L42-48]
[nid005397:81987] Rank 15 bound to package[0][core:L49-55]
[nid005396:46051] Rank 1 bound to package[0][core:L7-13]
[nid005396:46051] Rank 2 bound to package[0][core:L14-20]
[nid005396:46051] Rank 3 bound to package[0][core:L21-27]
[nid005396:46051] Rank 4 bound to package[0][core:L28-34]
[nid005396:46051] Rank 6 bound to package[0][core:L42-48]
[nid005396:46051] Rank 5 bound to package[0][core:L35-41]
[nid005396:46051] Rank 7 bound to package[0][core:L49-55]

# OSU MPI-ROCM Allreduce Latency Test v7.5.2
# Datatype: MPI_INT.
# Size       Avg Latency(us)
4                      11.50
8                      11.54
16                     11.59
32                     11.70
64                     12.85
128                    14.95
256                    14.96
512                    15.35
1024                   16.27
2048                   17.91
4096                   21.44
8192                   44.95
16384                  56.46
32768                  85.43
65536                 202.95
131072                375.45
262144                732.88
524288               1440.02
1048576              2841.85
-- mpirun /pfs/lustref1/flash/project_462000031/lazzaroa/openmpi_on_ss11/osu/osu-ompi//libexec/osu-micro-benchmarks//mpi/collective/osu_allgather -d rocm D D
[nid005397:82218] Rank 9 bound to package[0][core:L7-13]
[nid005397:82218] Rank 8 bound to package[0][core:L0-6]
[nid005397:82218] Rank 12 bound to package[0][core:L28-34]
[nid005397:82218] Rank 10 bound to package[0][core:L14-20]
[nid005397:82218] Rank 11 bound to package[0][core:L21-27]
[nid005397:82218] Rank 13 bound to package[0][core:L35-41]
[nid005397:82218] Rank 15 bound to package[0][core:L49-55]
[nid005397:82218] Rank 14 bound to package[0][core:L42-48]
[nid005396:46313] Rank 0 bound to package[0][core:L0-6]
[nid005396:46313] Rank 2 bound to package[0][core:L14-20]
[nid005396:46313] Rank 1 bound to package[0][core:L7-13]
[nid005396:46313] Rank 3 bound to package[0][core:L21-27]
[nid005396:46313] Rank 7 bound to package[0][core:L49-55]
[nid005396:46313] Rank 5 bound to package[0][core:L35-41]
[nid005396:46313] Rank 6 bound to package[0][core:L42-48]
[nid005396:46313] Rank 4 bound to package[0][core:L28-34]

# OSU MPI-ROCM Allgather Latency Test v7.5.2
# Datatype: MPI_CHAR.
# Size       Avg Latency(us)
1                       8.11
2                       8.10
4                       8.69
8                       9.06
16                     10.11
32                     10.28
64                     10.92
128                    11.69
256                    13.04
512                    17.89
1024                   30.07
2048                   46.05
4096                   72.61
8192                  125.96
16384                 227.62
32768                 426.86
65536                 829.85
131072               2128.38
262144               4379.99
524288               8292.30
1048576             16224.20
-- mpirun /pfs/lustref1/flash/project_462000031/lazzaroa/openmpi_on_ss11/osu/osu-ompi//libexec/osu-micro-benchmarks//mpi/collective/osu_allreduce H H
[nid005397:82494] Rank 8 bound to package[0][core:L0-6]
[nid005397:82494] Rank 9 bound to package[0][core:L7-13]
[nid005397:82494] Rank 10 bound to package[0][core:L14-20]
[nid005397:82494] Rank 11 bound to package[0][core:L21-27]
[nid005397:82494] Rank 14 bound to package[0][core:L42-48]
[nid005397:82494] Rank 13 bound to package[0][core:L35-41]
[nid005397:82494] Rank 15 bound to package[0][core:L49-55]
[nid005397:82494] Rank 12 bound to package[0][core:L28-34]
[nid005396:46616] Rank 0 bound to package[0][core:L0-6]
[nid005396:46616] Rank 1 bound to package[0][core:L7-13]
[nid005396:46616] Rank 2 bound to package[0][core:L14-20]
[nid005396:46616] Rank 3 bound to package[0][core:L21-27]
[nid005396:46616] Rank 4 bound to package[0][core:L28-34]
[nid005396:46616] Rank 5 bound to package[0][core:L35-41]
[nid005396:46616] Rank 7 bound to package[0][core:L49-55]
[nid005396:46616] Rank 6 bound to package[0][core:L42-48]

# OSU MPI Allreduce Latency Test v7.5.2
# Datatype: MPI_INT.
# Size       Avg Latency(us)
4                      11.41
8                      11.55
16                     11.39
32                     11.64
64                     12.77
128                    14.79
256                    14.56
512                    14.86
1024                   16.00
2048                   17.33
4096                   20.53
8192                   34.64
16384                  43.86
32768                  48.87
65536                 143.36
131072                258.28
262144                484.09
524288                932.06
1048576              1829.70
-- mpirun /pfs/lustref1/flash/project_462000031/lazzaroa/openmpi_on_ss11/osu/osu-ompi//libexec/osu-micro-benchmarks//mpi/collective/osu_alltoall H H
[nid005397:82709] Rank 8 bound to package[0][core:L0-6]
[nid005397:82709] Rank 9 bound to package[0][core:L7-13]
[nid005397:82709] Rank 10 bound to package[0][core:L14-20]
[nid005397:82709] Rank 11 bound to package[0][core:L21-27]
[nid005397:82709] Rank 12 bound to package[0][core:L28-34]
[nid005397:82709] Rank 13 bound to package[0][core:L35-41]
[nid005397:82709] Rank 14 bound to package[0][core:L42-48]
[nid005397:82709] Rank 15 bound to package[0][core:L49-55]
[nid005396:46850] Rank 0 bound to package[0][core:L0-6]
[nid005396:46850] Rank 1 bound to package[0][core:L7-13]
[nid005396:46850] Rank 2 bound to package[0][core:L14-20]
[nid005396:46850] Rank 3 bound to package[0][core:L21-27]
[nid005396:46850] Rank 6 bound to package[0][core:L42-48]
[nid005396:46850] Rank 5 bound to package[0][core:L35-41]
[nid005396:46850] Rank 4 bound to package[0][core:L28-34]
[nid005396:46850] Rank 7 bound to package[0][core:L49-55]

# OSU MPI All-to-All Personalized Exchange Latency Test v7.5.2
# Datatype: MPI_CHAR.
# Size       Avg Latency(us)
1                      14.13
2                      13.92
4                      13.11
8                      13.40
16                     15.20
32                     15.93
64                     15.77
128                    16.22
256                    20.84
512                    17.97
1024                   20.12
2048                   20.10
4096                   24.37
8192                   31.72
16384                  42.21
32768                  64.35
65536                 109.55
131072                207.35
262144                381.38
524288                748.74
1048576              1499.50
-- mpirun /pfs/lustref1/flash/project_462000031/lazzaroa/openmpi_on_ss11/osu/osu-ompi//libexec/osu-micro-benchmarks//mpi/collective/osu_allgather H H
[nid005397:82872] Rank 8 bound to package[0][core:L0-6]
[nid005397:82872] Rank 9 bound to package[0][core:L7-13]
[nid005397:82872] Rank 10 bound to package[0][core:L14-20]
[nid005397:82872] Rank 11 bound to package[0][core:L21-27]
[nid005397:82872] Rank 12 bound to package[0][core:L28-34]
[nid005397:82872] Rank 13 bound to package[0][core:L35-41]
[nid005397:82872] Rank 14 bound to package[0][core:L42-48]
[nid005397:82872] Rank 15 bound to package[0][core:L49-55]
[nid005396:47038] Rank 0 bound to package[0][core:L0-6]
[nid005396:47038] Rank 1 bound to package[0][core:L7-13]
[nid005396:47038] Rank 2 bound to package[0][core:L14-20]
[nid005396:47038] Rank 3 bound to package[0][core:L21-27]
[nid005396:47038] Rank 4 bound to package[0][core:L28-34]
[nid005396:47038] Rank 5 bound to package[0][core:L35-41]
[nid005396:47038] Rank 7 bound to package[0][core:L49-55]
[nid005396:47038] Rank 6 bound to package[0][core:L42-48]

# OSU MPI Allgather Latency Test v7.5.2
# Datatype: MPI_CHAR.
# Size       Avg Latency(us)
1                       8.04
2                       8.01
4                       8.63
8                       8.89
16                      9.75
32                     10.05
64                     10.77
128                    11.52
256                    12.72
512                    14.98
1024                   24.12
2048                   25.52
4096                   35.08
8192                   53.52
16384                  92.02
32768                 172.64
65536                 328.65
131072                642.70
262144               1253.14
524288               2467.74
1048576              5171.68
no OpenMPI internal transport, only libfabric. Use CXI directly
-- mpirun /pfs/lustref1/flash/project_462000031/lazzaroa/openmpi_on_ss11/osu/osu-ompi//libexec/osu-micro-benchmarks//mpi/collective/osu_alltoall -d rocm D D
[nid005397:83068] Rank 8 bound to package[0][core:L0-6]
[nid005397:83068] Rank 9 bound to package[0][core:L7-13]
[nid005397:83068] Rank 10 bound to package[0][core:L14-20]
[nid005397:83068] Rank 11 bound to package[0][core:L21-27]
[nid005396:47522] Rank 1 bound to package[0][core:L7-13]
[nid005396:47522] Rank 2 bound to package[0][core:L14-20]
[nid005396:47522] Rank 3 bound to package[0][core:L21-27]
[nid005397:83068] Rank 13 bound to package[0][core:L35-41]
[nid005397:83068] Rank 14 bound to package[0][core:L42-48]
[nid005397:83068] Rank 12 bound to package[0][core:L28-34]
[nid005397:83068] Rank 15 bound to package[0][core:L49-55]
[nid005396:47522] Rank 4 bound to package[0][core:L28-34]
[nid005396:47522] Rank 5 bound to package[0][core:L35-41]
[nid005396:47522] Rank 6 bound to package[0][core:L42-48]
[nid005396:47522] Rank 7 bound to package[0][core:L49-55]
[nid005396:47522] Rank 0 bound to package[0][core:L0-6]

# OSU MPI-ROCM All-to-All Personalized Exchange Latency Test v7.5.2
# Datatype: MPI_CHAR.
# Size       Avg Latency(us)
1                      13.86
2                      13.92
4                      14.01
8                      14.26
16                     15.45
32                     18.94
64                     19.21
128                    28.11
256                    21.26
512                    14.80
1024                   14.97
2048                   15.96
4096                   17.56
8192                   30.21
16384                  42.29
32768                  67.24
65536                 116.50
131072                218.31
262144                421.97
524288                903.68
1048576              1851.99
-- mpirun /pfs/lustref1/flash/project_462000031/lazzaroa/openmpi_on_ss11/osu/osu-ompi//libexec/osu-micro-benchmarks//mpi/collective/osu_allreduce -d rocm D D
[nid005396:47795] Rank 0 bound to package[0][core:L0-6]
[nid005396:47795] Rank 1 bound to package[0][core:L7-13]
[nid005396:47795] Rank 2 bound to package[0][core:L14-20]
[nid005397:83300] Rank 8 bound to package[0][core:L0-6]
[nid005396:47795] Rank 4 bound to package[0][core:L28-34]
[nid005397:83300] Rank 9 bound to package[0][core:L7-13]
[nid005397:83300] Rank 10 bound to package[0][core:L14-20]
[nid005396:47795] Rank 3 bound to package[0][core:L21-27]
[nid005396:47795] Rank 7 bound to package[0][core:L49-55]
[nid005396:47795] Rank 6 bound to package[0][core:L42-48]
[nid005397:83300] Rank 12 bound to package[0][core:L28-34]
[nid005396:47795] Rank 5 bound to package[0][core:L35-41]
[nid005397:83300] Rank 11 bound to package[0][core:L21-27]
[nid005397:83300] Rank 14 bound to package[0][core:L42-48]
[nid005397:83300] Rank 13 bound to package[0][core:L35-41]
[nid005397:83300] Rank 15 bound to package[0][core:L49-55]

# OSU MPI-ROCM Allreduce Latency Test v7.5.2
# Datatype: MPI_INT.
# Size       Avg Latency(us)
4                      18.07
8                      18.41
16                     18.52
32                     19.05
64                     18.64
128                    21.85
256                    25.07
512                    25.61
1024                   26.61
2048                   42.20
4096                   36.00
8192                   79.39
16384                  85.94
32768                 105.12
65536                 215.05
131072                368.63
262144                673.44
524288               1281.11
1048576              2493.57
-- mpirun /pfs/lustref1/flash/project_462000031/lazzaroa/openmpi_on_ss11/osu/osu-ompi//libexec/osu-micro-benchmarks//mpi/collective/osu_allgather -d rocm D D
[nid005397:83501] Rank 10 bound to package[0][core:L14-20]
[nid005397:83501] Rank 8 bound to package[0][core:L0-6]
[nid005396:48023] Rank 0 bound to package[0][core:L0-6]
[nid005396:48023] Rank 1 bound to package[0][core:L7-13]
[nid005397:83501] Rank 11 bound to package[0][core:L21-27]
[nid005397:83501] Rank 9 bound to package[0][core:L7-13]
[nid005397:83501] Rank 12 bound to package[0][core:L28-34]
[nid005397:83501] Rank 13 bound to package[0][core:L35-41]
[nid005397:83501] Rank 14 bound to package[0][core:L42-48]
[nid005397:83501] Rank 15 bound to package[0][core:L49-55]
[nid005396:48023] Rank 2 bound to package[0][core:L14-20]
[nid005396:48023] Rank 4 bound to package[0][core:L28-34]
[nid005396:48023] Rank 3 bound to package[0][core:L21-27]
[nid005396:48023] Rank 6 bound to package[0][core:L42-48]
[nid005396:48023] Rank 7 bound to package[0][core:L49-55]
[nid005396:48023] Rank 5 bound to package[0][core:L35-41]

# OSU MPI-ROCM Allgather Latency Test v7.5.2
# Datatype: MPI_CHAR.
# Size       Avg Latency(us)
1                      17.18
2                      17.26
4                      16.64
8                      16.96
16                     18.93
32                     20.57
64                     21.22
128                    22.53
256                    29.80
512                    43.28
1024                   44.67
2048                   50.11
4096                   73.31
8192                  111.95
16384                 176.48
32768                 291.04
65536                 524.59
131072                998.02
262144               1746.30
524288               3540.68
1048576              6989.70
-- mpirun /pfs/lustref1/flash/project_462000031/lazzaroa/openmpi_on_ss11/osu/osu-ompi//libexec/osu-micro-benchmarks//mpi/collective/osu_allreduce H H
[nid005396:48293] Rank 0 bound to package[0][core:L0-6]
[nid005396:48293] Rank 1 bound to package[0][core:L7-13]
[nid005396:48293] Rank 2 bound to package[0][core:L14-20]
[nid005396:48293] Rank 4 bound to package[0][core:L28-34]
[nid005396:48293] Rank 3 bound to package[0][core:L21-27]
[nid005396:48293] Rank 7 bound to package[0][core:L49-55]
[nid005396:48293] Rank 6 bound to package[0][core:L42-48]
[nid005397:83731] Rank 8 bound to package[0][core:L0-6]
[nid005397:83731] Rank 9 bound to package[0][core:L7-13]
[nid005397:83731] Rank 10 bound to package[0][core:L14-20]
[nid005397:83731] Rank 11 bound to package[0][core:L21-27]
[nid005397:83731] Rank 12 bound to package[0][core:L28-34]
[nid005397:83731] Rank 13 bound to package[0][core:L35-41]
[nid005397:83731] Rank 15 bound to package[0][core:L49-55]
[nid005397:83731] Rank 14 bound to package[0][core:L42-48]
[nid005396:48293] Rank 5 bound to package[0][core:L35-41]

# OSU MPI Allreduce Latency Test v7.5.2
# Datatype: MPI_INT.
# Size       Avg Latency(us)
4                      18.20
8                      18.68
16                     18.80
32                     19.45
64                     18.96
128                    22.14
256                    25.03
512                    25.19
1024                   25.99
2048                   39.92
4096                   34.27
8192                   75.92
16384                  84.20
32768                  96.46
65536                 200.29
131072                330.48
262144                587.47
524288               1098.97
1048576              2132.46
-- mpirun /pfs/lustref1/flash/project_462000031/lazzaroa/openmpi_on_ss11/osu/osu-ompi//libexec/osu-micro-benchmarks//mpi/collective/osu_alltoall H H
[nid005396:48503] Rank 0 bound to package[0][core:L0-6]
[nid005396:48503] Rank 2 bound to package[0][core:L14-20]
[nid005396:48503] Rank 3 bound to package[0][core:L21-27]
[nid005396:48503] Rank 4 bound to package[0][core:L28-34]
[nid005396:48503] Rank 5 bound to package[0][core:L35-41]
[nid005396:48503] Rank 7 bound to package[0][core:L49-55]
[nid005396:48503] Rank 6 bound to package[0][core:L42-48]
[nid005397:83947] Rank 8 bound to package[0][core:L0-6]
[nid005397:83947] Rank 9 bound to package[0][core:L7-13]
[nid005397:83947] Rank 10 bound to package[0][core:L14-20]
[nid005397:83947] Rank 12 bound to package[0][core:L28-34]
[nid005397:83947] Rank 13 bound to package[0][core:L35-41]
[nid005397:83947] Rank 11 bound to package[0][core:L21-27]
[nid005397:83947] Rank 14 bound to package[0][core:L42-48]
[nid005397:83947] Rank 15 bound to package[0][core:L49-55]
[nid005396:48503] Rank 1 bound to package[0][core:L7-13]

# OSU MPI All-to-All Personalized Exchange Latency Test v7.5.2
# Datatype: MPI_CHAR.
# Size       Avg Latency(us)
1                      13.89
2                      13.82
4                      14.02
8                      13.94
16                     15.19
32                     18.78
64                     19.11
128                    27.53
256                    20.92
512                    14.89
1024                   15.32
2048                   16.39
4096                   18.83
8192                   33.48
16384                  47.62
32768                  75.72
65536                 134.00
131072                252.20
262144                505.58
524288               1111.09
1048576              2328.45
-- mpirun /pfs/lustref1/flash/project_462000031/lazzaroa/openmpi_on_ss11/osu/osu-ompi//libexec/osu-micro-benchmarks//mpi/collective/osu_allgather H H
[nid005396:48718] Rank 0 bound to package[0][core:L0-6]
[nid005397:84135] Rank 8 bound to package[0][core:L0-6]
[nid005396:48718] Rank 2 bound to package[0][core:L14-20]
[nid005396:48718] Rank 3 bound to package[0][core:L21-27]
[nid005396:48718] Rank 4 bound to package[0][core:L28-34]
[nid005397:84135] Rank 9 bound to package[0][core:L7-13]
[nid005396:48718] Rank 1 bound to package[0][core:L7-13]
[nid005397:84135] Rank 11 bound to package[0][core:L21-27]
[nid005396:48718] Rank 5 bound to package[0][core:L35-41]
[nid005396:48718] Rank 6 bound to package[0][core:L42-48]
[nid005397:84135] Rank 10 bound to package[0][core:L14-20]
[nid005396:48718] Rank 7 bound to package[0][core:L49-55]
[nid005397:84135] Rank 14 bound to package[0][core:L42-48]
[nid005397:84135] Rank 12 bound to package[0][core:L28-34]
[nid005397:84135] Rank 13 bound to package[0][core:L35-41]
[nid005397:84135] Rank 15 bound to package[0][core:L49-55]

# OSU MPI Allgather Latency Test v7.5.2
# Datatype: MPI_CHAR.
# Size       Avg Latency(us)
1                      17.19
2                      17.27
4                      16.62
8                      17.01
16                     19.03
32                     20.26
64                     21.02
128                    22.12
256                    29.20
512                    43.05
1024                   44.38
2048                   47.90
4096                   67.05
8192                  100.38
16384                 139.58
32768                 215.20
65536                 368.90
131072                672.30
262144               1284.31
524288               2498.41
1048576              4876.28
========
_n16_hybrid_16573692_opt_5.0.10
========
no OpenMPI internal transport, only libfabric. Use CXI directly
-- mpirun /pfs/lustref1/flash/project_462000031/lazzaroa/openmpi_on_ss11/osu/osu-ompi//libexec/osu-micro-benchmarks//mpi/collective/osu_alltoall -d rocm D D
[nid005397:84316] Rank 8 bound to package[0][core:L0-6]
[nid005397:84316] Rank 10 bound to package[0][core:L14-20]
[nid005397:84316] Rank 9 bound to package[0][core:L7-13]
[nid005397:84316] Rank 11 bound to package[0][core:L21-27]
[nid005396:48958] Rank 2 bound to package[0][core:L14-20]
[nid005396:48958] Rank 0 bound to package[0][core:L0-6]
[nid005397:84316] Rank 12 bound to package[0][core:L28-34]
[nid005397:84316] Rank 14 bound to package[0][core:L42-48]
[nid005397:84316] Rank 15 bound to package[0][core:L49-55]
[nid005397:84316] Rank 13 bound to package[0][core:L35-41]
[nid005396:48958] Rank 5 bound to package[0][core:L35-41]
[nid005396:48958] Rank 4 bound to package[0][core:L28-34]
[nid005396:48958] Rank 7 bound to package[0][core:L49-55]
[nid005396:48958] Rank 6 bound to package[0][core:L42-48]
[nid005396:48958] Rank 3 bound to package[0][core:L21-27]
[nid005396:48958] Rank 1 bound to package[0][core:L7-13]

# OSU MPI-ROCM All-to-All Personalized Exchange Latency Test v7.5.2
# Datatype: MPI_CHAR.
# Size       Avg Latency(us)
1                      17.60
2                      17.39
4                      15.22
8                      15.26
16                     16.36
32                     19.79
64                     20.04
128                    20.66
256                    22.01
512                    17.88
1024                   17.95
2048                   18.29
4096                   18.90
8192                   25.93
16384                  37.25
32768                  61.11
65536                 109.21
131072                221.36
262144                444.74
524288                925.90
1048576              1883.50
-- mpirun /pfs/lustref1/flash/project_462000031/lazzaroa/openmpi_on_ss11/osu/osu-ompi//libexec/osu-micro-benchmarks//mpi/collective/osu_allreduce -d rocm D D
[nid005397:84549] Rank 8 bound to package[0][core:L0-6]
[nid005397:84549] Rank 9 bound to package[0][core:L7-13]
[nid005397:84549] Rank 10 bound to package[0][core:L14-20]
[nid005397:84549] Rank 11 bound to package[0][core:L21-27]
[nid005397:84549] Rank 12 bound to package[0][core:L28-34]
[nid005397:84549] Rank 13 bound to package[0][core:L35-41]
[nid005397:84549] Rank 15 bound to package[0][core:L49-55]
[nid005397:84549] Rank 14 bound to package[0][core:L42-48]
[nid005396:49169] Rank 0 bound to package[0][core:L0-6]
[nid005396:49169] Rank 1 bound to package[0][core:L7-13]
[nid005396:49169] Rank 2 bound to package[0][core:L14-20]
[nid005396:49169] Rank 4 bound to package[0][core:L28-34]
[nid005396:49169] Rank 3 bound to package[0][core:L21-27]
[nid005396:49169] Rank 6 bound to package[0][core:L42-48]
[nid005396:49169] Rank 5 bound to package[0][core:L35-41]
[nid005396:49169] Rank 7 bound to package[0][core:L49-55]

# OSU MPI-ROCM Allreduce Latency Test v7.5.2
# Datatype: MPI_INT.
# Size       Avg Latency(us)
4                      17.37
8                      18.40
16                     18.31
32                     18.83
64                     18.03
128                    21.62
256                    23.74
512                    24.16
1024                   25.13
2048                   27.29
4096                   31.77
8192                   46.48
16384                  53.55
32768                  73.76
65536                 152.22
131072                266.46
262144                496.06
524288                944.54
1048576              1836.96
-- mpirun /pfs/lustref1/flash/project_462000031/lazzaroa/openmpi_on_ss11/osu/osu-ompi//libexec/osu-micro-benchmarks//mpi/collective/osu_allgather -d rocm D D
[nid005397:84778] Rank 8 bound to package[0][core:L0-6]
[nid005397:84778] Rank 9 bound to package[0][core:L7-13]
[nid005397:84778] Rank 10 bound to package[0][core:L14-20]
[nid005397:84778] Rank 12 bound to package[0][core:L28-34]
[nid005397:84778] Rank 11 bound to package[0][core:L21-27]
[nid005397:84778] Rank 14 bound to package[0][core:L42-48]
[nid005397:84778] Rank 15 bound to package[0][core:L49-55]
[nid005397:84778] Rank 13 bound to package[0][core:L35-41]
[nid005396:49429] Rank 0 bound to package[0][core:L0-6]
[nid005396:49429] Rank 1 bound to package[0][core:L7-13]
[nid005396:49429] Rank 2 bound to package[0][core:L14-20]
[nid005396:49429] Rank 3 bound to package[0][core:L21-27]
[nid005396:49429] Rank 4 bound to package[0][core:L28-34]
[nid005396:49429] Rank 5 bound to package[0][core:L35-41]
[nid005396:49429] Rank 6 bound to package[0][core:L42-48]
[nid005396:49429] Rank 7 bound to package[0][core:L49-55]

# OSU MPI-ROCM Allgather Latency Test v7.5.2
# Datatype: MPI_CHAR.
# Size       Avg Latency(us)
1                      16.31
2                      16.24
4                      15.50
8                      15.65
16                     17.18
32                     18.62
64                     19.29
128                    20.24
256                    22.18
512                    26.78
1024                   29.78
2048                   34.73
4096                   49.76
8192                   77.74
16384                 136.06
32768                 249.20
65536                 493.04
131072                975.10
262144               1720.24
524288               3714.19
1048576              7424.41
-- mpirun /pfs/lustref1/flash/project_462000031/lazzaroa/openmpi_on_ss11/osu/osu-ompi//libexec/osu-micro-benchmarks//mpi/collective/osu_allreduce H H
[nid005397:85040] Rank 8 bound to package[0][core:L0-6]
[nid005397:85040] Rank 9 bound to package[0][core:L7-13]
[nid005397:85040] Rank 13 bound to package[0][core:L35-41]
[nid005397:85040] Rank 11 bound to package[0][core:L21-27]
[nid005397:85040] Rank 10 bound to package[0][core:L14-20]
[nid005397:85040] Rank 15 bound to package[0][core:L49-55]
[nid005397:85040] Rank 14 bound to package[0][core:L42-48]
[nid005396:49709] Rank 0 bound to package[0][core:L0-6]
[nid005396:49709] Rank 1 bound to package[0][core:L7-13]
[nid005396:49709] Rank 2 bound to package[0][core:L14-20]
[nid005396:49709] Rank 3 bound to package[0][core:L21-27]
[nid005396:49709] Rank 4 bound to package[0][core:L28-34]
[nid005396:49709] Rank 5 bound to package[0][core:L35-41]
[nid005396:49709] Rank 7 bound to package[0][core:L49-55]
[nid005396:49709] Rank 6 bound to package[0][core:L42-48]
[nid005397:85040] Rank 12 bound to package[0][core:L28-34]

# OSU MPI Allreduce Latency Test v7.5.2
# Datatype: MPI_INT.
# Size       Avg Latency(us)
4                      16.43
8                      17.04
16                     17.04
32                     17.57
64                     17.15
128                    20.55
256                    22.73
512                    23.01
1024                   23.77
2048                   25.28
4096                   28.93
8192                   44.57
16384                  53.21
32768                  66.25
65536                 140.36
131072                224.06
262144                399.99
524288                760.69
1048576              1387.46
-- mpirun /pfs/lustref1/flash/project_462000031/lazzaroa/openmpi_on_ss11/osu/osu-ompi//libexec/osu-micro-benchmarks//mpi/collective/osu_alltoall H H
[nid005396:49925] Rank 0 bound to package[0][core:L0-6]
[nid005396:49925] Rank 1 bound to package[0][core:L7-13]
[nid005396:49925] Rank 2 bound to package[0][core:L14-20]
[nid005396:49925] Rank 4 bound to package[0][core:L28-34]
[nid005396:49925] Rank 3 bound to package[0][core:L21-27]
[nid005396:49925] Rank 5 bound to package[0][core:L35-41]
[nid005396:49925] Rank 6 bound to package[0][core:L42-48]
[nid005396:49925] Rank 7 bound to package[0][core:L49-55]
[nid005397:85188] Rank 10 bound to package[0][core:L14-20]
[nid005397:85188] Rank 11 bound to package[0][core:L21-27]
[nid005397:85188] Rank 12 bound to package[0][core:L28-34]
[nid005397:85188] Rank 8 bound to package[0][core:L0-6]
[nid005397:85188] Rank 9 bound to package[0][core:L7-13]
[nid005397:85188] Rank 15 bound to package[0][core:L49-55]
[nid005397:85188] Rank 13 bound to package[0][core:L35-41]
[nid005397:85188] Rank 14 bound to package[0][core:L42-48]

# OSU MPI All-to-All Personalized Exchange Latency Test v7.5.2
# Datatype: MPI_CHAR.
# Size       Avg Latency(us)
1                      17.48
2                      17.46
4                      14.89
8                      14.90
16                     16.14
32                     19.45
64                     19.82
128                    20.21
256                    21.32
512                    18.15
1024                   18.31
2048                   18.46
4096                   19.22
8192                   28.21
16384                  42.70
32768                  69.98
65536                 126.22
131072                247.15
262144                512.37
524288               1093.24
1048576              2339.48
-- mpirun /pfs/lustref1/flash/project_462000031/lazzaroa/openmpi_on_ss11/osu/osu-ompi//libexec/osu-micro-benchmarks//mpi/collective/osu_allgather H H
[nid005397:85395] Rank 8 bound to package[0][core:L0-6]
[nid005397:85395] Rank 9 bound to package[0][core:L7-13]
[nid005397:85395] Rank 10 bound to package[0][core:L14-20]
[nid005397:85395] Rank 11 bound to package[0][core:L21-27]
[nid005397:85395] Rank 12 bound to package[0][core:L28-34]
[nid005397:85395] Rank 13 bound to package[0][core:L35-41]
[nid005397:85395] Rank 14 bound to package[0][core:L42-48]
[nid005397:85395] Rank 15 bound to package[0][core:L49-55]
[nid005396:50134] Rank 0 bound to package[0][core:L0-6]
[nid005396:50134] Rank 1 bound to package[0][core:L7-13]
[nid005396:50134] Rank 2 bound to package[0][core:L14-20]
[nid005396:50134] Rank 3 bound to package[0][core:L21-27]
[nid005396:50134] Rank 4 bound to package[0][core:L28-34]
[nid005396:50134] Rank 6 bound to package[0][core:L42-48]
[nid005396:50134] Rank 5 bound to package[0][core:L35-41]
[nid005396:50134] Rank 7 bound to package[0][core:L49-55]

# OSU MPI Allgather Latency Test v7.5.2
# Datatype: MPI_CHAR.
# Size       Avg Latency(us)
1                      15.49
2                      15.49
4                      14.84
8                      15.20
16                     17.01
32                     18.46
64                     19.14
128                    19.94
256                    21.88
512                    26.61
1024                   29.84
2048                   32.98
4096                   45.66
8192                   69.53
16384                 115.23
32768                 209.40
65536                 393.98
131072                768.45
262144               1461.34
524288               2918.89
1048576              5666.23
-- mpirun /pfs/lustref1/flash/project_462000031/lazzaroa/openmpi_on_ss11/osu/osu-ompi//libexec/osu-micro-benchmarks//xccl/collective/osu_xccl_alltoall -d rocm D D
[nid005396:50365] Rank 0 bound to package[0][core:L0-6]
[nid005396:50365] Rank 1 bound to package[0][core:L7-13]
[nid005396:50365] Rank 2 bound to package[0][core:L14-20]
[nid005396:50365] Rank 3 bound to package[0][core:L21-27]
[nid005396:50365] Rank 4 bound to package[0][core:L28-34]
[nid005396:50365] Rank 6 bound to package[0][core:L42-48]
[nid005396:50365] Rank 7 bound to package[0][core:L49-55]
[nid005396:50365] Rank 5 bound to package[0][core:L35-41]
[nid005397:85620] Rank 8 bound to package[0][core:L0-6]
[nid005397:85620] Rank 9 bound to package[0][core:L7-13]
[nid005397:85620] Rank 10 bound to package[0][core:L14-20]
[nid005397:85620] Rank 11 bound to package[0][core:L21-27]
[nid005397:85620] Rank 12 bound to package[0][core:L28-34]
[nid005397:85620] Rank 13 bound to package[0][core:L35-41]
[nid005397:85620] Rank 14 bound to package[0][core:L42-48]
[nid005397:85620] Rank 15 bound to package[0][core:L49-55]
#Using RCCL
#Using RCCL
#Using RCCL
#Using RCCL
#Using RCCL
#Using RCCL
#Using RCCL
#Using RCCL
#Using RCCL
#Using RCCL
#Using RCCL
#Using RCCL
#Using RCCL
#Using RCCL
#Using RCCL
#Using RCCL

# OSU RCCL-ROCM All-to-All Personalized Exchange Latency Test v7.5.2
# Size       Avg Latency(us)
1                      89.54
2                      89.23
4                      89.51
8                      89.68
16                     89.52
32                     89.77
64                     90.16
128                    90.74
256                    90.09
512                    90.27
1024                   90.81
2048                   92.83
4096                   97.88
8192                  108.36
16384                 124.55
32768                 123.67
65536                 154.88
131072                212.19
262144                326.95
524288                562.73
1048576              1069.60
-- mpirun /pfs/lustref1/flash/project_462000031/lazzaroa/openmpi_on_ss11/osu/osu-ompi//libexec/osu-micro-benchmarks//xccl/collective/osu_xccl_allreduce -d rocm D D
[nid005396:50781] Rank 0 bound to package[0][core:L0-6]
[nid005396:50781] Rank 1 bound to package[0][core:L7-13]
[nid005396:50781] Rank 2 bound to package[0][core:L14-20]
[nid005396:50781] Rank 3 bound to package[0][core:L21-27]
[nid005396:50781] Rank 5 bound to package[0][core:L35-41]
[nid005396:50781] Rank 4 bound to package[0][core:L28-34]
[nid005396:50781] Rank 6 bound to package[0][core:L42-48]
[nid005396:50781] Rank 7 bound to package[0][core:L49-55]
[nid005397:86018] Rank 8 bound to package[0][core:L0-6]
[nid005397:86018] Rank 9 bound to package[0][core:L7-13]
[nid005397:86018] Rank 10 bound to package[0][core:L14-20]
[nid005397:86018] Rank 11 bound to package[0][core:L21-27]
[nid005397:86018] Rank 12 bound to package[0][core:L28-34]
[nid005397:86018] Rank 13 bound to package[0][core:L35-41]
[nid005397:86018] Rank 14 bound to package[0][core:L42-48]
[nid005397:86018] Rank 15 bound to package[0][core:L49-55]
#Using RCCL
#Using RCCL
#Using RCCL
#Using RCCL
#Using RCCL
#Using RCCL
#Using RCCL
#Using RCCL
#Using RCCL
#Using RCCL
#Using RCCL
#Using RCCL
#Using RCCL
#Using RCCL
#Using RCCL
#Using RCCL

# OSU RCCL-ROCM Allreduce Latency Test v7.5.2
# Size       Avg Latency(us)
4                     109.05
8                     109.04
16                    100.25
32                    100.27
64                     41.61
128                    42.06
256                    43.54
512                    45.11
1024                   47.63
2048                   50.84
4096                   54.30
8192                  112.31
16384                 121.47
32768                 122.81
65536                 124.72
131072                148.54
262144                165.25
524288                194.45
1048576               255.01
-- mpirun /pfs/lustref1/flash/project_462000031/lazzaroa/openmpi_on_ss11/osu/osu-ompi//libexec/osu-micro-benchmarks//xccl/collective/osu_xccl_allgather -d rocm D D
[nid005396:51087] Rank 0 bound to package[0][core:L0-6]
[nid005397:86287] Rank 8 bound to package[0][core:L0-6]
[nid005397:86287] Rank 9 bound to package[0][core:L7-13]
[nid005397:86287] Rank 10 bound to package[0][core:L14-20]
[nid005397:86287] Rank 11 bound to package[0][core:L21-27]
[nid005397:86287] Rank 12 bound to package[0][core:L28-34]
[nid005397:86287] Rank 13 bound to package[0][core:L35-41]
[nid005396:51087] Rank 2 bound to package[0][core:L14-20]
[nid005397:86287] Rank 14 bound to package[0][core:L42-48]
[nid005397:86287] Rank 15 bound to package[0][core:L49-55]
[nid005396:51087] Rank 3 bound to package[0][core:L21-27]
[nid005396:51087] Rank 4 bound to package[0][core:L28-34]
[nid005396:51087] Rank 1 bound to package[0][core:L7-13]
[nid005396:51087] Rank 5 bound to package[0][core:L35-41]
[nid005396:51087] Rank 7 bound to package[0][core:L49-55]
[nid005396:51087] Rank 6 bound to package[0][core:L42-48]
#Using RCCL
#Using RCCL
#Using RCCL
#Using RCCL
#Using RCCL
#Using RCCL
#Using RCCL
#Using RCCL
#Using RCCL
#Using RCCL
#Using RCCL
#Using RCCL
#Using RCCL
#Using RCCL
#Using RCCL
#Using RCCL

# OSU RCCL-ROCM Allgather Latency Test v7.5.2
# Size       Avg Latency(us)
1                      58.15
2                      57.94
4                      57.99
8                      58.18
16                     58.06
32                     58.16
64                     58.51
128                    59.36
256                    59.68
512                    60.69
1024                   63.80
2048                   70.93
4096                  215.86
8192                  222.58
16384                 238.63
32768                 222.47
65536                 229.53
131072                245.89
262144                276.03
524288                354.03
1048576               649.23
RCCL-tests
-- mpirun alltoall_perf -d uint8 -b 1 -e 128M -f 2 -g 1
[nid005396:51448] Rank 0 bound to package[0][core:L0-6]
[nid005396:51448] Rank 1 bound to package[0][core:L7-13]
[nid005396:51448] Rank 2 bound to package[0][core:L14-20]
[nid005396:51448] Rank 3 bound to package[0][core:L21-27]
[nid005396:51448] Rank 5 bound to package[0][core:L35-41]
[nid005396:51448] Rank 4 bound to package[0][core:L28-34]
[nid005396:51448] Rank 6 bound to package[0][core:L42-48]
[nid005396:51448] Rank 7 bound to package[0][core:L49-55]
[nid005397:86592] Rank 8 bound to package[0][core:L0-6]
[nid005397:86592] Rank 9 bound to package[0][core:L7-13]
[nid005397:86592] Rank 11 bound to package[0][core:L21-27]
[nid005397:86592] Rank 12 bound to package[0][core:L28-34]
[nid005397:86592] Rank 13 bound to package[0][core:L35-41]
[nid005397:86592] Rank 10 bound to package[0][core:L14-20]
[nid005397:86592] Rank 14 bound to package[0][core:L42-48]
[nid005397:86592] Rank 15 bound to package[0][core:L49-55]
# Collective test starting: alltoall_perf
# nThread 1 nGpus 1 minBytes 1 maxBytes 134217728 step: 2(factor) warmup iters: 5 iters: 20 agg iters: 1 validation: 1 graph: 0
#
rccl-tests: Version develop_deprecated:40b1b17
# Using devices
#  Rank  0 Group  0 Pid  51490 on  nid005396 device  0 [0000:d1:00] AMD Instinct MI250X
#  Rank  1 Group  0 Pid  51491 on  nid005396 device  0 [0000:d6:00] AMD Instinct MI250X
#  Rank  2 Group  0 Pid  51492 on  nid005396 device  0 [0000:c9:00] AMD Instinct MI250X
#  Rank  3 Group  0 Pid  51493 on  nid005396 device  0 [0000:ce:00] AMD Instinct MI250X
#  Rank  4 Group  0 Pid  51495 on  nid005396 device  0 [0000:d9:00] AMD Instinct MI250X
#  Rank  5 Group  0 Pid  51494 on  nid005396 device  0 [0000:de:00] AMD Instinct MI250X
#  Rank  6 Group  0 Pid  51497 on  nid005396 device  0 [0000:c1:00] AMD Instinct MI250X
#  Rank  7 Group  0 Pid  51501 on  nid005396 device  0 [0000:c6:00] AMD Instinct MI250X
#  Rank  8 Group  0 Pid  86665 on  nid005397 device  0 [0000:d1:00] AMD Instinct MI250X
#  Rank  9 Group  0 Pid  86666 on  nid005397 device  0 [0000:d6:00] AMD Instinct MI250X
#  Rank 10 Group  0 Pid  86672 on  nid005397 device  0 [0000:c9:00] AMD Instinct MI250X
#  Rank 11 Group  0 Pid  86667 on  nid005397 device  0 [0000:ce:00] AMD Instinct MI250X
#  Rank 12 Group  0 Pid  86668 on  nid005397 device  0 [0000:d9:00] AMD Instinct MI250X
#  Rank 13 Group  0 Pid  86669 on  nid005397 device  0 [0000:de:00] AMD Instinct MI250X
#  Rank 14 Group  0 Pid  86674 on  nid005397 device  0 [0000:c1:00] AMD Instinct MI250X
#  Rank 15 Group  0 Pid  86677 on  nid005397 device  0 [0000:c6:00] AMD Instinct MI250X
#
#                                                              out-of-place                       in-place          
#       size         count      type   redop    root     time   algbw   busbw #wrong     time   algbw   busbw #wrong                               
#        (B)    (elements)                               (us)  (GB/s)  (GB/s)            (us)  (GB/s)  (GB/s)                                      
           0             0     uint8    none      -1     0.11    0.00    0.00      0     0.09    0.00    0.00    N/A
           0             0     uint8    none      -1     0.08    0.00    0.00      0     0.08    0.00    0.00    N/A
           0             0     uint8    none      -1     0.08    0.00    0.00      0     0.08    0.00    0.00    N/A
           0             0     uint8    none      -1     0.08    0.00    0.00      0     0.08    0.00    0.00    N/A
           0             0     uint8    none      -1     0.08    0.00    0.00      0     0.08    0.00    0.00    N/A
           0             0     uint8    none      -1     0.07    0.00    0.00      0     0.08    0.00    0.00    N/A
           0             0     uint8    none      -1     0.08    0.00    0.00      0     0.08    0.00    0.00    N/A
           0             0     uint8    none      -1     0.07    0.00    0.00      0     0.08    0.00    0.00    N/A
         256            16     uint8    none      -1    89.73    0.00    0.00      0    71.27    0.00    0.00    N/A
         512            32     uint8    none      -1    113.7    0.00    0.00      0    111.4    0.00    0.00    N/A
        1024            64     uint8    none      -1    70.46    0.01    0.01      0    70.00    0.01    0.01    N/A
        2048           128     uint8    none      -1    70.67    0.03    0.03      0    70.29    0.03    0.03    N/A
        4096           256     uint8    none      -1    69.77    0.06    0.06      0    69.64    0.06    0.06    N/A
        8192           512     uint8    none      -1    70.40    0.12    0.11      0    68.74    0.12    0.11    N/A
       16384          1024     uint8    none      -1    71.20    0.23    0.22      0    69.16    0.24    0.22    N/A
       32768          2048     uint8    none      -1    72.72    0.45    0.42      0    71.50    0.46    0.43    N/A
       65536          4096     uint8    none      -1    77.37    0.85    0.79      0    76.19    0.86    0.81    N/A
      131072          8192     uint8    none      -1    87.61    1.50    1.40      0    86.71    1.51    1.42    N/A
      262144         16384     uint8    none      -1    102.9    2.55    2.39      0    104.3    2.51    2.36    N/A
      524288         32768     uint8    none      -1    102.0    5.14    4.82      0    100.6    5.21    4.89    N/A
     1048576         65536     uint8    none      -1    136.5    7.68    7.20      0    134.4    7.80    7.31    N/A
     2097152        131072     uint8    none      -1    194.7   10.77   10.10      0    196.3   10.68   10.01    N/A
     4194304        262144     uint8    none      -1    314.5   13.34   12.50      0    319.0   13.15   12.33    N/A
     8388608        524288     uint8    none      -1    565.6   14.83   13.91      0    556.1   15.08   14.14    N/A
    16777216       1048576     uint8    none      -1   1091.4   15.37   14.41      0   1051.7   15.95   14.95    N/A
    33554432       2097152     uint8    none      -1   2169.0   15.47   14.50      0   2068.2   16.22   15.21    N/A
    67108864       4194304     uint8    none      -1   4261.4   15.75   14.76      0   4058.5   16.54   15.50    N/A
   134217728       8388608     uint8    none      -1   8677.1   15.47   14.50      0   8236.4   16.30   15.28    N/A
# Errors with asterisks indicate errors that have exceeded the maximum threshold.
# Out of bounds values : 0 OK
# Avg bus bandwidth    : 4.05744 
#
# Collective test concluded: alltoall_perf

-- mpirun all_reduce_perf -d uint8 -b 1 -e 128M -f 2 -g 1
[nid005396:51775] Rank 0 bound to package[0][core:L0-6]
[nid005396:51775] Rank 1 bound to package[0][core:L7-13]
[nid005396:51775] Rank 2 bound to package[0][core:L14-20]
[nid005396:51775] Rank 4 bound to package[0][core:L28-34]
[nid005396:51775] Rank 3 bound to package[0][core:L21-27]
[nid005396:51775] Rank 6 bound to package[0][core:L42-48]
[nid005396:51775] Rank 5 bound to package[0][core:L35-41]
[nid005396:51775] Rank 7 bound to package[0][core:L49-55]
[nid005397:86910] Rank 9 bound to package[0][core:L7-13]
[nid005397:86910] Rank 10 bound to package[0][core:L14-20]
[nid005397:86910] Rank 11 bound to package[0][core:L21-27]
[nid005397:86910] Rank 8 bound to package[0][core:L0-6]
[nid005397:86910] Rank 12 bound to package[0][core:L28-34]
[nid005397:86910] Rank 13 bound to package[0][core:L35-41]
[nid005397:86910] Rank 14 bound to package[0][core:L42-48]
[nid005397:86910] Rank 15 bound to package[0][core:L49-55]
# Collective test starting: all_reduce_perf
# nThread 1 nGpus 1 minBytes 1 maxBytes 134217728 step: 2(factor) warmup iters: 5 iters: 20 agg iters: 1 validation: 1 graph: 0
#
rccl-tests: Version develop_deprecated:40b1b17
# Using devices
#  Rank  0 Group  0 Pid  51802 on  nid005396 device  0 [0000:d1:00] AMD Instinct MI250X
#  Rank  1 Group  0 Pid  51803 on  nid005396 device  0 [0000:d6:00] AMD Instinct MI250X
#  Rank  2 Group  0 Pid  51804 on  nid005396 device  0 [0000:c9:00] AMD Instinct MI250X
#  Rank  3 Group  0 Pid  51806 on  nid005396 device  0 [0000:ce:00] AMD Instinct MI250X
#  Rank  4 Group  0 Pid  51805 on  nid005396 device  0 [0000:d9:00] AMD Instinct MI250X
#  Rank  5 Group  0 Pid  51810 on  nid005396 device  0 [0000:de:00] AMD Instinct MI250X
#  Rank  6 Group  0 Pid  51807 on  nid005396 device  0 [0000:c1:00] AMD Instinct MI250X
#  Rank  7 Group  0 Pid  51813 on  nid005396 device  0 [0000:c6:00] AMD Instinct MI250X
#  Rank  8 Group  0 Pid  86944 on  nid005397 device  0 [0000:d1:00] AMD Instinct MI250X
#  Rank  9 Group  0 Pid  86941 on  nid005397 device  0 [0000:d6:00] AMD Instinct MI250X
#  Rank 10 Group  0 Pid  86942 on  nid005397 device  0 [0000:c9:00] AMD Instinct MI250X
#  Rank 11 Group  0 Pid  86943 on  nid005397 device  0 [0000:ce:00] AMD Instinct MI250X
#  Rank 12 Group  0 Pid  86945 on  nid005397 device  0 [0000:d9:00] AMD Instinct MI250X
#  Rank 13 Group  0 Pid  86947 on  nid005397 device  0 [0000:de:00] AMD Instinct MI250X
#  Rank 14 Group  0 Pid  86949 on  nid005397 device  0 [0000:c1:00] AMD Instinct MI250X
#  Rank 15 Group  0 Pid  86954 on  nid005397 device  0 [0000:c6:00] AMD Instinct MI250X
#
#                                                              out-of-place                       in-place          
#       size         count      type   redop    root     time   algbw   busbw #wrong     time   algbw   busbw #wrong                               
#        (B)    (elements)                               (us)  (GB/s)  (GB/s)            (us)  (GB/s)  (GB/s)                                      
           1             1     uint8     sum      -1    102.1    0.00    0.00      0    82.92    0.00    0.00      0
           2             2     uint8     sum      -1    88.28    0.00    0.00      0    82.79    0.00    0.00      0
           4             4     uint8     sum      -1    81.79    0.00    0.00      0    77.03    0.00    0.00      0
           8             8     uint8     sum      -1    77.69    0.00    0.00      0    78.64    0.00    0.00      0
          16            16     uint8     sum      -1    77.04    0.00    0.00      0    76.73    0.00    0.00      0
          32            32     uint8     sum      -1    78.81    0.00    0.00      0    75.93    0.00    0.00      0
          64            64     uint8     sum      -1    33.22    0.00    0.00      0    34.59    0.00    0.00      0
         128           128     uint8     sum      -1    34.45    0.00    0.01      0    35.57    0.00    0.01      0
         256           256     uint8     sum      -1    35.99    0.01    0.01      0    33.49    0.01    0.01      0
         512           512     uint8     sum      -1    36.33    0.01    0.03      0    35.73    0.01    0.03      0
        1024          1024     uint8     sum      -1    36.82    0.03    0.05      0    38.10    0.03    0.05      0
        2048          2048     uint8     sum      -1    39.87    0.05    0.10      0    39.45    0.05    0.10      0
        4096          4096     uint8     sum      -1    39.91    0.10    0.19      0    39.02    0.10    0.20      0
        8192          8192     uint8     sum      -1    92.64    0.09    0.17      0    88.81    0.09    0.17      0
       16384         16384     uint8     sum      -1    102.7    0.16    0.30      0    105.7    0.16    0.29      0
       32768         32768     uint8     sum      -1    102.4    0.32    0.60      0    100.8    0.33    0.61      0
       65536         65536     uint8     sum      -1    106.1    0.62    1.16      0    104.8    0.63    1.17      0
      131072        131072     uint8     sum      -1    138.2    0.95    1.78      0    137.4    0.95    1.79      0
      262144        262144     uint8     sum      -1    154.0    1.70    3.19      0    156.2    1.68    3.15      0
      524288        524288     uint8     sum      -1    190.1    2.76    5.17      0    190.0    2.76    5.17      0
     1048576       1048576     uint8     sum      -1    261.6    4.01    7.52      0    261.5    4.01    7.52      0
     2097152       2097152     uint8     sum      -1    362.9    5.78   10.84      0    364.4    5.76   10.79      0
     4194304       4194304     uint8     sum      -1    551.4    7.61   14.26      0    550.2    7.62   14.29      0
     8388608       8388608     uint8     sum      -1    913.6    9.18   17.22      0    908.6    9.23   17.31      0
    16777216      16777216     uint8     sum      -1   1319.0   12.72   23.85      0   1319.7   12.71   23.84      0
    33554432      33554432     uint8     sum      -1   2627.6   12.77   23.94      0   2628.7   12.76   23.93      0
    67108864      67108864     uint8     sum      -1   5250.5   12.78   23.97      0   5250.3   12.78   23.97      0
   134217728     134217728     uint8     sum      -1    10494   12.79   23.98      0    10494   12.79   23.98      0
# Errors with asterisks indicate errors that have exceeded the maximum threshold.
# Out of bounds values : 0 OK
# Avg bus bandwidth    : 5.6556 
#
# Collective test concluded: all_reduce_perf

-- mpirun all_gather_perf -d uint8 -b 1 -e 128M -f 2 -g 1
[nid005396:52081] Rank 0 bound to package[0][core:L0-6]
[nid005396:52081] Rank 1 bound to package[0][core:L7-13]
[nid005396:52081] Rank 2 bound to package[0][core:L14-20]
[nid005396:52081] Rank 3 bound to package[0][core:L21-27]
[nid005396:52081] Rank 4 bound to package[0][core:L28-34]
[nid005396:52081] Rank 5 bound to package[0][core:L35-41]
[nid005396:52081] Rank 6 bound to package[0][core:L42-48]
[nid005396:52081] Rank 7 bound to package[0][core:L49-55]
[nid005397:87202] Rank 8 bound to package[0][core:L0-6]
[nid005397:87202] Rank 9 bound to package[0][core:L7-13]
[nid005397:87202] Rank 11 bound to package[0][core:L21-27]
[nid005397:87202] Rank 10 bound to package[0][core:L14-20]
[nid005397:87202] Rank 12 bound to package[0][core:L28-34]
[nid005397:87202] Rank 14 bound to package[0][core:L42-48]
[nid005397:87202] Rank 13 bound to package[0][core:L35-41]
[nid005397:87202] Rank 15 bound to package[0][core:L49-55]
# Collective test starting: all_gather_perf
# nThread 1 nGpus 1 minBytes 1 maxBytes 134217728 step: 2(factor) warmup iters: 5 iters: 20 agg iters: 1 validation: 1 graph: 0
#
rccl-tests: Version develop_deprecated:40b1b17
# Using devices
#  Rank  0 Group  0 Pid  52108 on  nid005396 device  0 [0000:d1:00] AMD Instinct MI250X
#  Rank  1 Group  0 Pid  52109 on  nid005396 device  0 [0000:d6:00] AMD Instinct MI250X
#  Rank  2 Group  0 Pid  52110 on  nid005396 device  0 [0000:c9:00] AMD Instinct MI250X
#  Rank  3 Group  0 Pid  52111 on  nid005396 device  0 [0000:ce:00] AMD Instinct MI250X
#  Rank  4 Group  0 Pid  52112 on  nid005396 device  0 [0000:d9:00] AMD Instinct MI250X
#  Rank  5 Group  0 Pid  52113 on  nid005396 device  0 [0000:de:00] AMD Instinct MI250X
#  Rank  6 Group  0 Pid  52114 on  nid005396 device  0 [0000:c1:00] AMD Instinct MI250X
#  Rank  7 Group  0 Pid  52116 on  nid005396 device  0 [0000:c6:00] AMD Instinct MI250X
#  Rank  8 Group  0 Pid  87229 on  nid005397 device  0 [0000:d1:00] AMD Instinct MI250X
#  Rank  9 Group  0 Pid  87230 on  nid005397 device  0 [0000:d6:00] AMD Instinct MI250X
#  Rank 10 Group  0 Pid  87232 on  nid005397 device  0 [0000:c9:00] AMD Instinct MI250X
#  Rank 11 Group  0 Pid  87231 on  nid005397 device  0 [0000:ce:00] AMD Instinct MI250X
#  Rank 12 Group  0 Pid  87233 on  nid005397 device  0 [0000:d9:00] AMD Instinct MI250X
#  Rank 13 Group  0 Pid  87237 on  nid005397 device  0 [0000:de:00] AMD Instinct MI250X
#  Rank 14 Group  0 Pid  87235 on  nid005397 device  0 [0000:c1:00] AMD Instinct MI250X
#  Rank 15 Group  0 Pid  87241 on  nid005397 device  0 [0000:c6:00] AMD Instinct MI250X
#
#                                                              out-of-place                       in-place          
#       size         count      type   redop    root     time   algbw   busbw #wrong     time   algbw   busbw #wrong                               
#        (B)    (elements)                               (us)  (GB/s)  (GB/s)            (us)  (GB/s)  (GB/s)                                      
           0             0     uint8    none      -1     0.16    0.00    0.00      0     0.14    0.00    0.00      0
           0             0     uint8    none      -1     0.13    0.00    0.00      0     0.14    0.00    0.00      0
           0             0     uint8    none      -1     0.13    0.00    0.00      0     0.13    0.00    0.00      0
           0             0     uint8    none      -1     0.13    0.00    0.00      0     0.13    0.00    0.00      0
           0             0     uint8    none      -1     0.13    0.00    0.00      0     0.13    0.00    0.00      0
           0             0     uint8    none      -1     0.13    0.00    0.00      0     0.13    0.00    0.00      0
           0             0     uint8    none      -1     0.13    0.00    0.00      0     0.13    0.00    0.00      0
           0             0     uint8    none      -1     0.13    0.00    0.00      0     0.13    0.00    0.00      0
         256            16     uint8    none      -1    46.37    0.01    0.01      0    46.46    0.01    0.01      0
         512            32     uint8    none      -1    48.80    0.01    0.01      0    46.43    0.01    0.01      0
        1024            64     uint8    none      -1    46.26    0.02    0.02      0    44.65    0.02    0.02      0
        2048           128     uint8    none      -1    44.21    0.05    0.04      0    44.32    0.05    0.04      0
        4096           256     uint8    none      -1    44.30    0.09    0.09      0    44.34    0.09    0.09      0
        8192           512     uint8    none      -1    45.83    0.18    0.17      0    44.72    0.18    0.17      0
       16384          1024     uint8    none      -1    46.84    0.35    0.33      0    47.54    0.34    0.32      0
       32768          2048     uint8    none      -1    52.08    0.63    0.59      0    52.06    0.63    0.59      0
       65536          4096     uint8    none      -1    224.2    0.29    0.27      0    221.2    0.30    0.28      0
      131072          8192     uint8    none      -1    238.2    0.55    0.52      0    237.1    0.55    0.52      0
      262144         16384     uint8    none      -1    597.7    0.44    0.41      0    266.0    0.99    0.92      0
      524288         32768     uint8    none      -1    220.8    2.37    2.23      0    220.3    2.38    2.23      0
     1048576         65536     uint8    none      -1    224.3    4.67    4.38      0    224.8    4.66    4.37      0
     2097152        131072     uint8    none      -1    232.7    9.01    8.45      0    233.8    8.97    8.41      0
     4194304        262144     uint8    none      -1    265.4   15.81   14.82      0    265.4   15.80   14.82      0
     8388608        524288     uint8    none      -1    339.2   24.73   23.19      0    339.5   24.71   23.16      0
    16777216       1048576     uint8    none      -1    661.7   25.35   23.77      0    663.1   25.30   23.72      0
    33554432       2097152     uint8    none      -1   1313.4   25.55   23.95      0   1312.4   25.57   23.97      0
    67108864       4194304     uint8    none      -1   2622.9   25.59   23.99      0   2620.3   25.61   24.01      0
   134217728       8388608     uint8    none      -1   5241.2   25.61   24.01      0   5238.6   25.62   24.02      0
# Errors with asterisks indicate errors that have exceeded the maximum threshold.
# Out of bounds values : 0 OK
# Avg bus bandwidth    : 5.4091 
#
# Collective test concluded: all_gather_perf

