ROOT_DIR = /pfs/lustref1/flash/project_462000031/lazzaroa/openmpi_on_ss11
/pfs/lustref1/flash/project_462000031/lazzaroa/openmpi_on_ss11 ~/flash_coe/openmpi_on_ss11/osu/craype/collectives
ROOT_DIR = /pfs/lustref1/flash/project_462000031/lazzaroa/openmpi_on_ss11

Lmod is automatically replacing "cce/19.0.0" with "gcc-native/14.2".


Lmod is automatically replacing "PrgEnv-cray/8.6.0" with "PrgEnv-gnu/8.6.0".


Due to MODULEPATH changes, the following have been reloaded:
  1) cray-libsci/25.03.0     2) cray-mpich/8.1.32


The following have been reloaded with a version change:
  1) cray-mpich/8.1.32 => cray-mpich/9.0.1


Currently Loaded Modules:
  1) craype-network-ofi                  10) cray-dsmml/0.3.1
  2) perftools-base/25.03.0              11) cray-libsci/25.03.0
  3) xpmem/2.11.5-1.3_g73ade43320bc      12) PrgEnv-gnu/8.6.0
  4) ModuleLabel/label              (S)  13) libfabric/1.22.0
  5) lumi-tools/24.05               (S)  14) cray-mpich/9.0.1
  6) init-lumi/0.2                  (S)  15) craype-x86-trento
  7) cray-python/3.11.7                  16) craype-accel-amd-gfx90a
  8) gcc-native/14.2                     17) rocm/6.3.4
  9) craype/2.7.34

  Where:
   S:  Module is Sticky, requires --force to unload or purge
/opt/cray/libfabric/1.22.0
/pfs/lustref1/flash/project_462000031/lazzaroa/openmpi_on_ss11/install_rccl_cpe
~/flash_coe/openmpi_on_ss11/osu/craype/collectives
============
#!/bin/bash

#for NNODES in 1 2 4 8 16 32 64; do
for NNODES in 1 2 16; do
#for NNODES in 2; do
#for NNODES in 64; do
sbatch -N $NNODES <<EOF
#!/bin/bash
#SBATCH --ntasks-per-node=8
#SBATCH -A project_462000031
#SBATCH -p standard-g
#SBATCH --gres=gpu:8
#SBATCH --exclusive
#SBATCH --network=single_node_vni
#SBATCH -o lumi-slurm-%j-coll_N${NNODES}_opt1_rccl.out
#SBATCH --time=0:30:00

export SLURM_CPUS_PER_TASK=7

# load runtime environment
ORIGINAL_SCRIPT=\$(scontrol show job "\$SLURM_JOB_ID" | awk -F= '/Command=/{print \$2}')
export OUTPUT_DIR=\$SLURM_SUBMIT_DIR
export ROOT_DIR=\$( cd -- "\$( dirname -- "\${ORIGINAL_SCRIPT}" )/../../.." &> /dev/null && pwd -P )
echo "ROOT_DIR = "\$ROOT_DIR

# Enable Cray-mpich and RCCL
USE_CPE=1 source \$ROOT_DIR/sourceme_rccl.sh

#export NCCL_DEBUG=INFO
#export FI_LOG_LEVEL=debug

export MPICH_VERSION_DISPLAY=1
export GTL_VERSION_DISPLAY=1

export HSA_FORCE_FINE_GRAIN_PCIE=1
export FI_CXI_RDZV_THRESHOLD=0
#export FI_MR_CACHE_MONITOR=kdreg2 # not useful, can avoid deadline on RCCL
export FI_MR_CACHE_MONITOR=userfaultfd # not useful, can avoid deadline on RCCL
export FI_CXI_RDZV_EAGER_SIZE=0
export FI_CXI_RDZV_PROTO="alt_read"
export FI_CXI_DEFAULT_CQ_SIZE="131072" # default value
export FI_CXI_DEFAULT_TX_SIZE=1024
export FI_CXI_DISABLE_HOST_REGISTER=1
export FI_CXI_DISABLE_NON_INJECT_MSG_IDC="1"
export FI_CXI_RDZV_GET_MIN="0"

export NCCL_CROSS_NIC=1
export NCCL_NET_GDR_LEVEL=PHB
export NCCL_SOCKET_IFNAME=hsn
export NCCL_NET="AWS Libfabric"
export NCCL_MIN_NCHANNELS="4"

echo "============"
cat $0
echo "============"

env

#for FI_CXI_RX_MATCH_MODE in hardware software hybrid; do
for FI_CXI_RX_MATCH_MODE in hybrid; do
    export FI_CXI_RX_MATCH_MODE=\$FI_CXI_RX_MATCH_MODE

    SUFFIX="_n\${SLURM_NTASKS}_\${FI_CXI_RX_MATCH_MODE}_\${SLURM_JOB_ID}_opt1_rccl"

    echo "========"
    echo \$SUFFIX
    echo "========"

    echo "RCCL-tests"
    (
	unset MPICH_GPU_SUPPORT_ENABLED
	unset MPICH_SMP_SINGLE_COPY_MODE
#	FLAGS="-d uint8 -b 1 -e 128M -f 2 -g 1"
	FLAGS="-d int8 -b 1 -e 128M -f 2 -g 1"
#	FLAGS="-d float -b 1 -e 128M -f 2 -g 1"
	# Values taken from https://www.olcf.ornl.gov/wp-content/uploads/OLCF_AI_Training_0417_2024.pdf
	# Page 15 and 16
#	FLAGS="-b 64K -e 4G -f 2 -g 1"
#	for i in 1 2 3 4 5; do
#	sleep 5
#	mkdir -p \${OUTPUT_DIR}/rccl_\$i
	CMDS=("alltoall_perf \${FLAGS}" "all_reduce_perf \${FLAGS}" "all_gather_perf \${FLAGS}")
    	for cmd in "\${CMDS[@]}"; do
	    logname=\$(echo "\${cmd}" | sed -e 's/ /_/g' -e 's/-//g')
	    echo -- srun \$cmd
	    srun --cpu-bind=verbose,cores \${GPUBIND} \${PREFIX_RCCL}/bin/\$cmd \${FLAGS} | tee \${OUTPUT_DIR}/\${logname}"\${SUFFIX}.txt"
#	    srun --cpu-bind=verbose,cores \${GPUBIND} \${PREFIX_RCCL}/bin/\$cmd \${FLAGS} | tee \${OUTPUT_DIR}/rccl_\$i/\${logname}"\${SUFFIX}.txt"
	done
#	done
    )
done

EOF

done
============
HYDRA_LAUNCHER_EXTRA_ARGS=--external-launcher
FI_CXI_RDZV_THRESHOLD=0
__LMOD_REF_COUNT_PE_LIBSCI_REQUIRED_PRODUCTS=PE_MPICH:1
CRAY_LMOD_MPI=cray-mpich/8.0
LUMI_LMOD_FAMILY_MPI=cray-mpich
LMOD_FAMILY_CRAYPE_NETWORK_VERSION=false
LC_ALL=en_US.UTF-8
SLURM_MEM_PER_CPU=0
CRAYPE_LINK_TYPE=dynamic
LS_COLORS=no=00:fi=00:di=01;33:ln=01;36:pi=40;33:so=01;35:do=01;35:bd=40;33;01:cd=40;33;01:or=40;31;01:su=37;41:sg=30;43:tw=30;42:ow=34;42:st=37;44:ex=00;35:*.tar=01;31:*.tgz=01;31:*.arj=01;31:*.taz=01;31:*.lzh=01;31:*.zip=01;31:*.z=01;31:*.Z=01;31:*.gz=01;31:*.bz2=01;31:*.deb=01;31:*.rpm=01;31:*.jar=01;31:*.jpg=01;35:*.jpeg=01;35:*.gif=01;35:*.bmp=01;35:*.pbm=01;35:*.pgm=01;35:*.ppm=01;35:*.tga=01;35:*.xbm=01;35:*.xpm=01;35:*.tif=01;35:*.tiff=01;35:*.png=01;35:*.mov=01;35:*.mpg=01;35:*.mpeg=01;35:*.avi=01;35:*.fli=01;35:*.gl=01;35:*.dl=01;35:*.xcf=01;35:*.xwd=01;35:*.flac=01;35:*.mp3=01;35:*.mpc=01;35:*.ogg=01;35:*.wav=01;35:
LD_LIBRARY_PATH=/pfs/lustref1/flash/project_462000031/lazzaroa/openmpi_on_ss11/install_rccl_cpe/lib:/opt/rocm-6.3.4/lib/roctracer:/opt/rocm-6.3.4/lib/rocprofiler:/opt/rocm-6.3.4/lib:/opt/cray/pe/mpich/9.0.1/ofi/gnu/12.3/lib:/opt/cray/pe/mpich/9.0.1/gtl/lib:/opt/cray/libfabric/1.22.0/lib64:/opt/cray/pe/libsci/25.03.0/GNU/12.3/x86_64/lib:/opt/cray/pe/dsmml/0.3.1/dsmml/lib:/opt/cray/pe/python/3.11.7/lib:/opt/cray/pe/papi/7.2.0.1/lib64
HOSTTYPE=x86_64
CRAY_DSMML_ROOTDIR=/opt/cray/pe/dsmml/0.3.1
_ModuleTable017_=ZXMvU29mdHdhcmVTdGFjayIsICIvYXBwbC9sdW1pL21vZHVsZXMvU3R5bGVNb2RpZmllcnMiCiwgIi9hcHBsL2x1bWkvbW9kdWxlcy9pbml0LUxVTUktU29mdHdhcmVTdGFjayIsICIvb3B0L2NyYXkvbW9kdWxlZmlsZXMiLAp9LApzeXN0ZW1CYXNlTVBBVEggPSAiL29wdC9jcmF5L3BlL21vZHVsZWZpbGVzL0xpbnV4Oi9vcHQvY3JheS9wZS9tb2R1bGVmaWxlcy9Db3JlOi9vcHQvY3JheS9wZS9sbW9kL2xtb2QvbW9kdWxlZmlsZXMvQ29yZTovb3B0L2NyYXkvcGUvbG1vZC9tb2R1bGVmaWxlcy9jb3JlOi9vcHQvY3JheS9wZS9sbW9kL21vZHVsZWZpbGVzL2NyYXlwZS10YXJnZXRzL2RlZmF1bHQ6L2FwcGwvbHVtaS9tb2R1bGVzL1NvZnR3YXJlU3RhY2s6L2FwcGwvbHVtaS9t
LMOD_FAMILY_CRAYPE_ACCEL=craype-accel-amd-gfx90a
SLURM_NODEID=0
CRAY_DSMML_DIR=/opt/cray/pe/dsmml/0.3.1/dsmml
SLURM_TASK_PID=15453
__LMOD_REF_COUNT_PATH=/opt/rocm-6.3.4/bin:1;/opt/cray/pe/mpich/9.0.1/ofi/gnu/12.3/bin:1;/opt/cray/pe/mpich/9.0.1/bin:1;/opt/cray/libfabric/1.22.0/bin:1;/opt/cray/pe/craype/2.7.34/bin:1;/opt/cray/pe/gcc-native/14/bin:1;/opt/cray/pe/python/3.11.7/bin:1;/appl/lumi/SW/system/EB/lumi-tools/24.05/bin:1;/opt/cray/pe/perftools/25.03.0/bin:1;/opt/cray/pe/papi/7.2.0.1/bin:1;/users/lazzaroa/.local/bin:1;/users/lazzaroa/bin:1;/usr/local/bin:1;/usr/bin:1;/bin:1;/usr/lib/mit/bin:1;/usr/lib/mit/sbin:1;/opt/cray/pe/bin:1
_ModuleTable002_=ID0gIi9hcHBsL2x1bWkvbW9kdWxlcy9TdHlsZU1vZGlmaWVycy9Nb2R1bGVMYWJlbC9sYWJlbC5sdWEiLApmdWxsTmFtZSA9ICJNb2R1bGVMYWJlbC9sYWJlbCIsCmxvYWRPcmRlciA9IDQsCnByb3BUID0gewpsbW9kID0gewpzdGlja3kgPSAxLAp9LAp9LApzdGFja0RlcHRoID0gMSwKc3RhdHVzID0gImFjdGl2ZSIsCnVzZXJOYW1lID0gIk1vZHVsZUxhYmVsL2xhYmVsIiwKd1YgPSAic2xhYmVsLip6ZmluYWwiLAp9LApbIlByZ0Vudi1nbnUiXSA9IHsKZm4gPSAiL29wdC9jcmF5L3BlL2xtb2QvbW9kdWxlZmlsZXMvY29yZS9QcmdFbnYtZ251LzguNi4wLmx1YSIsCmZ1bGxOYW1lID0gIlByZ0Vudi1nbnUvOC42LjAiLApsb2FkT3JkZXIgPSAxMiwKcHJvcFQgPSB7fSwKc3Rh
PE_MPICH_GTL_DIR_amd_gfx90a=-L/opt/cray/pe/mpich/9.0.1/gtl/lib
PE_LIBSCI_OMP_REQUIRES= 
SSH_CONNECTION=178.197.255.17 41302 193.167.209.165 22
LUMI_LMOD_FAMILY_CRAYPE=craype
LUMI_LMOD_FAMILY_CRAYPE_VERSION=2.7.34
LESSCLOSE=lessclose.sh %s %s
CRAY_LD_LIBRARY_PATH=/opt/cray/pe/libsci/25.03.0/CRAYCLANG/17.0/x86_64/lib:/opt/cray/pe/mpich/8.1.32/ofi/crayclang/17.0/lib:/opt/cray/pe/mpich/8.1.32/gtl/lib:/opt/cray/pe/dsmml/0.3.1/dsmml/lib:/opt/cray/pe/cce/19.0.0/cce-clang/x86_64/lib:/opt/cray/pe/cce/19.0.0/cce/x86_64/lib:/opt/cray/pe/perftools/25.03.0/lib64
SLURM_PRIO_PROCESS=0
XKEYSYMDB=/usr/X11R6/lib/X11/XKeysymDB
PE_ENV=GNU
__LMOD_REF_COUNT_PE_DSMML_PKGCONFIG_LIBS=dsmml:1
__LMOD_REF_COUNT_PE_FORTRAN_PKGCONFIG_LIBS=mpichf90:1
LMOD_FAMILY_CRAYPE_CPU=craype-x86-trento
EBDEVELLUMIMINTOOLS=/appl/lumi/SW/system/EB/lumi-tools/24.05/easybuild/lumi-tools-24.05-easybuild-devel
CRAYPAT_LD_LIBRARY_PATH=/opt/cray/pe/perftools/25.03.0/lib64
GCC_PREFIX=/usr/lib64/gcc/x86_64-suse-linux/14
CRAY_LMOD_COMPILER=gnu/12.0
LMOD_MODULERCFILE=/appl/lumi/LUMI-SoftwareStack/LMOD/modulerc.lua
CRAY_DSMML_PREFIX=/opt/cray/pe/dsmml/0.3.1/dsmml
PE_PRODUCT_LIST=CRAYPE_X86_TRENTO:CRAYPE:PERFTOOLS:CRAYPAT:CRAY_ACCEL:CRAY_ROCM
LMOD_FAMILY_MPI_VERSION=9.0.1
CRAYPAT_ROOT=/opt/cray/pe/perftools/25.03.0
PE_PERFTOOLS_MPICH_LIBDIR=/opt/cray/pe/mpich/9.0.1/ofi/gnu/12.3/lib
I_MPI_HYDRA_BOOTSTRAP_EXEC_EXTRA_ARGS=--external-launcher
PE_MPICH_GTL_DIR_amd_gfx906=-L/opt/cray/pe/mpich/9.0.1/gtl/lib
PE_LIBSCI_MODULE_NAME=cray-libsci/25.03.0
LANG=en_US.UTF-8
SLURM_SUBMIT_DIR=/pfs/lustref1/flash/project_462000031/lazzaroa/openmpi_on_ss11/osu/craype/collectives
GIT_HOOKS_PRE_COMMIT_HPE_CRAY_CHECKPATCH_SKIP=1
PE_MPICH_GTL_DIR_amd_gfx908=-L/opt/cray/pe/mpich/9.0.1/gtl/lib
PE_DSMML_MODULE_NAME=cray-dsmml
WINDOWMANAGER=xterm
_ModuleTable008_=ZWZpbGVzL2NyYXlwZS10YXJnZXRzL2RlZmF1bHQvY3JheXBlLW5ldHdvcmstb2ZpLmx1YSIsCmZ1bGxOYW1lID0gImNyYXlwZS1uZXR3b3JrLW9maSIsCmxvYWRPcmRlciA9IDEsCnByb3BUID0ge30sCnN0YWNrRGVwdGggPSAwLApzdGF0dXMgPSAiYWN0aXZlIiwKdXNlck5hbWUgPSAiY3JheXBlLW5ldHdvcmstb2ZpIiwKd1YgPSAiTS4qemZpbmFsIiwKfSwKWyJjcmF5cGUteDg2LXRyZW50byJdID0gewphY3Rpb25BID0gewoicHJlcGVuZF9wYXRoKFwiTU9EVUxFUEFUSFwiLFwiL29wdC9jcmF5L3BlL2xtb2QvbW9kdWxlZmlsZXMvY3B1L3g4Ni10cmVudG8vMS4wXCIpIiwKfSwKZm4gPSAiL29wdC9jcmF5L3BlL2xtb2QvbW9kdWxlZmlsZXMvY3JheXBlLXRhcmdldHMvZGVm
HIP_LIB_PATH=/opt/rocm-6.3.4/lib
OMPI_MCA_plm_slurm_args=--external-launcher
LESS=-M -I -R
PE_MPICH_GTL_LIBS_nvidia70=-lmpi_gtl_cuda
LUMI_LMOD_FAMILY_PRGENV=PrgEnv-gnu
LMOD_FAMILY_COMPILER_VERSION=14.2
HOSTNAME=nid006646
LMOD_SYSTEM_DEFAULT_MODULES=craype-x86-rome:craype-network-ofi:perftools-base:xpmem:PrgEnv-cray:init-lumi
EBROOTLUMIMINTOOLS=/appl/lumi/SW/system/EB/lumi-tools/24.05
OLDPWD=/pfs/lustref1/flash/project_462000031/lazzaroa/openmpi_on_ss11
LUMI_LMOD_FAMILY_CRAYPE_NETWORK_VERSION=false
FI_CXI_DEFAULT_CQ_SIZE=131072
CSHEDIT=emacs
SLURM_CPUS_PER_TASK=7
ENVIRONMENT=BATCH
GPG_TTY=/dev/pts/16
LESS_ADVANCED_PREPROCESSOR=no
__LMOD_REF_COUNT_PE_MPICH_GENCOMPILERS_GNU=12.3:1
COLORTERM=1
__LMOD_REF_COUNT_XDG_DATA_DIRS=/appl/lumi/SW/system/EB/lumi-tools/24.05/share:1;/usr/share:1
PE_LD_LIBRARY_PATH=system
OSU_HOME=/pfs/lustref1/flash/project_462000031/lazzaroa/openmpi_on_ss11/osu/osu-craype//libexec/osu-micro-benchmarks/
FPATH=/opt/cray/pe/lmod/lmod/init/ksh_funcs
_ModuleTable007_=eS9wZS9sbW9kL21vZHVsZWZpbGVzL2NyYXlwZS10YXJnZXRzL2RlZmF1bHQvY3JheXBlLWFjY2VsLWFtZC1nZng5MGEubHVhIiwKZnVsbE5hbWUgPSAiY3JheXBlLWFjY2VsLWFtZC1nZng5MGEiLApsb2FkT3JkZXIgPSAxNiwKcHJvcFQgPSB7fSwKc3RhY2tEZXB0aCA9IDAsCnN0YXR1cyA9ICJhY3RpdmUiLAp1c2VyTmFtZSA9ICJjcmF5cGUtYWNjZWwtYW1kLWdmeDkwYSIsCndWID0gIk0uKnpmaW5hbCIsCn0sClsiY3JheXBlLW5ldHdvcmstb2ZpIl0gPSB7CmFjdGlvbkEgPSB7CiJwcmVwZW5kX3BhdGgoXCJNT0RVTEVQQVRIXCIsXCIvb3B0L2NyYXkvcGUvbG1vZC9tb2R1bGVmaWxlcy9uZXQvb2ZpLzEuMFwiKSIsCn0sCmZuID0gIi9vcHQvY3JheS9wZS9sbW9kL21vZHVs
CRAY_PERFTOOLS_VERSION=25.03.0
ROCR_VISIBLE_DEVICES=0,1,2,3,4,5,6,7
LUMI_LMOD_FAMILY_CRAYPE_ACCEL_VERSION=false
LUMI_LMOD_FAMILY_PRGENV_VERSION=8.6.0
ROCM_PATH=/opt/rocm-6.3.4
LMOD_FAMILY_CRAYPE_NETWORK=craype-network-ofi
JAVA_HOME=/usr/lib64/jvm/java-11-openjdk-11
__LMOD_STACK_LMOD_AVAIL_STYLE=PGxhYmVsPjpQRWhpZXJhcmNoeTpzeXN0ZW0=
LMOD_FAMILY_CRAYPE_VERSION=2.7.34
PE_XPMEM_PKGCONFIG_LIBS=cray-xpmem
CRAY_ROCM_POST_LINK_OPTS= -L/opt/rocm-6.3.4/lib -L/opt/rocm-6.3.4/lib/rocprofiler -L/opt/rocm-6.3.4/lib/roctracer -lamdhip64
SLURM_PROCID=0
APP2_STATE=25.03.0
LMOD_FAMILY_GCC_COMPILER=gcc-native
SLURM_JOB_GID=10013986
LUMI_LMOD_FAMILY_CRAYPE_ACCEL=craype-accel-amd-gfx90a
MACHTYPE=x86_64-suse-linux
I_MPI_HYDRA_BOOTSTRAP=slurm
LMOD_RC=/appl/lumi/LUMI-SoftwareStack/LMOD/lmodrc.lua
__LMOD_REF_COUNT_LD_LIBRARY_PATH=/opt/rocm-6.3.4/lib/roctracer:1;/opt/rocm-6.3.4/lib/rocprofiler:1;/opt/rocm-6.3.4/lib:1;/opt/cray/pe/mpich/9.0.1/ofi/gnu/12.3/lib:1;/opt/cray/pe/mpich/9.0.1/gtl/lib:1;/opt/cray/libfabric/1.22.0/lib64:1;/opt/cray/pe/libsci/25.03.0/GNU/12.3/x86_64/lib:1;/opt/cray/pe/dsmml/0.3.1/dsmml/lib:1;/opt/cray/pe/python/3.11.7/lib:1;/opt/cray/pe/papi/7.2.0.1/lib64:1
CRAY_ROCM_PREFIX=/opt/rocm-6.3.4
__LMOD_REF_COUNT_PKG_CONFIG_PATH=/usr/lib64/pkgconfig:1;/opt/cray/libfabric/1.22.0/lib64/pkgconfig:1;/opt/cray/pe/dsmml/0.3.1/dsmml/lib/pkgconfig:1;/opt/cray/pe/craype/2.7.34/pkg-config:1
OSU_INSTALL=/pfs/lustref1/flash/project_462000031/lazzaroa/openmpi_on_ss11/osu/osu-craype/
GNU_VERSION=14.2
SLURMD_NODENAME=nid006646
PE_PKGCONFIG_PRODUCTS=PE_MPICH:PE_LIBSCI:PE_DSMML:PE_XPMEM
_ModuleTable015_=ID0gIjAwMDAwMDAwMi4wMDAwMDAwMTEuMDAwMDAwMDA1Lip6ZmluYWwtLjAwMDAwMDAwMS4wMDAwMDAwMDMuKl8uKmcuMDAwMDAwMDczLiphZGUuMDAwMDQzMzIwLipiYy4qemZpbmFsIiwKfSwKfSwKbXBhdGhBID0gewoiL29wdC9jcmF5L3BlL2xtb2QvbW9kdWxlZmlsZXMvY3B1L3g4Ni10cmVudG8vMS4wIgosICIvb3B0L2NyYXkvcGUvbG1vZC9tb2R1bGVmaWxlcy9tcGkvZ251LzEyLjAvb2ZpLzEuMC9jcmF5LW1waWNoLzguMCIKLCAiL29wdC9jcmF5L3BlL2xtb2QvbW9kdWxlZmlsZXMvY29tbmV0L2dudS8xMi4wL29maS8xLjAiCiwgIi9vcHQvY3JheS9wZS9sbW9kL21vZHVsZWZpbGVzL21peF9jb21waWxlcnMiCiwgIi9vcHQvY3JheS9wZS9sbW9kL21vZHVsZWZpbGVz
SLURM_JOB_END_TIME=1773313027
LUMI_LMOD_FAMILY_LIBSCI=cray-libsci
CRAY_MPICH_BASEDIR=/opt/cray/pe/mpich/9.0.1/ofi
PE_MPICH_GTL_DIR_nvidia80=-L/opt/cray/pe/mpich/9.0.1/gtl/lib
_ModuleTable004_=ZS9sbW9kL21vZHVsZWZpbGVzL2NvbXBpbGVyL2dudS8xMi4wL2NyYXktbGlic2NpLzI1LjAzLjAubHVhIiwKZnVsbE5hbWUgPSAiY3JheS1saWJzY2kvMjUuMDMuMCIsCmxvYWRPcmRlciA9IDExLApwcm9wVCA9IHt9LApzdGFja0RlcHRoID0gMSwKc3RhdHVzID0gImFjdGl2ZSIsCnVzZXJOYW1lID0gImNyYXktbGlic2NpIiwKd1YgPSAiXjAwMDAwMDI1LjAwMDAwMDAwMy4qemZpbmFsIiwKfSwKWyJjcmF5LW1waWNoIl0gPSB7CmFjdGlvbkEgPSB7CiJwcmVwZW5kX3BhdGgoXCJNT0RVTEVQQVRIXCIsXCIvb3B0L2NyYXkvcGUvbG1vZC9tb2R1bGVmaWxlcy9tcGkvZ251LzEyLjAvb2ZpLzEuMC9jcmF5LW1waWNoLzguMFwiKSIsCn0sCmZuID0gIi9vcHQvY3JheS9wZS9sbW9k
PE_LIBSCI_GENCOMPILERS_GNU_x86_64=12.3
MINICOM=-c on
SLURM_TASKS_PER_NODE=8(x2)
__LMOD_REF_COUNT_PYTHONPATH=/opt/cray/pe/python/3.11.7:1
PRTE_MCA_plm_slurm_args=--external-launcher
PE_MPICH_PKGCONFIG_VARIABLES=PE_MPICH_GTL_DIR_@accelerator@:PE_MPICH_GTL_LIBS_@accelerator@
PE_MPICH_PKGCONFIG_LIBS=mpich
OSTYPE=linux
XDG_SESSION_ID=1008048
CRAY_DSMML_VER=0.3.1
__LMOD_REF_COUNT_PYTHON_PATH=/opt/cray/pe/python/3.11.7:1
LUMI_LMOD_FAMILY_MPI_VERSION=9.0.1
SLURM_NNODES=2
USER=lazzaroa
LUMI_LMOD_FAMILY_LIBSCI_VERSION=25.03.0
PAGER=less
LUMI_LMOD_FAMILY_GCC_COMPILER=gcc-native
CRAY_PYTHON_LEVEL=3.11.7
LMOD_FAMILY_PRGENV_VERSION=8.6.0
LMOD_FAMILY_LIBSCI=cray-libsci
HSA_FORCE_FINE_GRAIN_PCIE=1
_ModuleTable012_=PSB7fSwKc3RhY2tEZXB0aCA9IDAsCnN0YXR1cyA9ICJhY3RpdmUiLAp1c2VyTmFtZSA9ICJsaWJmYWJyaWMiLAp3ViA9ICJeMDAwMDAwMDEuMDAwMDAwMDIyLip6ZmluYWwiLAp9LApbImx1bWktdG9vbHMiXSA9IHsKZm4gPSAiL2FwcGwvbHVtaS9tb2R1bGVzL2Vhc3lidWlsZC9zeXN0ZW0vbHVtaS10b29scy8yNC4wNS5sdWEiLApmdWxsTmFtZSA9ICJsdW1pLXRvb2xzLzI0LjA1IiwKbG9hZE9yZGVyID0gNSwKcHJvcFQgPSB7Cmxtb2QgPSB7CnN0aWNreSA9IDEsCn0sCn0sCnN0YWNrRGVwdGggPSAxLApzdGF0dXMgPSAiYWN0aXZlIiwKdXNlck5hbWUgPSAibHVtaS10b29scyIsCndWID0gIjAwMDAwMDAyNC4wMDAwMDAwMDUuKnpmaW5hbCIsCn0sClsicGVyZnRvb2xzLWJh
PE_MPICH_GTL_LIBS_ponteVecchio=-lmpi_gtl_ze
NCCL_CROSS_NIC=1
CRAY_CPU_TARGET=x86-trento
PE_GCC_LEVEL=14
SLURM_JOB_START_TIME=1773311227
PE_LIBSCI_VOLATILE_PRGENV=GNU
SLURM_NTASKS_PER_NODE=8
PKGCONFIG_ENABLED=1
__LMOD_REF_COUNT_MODULEPATH=/opt/cray/pe/lmod/modulefiles/cpu/x86-trento/1.0:1;/opt/cray/pe/lmod/modulefiles/mpi/gnu/12.0/ofi/1.0/cray-mpich/8.0:1;/opt/cray/pe/lmod/modulefiles/comnet/gnu/12.0/ofi/1.0:1;/opt/cray/pe/lmod/modulefiles/mix_compilers:1;/opt/cray/pe/lmod/modulefiles/compiler/gnu/12.0:1;/appl/lumi/modules/easybuild/system:1;/opt/cray/pe/lmod/modulefiles/perftools/25.03.0:1;/opt/cray/pe/lmod/modulefiles/net/ofi/1.0:1;/opt/cray/pe/modulefiles/Linux:1;/opt/cray/pe/modulefiles/Core:1;/opt/cray/pe/lmod/lmod/modulefiles/Core:1;/opt/cray/pe/lmod/modulefiles/core:1;/opt/cray/pe/lmod/modulefiles/craype-targets/default:1;/appl/lumi/modules/SoftwareStack:1;/appl/lumi/modules/StyleModifiers:1;/appl/lumi/modules/init-LUMI-SoftwareStack:1;/opt/cray/modulefiles:1
MORE=-sl
CRAY_PERFTOOLS_PREFIX=/opt/cray/pe/perftools/25.03.0
PE_FORTRAN_PKGCONFIG_LIBS=mpichf90
CRAY_ROCM_DIR=/opt/rocm-6.3.4
__LMOD_REF_COUNT_CRAY_LD_LIBRARY_PATH=/opt/cray/pe/libsci/25.03.0/CRAYCLANG/17.0/x86_64/lib:1;/opt/cray/pe/mpich/8.1.32/ofi/crayclang/17.0/lib:1;/opt/cray/pe/mpich/8.1.32/gtl/lib:1;/opt/cray/pe/dsmml/0.3.1/dsmml/lib:1;/opt/cray/pe/cce/19.0.0/cce-clang/x86_64/lib:1;/opt/cray/pe/cce/19.0.0/cce/x86_64/lib:1;/opt/cray/pe/perftools/25.03.0/lib64:1
GCC_VERSION=14.2
FI_CXI_DEFAULT_TX_SIZE=1024
CRAY_LIBSCI_BASE_DIR=/opt/cray/pe/libsci/25.03.0
PWD=/users/lazzaroa/flash_coe/openmpi_on_ss11/osu/craype/collectives
LUMI_LMOD_FAMILY_CRAYPE_CPU=craype-x86-trento
NCCL_NET=AWS Libfabric
PE_MPICH_GTL_DIR_ponteVecchio=-L/opt/cray/pe/mpich/9.0.1/gtl/lib
PE_MPICH_GTL_DIR_nvidia70=-L/opt/cray/pe/mpich/9.0.1/gtl/lib
CRAY_TCMALLOC_MEMFS_FORCE=1
SLURM_JOB_NODELIST=nid[006646,006726]
HOME=/users/lazzaroa
SLURM_CLUSTER_NAME=lumi
FI_CXI_DISABLE_HOST_REGISTER=1
CRAY_ACCEL_VENDOR=amd
PELOCAL_PRGENV=true
CMAKE_PREFIX_PATH=/opt/rocm-6.3.4/lib/cmake/hip:/appl/lumi/SW/system/EB/lumi-tools/24.05
PE_LIBSCI_REQUIRED_PRODUCTS=PE_MPICH
SLURM_NODELIST=nid[006646,006726]
PE_MPICH_GTL_LIBS_amd_gfx942=-lmpi_gtl_hsa
PE_MPICH_GTL_LIBS_amd_gfx940=-lmpi_gtl_hsa
SLURM_GPUS_ON_NODE=8
SLURM_NETWORK=single_node_vni
HOST=uan03
SSH_CLIENT=178.197.255.17 41302 22
__LMOD_REF_COUNT_PE_GNU_FIXED_PKGCONFIG_PATH=/opt/cray/pe/mpich/9.0.1/ofi/gnu/12.3/lib/pkgconfig:1
__LMOD_REF_COUNT_LMOD_MODULERCFILE=/appl/lumi/LUMI-SoftwareStack/LMOD/modulerc.lua:1
LMOD_VERSION=8.7.55
XNLSPATH=/usr/X11R6/lib/X11/nls
PE_MPICH_FORTRAN_PKGCONFIG_LIBS=mpichf90
SLURM_NTASKS=16
PE_LIBSCI_PKGCONFIG_LIBS=libsci_mpi:libsci
XDG_SESSION_TYPE=tty
PREFIX_RCCL=/pfs/lustref1/flash/project_462000031/lazzaroa/openmpi_on_ss11/install_rccl_cpe
SDK_HOME=/usr/lib64/jvm/java-11-openjdk-11
CRAY_LMOD_CPU=x86-trento/1.0
PE_MPICH_GTL_LIBS_nvidia80=-lmpi_gtl_cuda
PE_LIBSCI_OMP_REQUIRES_openmp=_mp
LMOD_FAMILY_CRAYPE_CPU_VERSION=false
SLURM_JOB_CPUS_PER_NODE=56(x2)
GCC_PATH=/opt/cray/pe/gcc-native/14/bin
BASH_ENV=/opt/cray/pe/lmod/lmod/init/bash
XDG_DATA_DIRS=/appl/lumi/SW/system/EB/lumi-tools/24.05/share:/usr/share
_LUMI_INIT_FIRST_LOAD=1
__LMOD_REF_COUNT_PE_MPICH_FORTRAN_PKGCONFIG_LIBS=mpichf90:1
SLURM_TOPOLOGY_ADDR=nid006646
SLURM_THREADS_PER_CORE=1
PYTHON_PATH=/opt/cray/pe/python/3.11.7
LMOD_FAMILY_GCC_COMPILER_VERSION=14.2
CRAY_LMOD_NET=ofi/1.0
GTL_VERSION_DISPLAY=1
__LMOD_REF_COUNT_PE_PKGCONFIG_PRODUCTS=PE_MPICH:1;PE_LIBSCI:1;PE_DSMML:1;PE_XPMEM:1
PE_MPICH_MODULE_NAME=cray-mpich
RCCL_DIR=/pfs/lustref1/flash/project_462000031/lazzaroa/openmpi_on_ss11/rccl
LIBGL_DEBUG=quiet
MPICH_VERSION_DISPLAY=1
LMOD_FAMILY_CRAYPE_ACCEL_VERSION=false
PE_LIBSCI_VOLATILE_PKGCONFIG_PATH=/opt/cray/pe/libsci/25.03.0/@PRGENV@/@PE_LIBSCI_GENCOMPS@/@PE_LIBSCI_TARGET@/lib/pkgconfig
JDK_HOME=/usr/lib64/jvm/java-11-openjdk-11
__LMOD_REF_COUNT_PE_MPICH_FIXED_PRGENV=GNU:1
PE_MPICH_GTL_DIR_amd_gfx940=-L/opt/cray/pe/mpich/9.0.1/gtl/lib
PE_MPICH_GTL_DIR_amd_gfx942=-L/opt/cray/pe/mpich/9.0.1/gtl/lib
OUTPUT_DIR=/pfs/lustref1/flash/project_462000031/lazzaroa/openmpi_on_ss11/osu/craype/collectives
SLURM_JOB_NAME=sbatch
PROFILEREAD=true
TMPDIR=/tmp
PERFTOOLS_VERSION=25.03.0
SLURM_JOB_GPUS=0,1,2,3,4,5,6,7
__LMOD_REF_COUNT_CMAKE_PREFIX_PATH=/opt/rocm-6.3.4/lib/cmake/hip:1;/appl/lumi/SW/system/EB/lumi-tools/24.05:1
LMOD_sys=Linux
_ModuleTable010_=YXRoKFwiTU9EVUxFUEFUSFwiLFwiL29wdC9jcmF5L3BlL2xtb2QvbW9kdWxlZmlsZXMvY29tbmV0L2dudS8xMi4wL29maS8xLjBcIikiLAp9LApmbiA9ICIvb3B0L2NyYXkvcGUvbG1vZC9tb2R1bGVmaWxlcy9jb3JlL2djYy1uYXRpdmUvMTQuMi5sdWEiLApmdWxsTmFtZSA9ICJnY2MtbmF0aXZlLzE0LjIiLApsb2FkT3JkZXIgPSA4LApwcm9wVCA9IHt9LApzdGFja0RlcHRoID0gMSwKc3RhdHVzID0gImFjdGl2ZSIsCnVzZXJOYW1lID0gImdjYy1uYXRpdmUiLAp3ViA9ICJeMDAwMDAwMTQuMDAwMDAwMDAyLip6ZmluYWwiLAp9LApbImluaXQtbHVtaSJdID0gewphY3Rpb25BID0gewoicHJlcGVuZF9wYXRoKFwiTU9EVUxFUEFUSFwiLFwiL2FwcGwvbHVtaS9tb2R1bGVzL2Vh
PE_PKGCONFIG_LIBS=rocm-6.3.4:mpich:libsci_mpi:libsci:dsmml
CRAY_ACCEL_TARGET=amd_gfx90a
SLURM_JOBID=16680845
_ModuleTable001_=X01vZHVsZVRhYmxlXyA9IHsKTVR2ZXJzaW9uID0gMywKY19yZWJ1aWxkVGltZSA9IGZhbHNlLApjX3Nob3J0VGltZSA9IGZhbHNlLApkZXB0aFQgPSB7fSwKZmFtaWx5ID0gewpQcmdFbnYgPSAiUHJnRW52LWdudSIsCmNvbXBpbGVyID0gImdjYy1uYXRpdmUiLApjcmF5cGUgPSAiY3JheXBlIiwKY3JheXBlX2FjY2VsID0gImNyYXlwZS1hY2NlbC1hbWQtZ2Z4OTBhIiwKY3JheXBlX2NwdSA9ICJjcmF5cGUteDg2LXRyZW50byIsCmNyYXlwZV9uZXR3b3JrID0gImNyYXlwZS1uZXR3b3JrLW9maSIsCmdjY19jb21waWxlciA9ICJnY2MtbmF0aXZlIiwKbGlic2NpID0gImNyYXktbGlic2NpIiwKbXBpID0gImNyYXktbXBpY2giLAp9LAptVCA9IHsKTW9kdWxlTGFiZWwgPSB7CmZu
SLURM_CONF=/etc/slurm/slurm.conf
LOADEDMODULES=craype-network-ofi:perftools-base/25.03.0:xpmem/2.11.5-1.3_g73ade43320bc:ModuleLabel/label:lumi-tools/24.05:init-lumi/0.2:cray-python/3.11.7:gcc-native/14.2:craype/2.7.34:cray-dsmml/0.3.1:cray-libsci/25.03.0:PrgEnv-gnu/8.6.0:libfabric/1.22.0:cray-mpich/9.0.1:craype-x86-trento:craype-accel-amd-gfx90a:rocm/6.3.4
LMOD_AVAIL_STYLE=<label>:PEhierarchy:system
CRAYPE_NETWORK_TARGET=ofi
NCCL_MIN_NCHANNELS=4
_ModuleTable006_=a0RlcHRoID0gMCwKc3RhdHVzID0gImFjdGl2ZSIsCnVzZXJOYW1lID0gImNyYXktcHl0aG9uIiwKd1YgPSAiXjAwMDAwMDAzLjAwMDAwMDAxMS4wMDAwMDAwMDcuKnpmaW5hbCIsCn0sCmNyYXlwZSA9IHsKZm4gPSAiL29wdC9jcmF5L3BlL2xtb2QvbW9kdWxlZmlsZXMvY29yZS9jcmF5cGUvMi43LjM0Lmx1YSIsCmZ1bGxOYW1lID0gImNyYXlwZS8yLjcuMzQiLApsb2FkT3JkZXIgPSA5LApwcm9wVCA9IHt9LApzdGFja0RlcHRoID0gMSwKc3RhdHVzID0gImFjdGl2ZSIsCnVzZXJOYW1lID0gImNyYXlwZSIsCndWID0gIl4wMDAwMDAwMi4wMDAwMDAwMDcuMDAwMDAwMDM0Lip6ZmluYWwiLAp9LApbImNyYXlwZS1hY2NlbC1hbWQtZ2Z4OTBhIl0gPSB7CmZuID0gIi9vcHQvY3Jh
__LMOD_REF_COUNT_MANPATH=/opt/rocm-6.3.4/share/man:1;/opt/cray/pe/mpich/9.0.1/ofi/man:1;/opt/cray/pe/mpich/9.0.1/man/mpich:1;/opt/cray/libfabric/1.22.0/share/man:1;/opt/cray/pe/libsci/25.03.0/share/man:1;/opt/cray/pe/dsmml/0.3.1/dsmml/man:1;/opt/cray/pe/craype/2.7.34/man:1;/opt/cray/pe/python/3.11.7/share/man:1;/appl/lumi/SW/system/EB/lumi-tools/24.05/share/man:1;/opt/cray/pe/perftools/25.03.0/man:1;/opt/cray/pe/papi/7.2.0.1/share/pdoc/man:1;/opt/cray/pe/lmod/lmod/share/man:1;/users/lazzaroa/.local/share/man:1;/usr/local/man:1;/usr/share/man:1
_ModuleTable003_=Y2tEZXB0aCA9IDEsCnN0YXR1cyA9ICJhY3RpdmUiLAp1c2VyTmFtZSA9ICJQcmdFbnYtZ251IiwKd1YgPSAiXjAwMDAwMDA4LjAwMDAwMDAwNi4qemZpbmFsIiwKfSwKWyJjcmF5LWRzbW1sIl0gPSB7CmZuID0gIi9vcHQvY3JheS9wZS9sbW9kL21vZHVsZWZpbGVzL2NvcmUvY3JheS1kc21tbC8wLjMuMS5sdWEiLApmdWxsTmFtZSA9ICJjcmF5LWRzbW1sLzAuMy4xIiwKbG9hZE9yZGVyID0gMTAsCnByb3BUID0ge30sCnN0YWNrRGVwdGggPSAxLApzdGF0dXMgPSAiYWN0aXZlIiwKdXNlck5hbWUgPSAiY3JheS1kc21tbCIsCndWID0gIl4wMDAwMDAwMC4wMDAwMDAwMDMuMDAwMDAwMDAxLip6ZmluYWwiLAp9LApbImNyYXktbGlic2NpIl0gPSB7CmZuID0gIi9vcHQvY3JheS9w
SLURM_JOB_QOS=normal
LMOD_ROOT=/opt/cray/pe/lmod
SLURM_TOPOLOGY_ADDR_PATTERN=node
SSH_TTY=/dev/pts/16
PAT_RT_PERFCTR_DISABLE_COMPONENTS=nvml,rocm_smi
LUMI_LMOD_FAMILY_CRAYPE_NETWORK=craype-network-ofi
CRAY_MPICH_ROOTDIR=/opt/cray/pe/mpich/9.0.1
_ModuleTable013_=c2UiXSA9IHsKYWN0aW9uQSA9IHsKInByZXBlbmRfcGF0aChcIk1PRFVMRVBBVEhcIixcIi9vcHQvY3JheS9wZS9sbW9kL21vZHVsZWZpbGVzL3BlcmZ0b29scy8yNS4wMy4wXCIpIiwKfSwKZm4gPSAiL29wdC9jcmF5L3BlL2xtb2QvbW9kdWxlZmlsZXMvY29yZS9wZXJmdG9vbHMtYmFzZS8yNS4wMy4wLmx1YSIsCmZ1bGxOYW1lID0gInBlcmZ0b29scy1iYXNlLzI1LjAzLjAiLApsb2FkT3JkZXIgPSAyLApwcm9wVCA9IHt9LApzdGFja0RlcHRoID0gMCwKc3RhdHVzID0gImFjdGl2ZSIsCnVzZXJOYW1lID0gInBlcmZ0b29scy1iYXNlIiwKd1YgPSAiXjAwMDAwMDI1LjAwMDAwMDAwMy4qemZpbmFsIiwKfSwKcm9jbSA9IHsKZm4gPSAiL29wdC9jcmF5L3BlL2xtb2QvbW9kdWxl
MOTD_SHOWN=pam
MAIL=/var/spool/mail/lazzaroa
SLURM_CPUS_ON_NODE=56
SLURM_JOB_NUM_NODES=2
_ModuleTable016_=L2NvbXBpbGVyL2dudS8xMi4wIgosICIvYXBwbC9sdW1pL21vZHVsZXMvZWFzeWJ1aWxkL3N5c3RlbSIKLCAiL29wdC9jcmF5L3BlL2xtb2QvbW9kdWxlZmlsZXMvcGVyZnRvb2xzLzI1LjAzLjAiCiwgIi9vcHQvY3JheS9wZS9sbW9kL21vZHVsZWZpbGVzL25ldC9vZmkvMS4wIiwgIi9vcHQvY3JheS9wZS9tb2R1bGVmaWxlcy9MaW51eCIKLCAiL29wdC9jcmF5L3BlL21vZHVsZWZpbGVzL0NvcmUiLCAiL29wdC9jcmF5L3BlL2xtb2QvbG1vZC9tb2R1bGVmaWxlcy9Db3JlIgosICIvb3B0L2NyYXkvcGUvbG1vZC9tb2R1bGVmaWxlcy9jb3JlIgosICIvb3B0L2NyYXkvcGUvbG1vZC9tb2R1bGVmaWxlcy9jcmF5cGUtdGFyZ2V0cy9kZWZhdWx0IgosICIvYXBwbC9sdW1pL21vZHVs
LESSKEY=/etc/lesskey.bin
LUMI_LMOD_FAMILY_COMPILER=gcc-native
_ModuleTable009_=YXVsdC9jcmF5cGUteDg2LXRyZW50by5sdWEiLApmdWxsTmFtZSA9ICJjcmF5cGUteDg2LXRyZW50byIsCmxvYWRPcmRlciA9IDE1LApwcm9wVCA9IHt9LApzdGFja0RlcHRoID0gMCwKc3RhdHVzID0gImFjdGl2ZSIsCnVzZXJOYW1lID0gImNyYXlwZS14ODYtdHJlbnRvIiwKd1YgPSAiTS4qemZpbmFsIiwKfSwKWyJnY2MtbmF0aXZlIl0gPSB7CmFjdGlvbkEgPSB7CgoicHJlcGVuZF9wYXRoKFwiTU9EVUxFUEFUSFwiLFwiL29wdC9jcmF5L3BlL2xtb2QvbW9kdWxlZmlsZXMvY29tcGlsZXIvZ251LzEyLjBcIikiCiwgInByZXBlbmRfcGF0aChcIk1PRFVMRVBBVEhcIixcIi9vcHQvY3JheS9wZS9sbW9kL21vZHVsZWZpbGVzL21peF9jb21waWxlcnNcIikiLCAicHJlcGVuZF9w
TERM=xterm-256color
SHELL=/bin/bash
LUMI_LMOD_FAMILY_COMPILER_VERSION=14.2
CRAY_MPICH_VER=9.0.1
LMOD_ADMIN_FILE=/appl/lumi/LUMI-SoftwareStack/LMOD/admin.list
XDG_SESSION_CLASS=user
PE_MPICH_FIXED_PRGENV=GNU
CRAY_LIBSCI_PREFIX=/opt/cray/pe/libsci/25.03.0/GNU/12.3/x86_64
CRAY_ROCM_VERSION=6.3.4
LMOD_FAMILY_PRGENV=PrgEnv-gnu
FI_CXI_RDZV_GET_MIN=0
SLURM_JOB_UID=10013986
_ModuleTable_Sz_=18
CRAY_PYTHON_PREFIX=/opt/cray/pe/python/3.11.7
CRAY_LIBSCI_VERSION=25.03.0
FI_MR_CACHE_MONITOR=userfaultfd
SLURM_JOB_PARTITION=standard-g
LMOD_FAMILY_COMPILER=gcc-native
_ModuleTable018_=b2R1bGVzL1N0eWxlTW9kaWZpZXJzOi9hcHBsL2x1bWkvbW9kdWxlcy9pbml0LUxVTUktU29mdHdhcmVTdGFjazovb3B0L2NyYXkvbW9kdWxlZmlsZXMiLAp9Cg==
CRAY_DSMML_BASEDIR=/opt/cray/pe/dsmml/0.3.1
SLURM_HINT=nomultithread
CRAY_XPMEM_POST_LINK_OPTS=-L/usr/lib64
PE_MPICH_GENCOMPILERS_GNU=12.3
SLURM_JOB_USER=lazzaroa
SLURM_NPROCS=16
LUMI_LMOD_FAMILY_CRAYPE_CPU_VERSION=false
SHLVL=3
SLURM_SUBMIT_HOST=uan03
PYTHONPATH=/opt/cray/pe/python/3.11.7
CRAY_LIBSCI_PREFIX_DIR=/opt/cray/pe/libsci/25.03.0/GNU/12.3/x86_64
G_FILENAME_ENCODING=@locale,UTF-8,ISO-8859-15,CP1252
SLURM_JOB_ACCOUNT=project_462000031
FI_CXI_DISABLE_NON_INJECT_MSG_IDC=1
NCCL_NET_GDR_LEVEL=PHB
GPUBIND=/pfs/lustref1/flash/project_462000031/lazzaroa/openmpi_on_ss11/select_gpu.sh
MANPATH=/pfs/lustref1/flash/project_462000031/lazzaroa/openmpi_on_ss11/install_rccl_cpe/man:/opt/rocm-6.3.4/share/man:/opt/cray/pe/mpich/9.0.1/ofi/man:/opt/cray/pe/mpich/9.0.1/man/mpich:/opt/cray/libfabric/1.22.0/share/man:/opt/cray/pe/libsci/25.03.0/share/man:/opt/cray/pe/dsmml/0.3.1/dsmml/man:/opt/cray/pe/craype/2.7.34/man:/opt/cray/pe/python/3.11.7/share/man:/appl/lumi/SW/system/EB/lumi-tools/24.05/share/man:/opt/cray/pe/perftools/25.03.0/man:/opt/cray/pe/papi/7.2.0.1/share/pdoc/man:/opt/cray/pe/lmod/lmod/share/man:/users/lazzaroa/.local/share/man:/usr/local/man:/usr/share/man
CRAY_DSMML_VERSION=0.3.1
CRAY_ROCM_INCLUDE_OPTS=-I/opt/rocm-6.3.4/include -I/opt/rocm-6.3.4/include/rocprofiler -I/opt/rocm-6.3.4/include/roctracer -I/opt/rocm-6.3.4/include/hip -D__HIP_PLATFORM_AMD__
MPICH_DIR=/opt/cray/pe/mpich/9.0.1/ofi/gnu/12.3
EBVERSIONLUMIMINTOOLS=24.05
HYDRA_BOOTSTRAP=slurm
PE_MPICH_GTL_LIBS_nvidia90=-lmpi_gtl_cuda
ROOT_DIR=/pfs/lustref1/flash/project_462000031/lazzaroa/openmpi_on_ss11
LUMI_LMOD_FAMILY_GCC_COMPILER_VERSION=14.2
MODULEPATH=/opt/cray/pe/lmod/modulefiles/cpu/x86-trento/1.0:/opt/cray/pe/lmod/modulefiles/mpi/gnu/12.0/ofi/1.0/cray-mpich/8.0:/opt/cray/pe/lmod/modulefiles/comnet/gnu/12.0/ofi/1.0:/opt/cray/pe/lmod/modulefiles/mix_compilers:/opt/cray/pe/lmod/modulefiles/compiler/gnu/12.0:/appl/lumi/modules/easybuild/system:/opt/cray/pe/lmod/modulefiles/perftools/25.03.0:/opt/cray/pe/lmod/modulefiles/net/ofi/1.0:/opt/cray/pe/modulefiles/Linux:/opt/cray/pe/modulefiles/Core:/opt/cray/pe/lmod/lmod/modulefiles/Core:/opt/cray/pe/lmod/modulefiles/core:/opt/cray/pe/lmod/modulefiles/craype-targets/default:/appl/lumi/modules/SoftwareStack:/appl/lumi/modules/StyleModifiers:/appl/lumi/modules/init-LUMI-SoftwareStack:/opt/cray/modulefiles
CRAY_MPICH_DIR=/opt/cray/pe/mpich/9.0.1/ofi/gnu/12.3
CRAY_PYTHON_VERSION=3.11.7
SLURM_GTIDS=0
LMOD_FAMILY_CRAYPE=craype
LOGNAME=lazzaroa
DBUS_SESSION_BUS_ADDRESS=unix:path=/run/user/10013986/bus
CRAY_MPICH_VERSION=9.0.1
XDG_RUNTIME_DIR=/run/user/10013986
MODULEPATH_ROOT=/opt/cray/pe/modulefiles
LMOD_PACKAGE_PATH=/appl/lumi/LUMI-SoftwareStack/LMOD
PE_MPICH_GTL_LIBS_amd_gfx906=-lmpi_gtl_hsa
PE_DSMML_PKGCONFIG_LIBS=dsmml
JRE_HOME=/usr/lib64/jvm/java-11-openjdk-11
PE_LIBSCI_PKGCONFIG_VARIABLES=PE_LIBSCI_OMP_REQUIRES_@openmp@:PE_SCI_EXT_LIBPATH:PE_SCI_EXT_LIBNAME
XDG_CONFIG_DIRS=/etc/xdg
PATH=/pfs/lustref1/flash/project_462000031/lazzaroa/openmpi_on_ss11/install_rccl_cpe/bin:/opt/rocm-6.3.4/bin:/opt/cray/pe/mpich/9.0.1/ofi/gnu/12.3/bin:/opt/cray/pe/mpich/9.0.1/bin:/opt/cray/libfabric/1.22.0/bin:/opt/cray/pe/craype/2.7.34/bin:/opt/cray/pe/gcc-native/14/bin:/opt/cray/pe/python/3.11.7/bin:/appl/lumi/SW/system/EB/lumi-tools/24.05/bin:/opt/cray/pe/perftools/25.03.0/bin:/opt/cray/pe/papi/7.2.0.1/bin:/users/lazzaroa/.local/bin:/users/lazzaroa/bin:/usr/local/bin:/usr/bin:/bin:/usr/lib/mit/bin:/usr/lib/mit/sbin:/opt/cray/pe/bin
PE_MPICH_GTL_LIBS_amd_gfx908=-lmpi_gtl_hsa
SLURM_JOB_ID=16680845
_ModuleTable014_=ZmlsZXMvY29yZS9yb2NtLzYuMy40Lmx1YSIsCmZ1bGxOYW1lID0gInJvY20vNi4zLjQiLApsb2FkT3JkZXIgPSAxNywKcHJvcFQgPSB7fSwKc3RhY2tEZXB0aCA9IDAsCnN0YXR1cyA9ICJhY3RpdmUiLAp1c2VyTmFtZSA9ICJyb2NtIiwKd1YgPSAiXjAwMDAwMDA2LjAwMDAwMDAwMy4wMDAwMDAwMDQuKnpmaW5hbCIsCn0sCnhwbWVtID0gewpmbiA9ICIvb3B0L2NyYXkvbW9kdWxlZmlsZXMveHBtZW0vMi4xMS41LTEuM19nNzNhZGU0MzMyMGJjIiwKZnVsbE5hbWUgPSAieHBtZW0vMi4xMS41LTEuM19nNzNhZGU0MzMyMGJjIiwKbG9hZE9yZGVyID0gMywKcHJvcFQgPSB7fSwKc3RhY2tEZXB0aCA9IDAsCnN0YXR1cyA9ICJhY3RpdmUiLAp1c2VyTmFtZSA9ICJ4cG1lbSIsCndW
JAVA_BINDIR=/usr/lib64/jvm/java-11-openjdk-11/bin
PE_MPICH_GTL_DIR_nvidia90=-L/opt/cray/pe/mpich/9.0.1/gtl/lib
__LMOD_REF_COUNT_PE_PRODUCT_LIST=CRAYPE_X86_TRENTO:1;CRAYPE:1;PERFTOOLS:1;CRAYPAT:1;CRAY_ACCEL:1;CRAY_ROCM:1
FI_CXI_RDZV_PROTO=alt_read
_LMFILES_=/opt/cray/pe/lmod/modulefiles/craype-targets/default/craype-network-ofi.lua:/opt/cray/pe/lmod/modulefiles/core/perftools-base/25.03.0.lua:/opt/cray/modulefiles/xpmem/2.11.5-1.3_g73ade43320bc:/appl/lumi/modules/StyleModifiers/ModuleLabel/label.lua:/appl/lumi/modules/easybuild/system/lumi-tools/24.05.lua:/appl/lumi/modules/init-LUMI-SoftwareStack/init-lumi/0.2.lua:/opt/cray/pe/lmod/modulefiles/core/cray-python/3.11.7.lua:/opt/cray/pe/lmod/modulefiles/core/gcc-native/14.2.lua:/opt/cray/pe/lmod/modulefiles/core/craype/2.7.34.lua:/opt/cray/pe/lmod/modulefiles/core/cray-dsmml/0.3.1.lua:/opt/cray/pe/lmod/modulefiles/compiler/gnu/12.0/cray-libsci/25.03.0.lua:/opt/cray/pe/lmod/modulefiles/core/PrgEnv-gnu/8.6.0.lua:/opt/cray/modulefiles/libfabric/1.22.0:/opt/cray/pe/lmod/modulefiles/comnet/gnu/12.0/ofi/1.0/cray-mpich/9.0.1.lua:/opt/cray/pe/lmod/modulefiles/craype-targets/default/craype-x86-trento.lua:/opt/cray/pe/lmod/modulefiles/craype-targets/default/craype-accel-amd-gfx90a.lua:/opt/cray/pe/lmod/modulefiles/core/rocm/6.3.4.lua
LMOD_FAMILY_LIBSCI_VERSION=25.03.0
MODULESHOME=/opt/cray/pe/lmod/lmod
PKG_CONFIG_PATH=/pfs/lustref1/flash/project_462000031/lazzaroa/openmpi_on_ss11/install_rccl_cpe/lib/pkgconfig:/usr/lib64/pkgconfig:/opt/cray/libfabric/1.22.0/lib64/pkgconfig:/opt/cray/pe/dsmml/0.3.1/dsmml/lib/pkgconfig:/opt/cray/pe/craype/2.7.34/pkg-config
LMOD_SETTARG_FULL_SUPPORT=no
FI_CXI_RDZV_EAGER_SIZE=0
G_BROKEN_FILENAMES=1
PE_GNU_FIXED_PKGCONFIG_PATH=/opt/cray/pe/mpich/9.0.1/ofi/gnu/12.3/lib/pkgconfig
_ModuleTable011_=c3lidWlsZC9zeXN0ZW1cIikiLAp9LApmbiA9ICIvYXBwbC9sdW1pL21vZHVsZXMvaW5pdC1MVU1JLVNvZnR3YXJlU3RhY2svaW5pdC1sdW1pLzAuMi5sdWEiLApmdWxsTmFtZSA9ICJpbml0LWx1bWkvMC4yIiwKbG9hZE9yZGVyID0gNiwKcHJvcFQgPSB7Cmxtb2QgPSB7CnN0aWNreSA9IDEsCn0sCn0sCnN0YWNrRGVwdGggPSAwLApzdGF0dXMgPSAiYWN0aXZlIiwKdXNlck5hbWUgPSAiaW5pdC1sdW1pIiwKd1YgPSAiMDAwMDAwMDAwLjAwMDAwMDAwMi4qemZpbmFsIiwKfSwKbGliZmFicmljID0gewpmbiA9ICIvb3B0L2NyYXkvbW9kdWxlZmlsZXMvbGliZmFicmljLzEuMjIuMCIsCmZ1bGxOYW1lID0gImxpYmZhYnJpYy8xLjIyLjAiLApsb2FkT3JkZXIgPSAxMywKcHJvcFQg
PREFIX_LIBFABRIC=/opt/cray/libfabric/1.22.0
NCCL_SOCKET_IFNAME=hsn
PE_MPICH_GTL_LIBS_amd_gfx90a=-lmpi_gtl_hsa
HISTSIZE=1000
CRAYPE_DIR=/opt/cray/pe/craype/2.7.34
LMOD_PKG=/opt/cray/pe/lmod/lmod
__LMOD_REF_COUNT_PE_MPICH_PKGCONFIG_LIBS=mpich:1
OFFLOAD_INIT=on_start
__LMOD_REF_COUNT_PE_PKGCONFIG_LIBS=rocm-6.3.4:1;mpich:1;libsci_mpi:1;libsci:1;dsmml:1
CPU=x86_64
SSH_SENDS_LOCALE=yes
CRAYPE_VERSION=2.7.34
EBU_USER_PREFIX=/project/project_462000031/lazzaroa/EasyBuild
_ModuleTable005_=L21vZHVsZWZpbGVzL2NvbW5ldC9nbnUvMTIuMC9vZmkvMS4wL2NyYXktbXBpY2gvOS4wLjEubHVhIiwKZnVsbE5hbWUgPSAiY3JheS1tcGljaC85LjAuMSIsCmxvYWRPcmRlciA9IDE0LApwcm9wVCA9IHt9LApzdGFja0RlcHRoID0gMCwKc3RhdHVzID0gImFjdGl2ZSIsCnVzZXJOYW1lID0gImNyYXktbXBpY2gvOS4wLjEiLAp3ViA9ICIwMDAwMDAwMDkuMDAwMDAwMDAwLjAwMDAwMDAwMS4qemZpbmFsIiwKfSwKWyJjcmF5LXB5dGhvbiJdID0gewpmbiA9ICIvb3B0L2NyYXkvcGUvbG1vZC9tb2R1bGVmaWxlcy9jb3JlL2NyYXktcHl0aG9uLzMuMTEuNy5sdWEiLApmdWxsTmFtZSA9ICJjcmF5LXB5dGhvbi8zLjExLjciLApsb2FkT3JkZXIgPSA3LApwcm9wVCA9IHt9LApzdGFj
LMOD_CMD=/opt/cray/pe/lmod/lmod/libexec/lmod
SLURM_LOCALID=0
CRAY_MPICH_PREFIX=/opt/cray/pe/mpich/9.0.1/ofi/gnu/12.3
PE_GCC_EXTERNAL=native
LESSOPEN=lessopen.sh %s
CRAYPAT_OPTS_EXECUTABLE=libexec64/opts
CRAY_XPMEM_INCLUDE_OPTS=-I/usr/include
PE_LIBSCI_GENCOMPS_GNU_x86_64=123
LMOD_DIR=/opt/cray/pe/lmod/lmod/libexec
LMOD_FAMILY_MPI=cray-mpich
BASH_FUNC_module%%=() {  if [ -z "${LMOD_SH_DBG_ON+x}" ]; then
 case "$-" in 
 *v*x*)
 __lmod_sh_dbg='vx'
 ;;
 *v*)
 __lmod_sh_dbg='v'
 ;;
 *x*)
 __lmod_sh_dbg='x'
 ;;
 esac;
 fi;
 if [ -n "${__lmod_sh_dbg:-}" ]; then
 set +$__lmod_sh_dbg;
 echo "Shell debugging temporarily silenced: export LMOD_SH_DBG_ON=1 for Lmod's output" 1>&2;
 fi;
 eval "$($LMOD_CMD shell "$@")" && eval "$(${LMOD_SETTARG_CMD:-:} -s sh)";
 __lmod_my_status=$?;
 if [ -n "${__lmod_sh_dbg:-}" ]; then
 echo "Shell debugging restarted" 1>&2;
 set -$__lmod_sh_dbg;
 fi;
 unset __lmod_sh_dbg;
 return $__lmod_my_status
}
BASH_FUNC_ml%%=() {  eval "$($LMOD_DIR/ml_cmd "$@")"
}
_=/usr/bin/env
========
_n16_hybrid_16680845_opt1_rccl
========
RCCL-tests
-- srun alltoall_perf -d int8 -b 1 -e 128M -f 2 -g 1
cpu-bind=MASK - nid006646, task  0  0 [15772]: mask 0xfe00000000000000fe set
cpu-bind=MASK - nid006646, task  1  1 [15773]: mask 0xfe00000000000000fe00 set
cpu-bind=MASK - nid006646, task  2  2 [15774]: mask 0xfe00000000000000fe0000 set
cpu-bind=MASK - nid006646, task  3  3 [15775]: mask 0xfe00000000000000fe000000 set
cpu-bind=MASK - nid006646, task  4  4 [15776]: mask 0xfe00000000000000fe00000000 set
cpu-bind=MASK - nid006646, task  5  5 [15777]: mask 0xfe00000000000000fe0000000000 set
cpu-bind=MASK - nid006646, task  6  6 [15778]: mask 0xfe00000000000000fe000000000000 set
cpu-bind=MASK - nid006646, task  7  7 [15779]: mask 0xfe00000000000000fe00000000000000 set
cpu-bind=MASK - nid006726, task  8  0 [69737]: mask 0xfe00000000000000fe set
cpu-bind=MASK - nid006726, task  9  1 [69738]: mask 0xfe00000000000000fe00 set
cpu-bind=MASK - nid006726, task 10  2 [69739]: mask 0xfe00000000000000fe0000 set
cpu-bind=MASK - nid006726, task 11  3 [69740]: mask 0xfe00000000000000fe000000 set
cpu-bind=MASK - nid006726, task 12  4 [69741]: mask 0xfe00000000000000fe00000000 set
cpu-bind=MASK - nid006726, task 13  5 [69742]: mask 0xfe00000000000000fe0000000000 set
cpu-bind=MASK - nid006726, task 14  6 [69743]: mask 0xfe00000000000000fe000000000000 set
cpu-bind=MASK - nid006726, task 15  7 [69744]: mask 0xfe00000000000000fe00000000000000 set
MPI VERSION    : CRAY MPICH version 9.0.1.498 (ANL base 4.1.2)
MPI BUILD INFO : Wed Jul 16  9:39 2025 (git hash 0848216) (CH4)
# Collective test starting: alltoall_perf
# nThread 1 nGpus 1 minBytes 1 maxBytes 134217728 step: 2(factor) warmup iters: 5 iters: 20 agg iters: 1 validation: 1 graph: 0
#
rccl-tests: Version develop_deprecated:40b1b17
# Using devices
#  Rank  0 Group  0 Pid  15772 on  nid006646 device  0 [0000:d1:00] AMD Instinct MI250X
#  Rank  1 Group  0 Pid  15773 on  nid006646 device  0 [0000:d6:00] AMD Instinct MI250X
#  Rank  2 Group  0 Pid  15774 on  nid006646 device  0 [0000:c9:00] AMD Instinct MI250X
#  Rank  3 Group  0 Pid  15775 on  nid006646 device  0 [0000:ce:00] AMD Instinct MI250X
#  Rank  4 Group  0 Pid  15776 on  nid006646 device  0 [0000:d9:00] AMD Instinct MI250X
#  Rank  5 Group  0 Pid  15777 on  nid006646 device  0 [0000:de:00] AMD Instinct MI250X
#  Rank  6 Group  0 Pid  15778 on  nid006646 device  0 [0000:c1:00] AMD Instinct MI250X
#  Rank  7 Group  0 Pid  15779 on  nid006646 device  0 [0000:c6:00] AMD Instinct MI250X
#  Rank  8 Group  0 Pid  69737 on  nid006726 device  0 [0000:d1:00] AMD Instinct MI250X
#  Rank  9 Group  0 Pid  69738 on  nid006726 device  0 [0000:d6:00] AMD Instinct MI250X
#  Rank 10 Group  0 Pid  69739 on  nid006726 device  0 [0000:c9:00] AMD Instinct MI250X
#  Rank 11 Group  0 Pid  69740 on  nid006726 device  0 [0000:ce:00] AMD Instinct MI250X
#  Rank 12 Group  0 Pid  69741 on  nid006726 device  0 [0000:d9:00] AMD Instinct MI250X
#  Rank 13 Group  0 Pid  69742 on  nid006726 device  0 [0000:de:00] AMD Instinct MI250X
#  Rank 14 Group  0 Pid  69743 on  nid006726 device  0 [0000:c1:00] AMD Instinct MI250X
#  Rank 15 Group  0 Pid  69744 on  nid006726 device  0 [0000:c6:00] AMD Instinct MI250X
#
#                                                              out-of-place                       in-place          
#       size         count      type   redop    root     time   algbw   busbw #wrong     time   algbw   busbw #wrong                               
#        (B)    (elements)                               (us)  (GB/s)  (GB/s)            (us)  (GB/s)  (GB/s)                                      
           0             0      int8    none      -1     2.61    0.00    0.00      0     0.08    0.00    0.00    N/A
           0             0      int8    none      -1     0.08    0.00    0.00      0     0.08    0.00    0.00    N/A
           0             0      int8    none      -1     0.08    0.00    0.00      0     0.08    0.00    0.00    N/A
           0             0      int8    none      -1     0.08    0.00    0.00      0     0.08    0.00    0.00    N/A
           0             0      int8    none      -1     0.08    0.00    0.00      0     0.08    0.00    0.00    N/A
           0             0      int8    none      -1     0.08    0.00    0.00      0     0.08    0.00    0.00    N/A
           0             0      int8    none      -1     0.08    0.00    0.00      0     0.08    0.00    0.00    N/A
           0             0      int8    none      -1     0.08    0.00    0.00      0     0.08    0.00    0.00    N/A
         256            16      int8    none      -1    348.0    0.00    0.00      0    415.3    0.00    0.00    N/A
         512            32      int8    none      -1    262.1    0.00    0.00      0    42.17    0.01    0.01    N/A
        1024            64      int8    none      -1    42.38    0.02    0.02      0    42.44    0.02    0.02    N/A
        2048           128      int8    none      -1    42.28    0.05    0.05      0    42.63    0.05    0.05    N/A
        4096           256      int8    none      -1    45.20    0.09    0.08      0    45.61    0.09    0.08    N/A
        8192           512      int8    none      -1    45.27    0.18    0.17      0    45.32    0.18    0.17    N/A
       16384          1024      int8    none      -1    45.29    0.36    0.34      0    45.28    0.36    0.34    N/A
       32768          2048      int8    none      -1    45.22    0.72    0.68      0    45.50    0.72    0.68    N/A
       65536          4096      int8    none      -1    46.53    1.41    1.32      0    46.11    1.42    1.33    N/A
      131072          8192      int8    none      -1    45.93    2.85    2.68      0    45.76    2.86    2.69    N/A
      262144         16384      int8    none      -1    47.27    5.55    5.20      0    47.80    5.48    5.14    N/A
      524288         32768      int8    none      -1    58.79    8.92    8.36      0    59.33    8.84    8.28    N/A
     1048576         65536      int8    none      -1    85.83   12.22   11.45      0    85.61   12.25   11.48    N/A
     2097152        131072      int8    none      -1    141.2   14.85   13.93      0    145.2   14.44   13.54    N/A
     4194304        262144      int8    none      -1    242.7   17.29   16.20      0    239.5   17.52   16.42    N/A
     8388608        524288      int8    none      -1    439.6   19.08   17.89      0    430.7   19.48   18.26    N/A
    16777216       1048576      int8    none      -1    862.9   19.44   18.23      0   1136.5   14.76   13.84    N/A
    33554432       2097152      int8    none      -1   1944.2   17.26   16.18      0   2028.0   16.55   15.51    N/A
    67108864       4194304      int8    none      -1   3816.8   17.58   16.48      0   3645.2   18.41   17.26    N/A
   134217728       8388608      int8    none      -1   7809.5   17.19   16.11      0   7605.5   17.65   16.54    N/A
# Errors with asterisks indicate errors that have exceeded the maximum threshold.
# Out of bounds values : 0 OK
# Avg bus bandwidth    : 5.12545 
#
# Collective test concluded: alltoall_perf

-- srun all_reduce_perf -d int8 -b 1 -e 128M -f 2 -g 1
cpu-bind=MASK - nid006646, task  0  0 [15926]: mask 0xfe00000000000000fe set
cpu-bind=MASK - nid006646, task  1  1 [15927]: mask 0xfe00000000000000fe00 set
cpu-bind=MASK - nid006646, task  2  2 [15928]: mask 0xfe00000000000000fe0000 set
cpu-bind=MASK - nid006646, task  3  3 [15929]: mask 0xfe00000000000000fe000000 set
cpu-bind=MASK - nid006646, task  4  4 [15930]: mask 0xfe00000000000000fe00000000 set
cpu-bind=MASK - nid006646, task  5  5 [15931]: mask 0xfe00000000000000fe0000000000 set
cpu-bind=MASK - nid006646, task  6  6 [15932]: mask 0xfe00000000000000fe000000000000 set
cpu-bind=MASK - nid006646, task  7  7 [15933]: mask 0xfe00000000000000fe00000000000000 set
cpu-bind=MASK - nid006726, task  8  0 [69917]: mask 0xfe00000000000000fe set
cpu-bind=MASK - nid006726, task  9  1 [69918]: mask 0xfe00000000000000fe00 set
cpu-bind=MASK - nid006726, task 10  2 [69919]: mask 0xfe00000000000000fe0000 set
cpu-bind=MASK - nid006726, task 11  3 [69920]: mask 0xfe00000000000000fe000000 set
cpu-bind=MASK - nid006726, task 12  4 [69921]: mask 0xfe00000000000000fe00000000 set
cpu-bind=MASK - nid006726, task 13  5 [69922]: mask 0xfe00000000000000fe0000000000 set
cpu-bind=MASK - nid006726, task 14  6 [69923]: mask 0xfe00000000000000fe000000000000 set
cpu-bind=MASK - nid006726, task 15  7 [69924]: mask 0xfe00000000000000fe00000000000000 set
MPI VERSION    : CRAY MPICH version 9.0.1.498 (ANL base 4.1.2)
MPI BUILD INFO : Wed Jul 16  9:39 2025 (git hash 0848216) (CH4)
# Collective test starting: all_reduce_perf
# nThread 1 nGpus 1 minBytes 1 maxBytes 134217728 step: 2(factor) warmup iters: 5 iters: 20 agg iters: 1 validation: 1 graph: 0
#
rccl-tests: Version develop_deprecated:40b1b17
# Using devices
#  Rank  0 Group  0 Pid  15926 on  nid006646 device  0 [0000:d1:00] AMD Instinct MI250X
#  Rank  1 Group  0 Pid  15927 on  nid006646 device  0 [0000:d6:00] AMD Instinct MI250X
#  Rank  2 Group  0 Pid  15928 on  nid006646 device  0 [0000:c9:00] AMD Instinct MI250X
#  Rank  3 Group  0 Pid  15929 on  nid006646 device  0 [0000:ce:00] AMD Instinct MI250X
#  Rank  4 Group  0 Pid  15930 on  nid006646 device  0 [0000:d9:00] AMD Instinct MI250X
#  Rank  5 Group  0 Pid  15931 on  nid006646 device  0 [0000:de:00] AMD Instinct MI250X
#  Rank  6 Group  0 Pid  15932 on  nid006646 device  0 [0000:c1:00] AMD Instinct MI250X
#  Rank  7 Group  0 Pid  15933 on  nid006646 device  0 [0000:c6:00] AMD Instinct MI250X
#  Rank  8 Group  0 Pid  69917 on  nid006726 device  0 [0000:d1:00] AMD Instinct MI250X
#  Rank  9 Group  0 Pid  69918 on  nid006726 device  0 [0000:d6:00] AMD Instinct MI250X
#  Rank 10 Group  0 Pid  69919 on  nid006726 device  0 [0000:c9:00] AMD Instinct MI250X
#  Rank 11 Group  0 Pid  69920 on  nid006726 device  0 [0000:ce:00] AMD Instinct MI250X
#  Rank 12 Group  0 Pid  69921 on  nid006726 device  0 [0000:d9:00] AMD Instinct MI250X
#  Rank 13 Group  0 Pid  69922 on  nid006726 device  0 [0000:de:00] AMD Instinct MI250X
#  Rank 14 Group  0 Pid  69923 on  nid006726 device  0 [0000:c1:00] AMD Instinct MI250X
#  Rank 15 Group  0 Pid  69924 on  nid006726 device  0 [0000:c6:00] AMD Instinct MI250X
#
#                                                              out-of-place                       in-place          
#       size         count      type   redop    root     time   algbw   busbw #wrong     time   algbw   busbw #wrong                               
#        (B)    (elements)                               (us)  (GB/s)  (GB/s)            (us)  (GB/s)  (GB/s)                                      
           1             1      int8     sum      -1    105.1    0.00    0.00      0    96.13    0.00    0.00      0
           2             2      int8     sum      -1    58.18    0.00    0.00      0    55.58    0.00    0.00      0
           4             4      int8     sum      -1    54.13    0.00    0.00      0    132.5    0.00    0.00      0
           8             8      int8     sum      -1    51.69    0.00    0.00      0    51.79    0.00    0.00      0
          16            16      int8     sum      -1    51.17    0.00    0.00      0    50.82    0.00    0.00      0
          32            32      int8     sum      -1    52.87    0.00    0.00      0    52.14    0.00    0.00      0
          64            64      int8     sum      -1    34.01    0.00    0.00      0    35.17    0.00    0.00      0
         128           128      int8     sum      -1    37.87    0.00    0.01      0    38.39    0.00    0.01      0
         256           256      int8     sum      -1    39.78    0.01    0.01      0    37.37    0.01    0.01      0
         512           512      int8     sum      -1    39.94    0.01    0.02      0    39.78    0.01    0.02      0
        1024          1024      int8     sum      -1    41.01    0.02    0.05      0    42.25    0.02    0.05      0
        2048          2048      int8     sum      -1    43.90    0.05    0.09      0    43.95    0.05    0.09      0
        4096          4096      int8     sum      -1    44.61    0.09    0.17      0    43.60    0.09    0.18      0
        8192          8192      int8     sum      -1    43.11    0.19    0.36      0    41.87    0.20    0.37      0
       16384         16384      int8     sum      -1    44.15    0.37    0.70      0    44.11    0.37    0.70      0
       32768         32768      int8     sum      -1    47.32    0.69    1.30      0    47.23    0.69    1.30      0
       65536         65536      int8     sum      -1    53.78    1.22    2.28      0    54.53    1.20    2.25      0
      131072        131072      int8     sum      -1    67.79    1.93    3.63      0    69.01    1.90    3.56      0
      262144        262144      int8     sum      -1    99.09    2.65    4.96      0    92.83    2.82    5.29      0
      524288        524288      int8     sum      -1    146.8    3.57    6.70      0    146.6    3.58    6.71      0
     1048576       1048576      int8     sum      -1    167.7    6.25   11.72      0    167.2    6.27   11.76      0
     2097152       2097152      int8     sum      -1    203.7   10.30   19.31      0    204.4   10.26   19.24      0
     4194304       4194304      int8     sum      -1    289.6   14.48   27.16      0    290.5   14.44   27.07      0
     8388608       8388608      int8     sum      -1    383.9   21.85   40.98      0    381.6   21.98   41.22      0
    16777216      16777216      int8     sum      -1    584.4   28.71   53.83      0    581.8   28.83   54.06      0
    33554432      33554432      int8     sum      -1    965.5   34.76   65.17      0    963.8   34.82   65.28      0
    67108864      67108864      int8     sum      -1   1649.1   40.69   76.30      0   1627.6   41.23   77.31      0
   134217728     134217728      int8     sum      -1   2997.9   44.77   83.94      0   2956.9   45.39   85.11      0
# Errors with asterisks indicate errors that have exceeded the maximum threshold.
# Out of bounds values : 0 OK
# Avg bus bandwidth    : 14.2903 
#
# Collective test concluded: all_reduce_perf

-- srun all_gather_perf -d int8 -b 1 -e 128M -f 2 -g 1
srun: Step created for StepId=16680845.2
cpu-bind=MASK - nid006646, task  0  0 [16068]: mask 0xfe00000000000000fe set
cpu-bind=MASK - nid006646, task  1  1 [16069]: mask 0xfe00000000000000fe00 set
cpu-bind=MASK - nid006646, task  2  2 [16070]: mask 0xfe00000000000000fe0000 set
cpu-bind=MASK - nid006646, task  3  3 [16071]: mask 0xfe00000000000000fe000000 set
cpu-bind=MASK - nid006726, task  8  0 [70048]: mask 0xfe00000000000000fe set
cpu-bind=MASK - nid006646, task  4  4 [16072]: mask 0xfe00000000000000fe00000000 set
cpu-bind=MASK - nid006726, task  9  1 [70049]: mask 0xfe00000000000000fe00 set
cpu-bind=MASK - nid006646, task  5  5 [16073]: mask 0xfe00000000000000fe0000000000 set
cpu-bind=MASK - nid006726, task 10  2 [70050]: mask 0xfe00000000000000fe0000 set
cpu-bind=MASK - nid006646, task  6  6 [16074]: mask 0xfe00000000000000fe000000000000 set
cpu-bind=MASK - nid006726, task 11  3 [70051]: mask 0xfe00000000000000fe000000 set
cpu-bind=MASK - nid006726, task 12  4 [70052]: mask 0xfe00000000000000fe00000000 set
cpu-bind=MASK - nid006646, task  7  7 [16075]: mask 0xfe00000000000000fe00000000000000 set
cpu-bind=MASK - nid006726, task 13  5 [70053]: mask 0xfe00000000000000fe0000000000 set
cpu-bind=MASK - nid006726, task 14  6 [70054]: mask 0xfe00000000000000fe000000000000 set
cpu-bind=MASK - nid006726, task 15  7 [70055]: mask 0xfe00000000000000fe00000000000000 set
MPI VERSION    : CRAY MPICH version 9.0.1.498 (ANL base 4.1.2)
MPI BUILD INFO : Wed Jul 16  9:39 2025 (git hash 0848216) (CH4)
# Collective test starting: all_gather_perf
# nThread 1 nGpus 1 minBytes 1 maxBytes 134217728 step: 2(factor) warmup iters: 5 iters: 20 agg iters: 1 validation: 1 graph: 0
#
rccl-tests: Version develop_deprecated:40b1b17
# Using devices
#  Rank  0 Group  0 Pid  16068 on  nid006646 device  0 [0000:d1:00] AMD Instinct MI250X
#  Rank  1 Group  0 Pid  16069 on  nid006646 device  0 [0000:d6:00] AMD Instinct MI250X
#  Rank  2 Group  0 Pid  16070 on  nid006646 device  0 [0000:c9:00] AMD Instinct MI250X
#  Rank  3 Group  0 Pid  16071 on  nid006646 device  0 [0000:ce:00] AMD Instinct MI250X
#  Rank  4 Group  0 Pid  16072 on  nid006646 device  0 [0000:d9:00] AMD Instinct MI250X
#  Rank  5 Group  0 Pid  16073 on  nid006646 device  0 [0000:de:00] AMD Instinct MI250X
#  Rank  6 Group  0 Pid  16074 on  nid006646 device  0 [0000:c1:00] AMD Instinct MI250X
#  Rank  7 Group  0 Pid  16075 on  nid006646 device  0 [0000:c6:00] AMD Instinct MI250X
#  Rank  8 Group  0 Pid  70048 on  nid006726 device  0 [0000:d1:00] AMD Instinct MI250X
#  Rank  9 Group  0 Pid  70049 on  nid006726 device  0 [0000:d6:00] AMD Instinct MI250X
#  Rank 10 Group  0 Pid  70050 on  nid006726 device  0 [0000:c9:00] AMD Instinct MI250X
#  Rank 11 Group  0 Pid  70051 on  nid006726 device  0 [0000:ce:00] AMD Instinct MI250X
#  Rank 12 Group  0 Pid  70052 on  nid006726 device  0 [0000:d9:00] AMD Instinct MI250X
#  Rank 13 Group  0 Pid  70053 on  nid006726 device  0 [0000:de:00] AMD Instinct MI250X
#  Rank 14 Group  0 Pid  70054 on  nid006726 device  0 [0000:c1:00] AMD Instinct MI250X
#  Rank 15 Group  0 Pid  70055 on  nid006726 device  0 [0000:c6:00] AMD Instinct MI250X
#
#                                                              out-of-place                       in-place          
#       size         count      type   redop    root     time   algbw   busbw #wrong     time   algbw   busbw #wrong                               
#        (B)    (elements)                               (us)  (GB/s)  (GB/s)            (us)  (GB/s)  (GB/s)                                      
           0             0      int8    none      -1     2.28    0.00    0.00      0     0.14    0.00    0.00      0
           0             0      int8    none      -1     0.14    0.00    0.00      0     0.14    0.00    0.00      0
           0             0      int8    none      -1     0.14    0.00    0.00      0     0.14    0.00    0.00      0
           0             0      int8    none      -1     0.13    0.00    0.00      0     0.14    0.00    0.00      0
           0             0      int8    none      -1     0.13    0.00    0.00      0     0.14    0.00    0.00      0
           0             0      int8    none      -1     0.13    0.00    0.00      0     0.14    0.00    0.00      0
           0             0      int8    none      -1     0.13    0.00    0.00      0     0.14    0.00    0.00      0
           0             0      int8    none      -1     0.14    0.00    0.00      0     0.14    0.00    0.00      0
         256            16      int8    none      -1    45.74    0.01    0.01      0    46.16    0.01    0.01      0
         512            32      int8    none      -1    48.80    0.01    0.01      0    46.44    0.01    0.01      0
        1024            64      int8    none      -1    46.03    0.02    0.02      0    44.40    0.02    0.02      0
        2048           128      int8    none      -1    44.22    0.05    0.04      0    44.27    0.05    0.04      0
        4096           256      int8    none      -1    44.55    0.09    0.09      0    44.43    0.09    0.09      0
        8192           512      int8    none      -1    46.09    0.18    0.17      0    44.87    0.18    0.17      0
       16384          1024      int8    none      -1    47.44    0.35    0.32      0    47.73    0.34    0.32      0
       32768          2048      int8    none      -1    52.90    0.62    0.58      0    53.03    0.62    0.58      0
       65536          4096      int8    none      -1    69.66    0.94    0.88      0    69.30    0.95    0.89      0
      131072          8192      int8    none      -1    70.47    1.86    1.74      0    69.62    1.88    1.77      0
      262144         16384      int8    none      -1    114.1    2.30    2.15      0    113.5    2.31    2.17      0
      524288         32768      int8    none      -1    218.4    2.40    2.25      0    214.1    2.45    2.30      0
     1048576         65536      int8    none      -1    259.5    4.04    3.79      0    260.2    4.03    3.78      0
     2097152        131072      int8    none      -1    344.3    6.09    5.71      0    338.7    6.19    5.80      0
     4194304        262144      int8    none      -1    407.6   10.29    9.65      0    407.7   10.29    9.64      0
     8388608        524288      int8    none      -1    418.4   20.05   18.79      0    417.4   20.10   18.84      0
    16777216       1048576      int8    none      -1    510.1   32.89   30.83      0    508.0   33.03   30.96      0
    33554432       2097152      int8    none      -1    555.6   60.39   56.61      0    553.3   60.65   56.86      0
    67108864       4194304      int8    none      -1    737.1   91.04   85.35      0    731.8   91.71   85.98      0
   134217728       8388608      int8    none      -1   1428.0   93.99   88.12      0   1419.9   94.52   88.62      0
# Errors with asterisks indicate errors that have exceeded the maximum threshold.
# Out of bounds values : 0 OK
# Avg bus bandwidth    : 10.9992 
#
# Collective test concluded: all_gather_perf

