Starting job 231943 on c1-1 on Olivia at Tue Mar 10 18:53:27 CET 2026

ROOT_DIR = /cluster/home/marcink/hpe_cug_paper/openmpi_on_ss11
ROOT_DIR = /cluster/home/marcink/hpe_cug_paper/openmpi_on_ss11
Running "module reset". Resetting modules to system default. The following $MODULEPATH directories have been removed: None

Lmod is automatically replacing "cce/19.0.0" with "gcc-native/14.2".


Due to MODULEPATH changes, the following have been reloaded:
  1) cray-libsci/25.03.0     2) cray-mpich/8.1.32


The following have been reloaded with a version change:
  1) gcc-native/14.2 => gcc-native/13.2


Currently Loaded Modules:
  1) init-NRIS                      (S)   8) craype/2.7.34
  2) craype-x86-turin                     9) cray-dsmml/0.3.1
  3) libfabric/1.22.0                    10) PrgEnv-gnu/8.6.0
  4) craype-network-ofi                  11) gcc-native/13.2
  5) perftools-base/25.03.0              12) cray-mpich/8.1.32
  6) xpmem/2.11.3-1.3_gdbda01a1eb3d      13) cray-libsci/25.03.0
  7) CrayEnv

  Where:
   S:  Module is Sticky, requires --force to unload or purge

 

-- srun /cluster/projects/nn9999k/marcink/software/osu-craype-x86/libexec/osu-micro-benchmarks//mpi/pt2pt/osu_bibw -b multiple D D
cpu-bind=MAP  - c1-1, task  0  0 [3067335]: mask 0x1 set
cpu-bind=MAP  - c1-1, task  1  1 [3067336]: mask 0x100000000 set

# OSU MPI Bi-Directional Bandwidth Test v7.5.2
# Datatype: MPI_CHAR.
# Size      Bandwidth (MB/s)
1                       6.47
2                      13.03
4                      26.47
8                      52.23
16                    105.28
32                    196.16
64                    325.51
128                   598.19
256                  1192.87
512                  2413.69
1024                 3723.74
2048                 4712.22
4096                 9855.97
8192                22111.56
16384               36347.77
32768               53572.64
65536               72470.43
131072              84911.94
262144              83654.49
524288              69054.00
1048576             50715.61
2097152             47027.31
4194304             45359.90
-- srun /cluster/projects/nn9999k/marcink/software/osu-craype-x86/libexec/osu-micro-benchmarks//mpi/pt2pt/osu_latency D D
cpu-bind=MAP  - c1-1, task  0  0 [3068259]: mask 0x1 set
cpu-bind=MAP  - c1-1, task  1  1 [3068260]: mask 0x100000000 set

# OSU MPI Latency Test v7.5.2
# Datatype: MPI_CHAR.
# Size       Avg Latency(us)
1                       0.48
2                       0.48
4                       0.48
8                       0.47
16                      0.48
32                      0.54
64                      0.60
128                     0.62
256                     0.62
512                     0.67
1024                    0.84
2048                    1.00
4096                    1.19
8192                    1.05
16384                   1.14
32768                   1.31
65536                   1.68
131072                  2.23
262144                  3.32
524288                 13.04
1048576                21.04
2097152                43.22
4194304                77.89
-- srun /cluster/projects/nn9999k/marcink/software/osu-craype-x86/libexec/osu-micro-benchmarks//mpi/pt2pt/osu_bibw -b multiple H H
cpu-bind=MAP  - c1-1, task  0  0 [3069291]: mask 0x1 set
cpu-bind=MAP  - c1-1, task  1  1 [3069292]: mask 0x100000000 set

# OSU MPI Bi-Directional Bandwidth Test v7.5.2
# Datatype: MPI_CHAR.
# Size      Bandwidth (MB/s)
1                       6.53
2                      12.93
4                      25.82
8                      51.93
16                    105.56
32                    190.82
64                    317.14
128                   578.02
256                  1213.92
512                  2423.49
1024                 4077.68
2048                 5677.47
4096                 9889.83
8192                19570.75
16384               35423.28
32768               53448.57
65536               70441.03
131072              85916.00
262144              85298.83
524288              64643.70
1048576             50708.55
2097152             46978.46
4194304             45460.05
-- srun /cluster/projects/nn9999k/marcink/software/osu-craype-x86/libexec/osu-micro-benchmarks//mpi/pt2pt/osu_latency H H
cpu-bind=MAP  - c1-1, task  0  0 [3070140]: mask 0x1 set
cpu-bind=MAP  - c1-1, task  1  1 [3070141]: mask 0x100000000 set

# OSU MPI Latency Test v7.5.2
# Datatype: MPI_CHAR.
# Size       Avg Latency(us)
1                       0.48
2                       0.48
4                       0.48
8                       0.48
16                      0.48
32                      0.54
64                      0.60
128                     0.62
256                     0.62
512                     0.65
1024                    0.82
2048                    0.98
4096                    1.22
8192                    0.99
16384                   1.08
32768                   1.21
65536                   1.62
131072                  2.18
262144                  3.26
524288                  6.99
1048576                20.93
2097152                41.38
4194304                74.83

Job 231943 consumed 0.5 billing hours and 0.0 GPU hours from project nn9997k.

Submitted 2026-03-10T18:53:26; waited 0.0 seconds in the queue after becoming eligible to run.

Requested wallclock time: 10.0 minutes
Elapsed wallclock time:   7.0 seconds

Job exited normally.

Task and CPU statistics:
ID                  CPUs  Tasks  CPU util                Start  Elapsed  Exit status
231943               256            0.0 %  2026-03-10T18:53:26    7.0 s  0
231943.batch         256      1     0.0 %  2026-03-10T18:53:26    7.0 s  0
231943.osu_bibw      128      2     0.0 %  2026-03-10T18:53:28    2.0 s  0
231943.osu_latency   128      2     0.0 %  2026-03-10T18:53:30    1.0 s  0
231943.osu_bibw      128      2     0.0 %  2026-03-10T18:53:31    1.0 s  0
231943.osu_latency   128      2     0.0 %  2026-03-10T18:53:32    1.0 s  0

Used CPU time:   0.7 CPU seconds
Unused CPU time: 29.9 CPU minutes

Memory statistics, in GiB:
ID                   Alloc   Usage
231943               700.0        
231943.batch         700.0     0.0
231943.osu_bibw      700.0     1.0
231943.osu_latency   700.0     0.0
231943.osu_bibw      700.0     1.0
231943.osu_latency   700.0     0.0

Job 231943 completed at Tue Mar 10 18:53:34 CET 2026
