ROOT_DIR = /pfs/lustref1/flash/project_462000031/lazzaroa/openmpi_on_ss11
/pfs/lustref1/flash/project_462000031/lazzaroa/openmpi_on_ss11 ~/flash_coe/openmpi_on_ss11/osu/ompi/collectives
ROOT_DIR = /pfs/lustref1/flash/project_462000031/lazzaroa/openmpi_on_ss11

Lmod is automatically replacing "cce/19.0.0" with "gcc-native/14.2".


Lmod is automatically replacing "PrgEnv-cray/8.6.0" with "PrgEnv-gnu/8.6.0".


Due to MODULEPATH changes, the following have been reloaded:
  1) cray-libsci/25.03.0     2) cray-mpich/8.1.32


Currently Loaded Modules:
  1) craype-x86-rome                      9) cray-python/3.11.7
  2) libfabric/1.22.0                    10) gcc-native/14.2
  3) craype-network-ofi                  11) craype/2.7.34
  4) perftools-base/25.03.0              12) cray-dsmml/0.3.1
  5) xpmem/2.11.5-1.3_g73ade43320bc      13) cray-mpich/8.1.32
  6) ModuleLabel/label              (S)  14) cray-libsci/25.03.0
  7) lumi-tools/24.05               (S)  15) PrgEnv-gnu/8.6.0
  8) init-lumi/0.2                  (S)  16) rocm/6.3.4

  Where:
   S:  Module is Sticky, requires --force to unload or purge
ROCM_PATH = /opt/rocm-6.3.4
XPMEM Lib path  = /usr/lib64
/pfs/lustref1/flash/project_462000031/lazzaroa/openmpi_on_ss11/install_libfabric
/pfs/lustref1/flash/project_462000031/lazzaroa/openmpi_on_ss11/install_rccl
~/flash_coe/openmpi_on_ss11/osu/ompi/collectives
============
#!/bin/bash

#for NNODES in 1 2 4 8 16 32 64; do
for NNODES in 1; do
#for NNODES in 64; do
sbatch -N $NNODES <<EOF
#!/bin/bash
#SBATCH --ntasks-per-node=8
#SBATCH -A project_462000031
#SBATCH -p standard-g
#SBATCH --gres=gpu:8
#SBATCH --exclusive
#SBATCH --network=single_node_vni
#SBATCH -o lumi-slurm-%j-coll_N${NNODES}_opt.out
#SBATCH --time=1:30:00
##SBATCH --network=disable_rdzv_get

# load runtime environment
ORIGINAL_SCRIPT=\$(scontrol show job "\$SLURM_JOB_ID" | awk -F= '/Command=/{print \$2}')
export OUTPUT_DIR=\$SLURM_SUBMIT_DIR
export ROOT_DIR=\$( cd -- "\$( dirname -- "\${ORIGINAL_SCRIPT}" )/../../.." &> /dev/null && pwd -P )
echo "ROOT_DIR = "\$ROOT_DIR

# Enable OpenMPI and RCCL
USE_CPE=0 source \$ROOT_DIR/sourceme_rccl.sh

# LUMI Binding
export BINDING="--bind-to core --map-by L3cache:pe=7 --mca hwloc_base_binding_policy core --mca hwloc_base_mem_bind policy:bind"

export PRTE_MCA_ras_base_launch_orted_on_hn=1
export PMIX_MCA_gds=^shmem2
#export NCCL_DEBUG=INFO
#export FI_LOG_LEVEL=debug

echo "============"
cat $0
echo "============"

env

for FI_CXI_RX_MATCH_MODE in software hybrid; do
    export FI_CXI_RX_MATCH_MODE=\$FI_CXI_RX_MATCH_MODE

    SUFFIX="_n\${SLURM_NTASKS}_\${FI_CXI_RX_MATCH_MODE}_\${SLURM_JOB_ID}_opt"

    echo "========"
    echo \$SUFFIX
    echo "========"

    # Consider validation
#    OSU_ARGS=" -c "
    OSU_ARGS=" "

     # opts
     # https://github.com/HewlettPackard/shs-ccl-docs/blob/main/rccl/rccl_tuning_guide.md
     export HSA_FORCE_FINE_GRAIN_PCIE=1
     export FI_CXI_RDZV_THRESHOLD=4096
     export FI_MR_CACHE_MONITOR=kdreg2 # not useful, can avoid deadline on RCCL
     export FI_CXI_RDZV_EAGER_SIZE=0
     export FI_CXI_RDZV_PROTO="alt_read"
#      export FI_CXI_DEFAULT_CQ_SIZE="131072" # default value
      export FI_CXI_DEFAULT_TX_SIZE=2048
      export FI_CXI_DISABLE_HOST_REGISTER=1

#    if false; then
    if [ "\${FI_CXI_RX_MATCH_MODE}" == "software" ]; then
    (
        echo "with LinkX"

        export FI_SHM_USE_XPMEM=0 # otherwise the D2D breaks with LNX
        export FI_PROVIDER=lnx
        export FI_LNX_PROV_LINKS=shm+cxi # changed in the binding script
        export OMPI_MCA_opal_common_ofi_provider_include=lnx
        export OMPI_MCA_mtl_ofi_av=table
        export OMPI_MCA_pml=cm
        export OMPI_MCA_mtl=ofi
	export OMPI_MCA_smsc=xpmem

	CMDS=("osu_alltoall -d rocm D D" "osu_allreduce -d rocm D D" "osu_allgather -d rocm D D")
#  	CMDS=("osu_allgather -d rocm D D" "osu_allgather H H")
        for cmd in "\${CMDS[@]}"; do
    	    run_osu_cmd "\$cmd" "mpi/collective" "_lnx\${SUFFIX}"
        done

        export FI_SHM_USE_XPMEM=1

	CMDS=("osu_allreduce H H" "osu_alltoall H H" "osu_allgather H H")
        for cmd in "\${CMDS[@]}"; do
    	    run_osu_cmd "\$cmd" "mpi/collective" "_lnx\${SUFFIX}"
        done

    )
    fi # only software
#    fi

    (
        echo "no OpenMPI internal transport, only libfabric. Use CXI directly"

        export FI_SHM_USE_XPMEM=1
	export FI_PROVIDER=cxi
    	unset FI_LNX_PROV_LINKS
    	export OMPI_MCA_opal_common_ofi_provider_include=cxi
    	export OMPI_MCA_mtl_ofi_av=table
    	export OMPI_MCA_pml=cm
    	export OMPI_MCA_mtl=ofi
	export OMPI_MCA_smsc=xpmem

        CMDS=("osu_alltoall -d rocm D D" "osu_allreduce -d rocm D D" "osu_allgather -d rocm D D" "osu_allreduce H H" "osu_alltoall H H" "osu_allgather H H")
#       CMDS=("osu_allgather -d rocm D D" "osu_allgather H H")
        for cmd in "\${CMDS[@]}"; do
            run_osu_cmd "\$cmd" "mpi/collective" "_cxi\${SUFFIX}"
        done
    )

    if [ "\${FI_CXI_RX_MATCH_MODE}" == "hybrid" ]; then
#    if false; then
    (

        # No validation available for RCCL
    	OSU_ARGS=" "

	CMDS=("osu_xccl_alltoall -d rocm D D" "osu_xccl_allreduce -d rocm D D" "osu_xccl_allgather -d rocm D D")
    	for cmd in "\${CMDS[@]}"; do
            run_osu_cmd "\$cmd" "xccl/collective" "\${SUFFIX}"
     	done
    )
#    fi

#    if false; then
    (
        echo "RCCL-tests"

	FLAGS="-d uint8 -b 1 -e 128M -f 2 -g 1"
	CMDS=("alltoall_perf \${FLAGS}" "all_reduce_perf \${FLAGS}" "all_gather_perf \${FLAGS}")
    	for cmd in "\${CMDS[@]}"; do
	    logname=\$(echo "\${cmd}" | sed -e 's/ /_/g' -e 's/-//g')
	    echo -- mpirun \$cmd
	    mpirun \${BINDING} --report-bindings \${GPUBIND} \${PREFIX_RCCL}/bin/\$cmd \${FLAGS} | tee \${OUTPUT_DIR}/\${logname}"\${SUFFIX}.txt"
	done
    )
#    fi

    fi # only hybrid

done

if [ "${NNODES}" == "1" ]; then
(
    echo "with OpenMPI internal transport"

    SUFFIX="_n\${SLURM_NTASKS}_\${SLURM_JOB_ID}"

    unset FI_SHM_USE_XPMEM
    unset FI_PROVIDER
    unset FI_CXI_RX_MATCH_MODE
    unset FI_LNX_PROV_LINKS
    unset OMPI_MCA_opal_common_ofi_provider_include
    unset OMPI_MCA_mtl_ofi_av
    export OMPI_MCA_pml=ob1
    # CUDA
    #  export OMPI_MCA_btl=vader,smcuda,self
    # ROCM
    export OMPI_MCA_btl=vader,sm,self
    unset OMPI_MCA_mtl
    export OMPI_MCA_smsc=xpmem # Only OpenMPI

    CMDS=("osu_alltoall -d rocm D D" "osu_allreduce -d rocm D D" "osu_allgather -d rocm D D" "osu_allreduce H H" "osu_alltoall H H" "osu_allgather H H")
    for cmd in "\${CMDS[@]}"; do
        run_osu_cmd "\$cmd" "mpi/collective" "_ob1\${SUFFIX}"
    done
)
fi # single node

EOF


done
============
HYDRA_LAUNCHER_EXTRA_ARGS=--external-launcher
__LMOD_REF_COUNT_PE_LIBSCI_REQUIRED_PRODUCTS=PE_MPICH:1
CRAY_LMOD_MPI=cray-mpich/8.0
LUMI_LMOD_FAMILY_MPI=cray-mpich
LMOD_FAMILY_CRAYPE_NETWORK_VERSION=false
LC_ALL=en_US.UTF-8
SLURM_MEM_PER_CPU=0
LS_COLORS=no=00:fi=00:di=01;33:ln=01;36:pi=40;33:so=01;35:do=01;35:bd=40;33;01:cd=40;33;01:or=40;31;01:su=37;41:sg=30;43:tw=30;42:ow=34;42:st=37;44:ex=00;35:*.tar=01;31:*.tgz=01;31:*.arj=01;31:*.taz=01;31:*.lzh=01;31:*.zip=01;31:*.z=01;31:*.Z=01;31:*.gz=01;31:*.bz2=01;31:*.deb=01;31:*.rpm=01;31:*.jar=01;31:*.jpg=01;35:*.jpeg=01;35:*.gif=01;35:*.bmp=01;35:*.pbm=01;35:*.pgm=01;35:*.ppm=01;35:*.tga=01;35:*.xbm=01;35:*.xpm=01;35:*.tif=01;35:*.tiff=01;35:*.png=01;35:*.mov=01;35:*.mpg=01;35:*.mpeg=01;35:*.avi=01;35:*.fli=01;35:*.gl=01;35:*.dl=01;35:*.xcf=01;35:*.xwd=01;35:*.flac=01;35:*.mp3=01;35:*.mpc=01;35:*.ogg=01;35:*.wav=01;35:
LD_LIBRARY_PATH=/pfs/lustref1/flash/project_462000031/lazzaroa/openmpi_on_ss11/install_rccl/lib:/pfs/lustref1/flash/project_462000031/lazzaroa/openmpi_on_ss11/install_ompi/lib:/pfs/lustref1/flash/project_462000031/lazzaroa/openmpi_on_ss11/install_libfabric/lib:/pfs/lustref1/flash/project_462000031/lazzaroa/openmpi_on_ss11/install_cxi/lib:/opt/rocm-6.3.4/lib/roctracer:/opt/rocm-6.3.4/lib/rocprofiler:/opt/rocm-6.3.4/lib:/opt/cray/pe/python/3.11.7/lib:/opt/cray/pe/papi/7.2.0.1/lib64:/opt/cray/libfabric/1.22.0/lib64
HOSTTYPE=x86_64
CRAY_DSMML_ROOTDIR=/opt/cray/pe/dsmml/0.3.1
LIBFABRIC_DIR=/pfs/lustref1/flash/project_462000031/lazzaroa/openmpi_on_ss11/libfabric
_ModuleTable017_=YXBwbC9sdW1pL21vZHVsZXMvU29mdHdhcmVTdGFjazovYXBwbC9sdW1pL21vZHVsZXMvU3R5bGVNb2RpZmllcnM6L2FwcGwvbHVtaS9tb2R1bGVzL2luaXQtTFVNSS1Tb2Z0d2FyZVN0YWNrOi9vcHQvY3JheS9tb2R1bGVmaWxlcyIsCn0K
SLURM_NODEID=0
CRAY_DSMML_DIR=/opt/cray/pe/dsmml/0.3.1/dsmml
SLURM_TASK_PID=104267
__LMOD_REF_COUNT_PATH=/opt/rocm-6.3.4/bin:1;/opt/cray/pe/mpich/8.1.32/ofi/gnu/12.3/bin:1;/opt/cray/pe/mpich/8.1.32/bin:1;/opt/cray/pe/craype/2.7.34/bin:1;/opt/cray/pe/gcc-native/14/bin:1;/opt/cray/pe/python/3.11.7/bin:1;/appl/lumi/SW/system/EB/lumi-tools/24.05/bin:1;/opt/cray/pe/perftools/25.03.0/bin:1;/opt/cray/pe/papi/7.2.0.1/bin:1;/opt/cray/libfabric/1.22.0/bin:1;/users/lazzaroa/.local/bin:1;/users/lazzaroa/bin:1;/usr/local/bin:1;/usr/bin:1;/bin:1;/usr/lib/mit/bin:1;/usr/lib/mit/sbin:1;/opt/cray/pe/bin:1
_ModuleTable002_=TGFiZWwvbGFiZWwubHVhIiwKZnVsbE5hbWUgPSAiTW9kdWxlTGFiZWwvbGFiZWwiLApsb2FkT3JkZXIgPSA2LApwcm9wVCA9IHsKbG1vZCA9IHsKc3RpY2t5ID0gMSwKfSwKfSwKc3RhY2tEZXB0aCA9IDEsCnN0YXR1cyA9ICJhY3RpdmUiLAp1c2VyTmFtZSA9ICJNb2R1bGVMYWJlbC9sYWJlbCIsCndWID0gInNsYWJlbC4qemZpbmFsIiwKfSwKWyJQcmdFbnYtZ251Il0gPSB7CmZuID0gIi9vcHQvY3JheS9wZS9sbW9kL21vZHVsZWZpbGVzL2NvcmUvUHJnRW52LWdudS84LjYuMC5sdWEiLApmdWxsTmFtZSA9ICJQcmdFbnYtZ251LzguNi4wIiwKbG9hZE9yZGVyID0gMTUsCnByb3BUID0ge30sCnN0YWNrRGVwdGggPSAxLApzdGF0dXMgPSAiYWN0aXZlIiwKdXNlck5hbWUgPSAi
PE_MPICH_GTL_DIR_amd_gfx90a=-L/opt/cray/pe/mpich/8.1.32/gtl/lib
PE_LIBSCI_OMP_REQUIRES= 
SSH_CONNECTION=178.197.255.23 57398 193.167.209.163 22
LUMI_LMOD_FAMILY_CRAYPE=craype
LUMI_LMOD_FAMILY_CRAYPE_VERSION=2.7.34
LESSCLOSE=lessclose.sh %s %s
CRAY_LD_LIBRARY_PATH=/opt/cray/pe/libsci/25.03.0/GNU/12.3/x86_64/lib:/opt/cray/pe/mpich/8.1.32/ofi/gnu/12.3/lib:/opt/cray/pe/mpich/8.1.32/gtl/lib:/opt/cray/pe/dsmml/0.3.1/dsmml/lib:/opt/cray/pe/perftools/25.03.0/lib64
SLURM_PRIO_PROCESS=0
XKEYSYMDB=/usr/X11R6/lib/X11/XKeysymDB
PE_ENV=GNU
__LMOD_REF_COUNT_PE_DSMML_PKGCONFIG_LIBS=dsmml:1
__LMOD_REF_COUNT_PE_FORTRAN_PKGCONFIG_LIBS=mpichf90:1
LMOD_FAMILY_CRAYPE_CPU=craype-x86-rome
EBDEVELLUMIMINTOOLS=/appl/lumi/SW/system/EB/lumi-tools/24.05/easybuild/lumi-tools-24.05-easybuild-devel
CRAYPAT_LD_LIBRARY_PATH=/opt/cray/pe/perftools/25.03.0/lib64
GCC_PREFIX=/usr/lib64/gcc/x86_64-suse-linux/14
CRAY_LMOD_COMPILER=gnu/12.0
LMOD_MODULERCFILE=/appl/lumi/LUMI-SoftwareStack/LMOD/modulerc.lua
CRAY_DSMML_PREFIX=/opt/cray/pe/dsmml/0.3.1/dsmml
PE_PRODUCT_LIST=CRAYPE:CRAYPE_X86_ROME:PERFTOOLS:CRAYPAT:CRAY_ROCM
LMOD_FAMILY_MPI_VERSION=8.1.32
CRAYPAT_ROOT=/opt/cray/pe/perftools/25.03.0
PE_PERFTOOLS_MPICH_LIBDIR=/opt/cray/pe/mpich/8.1.32/ofi/gnu/12.3/lib
PMIX_MCA_gds=^shmem2
c=gnu
I_MPI_HYDRA_BOOTSTRAP_EXEC_EXTRA_ARGS=--external-launcher
PE_MPICH_GTL_DIR_amd_gfx906=-L/opt/cray/pe/mpich/8.1.32/gtl/lib
PE_LIBSCI_MODULE_NAME=cray-libsci/25.03.0
LANG=en_US.UTF-8
SLURM_SUBMIT_DIR=/pfs/lustref1/flash/project_462000031/lazzaroa/openmpi_on_ss11/osu/ompi/collectives
GIT_HOOKS_PRE_COMMIT_HPE_CRAY_CHECKPATCH_SKIP=1
PE_MPICH_GTL_DIR_amd_gfx908=-L/opt/cray/pe/mpich/8.1.32/gtl/lib
PE_DSMML_MODULE_NAME=cray-dsmml
WINDOWMANAGER=xterm
_ModuleTable008_=ID0gIi9vcHQvY3JheS9wZS9sbW9kL21vZHVsZWZpbGVzL2NyYXlwZS10YXJnZXRzL2RlZmF1bHQvY3JheXBlLXg4Ni1yb21lLmx1YSIsCmZ1bGxOYW1lID0gImNyYXlwZS14ODYtcm9tZSIsCmxvYWRPcmRlciA9IDEsCnByb3BUID0ge30sCnN0YWNrRGVwdGggPSAwLApzdGF0dXMgPSAiYWN0aXZlIiwKdXNlck5hbWUgPSAiY3JheXBlLXg4Ni1yb21lIiwKd1YgPSAiTS4qemZpbmFsIiwKfSwKWyJnY2MtbmF0aXZlIl0gPSB7CmFjdGlvbkEgPSB7CgoicHJlcGVuZF9wYXRoKFwiTU9EVUxFUEFUSFwiLFwiL29wdC9jcmF5L3BlL2xtb2QvbW9kdWxlZmlsZXMvY29tcGlsZXIvZ251LzEyLjBcIikiCiwgInByZXBlbmRfcGF0aChcIk1PRFVMRVBBVEhcIixcIi9vcHQvY3JheS9wZS9s
HIP_LIB_PATH=/opt/rocm-6.3.4/lib
OMPI_MCA_plm_slurm_args=--external-launcher
LESS=-M -I -R
PE_MPICH_GTL_LIBS_nvidia70=-lmpi_gtl_cuda
LUMI_LMOD_FAMILY_PRGENV=PrgEnv-gnu
LMOD_FAMILY_COMPILER_VERSION=14.2
HOSTNAME=nid005179
LMOD_SYSTEM_DEFAULT_MODULES=craype-x86-rome:craype-network-ofi:perftools-base:xpmem:PrgEnv-cray:init-lumi
EBROOTLUMIMINTOOLS=/appl/lumi/SW/system/EB/lumi-tools/24.05
OLDPWD=/pfs/lustref1/flash/project_462000031/lazzaroa/openmpi_on_ss11
LUMI_LMOD_FAMILY_CRAYPE_NETWORK_VERSION=false
CSHEDIT=emacs
ENVIRONMENT=BATCH
GPG_TTY=/dev/pts/10
LESS_ADVANCED_PREPROCESSOR=no
__LMOD_REF_COUNT_PE_MPICH_GENCOMPILERS_GNU=12.3:1
COLORTERM=1
__LMOD_REF_COUNT_XDG_DATA_DIRS=/appl/lumi/SW/system/EB/lumi-tools/24.05/share:1;/usr/share:1
OSU_HOME=/pfs/lustref1/flash/project_462000031/lazzaroa/openmpi_on_ss11/osu/osu-ompi//libexec/osu-micro-benchmarks/
FPATH=/opt/cray/pe/lmod/lmod/init/ksh_funcs
_ModuleTable007_=ZWZpbGVzL25ldC9vZmkvMS4wXCIpIiwKfSwKZm4gPSAiL29wdC9jcmF5L3BlL2xtb2QvbW9kdWxlZmlsZXMvY3JheXBlLXRhcmdldHMvZGVmYXVsdC9jcmF5cGUtbmV0d29yay1vZmkubHVhIiwKZnVsbE5hbWUgPSAiY3JheXBlLW5ldHdvcmstb2ZpIiwKbG9hZE9yZGVyID0gMywKcHJvcFQgPSB7fSwKc3RhY2tEZXB0aCA9IDAsCnN0YXR1cyA9ICJhY3RpdmUiLAp1c2VyTmFtZSA9ICJjcmF5cGUtbmV0d29yay1vZmkiLAp3ViA9ICJNLip6ZmluYWwiLAp9LApbImNyYXlwZS14ODYtcm9tZSJdID0gewphY3Rpb25BID0gewoicHJlcGVuZF9wYXRoKFwiTU9EVUxFUEFUSFwiLFwiL29wdC9jcmF5L3BlL2xtb2QvbW9kdWxlZmlsZXMvY3B1L3g4Ni1yb21lLzEuMFwiKSIsCn0sCmZu
CRAY_PERFTOOLS_VERSION=25.03.0
ROCR_VISIBLE_DEVICES=0,1,2,3,4,5,6,7
LUMI_LMOD_FAMILY_PRGENV_VERSION=8.6.0
PRTE_MCA_ras_base_launch_orted_on_hn=1
ROCM_PATH=/opt/rocm-6.3.4
OMPI_DIR=/pfs/lustref1/flash/project_462000031/lazzaroa/openmpi_on_ss11/openmpi5
LMOD_FAMILY_CRAYPE_NETWORK=craype-network-ofi
JAVA_HOME=/usr/lib64/jvm/java-11-openjdk-11
__LMOD_STACK_LMOD_AVAIL_STYLE=PGxhYmVsPjpQRWhpZXJhcmNoeTpzeXN0ZW0=
LMOD_FAMILY_CRAYPE_VERSION=2.7.34
PE_XPMEM_PKGCONFIG_LIBS=cray-xpmem
CRAY_ROCM_POST_LINK_OPTS= -L/opt/rocm-6.3.4/lib -L/opt/rocm-6.3.4/lib/rocprofiler -L/opt/rocm-6.3.4/lib/roctracer -lamdhip64
SLURM_PROCID=0
APP2_STATE=25.03.0
LMOD_FAMILY_GCC_COMPILER=gcc-native
CFLAGS=-g -O -Wno-error=maybe-uninitialized -I/pfs/lustref1/flash/project_462000031/lazzaroa/openmpi_on_ss11/install_cxi/include -I/opt/rocm-6.3.4/include
SLURM_JOB_GID=10013986
MACHTYPE=x86_64-suse-linux
I_MPI_HYDRA_BOOTSTRAP=slurm
LMOD_RC=/appl/lumi/LUMI-SoftwareStack/LMOD/lmodrc.lua
__LMOD_REF_COUNT_LD_LIBRARY_PATH=/opt/rocm-6.3.4/lib/roctracer:1;/opt/rocm-6.3.4/lib/rocprofiler:1;/opt/rocm-6.3.4/lib:1;/opt/cray/pe/python/3.11.7/lib:1;/opt/cray/pe/papi/7.2.0.1/lib64:1;/opt/cray/libfabric/1.22.0/lib64:1
CRAY_ROCM_PREFIX=/opt/rocm-6.3.4
__LMOD_REF_COUNT_PKG_CONFIG_PATH=/usr/lib64/pkgconfig:1;/opt/cray/pe/dsmml/0.3.1/dsmml/lib/pkgconfig:1;/opt/cray/pe/craype/2.7.34/pkg-config:1;/opt/cray/libfabric/1.22.0/lib64/pkgconfig:1
BINDING=--bind-to core --map-by L3cache:pe=7 --mca hwloc_base_binding_policy core --mca hwloc_base_mem_bind policy:bind
OSU_INSTALL=/pfs/lustref1/flash/project_462000031/lazzaroa/openmpi_on_ss11/osu/osu-ompi/
GNU_VERSION=14.2
SLURMD_NODENAME=nid005179
PE_PKGCONFIG_PRODUCTS=PE_LIBSCI:PE_MPICH:PE_DSMML:PE_XPMEM
_ModuleTable015_=ci9nbnUvMTIuMCIKLCAiL2FwcGwvbHVtaS9tb2R1bGVzL2Vhc3lidWlsZC9zeXN0ZW0iCiwgIi9vcHQvY3JheS9wZS9sbW9kL21vZHVsZWZpbGVzL3BlcmZ0b29scy8yNS4wMy4wIgosICIvb3B0L2NyYXkvcGUvbG1vZC9tb2R1bGVmaWxlcy9uZXQvb2ZpLzEuMCIKLCAiL29wdC9jcmF5L3BlL2xtb2QvbW9kdWxlZmlsZXMvY3B1L3g4Ni1yb21lLzEuMCIKLCAiL29wdC9jcmF5L3BlL21vZHVsZWZpbGVzL0xpbnV4IiwgIi9vcHQvY3JheS9wZS9tb2R1bGVmaWxlcy9Db3JlIgosICIvb3B0L2NyYXkvcGUvbG1vZC9sbW9kL21vZHVsZWZpbGVzL0NvcmUiCiwgIi9vcHQvY3JheS9wZS9sbW9kL21vZHVsZWZpbGVzL2NvcmUiCiwgIi9vcHQvY3JheS9wZS9sbW9kL21vZHVsZWZpbGVz
SLURM_JOB_END_TIME=1772931870
LUMI_LMOD_FAMILY_LIBSCI=cray-libsci
CRAY_MPICH_BASEDIR=/opt/cray/pe/mpich/8.1.32/ofi
PE_MPICH_GTL_DIR_nvidia80=-L/opt/cray/pe/mpich/8.1.32/gtl/lib
_ModuleTable004_=YnNjaS8yNS4wMy4wLmx1YSIsCmZ1bGxOYW1lID0gImNyYXktbGlic2NpLzI1LjAzLjAiLApsb2FkT3JkZXIgPSAxNCwKcHJvcFQgPSB7fSwKc3RhY2tEZXB0aCA9IDEsCnN0YXR1cyA9ICJhY3RpdmUiLAp1c2VyTmFtZSA9ICJjcmF5LWxpYnNjaSIsCndWID0gIl4wMDAwMDAyNS4wMDAwMDAwMDMuKnpmaW5hbCIsCn0sClsiY3JheS1tcGljaCJdID0gewphY3Rpb25BID0gewoicHJlcGVuZF9wYXRoKFwiTU9EVUxFUEFUSFwiLFwiL29wdC9jcmF5L3BlL2xtb2QvbW9kdWxlZmlsZXMvbXBpL2dudS8xMi4wL29maS8xLjAvY3JheS1tcGljaC84LjBcIikiLAp9LApmbiA9ICIvb3B0L2NyYXkvcGUvbG1vZC9tb2R1bGVmaWxlcy9jb21uZXQvZ251LzEyLjAvb2ZpLzEuMC9jcmF5LW1w
PE_LIBSCI_GENCOMPILERS_GNU_x86_64=12.3
MINICOM=-c on
SLURM_TASKS_PER_NODE=8
__LMOD_REF_COUNT_PYTHONPATH=/opt/cray/pe/python/3.11.7:1
PRTE_MCA_plm_slurm_args=--external-launcher
PE_MPICH_PKGCONFIG_VARIABLES=PE_MPICH_GTL_DIR_@accelerator@:PE_MPICH_GTL_LIBS_@accelerator@
PREFIX_CXI=/pfs/lustref1/flash/project_462000031/lazzaroa/openmpi_on_ss11/install_cxi
PE_MPICH_PKGCONFIG_LIBS=mpich
USE_SRUN=0
OSTYPE=linux
CC=gcc-14
XDG_SESSION_ID=297145
CRAY_DSMML_VER=0.3.1
__LMOD_REF_COUNT_PYTHON_PATH=/opt/cray/pe/python/3.11.7:1
LUMI_LMOD_FAMILY_MPI_VERSION=8.1.32
SLURM_NNODES=1
USER=lazzaroa
LUMI_LMOD_FAMILY_LIBSCI_VERSION=25.03.0
CXXFLAGS=-g -O -I/pfs/lustref1/flash/project_462000031/lazzaroa/openmpi_on_ss11/install_cxi/include -I/opt/rocm-6.3.4/include
PAGER=less
LUMI_LMOD_FAMILY_GCC_COMPILER=gcc-native
CRAY_PYTHON_LEVEL=3.11.7
LMOD_FAMILY_PRGENV_VERSION=8.6.0
LMOD_FAMILY_LIBSCI=cray-libsci
_ModuleTable012_=MDAwMDAyNC4wMDAwMDAwMDUuKnpmaW5hbCIsCn0sClsicGVyZnRvb2xzLWJhc2UiXSA9IHsKYWN0aW9uQSA9IHsKInByZXBlbmRfcGF0aChcIk1PRFVMRVBBVEhcIixcIi9vcHQvY3JheS9wZS9sbW9kL21vZHVsZWZpbGVzL3BlcmZ0b29scy8yNS4wMy4wXCIpIiwKfSwKZm4gPSAiL29wdC9jcmF5L3BlL2xtb2QvbW9kdWxlZmlsZXMvY29yZS9wZXJmdG9vbHMtYmFzZS8yNS4wMy4wLmx1YSIsCmZ1bGxOYW1lID0gInBlcmZ0b29scy1iYXNlLzI1LjAzLjAiLApsb2FkT3JkZXIgPSA0LApwcm9wVCA9IHt9LApzdGFja0RlcHRoID0gMCwKc3RhdHVzID0gImFjdGl2ZSIsCnVzZXJOYW1lID0gInBlcmZ0b29scy1iYXNlIiwKd1YgPSAiXjAwMDAwMDI1LjAwMDAwMDAwMy4qemZpbmFs
PE_MPICH_GTL_LIBS_ponteVecchio=-lmpi_gtl_ze
CRAY_CPU_TARGET=x86-rome
PE_GCC_LEVEL=14
SLURM_JOB_START_TIME=1772926470
PE_LIBSCI_VOLATILE_PRGENV=GNU
SLURM_NTASKS_PER_NODE=8
PKGCONFIG_ENABLED=1
__LMOD_REF_COUNT_MODULEPATH=/opt/cray/pe/lmod/modulefiles/mpi/gnu/12.0/ofi/1.0/cray-mpich/8.0:1;/opt/cray/pe/lmod/modulefiles/comnet/gnu/12.0/ofi/1.0:1;/opt/cray/pe/lmod/modulefiles/mix_compilers:1;/opt/cray/pe/lmod/modulefiles/compiler/gnu/12.0:1;/appl/lumi/modules/easybuild/system:1;/opt/cray/pe/lmod/modulefiles/perftools/25.03.0:1;/opt/cray/pe/lmod/modulefiles/net/ofi/1.0:1;/opt/cray/pe/lmod/modulefiles/cpu/x86-rome/1.0:1;/opt/cray/pe/modulefiles/Linux:1;/opt/cray/pe/modulefiles/Core:1;/opt/cray/pe/lmod/lmod/modulefiles/Core:1;/opt/cray/pe/lmod/modulefiles/core:1;/opt/cray/pe/lmod/modulefiles/craype-targets/default:1;/appl/lumi/modules/SoftwareStack:1;/appl/lumi/modules/StyleModifiers:1;/appl/lumi/modules/init-LUMI-SoftwareStack:1;/opt/cray/modulefiles:1
MORE=-sl
CRAY_PERFTOOLS_PREFIX=/opt/cray/pe/perftools/25.03.0
PE_FORTRAN_PKGCONFIG_LIBS=mpichf90
CRAY_ROCM_DIR=/opt/rocm-6.3.4
__LMOD_REF_COUNT_CRAY_LD_LIBRARY_PATH=/opt/cray/pe/libsci/25.03.0/GNU/12.3/x86_64/lib:1;/opt/cray/pe/mpich/8.1.32/ofi/gnu/12.3/lib:1;/opt/cray/pe/mpich/8.1.32/gtl/lib:1;/opt/cray/pe/dsmml/0.3.1/dsmml/lib:1;/opt/cray/pe/perftools/25.03.0/lib64:1
GCC_VERSION=14.2
CRAY_LIBSCI_BASE_DIR=/opt/cray/pe/libsci/25.03.0
PWD=/users/lazzaroa/flash_coe/openmpi_on_ss11/osu/ompi/collectives
LUMI_LMOD_FAMILY_CRAYPE_CPU=craype-x86-rome
PE_MPICH_GTL_DIR_ponteVecchio=-L/opt/cray/pe/mpich/8.1.32/gtl/lib
PE_MPICH_GTL_DIR_nvidia70=-L/opt/cray/pe/mpich/8.1.32/gtl/lib
SLURM_JOB_NODELIST=nid005179
HOME=/users/lazzaroa
SLURM_CLUSTER_NAME=lumi
PELOCAL_PRGENV=true
CMAKE_PREFIX_PATH=/opt/rocm-6.3.4/lib/cmake/hip:/appl/lumi/SW/system/EB/lumi-tools/24.05
PE_LIBSCI_REQUIRED_PRODUCTS=PE_MPICH
SLURM_NODELIST=nid005179
PE_MPICH_GTL_LIBS_amd_gfx942=-lmpi_gtl_hsa
PE_MPICH_GTL_LIBS_amd_gfx940=-lmpi_gtl_hsa
LIBCXI_DIR=/pfs/lustref1/flash/project_462000031/lazzaroa/openmpi_on_ss11/libfabric/libcxi
SLURM_GPUS_ON_NODE=8
SLURM_NETWORK=single_node_vni
HOST=uan01
SSH_CLIENT=178.197.255.23 57398 22
__LMOD_REF_COUNT_PE_GNU_FIXED_PKGCONFIG_PATH=/opt/cray/pe/mpich/8.1.32/ofi/gnu/12.3/lib/pkgconfig:1
__LMOD_REF_COUNT_LMOD_MODULERCFILE=/appl/lumi/LUMI-SoftwareStack/LMOD/modulerc.lua:1
LMOD_VERSION=8.7.55
XNLSPATH=/usr/X11R6/lib/X11/nls
PE_MPICH_FORTRAN_PKGCONFIG_LIBS=mpichf90
SLURM_NTASKS=8
PE_LIBSCI_PKGCONFIG_LIBS=libsci_mpi:libsci
XDG_SESSION_TYPE=tty
PREFIX_RCCL=/pfs/lustref1/flash/project_462000031/lazzaroa/openmpi_on_ss11/install_rccl
SDK_HOME=/usr/lib64/jvm/java-11-openjdk-11
CRAY_LMOD_CPU=x86-rome/1.0
PE_MPICH_GTL_LIBS_nvidia80=-lmpi_gtl_cuda
PE_LIBSCI_OMP_REQUIRES_openmp=_mp
LMOD_FAMILY_CRAYPE_CPU_VERSION=false
SLURM_JOB_CPUS_PER_NODE=56
GCC_PATH=/opt/cray/pe/gcc-native/14/bin
BASH_ENV=/opt/cray/pe/lmod/lmod/init/bash
XDG_DATA_DIRS=/appl/lumi/SW/system/EB/lumi-tools/24.05/share:/usr/share
_LUMI_INIT_FIRST_LOAD=1
__LMOD_REF_COUNT_PE_MPICH_FORTRAN_PKGCONFIG_LIBS=mpichf90:1
SLURM_TOPOLOGY_ADDR=nid005179
SLURM_THREADS_PER_CORE=1
PYTHON_PATH=/opt/cray/pe/python/3.11.7
LMOD_FAMILY_GCC_COMPILER_VERSION=14.2
CRAY_LMOD_NET=ofi/1.0
__LMOD_REF_COUNT_PE_PKGCONFIG_PRODUCTS=PE_LIBSCI:1;PE_MPICH:1;PE_DSMML:1;PE_XPMEM:1
PE_MPICH_MODULE_NAME=cray-mpich
RCCL_DIR=/pfs/lustref1/flash/project_462000031/lazzaroa/openmpi_on_ss11/rccl
LIBGL_DEBUG=quiet
FCFLAGS=-O -I/pfs/lustref1/flash/project_462000031/lazzaroa/openmpi_on_ss11/install_cxi/include -I/opt/rocm-6.3.4/include
PE_LIBSCI_VOLATILE_PKGCONFIG_PATH=/opt/cray/pe/libsci/25.03.0/@PRGENV@/@PE_LIBSCI_GENCOMPS@/@PE_LIBSCI_TARGET@/lib/pkgconfig
JDK_HOME=/usr/lib64/jvm/java-11-openjdk-11
__LMOD_REF_COUNT_PE_MPICH_FIXED_PRGENV=GNU:1
PE_MPICH_GTL_DIR_amd_gfx940=-L/opt/cray/pe/mpich/8.1.32/gtl/lib
PE_MPICH_GTL_DIR_amd_gfx942=-L/opt/cray/pe/mpich/8.1.32/gtl/lib
OUTPUT_DIR=/pfs/lustref1/flash/project_462000031/lazzaroa/openmpi_on_ss11/osu/ompi/collectives
SLURM_JOB_NAME=sbatch
PROFILEREAD=true
TMPDIR=/tmp
PERFTOOLS_VERSION=25.03.0
SLURM_JOB_GPUS=0,1,2,3,4,5,6,7
__LMOD_REF_COUNT_CMAKE_PREFIX_PATH=/opt/rocm-6.3.4/lib/cmake/hip:1;/appl/lumi/SW/system/EB/lumi-tools/24.05:1
LMOD_sys=Linux
_ModuleTable010_=bmRfcGF0aChcIk1PRFVMRVBBVEhcIixcIi9hcHBsL2x1bWkvbW9kdWxlcy9lYXN5YnVpbGQvc3lzdGVtXCIpIiwKfSwKZm4gPSAiL2FwcGwvbHVtaS9tb2R1bGVzL2luaXQtTFVNSS1Tb2Z0d2FyZVN0YWNrL2luaXQtbHVtaS8wLjIubHVhIiwKZnVsbE5hbWUgPSAiaW5pdC1sdW1pLzAuMiIsCmxvYWRPcmRlciA9IDgsCnByb3BUID0gewpsbW9kID0gewpzdGlja3kgPSAxLAp9LAp9LApzdGFja0RlcHRoID0gMCwKc3RhdHVzID0gImFjdGl2ZSIsCnVzZXJOYW1lID0gImluaXQtbHVtaSIsCndWID0gIjAwMDAwMDAwMC4wMDAwMDAwMDIuKnpmaW5hbCIsCn0sCmxpYmZhYnJpYyA9IHsKZm4gPSAiL29wdC9jcmF5L21vZHVsZWZpbGVzL2xpYmZhYnJpYy8xLjIyLjAiLApmdWxsTmFt
PE_PKGCONFIG_LIBS=rocm-6.3.4:libsci_mpi:libsci:mpich:dsmml
SLURM_JOBID=16563144
_ModuleTable001_=X01vZHVsZVRhYmxlXyA9IHsKTVR2ZXJzaW9uID0gMywKY19yZWJ1aWxkVGltZSA9IGZhbHNlLApjX3Nob3J0VGltZSA9IGZhbHNlLApkZXB0aFQgPSB7fSwKZmFtaWx5ID0gewpQcmdFbnYgPSAiUHJnRW52LWdudSIsCmNvbXBpbGVyID0gImdjYy1uYXRpdmUiLApjcmF5cGUgPSAiY3JheXBlIiwKY3JheXBlX2NwdSA9ICJjcmF5cGUteDg2LXJvbWUiLApjcmF5cGVfbmV0d29yayA9ICJjcmF5cGUtbmV0d29yay1vZmkiLApnY2NfY29tcGlsZXIgPSAiZ2NjLW5hdGl2ZSIsCmxpYnNjaSA9ICJjcmF5LWxpYnNjaSIsCm1waSA9ICJjcmF5LW1waWNoIiwKfSwKbVQgPSB7Ck1vZHVsZUxhYmVsID0gewpmbiA9ICIvYXBwbC9sdW1pL21vZHVsZXMvU3R5bGVNb2RpZmllcnMvTW9kdWxl
SLURM_CONF=/etc/slurm/slurm.conf
LOADEDMODULES=craype-x86-rome:libfabric/1.22.0:craype-network-ofi:perftools-base/25.03.0:xpmem/2.11.5-1.3_g73ade43320bc:ModuleLabel/label:lumi-tools/24.05:init-lumi/0.2:cray-python/3.11.7:gcc-native/14.2:craype/2.7.34:cray-dsmml/0.3.1:cray-mpich/8.1.32:cray-libsci/25.03.0:PrgEnv-gnu/8.6.0:rocm/6.3.4
LMOD_AVAIL_STYLE=<label>:PEhierarchy:system
FC=gfortran-14
CRAYPE_NETWORK_TARGET=ofi
_ModuleTable006_=cHl0aG9uIiwKd1YgPSAiXjAwMDAwMDAzLjAwMDAwMDAxMS4wMDAwMDAwMDcuKnpmaW5hbCIsCn0sCmNyYXlwZSA9IHsKZm4gPSAiL29wdC9jcmF5L3BlL2xtb2QvbW9kdWxlZmlsZXMvY29yZS9jcmF5cGUvMi43LjM0Lmx1YSIsCmZ1bGxOYW1lID0gImNyYXlwZS8yLjcuMzQiLApsb2FkT3JkZXIgPSAxMSwKcHJvcFQgPSB7fSwKc3RhY2tEZXB0aCA9IDEsCnN0YXR1cyA9ICJhY3RpdmUiLAp1c2VyTmFtZSA9ICJjcmF5cGUiLAp3ViA9ICJeMDAwMDAwMDIuMDAwMDAwMDA3LjAwMDAwMDAzNC4qemZpbmFsIiwKfSwKWyJjcmF5cGUtbmV0d29yay1vZmkiXSA9IHsKYWN0aW9uQSA9IHsKInByZXBlbmRfcGF0aChcIk1PRFVMRVBBVEhcIixcIi9vcHQvY3JheS9wZS9sbW9kL21vZHVs
__LMOD_REF_COUNT_MANPATH=/opt/rocm-6.3.4/share/man:1;/opt/cray/pe/libsci/25.03.0/share/man:1;/opt/cray/pe/mpich/8.1.32/ofi/man:1;/opt/cray/pe/mpich/8.1.32/man/mpich:1;/opt/cray/pe/dsmml/0.3.1/dsmml/man:1;/opt/cray/pe/craype/2.7.34/man:1;/opt/cray/pe/python/3.11.7/share/man:1;/appl/lumi/SW/system/EB/lumi-tools/24.05/share/man:1;/opt/cray/pe/perftools/25.03.0/man:1;/opt/cray/pe/papi/7.2.0.1/share/pdoc/man:1;/opt/cray/libfabric/1.22.0/share/man:1;/opt/cray/pe/lmod/lmod/share/man:1;/users/lazzaroa/.local/share/man:1;/usr/local/man:1;/usr/share/man:1
_ModuleTable003_=UHJnRW52LWdudSIsCndWID0gIl4wMDAwMDAwOC4wMDAwMDAwMDYuKnpmaW5hbCIsCn0sClsiY3JheS1kc21tbCJdID0gewpmbiA9ICIvb3B0L2NyYXkvcGUvbG1vZC9tb2R1bGVmaWxlcy9jb3JlL2NyYXktZHNtbWwvMC4zLjEubHVhIiwKZnVsbE5hbWUgPSAiY3JheS1kc21tbC8wLjMuMSIsCmxvYWRPcmRlciA9IDEyLApwcm9wVCA9IHt9LApzdGFja0RlcHRoID0gMSwKc3RhdHVzID0gImFjdGl2ZSIsCnVzZXJOYW1lID0gImNyYXktZHNtbWwiLAp3ViA9ICJeMDAwMDAwMDAuMDAwMDAwMDAzLjAwMDAwMDAwMS4qemZpbmFsIiwKfSwKWyJjcmF5LWxpYnNjaSJdID0gewpmbiA9ICIvb3B0L2NyYXkvcGUvbG1vZC9tb2R1bGVmaWxlcy9jb21waWxlci9nbnUvMTIuMC9jcmF5LWxp
SLURM_JOB_QOS=normal
LMOD_ROOT=/opt/cray/pe/lmod
SLURM_TOPOLOGY_ADDR_PATTERN=node
SSH_TTY=/dev/pts/10
PAT_RT_PERFCTR_DISABLE_COMPONENTS=nvml,rocm_smi
LUMI_LMOD_FAMILY_CRAYPE_NETWORK=craype-network-ofi
CRAY_MPICH_ROOTDIR=/opt/cray/pe/mpich/8.1.32
_ModuleTable013_=IiwKfSwKcm9jbSA9IHsKZm4gPSAiL29wdC9jcmF5L3BlL2xtb2QvbW9kdWxlZmlsZXMvY29yZS9yb2NtLzYuMy40Lmx1YSIsCmZ1bGxOYW1lID0gInJvY20vNi4zLjQiLApsb2FkT3JkZXIgPSAxNiwKcHJvcFQgPSB7fSwKc3RhY2tEZXB0aCA9IDAsCnN0YXR1cyA9ICJhY3RpdmUiLAp1c2VyTmFtZSA9ICJyb2NtIiwKd1YgPSAiXjAwMDAwMDA2LjAwMDAwMDAwMy4wMDAwMDAwMDQuKnpmaW5hbCIsCn0sCnhwbWVtID0gewpmbiA9ICIvb3B0L2NyYXkvbW9kdWxlZmlsZXMveHBtZW0vMi4xMS41LTEuM19nNzNhZGU0MzMyMGJjIiwKZnVsbE5hbWUgPSAieHBtZW0vMi4xMS41LTEuM19nNzNhZGU0MzMyMGJjIiwKbG9hZE9yZGVyID0gNSwKcHJvcFQgPSB7fSwKc3RhY2tEZXB0aCA9
MOTD_SHOWN=pam
MAIL=/var/spool/mail/lazzaroa
SLURM_CPUS_ON_NODE=56
CXX=g++-14
SLURM_JOB_NUM_NODES=1
_ModuleTable016_=L2NyYXlwZS10YXJnZXRzL2RlZmF1bHQiCiwgIi9hcHBsL2x1bWkvbW9kdWxlcy9Tb2Z0d2FyZVN0YWNrIiwgIi9hcHBsL2x1bWkvbW9kdWxlcy9TdHlsZU1vZGlmaWVycyIKLCAiL2FwcGwvbHVtaS9tb2R1bGVzL2luaXQtTFVNSS1Tb2Z0d2FyZVN0YWNrIiwgIi9vcHQvY3JheS9tb2R1bGVmaWxlcyIsCn0sCnN5c3RlbUJhc2VNUEFUSCA9ICIvb3B0L2NyYXkvcGUvbW9kdWxlZmlsZXMvTGludXg6L29wdC9jcmF5L3BlL21vZHVsZWZpbGVzL0NvcmU6L29wdC9jcmF5L3BlL2xtb2QvbG1vZC9tb2R1bGVmaWxlcy9Db3JlOi9vcHQvY3JheS9wZS9sbW9kL21vZHVsZWZpbGVzL2NvcmU6L29wdC9jcmF5L3BlL2xtb2QvbW9kdWxlZmlsZXMvY3JheXBlLXRhcmdldHMvZGVmYXVsdDov
LESSKEY=/etc/lesskey.bin
LUMI_LMOD_FAMILY_COMPILER=gcc-native
_ModuleTable009_=bW9kL21vZHVsZWZpbGVzL21peF9jb21waWxlcnNcIikiLCAicHJlcGVuZF9wYXRoKFwiTU9EVUxFUEFUSFwiLFwiL29wdC9jcmF5L3BlL2xtb2QvbW9kdWxlZmlsZXMvY29tbmV0L2dudS8xMi4wL29maS8xLjBcIikiLAp9LApmbiA9ICIvb3B0L2NyYXkvcGUvbG1vZC9tb2R1bGVmaWxlcy9jb3JlL2djYy1uYXRpdmUvMTQuMi5sdWEiLApmdWxsTmFtZSA9ICJnY2MtbmF0aXZlLzE0LjIiLApsb2FkT3JkZXIgPSAxMCwKcHJvcFQgPSB7fSwKc3RhY2tEZXB0aCA9IDEsCnN0YXR1cyA9ICJhY3RpdmUiLAp1c2VyTmFtZSA9ICJnY2MtbmF0aXZlIiwKd1YgPSAiXjAwMDAwMDE0LjAwMDAwMDAwMi4qemZpbmFsIiwKfSwKWyJpbml0LWx1bWkiXSA9IHsKYWN0aW9uQSA9IHsKInByZXBl
TERM=xterm-256color
SHELL=/bin/bash
LUMI_LMOD_FAMILY_COMPILER_VERSION=14.2
CRAY_MPICH_VER=8.1.32
LMOD_ADMIN_FILE=/appl/lumi/LUMI-SoftwareStack/LMOD/admin.list
XDG_SESSION_CLASS=user
PE_MPICH_FIXED_PRGENV=GNU
CRAY_LIBSCI_PREFIX=/opt/cray/pe/libsci/25.03.0/GNU/12.3/x86_64
CRAY_ROCM_VERSION=6.3.4
LMOD_FAMILY_PRGENV=PrgEnv-gnu
SLURM_JOB_UID=10013986
_ModuleTable_Sz_=17
CRAY_PYTHON_PREFIX=/opt/cray/pe/python/3.11.7
CRAY_LIBSCI_VERSION=25.03.0
SLURM_JOB_PARTITION=standard-g
LMOD_FAMILY_COMPILER=gcc-native
CRAY_DSMML_BASEDIR=/opt/cray/pe/dsmml/0.3.1
SLURM_HINT=nomultithread
CRAY_XPMEM_POST_LINK_OPTS=-L/usr/lib64
PE_MPICH_GENCOMPILERS_GNU=12.3
SLURM_JOB_USER=lazzaroa
SLURM_NPROCS=8
LUMI_LMOD_FAMILY_CRAYPE_CPU_VERSION=false
SHLVL=3
SLURM_SUBMIT_HOST=uan01
PYTHONPATH=/opt/cray/pe/python/3.11.7
CRAY_LIBSCI_PREFIX_DIR=/opt/cray/pe/libsci/25.03.0/GNU/12.3/x86_64
G_FILENAME_ENCODING=@locale,UTF-8,ISO-8859-15,CP1252
SLURM_JOB_ACCOUNT=project_462000031
GPUBIND=/pfs/lustref1/flash/project_462000031/lazzaroa/openmpi_on_ss11/select_gpu.sh
MANPATH=/pfs/lustref1/flash/project_462000031/lazzaroa/openmpi_on_ss11/install_rccl/man:/pfs/lustref1/flash/project_462000031/lazzaroa/openmpi_on_ss11/install_ompi/share/man:/pfs/lustref1/flash/project_462000031/lazzaroa/openmpi_on_ss11/install_libfabric/share/man:/pfs/lustref1/flash/project_462000031/lazzaroa/openmpi_on_ss11/install_cxi/share/man:/pfs/lustref1/flash/project_462000031/lazzaroa/openmpi_on_ss11/install_cxi/man:/opt/rocm-6.3.4/share/man:/opt/cray/pe/libsci/25.03.0/share/man:/opt/cray/pe/mpich/8.1.32/ofi/man:/opt/cray/pe/mpich/8.1.32/man/mpich:/opt/cray/pe/dsmml/0.3.1/dsmml/man:/opt/cray/pe/craype/2.7.34/man:/opt/cray/pe/python/3.11.7/share/man:/appl/lumi/SW/system/EB/lumi-tools/24.05/share/man:/opt/cray/pe/perftools/25.03.0/man:/opt/cray/pe/papi/7.2.0.1/share/pdoc/man:/opt/cray/libfabric/1.22.0/share/man:/opt/cray/pe/lmod/lmod/share/man:/users/lazzaroa/.local/share/man:/usr/local/man:/usr/share/man
CRAY_DSMML_VERSION=0.3.1
CPPFLAGS=-I/pfs/lustref1/flash/project_462000031/lazzaroa/openmpi_on_ss11/install_cxi/include -I/opt/rocm-6.3.4/include
CRAY_ROCM_INCLUDE_OPTS=-I/opt/rocm-6.3.4/include -I/opt/rocm-6.3.4/include/rocprofiler -I/opt/rocm-6.3.4/include/roctracer -I/opt/rocm-6.3.4/include/hip -D__HIP_PLATFORM_AMD__
MPICH_DIR=/opt/cray/pe/mpich/8.1.32/ofi/gnu/12.3
EBVERSIONLUMIMINTOOLS=24.05
HYDRA_BOOTSTRAP=slurm
PE_MPICH_GTL_LIBS_nvidia90=-lmpi_gtl_cuda
ROOT_DIR=/pfs/lustref1/flash/project_462000031/lazzaroa/openmpi_on_ss11
LUMI_LMOD_FAMILY_GCC_COMPILER_VERSION=14.2
MODULEPATH=/opt/cray/pe/lmod/modulefiles/mpi/gnu/12.0/ofi/1.0/cray-mpich/8.0:/opt/cray/pe/lmod/modulefiles/comnet/gnu/12.0/ofi/1.0:/opt/cray/pe/lmod/modulefiles/mix_compilers:/opt/cray/pe/lmod/modulefiles/compiler/gnu/12.0:/appl/lumi/modules/easybuild/system:/opt/cray/pe/lmod/modulefiles/perftools/25.03.0:/opt/cray/pe/lmod/modulefiles/net/ofi/1.0:/opt/cray/pe/lmod/modulefiles/cpu/x86-rome/1.0:/opt/cray/pe/modulefiles/Linux:/opt/cray/pe/modulefiles/Core:/opt/cray/pe/lmod/lmod/modulefiles/Core:/opt/cray/pe/lmod/modulefiles/core:/opt/cray/pe/lmod/modulefiles/craype-targets/default:/appl/lumi/modules/SoftwareStack:/appl/lumi/modules/StyleModifiers:/appl/lumi/modules/init-LUMI-SoftwareStack:/opt/cray/modulefiles
CRAY_MPICH_DIR=/opt/cray/pe/mpich/8.1.32/ofi/gnu/12.3
CRAY_PYTHON_VERSION=3.11.7
SLURM_GTIDS=0
LMOD_FAMILY_CRAYPE=craype
LOGNAME=lazzaroa
DBUS_SESSION_BUS_ADDRESS=unix:path=/run/user/10013986/bus
CRAY_MPICH_VERSION=8.1.32
XDG_RUNTIME_DIR=/run/user/10013986
PREFIX_OMPI=/pfs/lustref1/flash/project_462000031/lazzaroa/openmpi_on_ss11/install_ompi
LDFLAGS=-g -O -L/pfs/lustref1/flash/project_462000031/lazzaroa/openmpi_on_ss11/install_cxi/lib -L/opt/rocm-6.3.4/lib
MODULEPATH_ROOT=/opt/cray/pe/modulefiles
LMOD_PACKAGE_PATH=/appl/lumi/LUMI-SoftwareStack/LMOD
PE_MPICH_GTL_LIBS_amd_gfx906=-lmpi_gtl_hsa
PE_DSMML_PKGCONFIG_LIBS=dsmml
JRE_HOME=/usr/lib64/jvm/java-11-openjdk-11
PE_LIBSCI_PKGCONFIG_VARIABLES=PE_LIBSCI_OMP_REQUIRES_@openmp@:PE_SCI_EXT_LIBPATH:PE_SCI_EXT_LIBNAME
XDG_CONFIG_DIRS=/etc/xdg
PATH=/pfs/lustref1/flash/project_462000031/lazzaroa/openmpi_on_ss11/install_rccl/bin:/pfs/lustref1/flash/project_462000031/lazzaroa/openmpi_on_ss11/install_ompi/bin:/pfs/lustref1/flash/project_462000031/lazzaroa/openmpi_on_ss11/install_libfabric/bin:/pfs/lustref1/flash/project_462000031/lazzaroa/openmpi_on_ss11/install_cxi/bin:/opt/rocm-6.3.4/bin:/opt/cray/pe/mpich/8.1.32/ofi/gnu/12.3/bin:/opt/cray/pe/mpich/8.1.32/bin:/opt/cray/pe/craype/2.7.34/bin:/opt/cray/pe/gcc-native/14/bin:/opt/cray/pe/python/3.11.7/bin:/appl/lumi/SW/system/EB/lumi-tools/24.05/bin:/opt/cray/pe/perftools/25.03.0/bin:/opt/cray/pe/papi/7.2.0.1/bin:/opt/cray/libfabric/1.22.0/bin:/users/lazzaroa/.local/bin:/users/lazzaroa/bin:/usr/local/bin:/usr/bin:/bin:/usr/lib/mit/bin:/usr/lib/mit/sbin:/opt/cray/pe/bin
PE_MPICH_GTL_LIBS_amd_gfx908=-lmpi_gtl_hsa
SLURM_JOB_ID=16563144
_ModuleTable014_=IDAsCnN0YXR1cyA9ICJhY3RpdmUiLAp1c2VyTmFtZSA9ICJ4cG1lbSIsCndWID0gIjAwMDAwMDAwMi4wMDAwMDAwMTEuMDAwMDAwMDA1Lip6ZmluYWwtLjAwMDAwMDAwMS4wMDAwMDAwMDMuKl8uKmcuMDAwMDAwMDczLiphZGUuMDAwMDQzMzIwLipiYy4qemZpbmFsIiwKfSwKfSwKbXBhdGhBID0gewoiL29wdC9jcmF5L3BlL2xtb2QvbW9kdWxlZmlsZXMvbXBpL2dudS8xMi4wL29maS8xLjAvY3JheS1tcGljaC84LjAiCiwgIi9vcHQvY3JheS9wZS9sbW9kL21vZHVsZWZpbGVzL2NvbW5ldC9nbnUvMTIuMC9vZmkvMS4wIgosICIvb3B0L2NyYXkvcGUvbG1vZC9tb2R1bGVmaWxlcy9taXhfY29tcGlsZXJzIgosICIvb3B0L2NyYXkvcGUvbG1vZC9tb2R1bGVmaWxlcy9jb21waWxl
JAVA_BINDIR=/usr/lib64/jvm/java-11-openjdk-11/bin
PE_MPICH_GTL_DIR_nvidia90=-L/opt/cray/pe/mpich/8.1.32/gtl/lib
__LMOD_REF_COUNT_PE_PRODUCT_LIST=CRAYPE:1;CRAYPE_X86_ROME:1;PERFTOOLS:1;CRAYPAT:1;CRAY_ROCM:1
_LMFILES_=/opt/cray/pe/lmod/modulefiles/craype-targets/default/craype-x86-rome.lua:/opt/cray/modulefiles/libfabric/1.22.0:/opt/cray/pe/lmod/modulefiles/craype-targets/default/craype-network-ofi.lua:/opt/cray/pe/lmod/modulefiles/core/perftools-base/25.03.0.lua:/opt/cray/modulefiles/xpmem/2.11.5-1.3_g73ade43320bc:/appl/lumi/modules/StyleModifiers/ModuleLabel/label.lua:/appl/lumi/modules/easybuild/system/lumi-tools/24.05.lua:/appl/lumi/modules/init-LUMI-SoftwareStack/init-lumi/0.2.lua:/opt/cray/pe/lmod/modulefiles/core/cray-python/3.11.7.lua:/opt/cray/pe/lmod/modulefiles/core/gcc-native/14.2.lua:/opt/cray/pe/lmod/modulefiles/core/craype/2.7.34.lua:/opt/cray/pe/lmod/modulefiles/core/cray-dsmml/0.3.1.lua:/opt/cray/pe/lmod/modulefiles/comnet/gnu/12.0/ofi/1.0/cray-mpich/8.1.32.lua:/opt/cray/pe/lmod/modulefiles/compiler/gnu/12.0/cray-libsci/25.03.0.lua:/opt/cray/pe/lmod/modulefiles/core/PrgEnv-gnu/8.6.0.lua:/opt/cray/pe/lmod/modulefiles/core/rocm/6.3.4.lua
LMOD_FAMILY_LIBSCI_VERSION=25.03.0
MODULESHOME=/opt/cray/pe/lmod/lmod
PKG_CONFIG_PATH=/pfs/lustref1/flash/project_462000031/lazzaroa/openmpi_on_ss11/install_rccl/lib/pkgconfig:/pfs/lustref1/flash/project_462000031/lazzaroa/openmpi_on_ss11/install_ompi/lib/pkgconfig:/pfs/lustref1/flash/project_462000031/lazzaroa/openmpi_on_ss11/install_libfabric/lib/pkgconfig:/pfs/lustref1/flash/project_462000031/lazzaroa/openmpi_on_ss11/install_cxi/lib/pkgconfig:/usr/lib64/pkgconfig:/opt/cray/pe/dsmml/0.3.1/dsmml/lib/pkgconfig:/opt/cray/pe/craype/2.7.34/pkg-config:/opt/cray/libfabric/1.22.0/lib64/pkgconfig
LMOD_SETTARG_FULL_SUPPORT=no
G_BROKEN_FILENAMES=1
PE_GNU_FIXED_PKGCONFIG_PATH=/opt/cray/pe/mpich/8.1.32/ofi/gnu/12.3/lib/pkgconfig
_ModuleTable011_=ZSA9ICJsaWJmYWJyaWMvMS4yMi4wIiwKbG9hZE9yZGVyID0gMiwKcHJvcFQgPSB7fSwKc3RhY2tEZXB0aCA9IDEsCnN0YXR1cyA9ICJhY3RpdmUiLAp1c2VyTmFtZSA9ICJsaWJmYWJyaWMiLAp3ViA9ICJeMDAwMDAwMDEuMDAwMDAwMDIyLip6ZmluYWwiLAp9LApbImx1bWktdG9vbHMiXSA9IHsKZm4gPSAiL2FwcGwvbHVtaS9tb2R1bGVzL2Vhc3lidWlsZC9zeXN0ZW0vbHVtaS10b29scy8yNC4wNS5sdWEiLApmdWxsTmFtZSA9ICJsdW1pLXRvb2xzLzI0LjA1IiwKbG9hZE9yZGVyID0gNywKcHJvcFQgPSB7Cmxtb2QgPSB7CnN0aWNreSA9IDEsCn0sCn0sCnN0YWNrRGVwdGggPSAxLApzdGF0dXMgPSAiYWN0aXZlIiwKdXNlck5hbWUgPSAibHVtaS10b29scyIsCndWID0gIjAw
PREFIX_LIBFABRIC=/pfs/lustref1/flash/project_462000031/lazzaroa/openmpi_on_ss11/install_libfabric
PE_MPICH_GTL_LIBS_amd_gfx90a=-lmpi_gtl_hsa
HISTSIZE=1000
CRAYPE_DIR=/opt/cray/pe/craype/2.7.34
LMOD_PKG=/opt/cray/pe/lmod/lmod
__LMOD_REF_COUNT_PE_MPICH_PKGCONFIG_LIBS=mpich:1
OFFLOAD_INIT=on_start
__LMOD_REF_COUNT_PE_PKGCONFIG_LIBS=rocm-6.3.4:1;libsci_mpi:1;libsci:1;mpich:1;dsmml:1
CPU=x86_64
SSH_SENDS_LOCALE=yes
CRAYPE_VERSION=2.7.34
EBU_USER_PREFIX=/project/project_462000031/lazzaroa/EasyBuild
_ModuleTable005_=aWNoLzguMS4zMi5sdWEiLApmdWxsTmFtZSA9ICJjcmF5LW1waWNoLzguMS4zMiIsCmxvYWRPcmRlciA9IDEzLApwcm9wVCA9IHt9LApzdGFja0RlcHRoID0gMSwKc3RhdHVzID0gImFjdGl2ZSIsCnVzZXJOYW1lID0gImNyYXktbXBpY2giLAp3ViA9ICJeMDAwMDAwMDguMDAwMDAwMDAxLjAwMDAwMDAzMi4qemZpbmFsIiwKfSwKWyJjcmF5LXB5dGhvbiJdID0gewpmbiA9ICIvb3B0L2NyYXkvcGUvbG1vZC9tb2R1bGVmaWxlcy9jb3JlL2NyYXktcHl0aG9uLzMuMTEuNy5sdWEiLApmdWxsTmFtZSA9ICJjcmF5LXB5dGhvbi8zLjExLjciLApsb2FkT3JkZXIgPSA5LApwcm9wVCA9IHt9LApzdGFja0RlcHRoID0gMCwKc3RhdHVzID0gImFjdGl2ZSIsCnVzZXJOYW1lID0gImNyYXkt
LMOD_CMD=/opt/cray/pe/lmod/lmod/libexec/lmod
SLURM_LOCALID=0
CRAY_MPICH_PREFIX=/opt/cray/pe/mpich/8.1.32/ofi/gnu/12.3
PE_GCC_EXTERNAL=native
LESSOPEN=lessopen.sh %s
CRAYPAT_OPTS_EXECUTABLE=libexec64/opts
CRAY_XPMEM_INCLUDE_OPTS=-I/usr/include
PE_LIBSCI_GENCOMPS_GNU_x86_64=123
LMOD_DIR=/opt/cray/pe/lmod/lmod/libexec
LMOD_FAMILY_MPI=cray-mpich
BASH_FUNC_module%%=() {  if [ -z "${LMOD_SH_DBG_ON+x}" ]; then
 case "$-" in 
 *v*x*)
 __lmod_sh_dbg='vx'
 ;;
 *v*)
 __lmod_sh_dbg='v'
 ;;
 *x*)
 __lmod_sh_dbg='x'
 ;;
 esac;
 fi;
 if [ -n "${__lmod_sh_dbg:-}" ]; then
 set +$__lmod_sh_dbg;
 echo "Shell debugging temporarily silenced: export LMOD_SH_DBG_ON=1 for Lmod's output" 1>&2;
 fi;
 eval "$($LMOD_CMD shell "$@")" && eval "$(${LMOD_SETTARG_CMD:-:} -s sh)";
 __lmod_my_status=$?;
 if [ -n "${__lmod_sh_dbg:-}" ]; then
 echo "Shell debugging restarted" 1>&2;
 set -$__lmod_sh_dbg;
 fi;
 unset __lmod_sh_dbg;
 return $__lmod_my_status
}
BASH_FUNC_ml%%=() {  eval "$($LMOD_DIR/ml_cmd "$@")"
}
_=/usr/bin/env
========
_n8_software_16563144_opt
========
with LinkX
-- mpirun /pfs/lustref1/flash/project_462000031/lazzaroa/openmpi_on_ss11/osu/osu-ompi//libexec/osu-micro-benchmarks//mpi/collective/osu_alltoall -d rocm D D
[nid005179:104503] Rank 0 bound to package[0][core:0-6]
[nid005179:104503] Rank 2 bound to package[0][core:14-20]
[nid005179:104503] Rank 1 bound to package[0][core:7-13]
[nid005179:104503] Rank 3 bound to package[0][core:21-27]
[nid005179:104503] Rank 5 bound to package[0][core:35-41]
[nid005179:104503] Rank 4 bound to package[0][core:28-34]
[nid005179:104503] Rank 6 bound to package[0][core:42-48]
[nid005179:104503] Rank 7 bound to package[0][core:49-55]

# OSU MPI-ROCM All-to-All Personalized Exchange Latency Test v7.5.2
# Datatype: MPI_CHAR.
# Size       Avg Latency(us)
1                      60.28
2                      60.00
4                      60.05
8                      60.72
16                     59.59
32                     59.51
64                     59.61
128                    59.89
256                    59.79
512                    60.12
1024                   60.43
2048                   60.94
4096                   83.06
8192                   85.61
16384                  86.24
32768                  86.83
65536                  85.69
131072                 89.85
262144                108.51
524288                150.63
1048576               221.70
-- mpirun /pfs/lustref1/flash/project_462000031/lazzaroa/openmpi_on_ss11/osu/osu-ompi//libexec/osu-micro-benchmarks//mpi/collective/osu_allreduce -d rocm D D
[nid005179:104729] Rank 0 bound to package[0][core:0-6]
[nid005179:104729] Rank 1 bound to package[0][core:7-13]
[nid005179:104729] Rank 2 bound to package[0][core:14-20]
[nid005179:104729] Rank 3 bound to package[0][core:21-27]
[nid005179:104729] Rank 4 bound to package[0][core:28-34]
[nid005179:104729] Rank 5 bound to package[0][core:35-41]
[nid005179:104729] Rank 7 bound to package[0][core:49-55]
[nid005179:104729] Rank 6 bound to package[0][core:42-48]

# OSU MPI-ROCM Allreduce Latency Test v7.5.2
# Datatype: MPI_INT.
# Size       Avg Latency(us)
4                     352.22
8                      68.99
16                     68.43
32                     68.05
64                     68.16
128                    73.04
256                    68.98
512                    69.15
1024                   69.72
2048                   71.17
4096                   73.48
8192                   82.66
16384                  96.56
32768                 110.69
65536                 126.38
131072                151.50
262144                183.51
524288                243.66
1048576               363.83
-- mpirun /pfs/lustref1/flash/project_462000031/lazzaroa/openmpi_on_ss11/osu/osu-ompi//libexec/osu-micro-benchmarks//mpi/collective/osu_allgather -d rocm D D
[nid005179:105003] Rank 0 bound to package[0][core:0-6]
[nid005179:105003] Rank 1 bound to package[0][core:7-13]
[nid005179:105003] Rank 2 bound to package[0][core:14-20]
[nid005179:105003] Rank 3 bound to package[0][core:21-27]
[nid005179:105003] Rank 5 bound to package[0][core:35-41]
[nid005179:105003] Rank 4 bound to package[0][core:28-34]
[nid005179:105003] Rank 6 bound to package[0][core:42-48]
[nid005179:105003] Rank 7 bound to package[0][core:49-55]

# OSU MPI-ROCM Allgather Latency Test v7.5.2
# Datatype: MPI_CHAR.
# Size       Avg Latency(us)
1                      44.07
2                      44.35
4                      44.31
8                      48.47
16                     44.01
32                     44.88
64                     43.84
128                    43.96
256                    44.53
512                    45.94
1024                   45.50
2048                   49.67
4096                   65.73
8192                   89.65
16384                  81.40
32768                  82.14
65536                  88.93
131072                 87.76
262144                113.49
524288                165.27
1048576               268.29
-- mpirun /pfs/lustref1/flash/project_462000031/lazzaroa/openmpi_on_ss11/osu/osu-ompi//libexec/osu-micro-benchmarks//mpi/collective/osu_allreduce H H
[nid005179:105261] Rank 0 bound to package[0][core:0-6]
[nid005179:105261] Rank 2 bound to package[0][core:14-20]
[nid005179:105261] Rank 1 bound to package[0][core:7-13]
[nid005179:105261] Rank 4 bound to package[0][core:28-34]
[nid005179:105261] Rank 3 bound to package[0][core:21-27]
[nid005179:105261] Rank 5 bound to package[0][core:35-41]
[nid005179:105261] Rank 6 bound to package[0][core:42-48]
[nid005179:105261] Rank 7 bound to package[0][core:49-55]

# OSU MPI Allreduce Latency Test v7.5.2
# Datatype: MPI_INT.
# Size       Avg Latency(us)
4                       4.54
8                       5.03
16                      4.70
32                      4.97
64                      5.66
128                     5.75
256                     6.16
512                     6.49
1024                    6.58
2048                    7.42
4096                    9.24
8192                   14.82
16384                  20.81
32768                  24.43
65536                  37.33
131072                 60.96
262144                112.22
524288                208.09
1048576               421.42
-- mpirun /pfs/lustref1/flash/project_462000031/lazzaroa/openmpi_on_ss11/osu/osu-ompi//libexec/osu-micro-benchmarks//mpi/collective/osu_alltoall H H
[nid005179:105446] Rank 0 bound to package[0][core:0-6]
[nid005179:105446] Rank 1 bound to package[0][core:7-13]
[nid005179:105446] Rank 2 bound to package[0][core:14-20]
[nid005179:105446] Rank 5 bound to package[0][core:35-41]
[nid005179:105446] Rank 3 bound to package[0][core:21-27]
[nid005179:105446] Rank 4 bound to package[0][core:28-34]
[nid005179:105446] Rank 7 bound to package[0][core:49-55]
[nid005179:105446] Rank 6 bound to package[0][core:42-48]

# OSU MPI All-to-All Personalized Exchange Latency Test v7.5.2
# Datatype: MPI_CHAR.
# Size       Avg Latency(us)
1                       8.21
2                       8.78
4                       8.27
8                       8.21
16                      8.19
32                      8.45
64                      8.65
128                     8.85
256                    11.34
512                    11.17
1024                   11.65
2048                   13.32
4096                   16.18
8192                   11.94
16384                  14.59
32768                  18.04
65536                  33.65
131072                 50.02
262144                 83.55
524288                133.57
1048576               247.38
-- mpirun /pfs/lustref1/flash/project_462000031/lazzaroa/openmpi_on_ss11/osu/osu-ompi//libexec/osu-micro-benchmarks//mpi/collective/osu_allgather H H
[nid005179:105694] Rank 0 bound to package[0][core:0-6]
[nid005179:105694] Rank 2 bound to package[0][core:14-20]
[nid005179:105694] Rank 3 bound to package[0][core:21-27]
[nid005179:105694] Rank 1 bound to package[0][core:7-13]
[nid005179:105694] Rank 4 bound to package[0][core:28-34]
[nid005179:105694] Rank 5 bound to package[0][core:35-41]
[nid005179:105694] Rank 7 bound to package[0][core:49-55]
[nid005179:105694] Rank 6 bound to package[0][core:42-48]

# OSU MPI Allgather Latency Test v7.5.2
# Datatype: MPI_CHAR.
# Size       Avg Latency(us)
1                       4.46
2                       4.48
4                       4.58
8                       4.41
16                      4.62
32                      4.96
64                      5.41
128                     5.62
256                     5.91
512                     6.32
1024                    7.22
2048                    8.94
4096                   11.21
8192                   15.85
16384                  26.82
32768                  59.98
65536                 112.49
131072                210.46
262144                397.32
524288                846.70
1048576              1653.53
no OpenMPI internal transport, only libfabric. Use CXI directly
-- mpirun /pfs/lustref1/flash/project_462000031/lazzaroa/openmpi_on_ss11/osu/osu-ompi//libexec/osu-micro-benchmarks//mpi/collective/osu_alltoall -d rocm D D
[nid005179:105892] Rank 1 bound to package[0][core:7-13]
[nid005179:105892] Rank 3 bound to package[0][core:21-27]
[nid005179:105892] Rank 4 bound to package[0][core:28-34]
[nid005179:105892] Rank 2 bound to package[0][core:14-20]
[nid005179:105892] Rank 5 bound to package[0][core:35-41]
[nid005179:105892] Rank 0 bound to package[0][core:0-6]
[nid005179:105892] Rank 7 bound to package[0][core:49-55]
[nid005179:105892] Rank 6 bound to package[0][core:42-48]

# OSU MPI-ROCM All-to-All Personalized Exchange Latency Test v7.5.2
# Datatype: MPI_CHAR.
# Size       Avg Latency(us)
1                      22.05
2                      22.30
4                      22.48
8                      24.43
16                     24.80
32                     22.06
64                     22.11
128                    22.22
256                    22.50
512                    27.41
1024                   23.35
2048                   23.74
4096                   25.20
8192                   34.49
16384                  40.14
32768                  49.14
65536                  69.03
131072                108.98
262144                187.56
524288                345.83
1048576               667.14
-- mpirun /pfs/lustref1/flash/project_462000031/lazzaroa/openmpi_on_ss11/osu/osu-ompi//libexec/osu-micro-benchmarks//mpi/collective/osu_allreduce -d rocm D D
[nid005179:106133] Rank 0 bound to package[0][core:0-6]
[nid005179:106133] Rank 2 bound to package[0][core:14-20]
[nid005179:106133] Rank 1 bound to package[0][core:7-13]
[nid005179:106133] Rank 3 bound to package[0][core:21-27]
[nid005179:106133] Rank 4 bound to package[0][core:28-34]
[nid005179:106133] Rank 5 bound to package[0][core:35-41]
[nid005179:106133] Rank 7 bound to package[0][core:49-55]
[nid005179:106133] Rank 6 bound to package[0][core:42-48]

# OSU MPI-ROCM Allreduce Latency Test v7.5.2
# Datatype: MPI_INT.
# Size       Avg Latency(us)
4                      34.11
8                      33.40
16                     33.24
32                     33.50
64                     33.57
128                    34.58
256                    36.10
512                    36.61
1024                   37.06
2048                   44.60
4096                   40.15
8192                   44.88
16384                  57.08
32768                  75.82
65536                  99.92
131072                129.26
262144                188.41
524288                282.66
1048576               496.38
-- mpirun /pfs/lustref1/flash/project_462000031/lazzaroa/openmpi_on_ss11/osu/osu-ompi//libexec/osu-micro-benchmarks//mpi/collective/osu_allgather -d rocm D D
[nid005179:106382] Rank 1 bound to package[0][core:7-13]
[nid005179:106382] Rank 0 bound to package[0][core:0-6]
[nid005179:106382] Rank 2 bound to package[0][core:14-20]
[nid005179:106382] Rank 5 bound to package[0][core:35-41]
[nid005179:106382] Rank 6 bound to package[0][core:42-48]
[nid005179:106382] Rank 7 bound to package[0][core:49-55]
[nid005179:106382] Rank 3 bound to package[0][core:21-27]
[nid005179:106382] Rank 4 bound to package[0][core:28-34]

# OSU MPI-ROCM Allgather Latency Test v7.5.2
# Datatype: MPI_CHAR.
# Size       Avg Latency(us)
1                      23.04
2                      23.23
4                      23.28
8                      24.44
16                     23.00
32                     23.83
64                     24.53
128                    28.68
256                    25.12
512                    25.84
1024                   31.81
2048                   32.82
4096                   40.51
8192                   48.14
16384                  52.28
32768                  62.01
65536                  81.88
131072                121.68
262144                200.89
524288                358.48
1048576               673.98
-- mpirun /pfs/lustref1/flash/project_462000031/lazzaroa/openmpi_on_ss11/osu/osu-ompi//libexec/osu-micro-benchmarks//mpi/collective/osu_allreduce H H
[nid005179:108135] Rank 0 bound to package[0][core:0-6]
[nid005179:108135] Rank 1 bound to package[0][core:7-13]
[nid005179:108135] Rank 2 bound to package[0][core:14-20]
[nid005179:108135] Rank 3 bound to package[0][core:21-27]
[nid005179:108135] Rank 4 bound to package[0][core:28-34]
[nid005179:108135] Rank 5 bound to package[0][core:35-41]
[nid005179:108135] Rank 7 bound to package[0][core:49-55]
[nid005179:108135] Rank 6 bound to package[0][core:42-48]

# OSU MPI Allreduce Latency Test v7.5.2
# Datatype: MPI_INT.
# Size       Avg Latency(us)
4                      10.97
8                      10.95
16                     10.98
32                     11.29
64                     11.37
128                    11.93
256                    13.53
512                    13.70
1024                   14.08
2048                   20.96
4096                   16.47
8192                   28.91
16384                  42.30
32768                  61.12
65536                  84.18
131072                112.61
262144                162.95
524288                259.77
1048576               446.67
-- mpirun /pfs/lustref1/flash/project_462000031/lazzaroa/openmpi_on_ss11/osu/osu-ompi//libexec/osu-micro-benchmarks//mpi/collective/osu_alltoall H H
[nid005179:110130] Rank 0 bound to package[0][core:0-6]
[nid005179:110130] Rank 1 bound to package[0][core:7-13]
[nid005179:110130] Rank 2 bound to package[0][core:14-20]
[nid005179:110130] Rank 4 bound to package[0][core:28-34]
[nid005179:110130] Rank 6 bound to package[0][core:42-48]
[nid005179:110130] Rank 5 bound to package[0][core:35-41]
[nid005179:110130] Rank 3 bound to package[0][core:21-27]
[nid005179:110130] Rank 7 bound to package[0][core:49-55]

# OSU MPI All-to-All Personalized Exchange Latency Test v7.5.2
# Datatype: MPI_CHAR.
# Size       Avg Latency(us)
1                      10.97
2                      10.97
4                      10.99
8                      10.99
16                     11.02
32                     11.03
64                     11.10
128                    11.20
256                    11.81
512                    16.25
1024                   12.27
2048                   12.78
4096                   13.74
8192                   22.80
16384                  29.90
32768                  43.30
65536                  69.01
131072                121.71
262144                226.48
524288                463.15
1048576               986.25
-- mpirun /pfs/lustref1/flash/project_462000031/lazzaroa/openmpi_on_ss11/osu/osu-ompi//libexec/osu-micro-benchmarks//mpi/collective/osu_allgather H H
[nid005179:112133] Rank 0 bound to package[0][core:0-6]
[nid005179:112133] Rank 1 bound to package[0][core:7-13]
[nid005179:112133] Rank 2 bound to package[0][core:14-20]
[nid005179:112133] Rank 4 bound to package[0][core:28-34]
[nid005179:112133] Rank 3 bound to package[0][core:21-27]
[nid005179:112133] Rank 5 bound to package[0][core:35-41]
[nid005179:112133] Rank 6 bound to package[0][core:42-48]
[nid005179:112133] Rank 7 bound to package[0][core:49-55]

# OSU MPI Allgather Latency Test v7.5.2
# Datatype: MPI_CHAR.
# Size       Avg Latency(us)
1                      10.64
2                      10.64
4                      10.66
8                      10.67
16                     10.71
32                     10.89
64                     12.06
128                    13.01
256                    13.26
512                    13.68
1024                   19.19
2048                   19.97
4096                   27.23
8192                   34.64
16384                  40.55
32768                  53.34
65536                  79.91
131072                133.91
262144                246.10
524288                470.98
1048576               916.73
========
_n8_hybrid_16563144_opt
========
no OpenMPI internal transport, only libfabric. Use CXI directly
-- mpirun /pfs/lustref1/flash/project_462000031/lazzaroa/openmpi_on_ss11/osu/osu-ompi//libexec/osu-micro-benchmarks//mpi/collective/osu_alltoall -d rocm D D
[nid005179:114228] Rank 0 bound to package[0][core:0-6]
[nid005179:114228] Rank 1 bound to package[0][core:7-13]
[nid005179:114228] Rank 2 bound to package[0][core:14-20]
[nid005179:114228] Rank 3 bound to package[0][core:21-27]
[nid005179:114228] Rank 4 bound to package[0][core:28-34]
[nid005179:114228] Rank 5 bound to package[0][core:35-41]
[nid005179:114228] Rank 7 bound to package[0][core:49-55]
[nid005179:114228] Rank 6 bound to package[0][core:42-48]

# OSU MPI-ROCM All-to-All Personalized Exchange Latency Test v7.5.2
# Datatype: MPI_CHAR.
# Size       Avg Latency(us)
1                      23.90
2                      24.09
4                      24.04
8                      25.17
16                     23.78
32                     23.77
64                     23.90
128                    24.00
256                    24.44
512                    24.65
1024                   24.95
2048                   25.27
4096                   26.00
8192                   30.98
16384                  35.94
32768                  46.11
65536                  68.20
131072                112.52
262144                224.64
524288                454.85
1048576               903.50
-- mpirun /pfs/lustref1/flash/project_462000031/lazzaroa/openmpi_on_ss11/osu/osu-ompi//libexec/osu-micro-benchmarks//mpi/collective/osu_allreduce -d rocm D D
[nid005179:116599] Rank 0 bound to package[0][core:0-6]
[nid005179:116599] Rank 1 bound to package[0][core:7-13]
[nid005179:116599] Rank 2 bound to package[0][core:14-20]
[nid005179:116599] Rank 3 bound to package[0][core:21-27]
[nid005179:116599] Rank 4 bound to package[0][core:28-34]
[nid005179:116599] Rank 5 bound to package[0][core:35-41]
[nid005179:116599] Rank 6 bound to package[0][core:42-48]
[nid005179:116599] Rank 7 bound to package[0][core:49-55]

# OSU MPI-ROCM Allreduce Latency Test v7.5.2
# Datatype: MPI_INT.
# Size       Avg Latency(us)
4                      34.40
8                      33.67
16                     33.59
32                     34.01
64                     33.93
128                    34.91
256                    37.19
512                    37.32
1024                   37.99
2048                   39.18
4096                   41.06
8192                   45.64
16384                  50.72
32768                  59.71
65536                  76.38
131072                115.30
262144                196.67
524288                355.69
1048576               676.16
-- mpirun /pfs/lustref1/flash/project_462000031/lazzaroa/openmpi_on_ss11/osu/osu-ompi//libexec/osu-micro-benchmarks//mpi/collective/osu_allgather -d rocm D D
[nid005179:119002] Rank 0 bound to package[0][core:0-6]
[nid005179:119002] Rank 2 bound to package[0][core:14-20]
[nid005179:119002] Rank 1 bound to package[0][core:7-13]
[nid005179:119002] Rank 3 bound to package[0][core:21-27]
[nid005179:119002] Rank 4 bound to package[0][core:28-34]
[nid005179:119002] Rank 5 bound to package[0][core:35-41]
[nid005179:119002] Rank 7 bound to package[0][core:49-55]
[nid005179:119002] Rank 6 bound to package[0][core:42-48]

# OSU MPI-ROCM Allgather Latency Test v7.5.2
# Datatype: MPI_CHAR.
# Size       Avg Latency(us)
1                      24.42
2                      24.58
4                      24.59
8                      25.70
16                     24.36
32                     25.11
64                     25.80
128                    25.85
256                    26.04
512                    26.50
1024                   27.16
2048                   29.43
4096                   32.56
8192                   36.65
16384                  40.81
32768                  47.82
65536                  63.78
131072                 99.32
262144                169.26
524288                309.41
1048576               588.68
-- mpirun /pfs/lustref1/flash/project_462000031/lazzaroa/openmpi_on_ss11/osu/osu-ompi//libexec/osu-micro-benchmarks//mpi/collective/osu_allreduce H H
[nid005179:121250] Rank 0 bound to package[0][core:0-6]
[nid005179:121250] Rank 1 bound to package[0][core:7-13]
[nid005179:121250] Rank 2 bound to package[0][core:14-20]
[nid005179:121250] Rank 3 bound to package[0][core:21-27]
[nid005179:121250] Rank 6 bound to package[0][core:42-48]
[nid005179:121250] Rank 7 bound to package[0][core:49-55]
[nid005179:121250] Rank 5 bound to package[0][core:35-41]
[nid005179:121250] Rank 4 bound to package[0][core:28-34]

# OSU MPI Allreduce Latency Test v7.5.2
# Datatype: MPI_INT.
# Size       Avg Latency(us)
4                      11.53
8                      11.54
16                     11.54
32                     11.85
64                     11.92
128                    12.30
256                    14.65
512                    14.84
1024                   15.19
2048                   16.03
4096                   17.20
8192                   30.56
16384                  37.00
32768                  48.46
65536                  66.99
131072                100.67
262144                168.93
524288                316.32
1048576               620.78
-- mpirun /pfs/lustref1/flash/project_462000031/lazzaroa/openmpi_on_ss11/osu/osu-ompi//libexec/osu-micro-benchmarks//mpi/collective/osu_alltoall H H
[nid005179:122394] Rank 0 bound to package[0][core:0-6]
[nid005179:122394] Rank 1 bound to package[0][core:7-13]
[nid005179:122394] Rank 2 bound to package[0][core:14-20]
[nid005179:122394] Rank 3 bound to package[0][core:21-27]
[nid005179:122394] Rank 4 bound to package[0][core:28-34]
[nid005179:122394] Rank 5 bound to package[0][core:35-41]
[nid005179:122394] Rank 7 bound to package[0][core:49-55]
[nid005179:122394] Rank 6 bound to package[0][core:42-48]

# OSU MPI All-to-All Personalized Exchange Latency Test v7.5.2
# Datatype: MPI_CHAR.
# Size       Avg Latency(us)
1                      12.47
2                      12.38
4                      12.31
8                      12.26
16                     12.27
32                     12.18
64                     12.21
128                    12.31
256                    13.45
512                    13.39
1024                   13.67
2048                   14.07
4096                   14.44
8192                   18.66
16384                  24.48
32768                  38.93
65536                  66.00
131072                120.31
262144                242.37
524288                502.35
1048576              1006.94
-- mpirun /pfs/lustref1/flash/project_462000031/lazzaroa/openmpi_on_ss11/osu/osu-ompi//libexec/osu-micro-benchmarks//mpi/collective/osu_allgather H H
[nid005179:122582] Rank 0 bound to package[0][core:0-6]
[nid005179:122582] Rank 1 bound to package[0][core:7-13]
[nid005179:122582] Rank 2 bound to package[0][core:14-20]
[nid005179:122582] Rank 3 bound to package[0][core:21-27]
[nid005179:122582] Rank 4 bound to package[0][core:28-34]
[nid005179:122582] Rank 5 bound to package[0][core:35-41]
[nid005179:122582] Rank 6 bound to package[0][core:42-48]
[nid005179:122582] Rank 7 bound to package[0][core:49-55]

# OSU MPI Allgather Latency Test v7.5.2
# Datatype: MPI_CHAR.
# Size       Avg Latency(us)
1                      11.03
2                      11.12
4                      11.05
8                      11.10
16                     11.06
32                     11.16
64                     12.31
128                    13.61
256                    14.17
512                    14.39
1024                   14.96
2048                   16.70
4096                   19.85
8192                   23.54
16384                  29.52
32768                  40.50
65536                  65.62
131072                114.81
262144                207.56
524288                413.35
1048576               812.25
-- mpirun /pfs/lustref1/flash/project_462000031/lazzaroa/openmpi_on_ss11/osu/osu-ompi//libexec/osu-micro-benchmarks//xccl/collective/osu_xccl_alltoall -d rocm D D
[nid005179:122814] Rank 0 bound to package[0][core:0-6]
[nid005179:122814] Rank 1 bound to package[0][core:7-13]
[nid005179:122814] Rank 2 bound to package[0][core:14-20]
[nid005179:122814] Rank 3 bound to package[0][core:21-27]
[nid005179:122814] Rank 4 bound to package[0][core:28-34]
[nid005179:122814] Rank 6 bound to package[0][core:42-48]
[nid005179:122814] Rank 5 bound to package[0][core:35-41]
[nid005179:122814] Rank 7 bound to package[0][core:49-55]
#Using RCCL
#Using RCCL
#Using RCCL
#Using RCCL
#Using RCCL
#Using RCCL
#Using RCCL
#Using RCCL

# OSU RCCL-ROCM All-to-All Personalized Exchange Latency Test v7.5.2
# Size       Avg Latency(us)
1                      34.75
2                      33.28
4                      30.81
8                      30.86
16                     30.87
32                     30.96
64                     31.09
128                    30.99
256                    31.07
512                    31.31
1024                   32.02
2048                   32.91
4096                   34.60
8192                   35.42
16384                  39.32
32768                  45.96
65536                  45.27
131072                 52.12
262144                 69.92
524288                103.61
1048576               171.92
-- mpirun /pfs/lustref1/flash/project_462000031/lazzaroa/openmpi_on_ss11/osu/osu-ompi//libexec/osu-micro-benchmarks//xccl/collective/osu_xccl_allreduce -d rocm D D
[nid005179:123261] Rank 0 bound to package[0][core:0-6]
[nid005179:123261] Rank 2 bound to package[0][core:14-20]
[nid005179:123261] Rank 1 bound to package[0][core:7-13]
[nid005179:123261] Rank 3 bound to package[0][core:21-27]
[nid005179:123261] Rank 4 bound to package[0][core:28-34]
[nid005179:123261] Rank 6 bound to package[0][core:42-48]
[nid005179:123261] Rank 5 bound to package[0][core:35-41]
[nid005179:123261] Rank 7 bound to package[0][core:49-55]
#Using RCCL
#Using RCCL
#Using RCCL
#Using RCCL
#Using RCCL
#Using RCCL
#Using RCCL
#Using RCCL

# OSU RCCL-ROCM Allreduce Latency Test v7.5.2
# Size       Avg Latency(us)
4                      39.78
8                      37.33
16                     37.25
32                     39.71
64                     42.30
128                    48.03
256                    47.98
512                    48.40
1024                   48.88
2048                   49.72
4096                   50.87
8192                   52.16
16384                  53.61
32768                  52.97
65536                  53.25
131072                 53.67
262144                 95.81
524288                119.69
1048576               130.19
-- mpirun /pfs/lustref1/flash/project_462000031/lazzaroa/openmpi_on_ss11/osu/osu-ompi//libexec/osu-micro-benchmarks//xccl/collective/osu_xccl_allgather -d rocm D D
[nid005179:123543] Rank 0 bound to package[0][core:0-6]
[nid005179:123543] Rank 1 bound to package[0][core:7-13]
[nid005179:123543] Rank 2 bound to package[0][core:14-20]
[nid005179:123543] Rank 3 bound to package[0][core:21-27]
[nid005179:123543] Rank 4 bound to package[0][core:28-34]
[nid005179:123543] Rank 6 bound to package[0][core:42-48]
[nid005179:123543] Rank 5 bound to package[0][core:35-41]
[nid005179:123543] Rank 7 bound to package[0][core:49-55]
#Using RCCL
#Using RCCL
#Using RCCL
#Using RCCL
#Using RCCL
#Using RCCL
#Using RCCL
#Using RCCL

# OSU RCCL-ROCM Allgather Latency Test v7.5.2
# Size       Avg Latency(us)
1                      40.38
2                      39.27
4                      38.26
8                      38.41
16                     38.37
32                     38.39
64                     38.56
128                    38.78
256                    38.85
512                    38.83
1024                   39.59
2048                   42.33
4096                   42.71
8192                   42.95
16384                  43.54
32768                  44.23
65536                  65.64
131072                 68.06
262144                 73.99
524288                 88.20
1048576               120.73
RCCL-tests
-- mpirun alltoall_perf -d uint8 -b 1 -e 128M -f 2 -g 1
[nid005179:123835] Rank 0 bound to package[0][core:0-6]
[nid005179:123835] Rank 1 bound to package[0][core:7-13]
[nid005179:123835] Rank 4 bound to package[0][core:28-34]
[nid005179:123835] Rank 3 bound to package[0][core:21-27]
[nid005179:123835] Rank 5 bound to package[0][core:35-41]
[nid005179:123835] Rank 6 bound to package[0][core:42-48]
[nid005179:123835] Rank 7 bound to package[0][core:49-55]
[nid005179:123835] Rank 2 bound to package[0][core:14-20]
# Collective test starting: alltoall_perf
# nThread 1 nGpus 1 minBytes 1 maxBytes 134217728 step: 2(factor) warmup iters: 5 iters: 20 agg iters: 1 validation: 1 graph: 0
#
rccl-tests: Version develop_deprecated:40b1b17
# Using devices
#  Rank  0 Group  0 Pid 123878 on  nid005179 device  0 [0000:d1:00] AMD Instinct MI250X
#  Rank  1 Group  0 Pid 123879 on  nid005179 device  0 [0000:d6:00] AMD Instinct MI250X
#  Rank  2 Group  0 Pid 123899 on  nid005179 device  0 [0000:c9:00] AMD Instinct MI250X
#  Rank  3 Group  0 Pid 123881 on  nid005179 device  0 [0000:ce:00] AMD Instinct MI250X
#  Rank  4 Group  0 Pid 123880 on  nid005179 device  0 [0000:d9:00] AMD Instinct MI250X
#  Rank  5 Group  0 Pid 123882 on  nid005179 device  0 [0000:de:00] AMD Instinct MI250X
#  Rank  6 Group  0 Pid 123884 on  nid005179 device  0 [0000:c1:00] AMD Instinct MI250X
#  Rank  7 Group  0 Pid 123887 on  nid005179 device  0 [0000:c6:00] AMD Instinct MI250X
#
#                                                              out-of-place                       in-place          
#       size         count      type   redop    root     time   algbw   busbw #wrong     time   algbw   busbw #wrong                               
#        (B)    (elements)                               (us)  (GB/s)  (GB/s)            (us)  (GB/s)  (GB/s)                                      
           0             0     uint8    none      -1     0.11    0.00    0.00      0     0.09    0.00    0.00    N/A
           0             0     uint8    none      -1     0.08    0.00    0.00      0     0.08    0.00    0.00    N/A
           0             0     uint8    none      -1     0.08    0.00    0.00      0     0.08    0.00    0.00    N/A
           0             0     uint8    none      -1     0.08    0.00    0.00      0     0.08    0.00    0.00    N/A
           0             0     uint8    none      -1     0.08    0.00    0.00      0     0.08    0.00    0.00    N/A
           0             0     uint8    none      -1     0.08    0.00    0.00      0     0.08    0.00    0.00    N/A
           0             0     uint8    none      -1     0.07    0.00    0.00      0     0.08    0.00    0.00    N/A
         128            16     uint8    none      -1    12.56    0.01    0.01      0    11.77    0.01    0.01    N/A
         256            32     uint8    none      -1    11.92    0.02    0.02      0    14.57    0.02    0.02    N/A
         512            64     uint8    none      -1    12.09    0.04    0.04      0    12.14    0.04    0.04    N/A
        1024           128     uint8    none      -1    11.79    0.09    0.08      0    11.67    0.09    0.08    N/A
        2048           256     uint8    none      -1    11.70    0.18    0.15      0    11.68    0.18    0.15    N/A
        4096           512     uint8    none      -1    12.25    0.33    0.29      0    11.30    0.36    0.32    N/A
        8192          1024     uint8    none      -1    11.90    0.69    0.60      0    12.02    0.68    0.60    N/A
       16384          2048     uint8    none      -1    12.61    1.30    1.14      0    12.57    1.30    1.14    N/A
       32768          4096     uint8    none      -1    14.71    2.23    1.95      0    14.25    2.30    2.01    N/A
       65536          8192     uint8    none      -1    15.16    4.32    3.78      0    14.43    4.54    3.97    N/A
      131072         16384     uint8    none      -1    18.18    7.21    6.31      0    18.61    7.04    6.16    N/A
      262144         32768     uint8    none      -1    26.42    9.92    8.68      0    26.02   10.07    8.81    N/A
      524288         65536     uint8    none      -1    26.99   19.43   17.00      0    25.73   20.37   17.83    N/A
     1048576        131072     uint8    none      -1    31.67   33.11   28.97      0    31.86   32.91   28.80    N/A
     2097152        262144     uint8    none      -1    49.41   42.44   37.14      0    49.89   42.04   36.78    N/A
     4194304        524288     uint8    none      -1    84.14   49.85   43.62      0    83.73   50.10   43.83    N/A
     8388608       1048576     uint8    none      -1    155.2   54.06   47.30      0    154.6   54.25   47.47    N/A
    16777216       2097152     uint8    none      -1    266.3   63.01   55.13      0    265.9   63.10   55.22    N/A
    33554432       4194304     uint8    none      -1    495.4   67.73   59.27      0    491.0   68.34   59.80    N/A
    67108864       8388608     uint8    none      -1    942.5   71.20   62.30      0    950.9   70.58   61.75    N/A
   134217728      16777216     uint8    none      -1   1847.1   72.66   63.58      0   1849.4   72.57   63.50    N/A
# Errors with asterisks indicate errors that have exceeded the maximum threshold.
# Out of bounds values : 0 OK
# Avg bus bandwidth    : 15.6367 
#
# Collective test concluded: alltoall_perf

-- mpirun all_reduce_perf -d uint8 -b 1 -e 128M -f 2 -g 1
[nid005179:124101] Rank 0 bound to package[0][core:0-6]
[nid005179:124101] Rank 2 bound to package[0][core:14-20]
[nid005179:124101] Rank 1 bound to package[0][core:7-13]
[nid005179:124101] Rank 3 bound to package[0][core:21-27]
[nid005179:124101] Rank 4 bound to package[0][core:28-34]
[nid005179:124101] Rank 6 bound to package[0][core:42-48]
[nid005179:124101] Rank 5 bound to package[0][core:35-41]
[nid005179:124101] Rank 7 bound to package[0][core:49-55]
# Collective test starting: all_reduce_perf
# nThread 1 nGpus 1 minBytes 1 maxBytes 134217728 step: 2(factor) warmup iters: 5 iters: 20 agg iters: 1 validation: 1 graph: 0
#
rccl-tests: Version develop_deprecated:40b1b17
# Using devices
#  Rank  0 Group  0 Pid 124128 on  nid005179 device  0 [0000:d1:00] AMD Instinct MI250X
#  Rank  1 Group  0 Pid 124130 on  nid005179 device  0 [0000:d6:00] AMD Instinct MI250X
#  Rank  2 Group  0 Pid 124129 on  nid005179 device  0 [0000:c9:00] AMD Instinct MI250X
#  Rank  3 Group  0 Pid 124131 on  nid005179 device  0 [0000:ce:00] AMD Instinct MI250X
#  Rank  4 Group  0 Pid 124132 on  nid005179 device  0 [0000:d9:00] AMD Instinct MI250X
#  Rank  5 Group  0 Pid 124136 on  nid005179 device  0 [0000:de:00] AMD Instinct MI250X
#  Rank  6 Group  0 Pid 124133 on  nid005179 device  0 [0000:c1:00] AMD Instinct MI250X
#  Rank  7 Group  0 Pid 124140 on  nid005179 device  0 [0000:c6:00] AMD Instinct MI250X
#
#                                                              out-of-place                       in-place          
#       size         count      type   redop    root     time   algbw   busbw #wrong     time   algbw   busbw #wrong                               
#        (B)    (elements)                               (us)  (GB/s)  (GB/s)            (us)  (GB/s)  (GB/s)                                      
           1             1     uint8     sum      -1    25.57    0.00    0.00      0    25.94    0.00    0.00      0
           2             2     uint8     sum      -1    29.88    0.00    0.00      0    26.59    0.00    0.00      0
           4             4     uint8     sum      -1    25.66    0.00    0.00      0    20.88    0.00    0.00      0
           8             8     uint8     sum      -1    21.01    0.00    0.00      0    21.65    0.00    0.00      0
          16            16     uint8     sum      -1    21.29    0.00    0.00      0    20.91    0.00    0.00      0
          32            32     uint8     sum      -1    23.12    0.00    0.00      0    22.72    0.00    0.00      0
          64            64     uint8     sum      -1    25.86    0.00    0.00      0    26.81    0.00    0.00      0
         128           128     uint8     sum      -1    32.56    0.00    0.01      0    32.89    0.00    0.01      0
         256           256     uint8     sum      -1    32.53    0.01    0.01      0    32.38    0.01    0.01      0
         512           512     uint8     sum      -1    33.48    0.02    0.03      0    32.32    0.02    0.03      0
        1024          1024     uint8     sum      -1    32.49    0.03    0.06      0    33.03    0.03    0.05      0
        2048          2048     uint8     sum      -1    33.13    0.06    0.11      0    33.17    0.06    0.11      0
        4096          4096     uint8     sum      -1    34.41    0.12    0.21      0    33.78    0.12    0.21      0
        8192          8192     uint8     sum      -1    35.49    0.23    0.40      0    34.82    0.24    0.41      0
       16384         16384     uint8     sum      -1    38.22    0.43    0.75      0    38.70    0.42    0.74      0
       32768         32768     uint8     sum      -1    38.27    0.86    1.50      0    38.42    0.85    1.49      0
       65536         65536     uint8     sum      -1    38.75    1.69    2.96      0    38.07    1.72    3.01      0
      131072        131072     uint8     sum      -1    38.37    3.42    5.98      0    38.41    3.41    5.97      0
      262144        262144     uint8     sum      -1    75.27    3.48    6.09      0    74.21    3.53    6.18      0
      524288        524288     uint8     sum      -1    100.6    5.21    9.12      0    100.4    5.22    9.14      0
     1048576       1048576     uint8     sum      -1    113.1    9.27   16.22      0    111.9    9.37   16.39      0
     2097152       2097152     uint8     sum      -1    136.4   15.37   26.90      0    138.3   15.16   26.54      0
     4194304       4194304     uint8     sum      -1    188.5   22.26   38.95      0    188.2   22.28   38.99      0
     8388608       8388608     uint8     sum      -1    296.9   28.25   49.44      0    296.7   28.27   49.47      0
    16777216      16777216     uint8     sum      -1    298.6   56.18   98.32      0    294.9   56.89   99.55      0
    33554432      33554432     uint8     sum      -1    516.9   64.91  113.59      0    502.4   66.79  116.89      0
    67108864      67108864     uint8     sum      -1    958.3   70.03  122.55      0    925.9   72.48  126.83      0
   134217728     134217728     uint8     sum      -1   1852.0   72.47  126.82      0   1776.9   75.53  132.19      0
# Errors with asterisks indicate errors that have exceeded the maximum threshold.
# Out of bounds values : 0 OK
# Avg bus bandwidth    : 22.3977 
#
# Collective test concluded: all_reduce_perf

-- mpirun all_gather_perf -d uint8 -b 1 -e 128M -f 2 -g 1
[nid005179:124366] Rank 0 bound to package[0][core:0-6]
[nid005179:124366] Rank 1 bound to package[0][core:7-13]
[nid005179:124366] Rank 2 bound to package[0][core:14-20]
[nid005179:124366] Rank 3 bound to package[0][core:21-27]
[nid005179:124366] Rank 4 bound to package[0][core:28-34]
[nid005179:124366] Rank 5 bound to package[0][core:35-41]
[nid005179:124366] Rank 7 bound to package[0][core:49-55]
[nid005179:124366] Rank 6 bound to package[0][core:42-48]
# Collective test starting: all_gather_perf
# nThread 1 nGpus 1 minBytes 1 maxBytes 134217728 step: 2(factor) warmup iters: 5 iters: 20 agg iters: 1 validation: 1 graph: 0
#
rccl-tests: Version develop_deprecated:40b1b17
# Using devices
#  Rank  0 Group  0 Pid 124393 on  nid005179 device  0 [0000:d1:00] AMD Instinct MI250X
#  Rank  1 Group  0 Pid 124394 on  nid005179 device  0 [0000:d6:00] AMD Instinct MI250X
#  Rank  2 Group  0 Pid 124395 on  nid005179 device  0 [0000:c9:00] AMD Instinct MI250X
#  Rank  3 Group  0 Pid 124396 on  nid005179 device  0 [0000:ce:00] AMD Instinct MI250X
#  Rank  4 Group  0 Pid 124397 on  nid005179 device  0 [0000:d9:00] AMD Instinct MI250X
#  Rank  5 Group  0 Pid 124398 on  nid005179 device  0 [0000:de:00] AMD Instinct MI250X
#  Rank  6 Group  0 Pid 124407 on  nid005179 device  0 [0000:c1:00] AMD Instinct MI250X
#  Rank  7 Group  0 Pid 124403 on  nid005179 device  0 [0000:c6:00] AMD Instinct MI250X
#
#                                                              out-of-place                       in-place          
#       size         count      type   redop    root     time   algbw   busbw #wrong     time   algbw   busbw #wrong                               
#        (B)    (elements)                               (us)  (GB/s)  (GB/s)            (us)  (GB/s)  (GB/s)                                      
           0             0     uint8    none      -1     0.18    0.00    0.00      0     0.15    0.00    0.00      0
           0             0     uint8    none      -1     0.15    0.00    0.00      0     0.14    0.00    0.00      0
           0             0     uint8    none      -1     0.14    0.00    0.00      0     0.14    0.00    0.00      0
           0             0     uint8    none      -1     0.16    0.00    0.00      0     0.14    0.00    0.00      0
           0             0     uint8    none      -1     0.14    0.00    0.00      0     0.15    0.00    0.00      0
           0             0     uint8    none      -1     0.14    0.00    0.00      0     0.14    0.00    0.00      0
           0             0     uint8    none      -1     0.13    0.00    0.00      0     0.14    0.00    0.00      0
         128            16     uint8    none      -1    25.13    0.01    0.00      0    25.88    0.00    0.00      0
         256            32     uint8    none      -1    27.61    0.01    0.01      0    25.98    0.01    0.01      0
         512            64     uint8    none      -1    25.23    0.02    0.02      0    22.76    0.02    0.02      0
        1024           128     uint8    none      -1    22.14    0.05    0.04      0    22.22    0.05    0.04      0
        2048           256     uint8    none      -1    22.48    0.09    0.08      0    22.29    0.09    0.08      0
        4096           512     uint8    none      -1    23.03    0.18    0.16      0    22.06    0.19    0.16      0
        8192          1024     uint8    none      -1    22.85    0.36    0.31      0    23.33    0.35    0.31      0
       16384          2048     uint8    none      -1    25.13    0.65    0.57      0    24.75    0.66    0.58      0
       32768          4096     uint8    none      -1    25.74    1.27    1.11      0    24.86    1.32    1.15      0
       65536          8192     uint8    none      -1    26.31    2.49    2.18      0    25.29    2.59    2.27      0
      131072         16384     uint8    none      -1    25.91    5.06    4.43      0    26.69    4.91    4.30      0
      262144         32768     uint8    none      -1    26.59    9.86    8.63      0    26.33    9.96    8.71      0
      524288         65536     uint8    none      -1    45.12   11.62   10.17      0    42.69   12.28   10.74      0
     1048576        131072     uint8    none      -1    46.27   22.66   19.83      0    45.15   23.22   20.32      0
     2097152        262144     uint8    none      -1    51.77   40.51   35.45      0    52.02   40.31   35.27      0
     4194304        524288     uint8    none      -1    67.64   62.01   54.26      0    65.59   63.95   55.95      0
     8388608       1048576     uint8    none      -1    102.4   81.95   71.71      0    100.5   83.44   73.01      0
    16777216       2097152     uint8    none      -1    158.5  105.85   92.62      0    157.7  106.40   93.10      0
    33554432       4194304     uint8    none      -1    273.0  122.93  107.57      0    271.1  123.79  108.31      0
    67108864       8388608     uint8    none      -1    502.8  133.48  116.80      0    502.2  133.64  116.93      0
   134217728      16777216     uint8    none      -1    965.4  139.03  121.65      0    968.8  138.54  121.23      0
# Errors with asterisks indicate errors that have exceeded the maximum threshold.
# Out of bounds values : 0 OK
# Avg bus bandwidth    : 23.2158 
#
# Collective test concluded: all_gather_perf

with OpenMPI internal transport
-- mpirun /pfs/lustref1/flash/project_462000031/lazzaroa/openmpi_on_ss11/osu/osu-ompi//libexec/osu-micro-benchmarks//mpi/collective/osu_alltoall -d rocm D D
[nid005179:124654] Rank 2 bound to package[0][core:14-20]
[nid005179:124654] Rank 1 bound to package[0][core:7-13]
[nid005179:124654] Rank 5 bound to package[0][core:35-41]
[nid005179:124654] Rank 4 bound to package[0][core:28-34]
[nid005179:124654] Rank 6 bound to package[0][core:42-48]
[nid005179:124654] Rank 7 bound to package[0][core:49-55]
[nid005179:124654] Rank 0 bound to package[0][core:0-6]
[nid005179:124654] Rank 3 bound to package[0][core:21-27]

# OSU MPI-ROCM All-to-All Personalized Exchange Latency Test v7.5.2
# Datatype: MPI_CHAR.
# Size       Avg Latency(us)
1                     186.04
2                     193.69
4                     196.16
8                     193.81
16                    189.50
32                    190.11
64                    195.21
128                   200.64
256                   192.32
512                   196.99
1024                  210.73
2048                  250.62
4096                  235.77
8192                  287.77
16384                 302.24
32768                 555.38
65536                 853.50
131072               1546.03
262144               2779.28
524288               5036.02
1048576              9840.67
-- mpirun /pfs/lustref1/flash/project_462000031/lazzaroa/openmpi_on_ss11/osu/osu-ompi//libexec/osu-micro-benchmarks//mpi/collective/osu_allreduce -d rocm D D
[nid005179:125001] Rank 0 bound to package[0][core:0-6]
[nid005179:125001] Rank 2 bound to package[0][core:14-20]
[nid005179:125001] Rank 1 bound to package[0][core:7-13]
[nid005179:125001] Rank 4 bound to package[0][core:28-34]
[nid005179:125001] Rank 3 bound to package[0][core:21-27]
[nid005179:125001] Rank 5 bound to package[0][core:35-41]
[nid005179:125001] Rank 6 bound to package[0][core:42-48]
[nid005179:125001] Rank 7 bound to package[0][core:49-55]

# OSU MPI-ROCM Allreduce Latency Test v7.5.2
# Datatype: MPI_INT.
# Size       Avg Latency(us)
4                      68.79
8                      68.13
16                     77.53
32                     76.08
64                     77.22
128                    83.37
256                    82.48
512                    92.62
1024                   93.39
2048                   94.51
4096                   96.39
8192                  166.06
16384                 175.45
32768                 193.77
65536                 273.16
131072                440.87
262144                720.89
524288               1394.94
1048576              2643.62
-- mpirun /pfs/lustref1/flash/project_462000031/lazzaroa/openmpi_on_ss11/osu/osu-ompi//libexec/osu-micro-benchmarks//mpi/collective/osu_allgather -d rocm D D
[nid005179:125211] Rank 1 bound to package[0][core:7-13]
[nid005179:125211] Rank 3 bound to package[0][core:21-27]
[nid005179:125211] Rank 2 bound to package[0][core:14-20]
[nid005179:125211] Rank 0 bound to package[0][core:0-6]
[nid005179:125211] Rank 4 bound to package[0][core:28-34]
[nid005179:125211] Rank 5 bound to package[0][core:35-41]
[nid005179:125211] Rank 7 bound to package[0][core:49-55]
[nid005179:125211] Rank 6 bound to package[0][core:42-48]

# OSU MPI-ROCM Allgather Latency Test v7.5.2
# Datatype: MPI_CHAR.
# Size       Avg Latency(us)
1                      91.28
2                      90.66
4                      90.34
8                     109.23
16                     91.81
32                     93.33
64                     91.45
128                    92.46
256                    94.93
512                    96.41
1024                   99.48
2048                  102.68
4096                  108.69
8192                  180.16
16384                 290.99
32768                 452.38
65536                 727.78
131072               1273.39
262144               2528.17
524288               4958.93
1048576              9874.36
-- mpirun /pfs/lustref1/flash/project_462000031/lazzaroa/openmpi_on_ss11/osu/osu-ompi//libexec/osu-micro-benchmarks//mpi/collective/osu_allreduce H H
[nid005179:125478] Rank 0 bound to package[0][core:0-6]
[nid005179:125478] Rank 1 bound to package[0][core:7-13]
[nid005179:125478] Rank 2 bound to package[0][core:14-20]
[nid005179:125478] Rank 3 bound to package[0][core:21-27]
[nid005179:125478] Rank 5 bound to package[0][core:35-41]
[nid005179:125478] Rank 4 bound to package[0][core:28-34]
[nid005179:125478] Rank 6 bound to package[0][core:42-48]
[nid005179:125478] Rank 7 bound to package[0][core:49-55]

# OSU MPI Allreduce Latency Test v7.5.2
# Datatype: MPI_INT.
# Size       Avg Latency(us)
4                       3.28
8                       3.30
16                      3.42
32                      3.79
64                      3.80
128                     4.14
256                     4.45
512                     6.56
1024                    6.97
2048                    9.41
4096                   11.50
8192                   14.78
16384                  18.99
32768                  24.40
65536                  36.63
131072                 62.40
262144                110.94
524288                345.12
1048576               733.59
-- mpirun /pfs/lustref1/flash/project_462000031/lazzaroa/openmpi_on_ss11/osu/osu-ompi//libexec/osu-micro-benchmarks//mpi/collective/osu_alltoall H H
[nid005179:125712] Rank 0 bound to package[0][core:0-6]
[nid005179:125712] Rank 1 bound to package[0][core:7-13]
[nid005179:125712] Rank 2 bound to package[0][core:14-20]
[nid005179:125712] Rank 3 bound to package[0][core:21-27]
[nid005179:125712] Rank 4 bound to package[0][core:28-34]
[nid005179:125712] Rank 5 bound to package[0][core:35-41]
[nid005179:125712] Rank 6 bound to package[0][core:42-48]
[nid005179:125712] Rank 7 bound to package[0][core:49-55]

# OSU MPI All-to-All Personalized Exchange Latency Test v7.5.2
# Datatype: MPI_CHAR.
# Size       Avg Latency(us)
1                       5.45
2                       5.47
4                       5.37
8                       5.24
16                      5.37
32                      5.40
64                      5.30
128                     5.73
256                     5.71
512                     8.32
1024                    8.44
2048                    8.58
4096                    9.32
8192                    9.99
16384                  12.81
32768                  17.89
65536                  31.30
131072                 50.28
262144                 82.26
524288                132.34
1048576               251.70
-- mpirun /pfs/lustref1/flash/project_462000031/lazzaroa/openmpi_on_ss11/osu/osu-ompi//libexec/osu-micro-benchmarks//mpi/collective/osu_allgather H H
[nid005179:125905] Rank 0 bound to package[0][core:0-6]
[nid005179:125905] Rank 1 bound to package[0][core:7-13]
[nid005179:125905] Rank 2 bound to package[0][core:14-20]
[nid005179:125905] Rank 3 bound to package[0][core:21-27]
[nid005179:125905] Rank 4 bound to package[0][core:28-34]
[nid005179:125905] Rank 5 bound to package[0][core:35-41]
[nid005179:125905] Rank 6 bound to package[0][core:42-48]
[nid005179:125905] Rank 7 bound to package[0][core:49-55]

# OSU MPI Allgather Latency Test v7.5.2
# Datatype: MPI_CHAR.
# Size       Avg Latency(us)
1                       3.07
2                       2.93
4                       2.97
8                       3.27
16                      3.04
32                      3.05
64                      3.14
128                     3.97
256                     5.10
512                     6.01
1024                    6.19
2048                    7.42
4096                    9.68
8192                   15.48
16384                  31.40
32768                  59.03
65536                 108.18
131072                215.36
262144                431.74
524288                817.82
1048576              1671.19
