ROOT_DIR = /pfs/lustref1/flash/project_462000031/lazzaroa/openmpi_on_ss11
/pfs/lustref1/flash/project_462000031/lazzaroa/openmpi_on_ss11 ~/flash_coe/openmpi_on_ss11/osu/craype/pt2pt
ROOT_DIR = /pfs/lustref1/flash/project_462000031/lazzaroa/openmpi_on_ss11

Lmod is automatically replacing "cce/19.0.0" with "gcc-native/14.2".


Lmod is automatically replacing "PrgEnv-cray/8.6.0" with "PrgEnv-gnu/8.6.0".


Due to MODULEPATH changes, the following have been reloaded:
  1) cray-libsci/25.03.0     2) cray-mpich/8.1.32


The following have been reloaded with a version change:
  1) cray-mpich/8.1.32 => cray-mpich/9.0.1


Currently Loaded Modules:
  1) craype-network-ofi                  10) cray-dsmml/0.3.1
  2) perftools-base/25.03.0              11) cray-libsci/25.03.0
  3) xpmem/2.11.5-1.3_g73ade43320bc      12) PrgEnv-gnu/8.6.0
  4) ModuleLabel/label              (S)  13) libfabric/1.22.0
  5) lumi-tools/24.05               (S)  14) cray-mpich/9.0.1
  6) init-lumi/0.2                  (S)  15) craype-x86-trento
  7) cray-python/3.11.7                  16) craype-accel-amd-gfx90a
  8) gcc-native/14.2                     17) rocm/6.3.4
  9) craype/2.7.34

  Where:
   S:  Module is Sticky, requires --force to unload or purge
/opt/cray/libfabric/1.22.0
/pfs/lustref1/flash/project_462000031/lazzaroa/openmpi_on_ss11/install_rccl_cpe
~/flash_coe/openmpi_on_ss11/osu/craype/pt2pt
============
#!/bin/bash

# load runtime environment
ORIGINAL_SCRIPT=$(scontrol show job "$SLURM_JOB_ID" | awk -F= '/Command=/{print $2}')
export OUTPUT_DIR=$SLURM_SUBMIT_DIR
export ROOT_DIR=$( cd -- "$( dirname -- "${ORIGINAL_SCRIPT}" )/../../.." &> /dev/null && pwd -P )
echo "ROOT_DIR = "$ROOT_DIR

if [ "$OSU_ARGS" == "" ];then
    OSU_ARGS=" -c "
fi

# Enable Cray-mpich and RCCL
USE_CPE=1 source $ROOT_DIR/sourceme_rccl.sh

export MPICH_GPU_SUPPORT_ENABLED=1
export MPICH_SMP_SINGLE_COPY_MODE=XPMEM
#export FI_MR_CACHE_MONITOR=kdreg2 # no performance contribution
#export GTL_DISABLE_HSA_CACHE=1 # not available in 9.0.1
#export MPICH_GPU_IPC_ENABLED=0
#export MPICH_GPU_IPC_THRESHOLD=524288 # beneficial for `-b multiple`
#export MPICH_GPU_IPC_THRESHOLD=32768 # beneficial for `-b single`
#export MPICH_GPU_IPC_CACHE_MAX_SIZE=100 # improves performance and makes working with large buffers
# export FI_LOG_LEVEL=debug

export MPICH_VERSION_DISPLAY=1
export GTL_VERSION_DISPLAY=1

echo "============"
cat $0
echo "============"

env

for FI_CXI_RX_MATCH_MODE in hardware software hybrid; do
    export FI_CXI_RX_MATCH_MODE=$FI_CXI_RX_MATCH_MODE

    SUFFIX="_singlenode_${FI_CXI_RX_MATCH_MODE}_${SLURM_JOB_ID}"

    echo "========"
    echo $SUFFIX
    echo "========"

    CMDS=("osu_bibw -b multiple D D" "osu_latency D D" "osu_bibw -b multiple H H" "osu_latency H H")
    #CMDS=("osu_bibw -W 32 -b multiple D D")
    #CMDS=("osu_bibw -b multiple D D")
    #CMDS=("osu_bibw D D")
    #CMDS=("osu_bibw D D" "osu_latency D D" "osu_bibw H H" "osu_latency H H")

    for cmd in "${CMDS[@]}"; do
	run_osu_cmd "$cmd" "mpi/pt2pt" "${SUFFIX}"
    done

    # NCCL/RCCL

    CMDS=("osu_xccl_bibw -b multiple D D" "osu_xccl_latency D D")
    for cmd in "${CMDS[@]}"; do
	run_osu_cmd "$cmd" "xccl/pt2pt" "${SUFFIX}"
    done

done
============
HYDRA_LAUNCHER_EXTRA_ARGS=--external-launcher
__LMOD_REF_COUNT_PE_LIBSCI_REQUIRED_PRODUCTS=PE_MPICH:1
CRAY_LMOD_MPI=cray-mpich/8.0
LUMI_LMOD_FAMILY_MPI=cray-mpich
LMOD_FAMILY_CRAYPE_NETWORK_VERSION=false
LC_ALL=en_US.UTF-8
MPICH_GPU_SUPPORT_ENABLED=1
SLURM_MEM_PER_CPU=0
CRAYPE_LINK_TYPE=dynamic
LS_COLORS=no=00:fi=00:di=01;33:ln=01;36:pi=40;33:so=01;35:do=01;35:bd=40;33;01:cd=40;33;01:or=40;31;01:su=37;41:sg=30;43:tw=30;42:ow=34;42:st=37;44:ex=00;35:*.tar=01;31:*.tgz=01;31:*.arj=01;31:*.taz=01;31:*.lzh=01;31:*.zip=01;31:*.z=01;31:*.Z=01;31:*.gz=01;31:*.bz2=01;31:*.deb=01;31:*.rpm=01;31:*.jar=01;31:*.jpg=01;35:*.jpeg=01;35:*.gif=01;35:*.bmp=01;35:*.pbm=01;35:*.pgm=01;35:*.ppm=01;35:*.tga=01;35:*.xbm=01;35:*.xpm=01;35:*.tif=01;35:*.tiff=01;35:*.png=01;35:*.mov=01;35:*.mpg=01;35:*.mpeg=01;35:*.avi=01;35:*.fli=01;35:*.gl=01;35:*.dl=01;35:*.xcf=01;35:*.xwd=01;35:*.flac=01;35:*.mp3=01;35:*.mpc=01;35:*.ogg=01;35:*.wav=01;35:
LD_LIBRARY_PATH=/pfs/lustref1/flash/project_462000031/lazzaroa/openmpi_on_ss11/install_rccl_cpe/lib:/opt/rocm-6.3.4/lib/roctracer:/opt/rocm-6.3.4/lib/rocprofiler:/opt/rocm-6.3.4/lib:/opt/cray/pe/mpich/9.0.1/ofi/gnu/12.3/lib:/opt/cray/pe/mpich/9.0.1/gtl/lib:/opt/cray/libfabric/1.22.0/lib64:/opt/cray/pe/libsci/25.03.0/GNU/12.3/x86_64/lib:/opt/cray/pe/dsmml/0.3.1/dsmml/lib:/opt/cray/pe/python/3.11.7/lib:/opt/cray/pe/papi/7.2.0.1/lib64
HOSTTYPE=x86_64
CRAY_DSMML_ROOTDIR=/opt/cray/pe/dsmml/0.3.1
_ModuleTable017_=ZXMvU29mdHdhcmVTdGFjayIsICIvYXBwbC9sdW1pL21vZHVsZXMvU3R5bGVNb2RpZmllcnMiCiwgIi9hcHBsL2x1bWkvbW9kdWxlcy9pbml0LUxVTUktU29mdHdhcmVTdGFjayIsICIvb3B0L2NyYXkvbW9kdWxlZmlsZXMiLAp9LApzeXN0ZW1CYXNlTVBBVEggPSAiL29wdC9jcmF5L3BlL21vZHVsZWZpbGVzL0xpbnV4Oi9vcHQvY3JheS9wZS9tb2R1bGVmaWxlcy9Db3JlOi9vcHQvY3JheS9wZS9sbW9kL2xtb2QvbW9kdWxlZmlsZXMvQ29yZTovb3B0L2NyYXkvcGUvbG1vZC9tb2R1bGVmaWxlcy9jb3JlOi9vcHQvY3JheS9wZS9sbW9kL21vZHVsZWZpbGVzL2NyYXlwZS10YXJnZXRzL2RlZmF1bHQ6L2FwcGwvbHVtaS9tb2R1bGVzL1NvZnR3YXJlU3RhY2s6L2FwcGwvbHVtaS9t
LMOD_FAMILY_CRAYPE_ACCEL=craype-accel-amd-gfx90a
CRAY_DSMML_DIR=/opt/cray/pe/dsmml/0.3.1/dsmml
SLURM_NODEID=0
SLURM_TASK_PID=112653
__LMOD_REF_COUNT_PATH=/opt/rocm-6.3.4/bin:1;/opt/cray/pe/mpich/9.0.1/ofi/gnu/12.3/bin:1;/opt/cray/pe/mpich/9.0.1/bin:1;/opt/cray/libfabric/1.22.0/bin:1;/opt/cray/pe/craype/2.7.34/bin:1;/opt/cray/pe/gcc-native/14/bin:1;/opt/cray/pe/python/3.11.7/bin:1;/appl/lumi/SW/system/EB/lumi-tools/24.05/bin:1;/opt/cray/pe/perftools/25.03.0/bin:1;/opt/cray/pe/papi/7.2.0.1/bin:1;/users/lazzaroa/.local/bin:1;/users/lazzaroa/bin:1;/usr/local/bin:1;/usr/bin:1;/bin:1;/usr/lib/mit/bin:1;/usr/lib/mit/sbin:1;/opt/cray/pe/bin:1
_ModuleTable002_=ID0gIi9hcHBsL2x1bWkvbW9kdWxlcy9TdHlsZU1vZGlmaWVycy9Nb2R1bGVMYWJlbC9sYWJlbC5sdWEiLApmdWxsTmFtZSA9ICJNb2R1bGVMYWJlbC9sYWJlbCIsCmxvYWRPcmRlciA9IDQsCnByb3BUID0gewpsbW9kID0gewpzdGlja3kgPSAxLAp9LAp9LApzdGFja0RlcHRoID0gMSwKc3RhdHVzID0gImFjdGl2ZSIsCnVzZXJOYW1lID0gIk1vZHVsZUxhYmVsL2xhYmVsIiwKd1YgPSAic2xhYmVsLip6ZmluYWwiLAp9LApbIlByZ0Vudi1nbnUiXSA9IHsKZm4gPSAiL29wdC9jcmF5L3BlL2xtb2QvbW9kdWxlZmlsZXMvY29yZS9QcmdFbnYtZ251LzguNi4wLmx1YSIsCmZ1bGxOYW1lID0gIlByZ0Vudi1nbnUvOC42LjAiLApsb2FkT3JkZXIgPSAxMiwKcHJvcFQgPSB7fSwKc3Rh
PE_MPICH_GTL_DIR_amd_gfx90a=-L/opt/cray/pe/mpich/9.0.1/gtl/lib
PE_LIBSCI_OMP_REQUIRES= 
SSH_CONNECTION=178.197.255.34 43296 193.167.209.164 22
LUMI_LMOD_FAMILY_CRAYPE=craype
LUMI_LMOD_FAMILY_CRAYPE_VERSION=2.7.34
LESSCLOSE=lessclose.sh %s %s
CRAY_LD_LIBRARY_PATH=/opt/cray/pe/libsci/25.03.0/CRAYCLANG/17.0/x86_64/lib:/opt/cray/pe/mpich/8.1.32/ofi/crayclang/17.0/lib:/opt/cray/pe/mpich/8.1.32/gtl/lib:/opt/cray/pe/dsmml/0.3.1/dsmml/lib:/opt/cray/pe/cce/19.0.0/cce-clang/x86_64/lib:/opt/cray/pe/cce/19.0.0/cce/x86_64/lib:/opt/cray/pe/perftools/25.03.0/lib64
XKEYSYMDB=/usr/X11R6/lib/X11/XKeysymDB
SLURM_PRIO_PROCESS=0
PE_ENV=GNU
__LMOD_REF_COUNT_PE_DSMML_PKGCONFIG_LIBS=dsmml:1
__LMOD_REF_COUNT_PE_FORTRAN_PKGCONFIG_LIBS=mpichf90:1
LMOD_FAMILY_CRAYPE_CPU=craype-x86-trento
EBDEVELLUMIMINTOOLS=/appl/lumi/SW/system/EB/lumi-tools/24.05/easybuild/lumi-tools-24.05-easybuild-devel
CRAYPAT_LD_LIBRARY_PATH=/opt/cray/pe/perftools/25.03.0/lib64
GCC_PREFIX=/usr/lib64/gcc/x86_64-suse-linux/14
CRAY_LMOD_COMPILER=gnu/12.0
LMOD_MODULERCFILE=/appl/lumi/LUMI-SoftwareStack/LMOD/modulerc.lua
CRAY_DSMML_PREFIX=/opt/cray/pe/dsmml/0.3.1/dsmml
PE_PRODUCT_LIST=CRAYPE_X86_TRENTO:CRAYPE:PERFTOOLS:CRAYPAT:CRAY_ACCEL:CRAY_ROCM
LMOD_FAMILY_MPI_VERSION=9.0.1
CRAYPAT_ROOT=/opt/cray/pe/perftools/25.03.0
PE_PERFTOOLS_MPICH_LIBDIR=/opt/cray/pe/mpich/9.0.1/ofi/gnu/12.3/lib
PE_MPICH_GTL_DIR_amd_gfx906=-L/opt/cray/pe/mpich/9.0.1/gtl/lib
PE_LIBSCI_MODULE_NAME=cray-libsci/25.03.0
I_MPI_HYDRA_BOOTSTRAP_EXEC_EXTRA_ARGS=--external-launcher
LANG=en_US.UTF-8
GIT_HOOKS_PRE_COMMIT_HPE_CRAY_CHECKPATCH_SKIP=1
SLURM_SUBMIT_DIR=/pfs/lustref1/flash/project_462000031/lazzaroa/openmpi_on_ss11/osu/craype/pt2pt
PE_MPICH_GTL_DIR_amd_gfx908=-L/opt/cray/pe/mpich/9.0.1/gtl/lib
PE_DSMML_MODULE_NAME=cray-dsmml
WINDOWMANAGER=xterm
_ModuleTable008_=ZWZpbGVzL2NyYXlwZS10YXJnZXRzL2RlZmF1bHQvY3JheXBlLW5ldHdvcmstb2ZpLmx1YSIsCmZ1bGxOYW1lID0gImNyYXlwZS1uZXR3b3JrLW9maSIsCmxvYWRPcmRlciA9IDEsCnByb3BUID0ge30sCnN0YWNrRGVwdGggPSAwLApzdGF0dXMgPSAiYWN0aXZlIiwKdXNlck5hbWUgPSAiY3JheXBlLW5ldHdvcmstb2ZpIiwKd1YgPSAiTS4qemZpbmFsIiwKfSwKWyJjcmF5cGUteDg2LXRyZW50byJdID0gewphY3Rpb25BID0gewoicHJlcGVuZF9wYXRoKFwiTU9EVUxFUEFUSFwiLFwiL29wdC9jcmF5L3BlL2xtb2QvbW9kdWxlZmlsZXMvY3B1L3g4Ni10cmVudG8vMS4wXCIpIiwKfSwKZm4gPSAiL29wdC9jcmF5L3BlL2xtb2QvbW9kdWxlZmlsZXMvY3JheXBlLXRhcmdldHMvZGVm
HIP_LIB_PATH=/opt/rocm-6.3.4/lib
LESS=-M -I -R
OMPI_MCA_plm_slurm_args=--external-launcher
PE_MPICH_GTL_LIBS_nvidia70=-lmpi_gtl_cuda
LUMI_LMOD_FAMILY_PRGENV=PrgEnv-gnu
LMOD_FAMILY_COMPILER_VERSION=14.2
HOSTNAME=nid005231
LMOD_SYSTEM_DEFAULT_MODULES=craype-x86-rome:craype-network-ofi:perftools-base:xpmem:PrgEnv-cray:init-lumi
EBROOTLUMIMINTOOLS=/appl/lumi/SW/system/EB/lumi-tools/24.05
OLDPWD=/pfs/lustref1/flash/project_462000031/lazzaroa/openmpi_on_ss11
LUMI_LMOD_FAMILY_CRAYPE_NETWORK_VERSION=false
CSHEDIT=emacs
SLURM_CPUS_PER_TASK=14
ENVIRONMENT=BATCH
GPG_TTY=/dev/pts/36
LESS_ADVANCED_PREPROCESSOR=no
__LMOD_REF_COUNT_PE_MPICH_GENCOMPILERS_GNU=12.3:1
COLORTERM=1
__LMOD_REF_COUNT_XDG_DATA_DIRS=/appl/lumi/SW/system/EB/lumi-tools/24.05/share:1;/usr/share:1
PE_LD_LIBRARY_PATH=system
OSU_HOME=/pfs/lustref1/flash/project_462000031/lazzaroa/openmpi_on_ss11/osu/osu-craype//libexec/osu-micro-benchmarks/
FPATH=/opt/cray/pe/lmod/lmod/init/ksh_funcs
_ModuleTable007_=eS9wZS9sbW9kL21vZHVsZWZpbGVzL2NyYXlwZS10YXJnZXRzL2RlZmF1bHQvY3JheXBlLWFjY2VsLWFtZC1nZng5MGEubHVhIiwKZnVsbE5hbWUgPSAiY3JheXBlLWFjY2VsLWFtZC1nZng5MGEiLApsb2FkT3JkZXIgPSAxNiwKcHJvcFQgPSB7fSwKc3RhY2tEZXB0aCA9IDAsCnN0YXR1cyA9ICJhY3RpdmUiLAp1c2VyTmFtZSA9ICJjcmF5cGUtYWNjZWwtYW1kLWdmeDkwYSIsCndWID0gIk0uKnpmaW5hbCIsCn0sClsiY3JheXBlLW5ldHdvcmstb2ZpIl0gPSB7CmFjdGlvbkEgPSB7CiJwcmVwZW5kX3BhdGgoXCJNT0RVTEVQQVRIXCIsXCIvb3B0L2NyYXkvcGUvbG1vZC9tb2R1bGVmaWxlcy9uZXQvb2ZpLzEuMFwiKSIsCn0sCmZuID0gIi9vcHQvY3JheS9wZS9sbW9kL21vZHVs
CRAY_PERFTOOLS_VERSION=25.03.0
ROCR_VISIBLE_DEVICES=0,1,2,3,4,5,6,7
LUMI_LMOD_FAMILY_CRAYPE_ACCEL_VERSION=false
LUMI_LMOD_FAMILY_PRGENV_VERSION=8.6.0
ROCM_PATH=/opt/rocm-6.3.4
LMOD_FAMILY_CRAYPE_NETWORK=craype-network-ofi
JAVA_HOME=/usr/lib64/jvm/java-11-openjdk-11
__LMOD_STACK_LMOD_AVAIL_STYLE=PGxhYmVsPjpQRWhpZXJhcmNoeTpzeXN0ZW0=
LMOD_FAMILY_CRAYPE_VERSION=2.7.34
PE_XPMEM_PKGCONFIG_LIBS=cray-xpmem
CRAY_ROCM_POST_LINK_OPTS= -L/opt/rocm-6.3.4/lib -L/opt/rocm-6.3.4/lib/rocprofiler -L/opt/rocm-6.3.4/lib/roctracer -lamdhip64
APP2_STATE=25.03.0
SLURM_PROCID=0
LMOD_FAMILY_GCC_COMPILER=gcc-native
SLURM_JOB_GID=10013986
LUMI_LMOD_FAMILY_CRAYPE_ACCEL=craype-accel-amd-gfx90a
MACHTYPE=x86_64-suse-linux
LMOD_RC=/appl/lumi/LUMI-SoftwareStack/LMOD/lmodrc.lua
I_MPI_HYDRA_BOOTSTRAP=slurm
__LMOD_REF_COUNT_LD_LIBRARY_PATH=/opt/rocm-6.3.4/lib/roctracer:1;/opt/rocm-6.3.4/lib/rocprofiler:1;/opt/rocm-6.3.4/lib:1;/opt/cray/pe/mpich/9.0.1/ofi/gnu/12.3/lib:1;/opt/cray/pe/mpich/9.0.1/gtl/lib:1;/opt/cray/libfabric/1.22.0/lib64:1;/opt/cray/pe/libsci/25.03.0/GNU/12.3/x86_64/lib:1;/opt/cray/pe/dsmml/0.3.1/dsmml/lib:1;/opt/cray/pe/python/3.11.7/lib:1;/opt/cray/pe/papi/7.2.0.1/lib64:1
CRAY_ROCM_PREFIX=/opt/rocm-6.3.4
__LMOD_REF_COUNT_PKG_CONFIG_PATH=/usr/lib64/pkgconfig:1;/opt/cray/libfabric/1.22.0/lib64/pkgconfig:1;/opt/cray/pe/dsmml/0.3.1/dsmml/lib/pkgconfig:1;/opt/cray/pe/craype/2.7.34/pkg-config:1
OSU_INSTALL=/pfs/lustref1/flash/project_462000031/lazzaroa/openmpi_on_ss11/osu/osu-craype/
GNU_VERSION=14.2
SLURMD_NODENAME=nid005231
PE_PKGCONFIG_PRODUCTS=PE_MPICH:PE_LIBSCI:PE_DSMML:PE_XPMEM
_ModuleTable015_=ID0gIjAwMDAwMDAwMi4wMDAwMDAwMTEuMDAwMDAwMDA1Lip6ZmluYWwtLjAwMDAwMDAwMS4wMDAwMDAwMDMuKl8uKmcuMDAwMDAwMDczLiphZGUuMDAwMDQzMzIwLipiYy4qemZpbmFsIiwKfSwKfSwKbXBhdGhBID0gewoiL29wdC9jcmF5L3BlL2xtb2QvbW9kdWxlZmlsZXMvY3B1L3g4Ni10cmVudG8vMS4wIgosICIvb3B0L2NyYXkvcGUvbG1vZC9tb2R1bGVmaWxlcy9tcGkvZ251LzEyLjAvb2ZpLzEuMC9jcmF5LW1waWNoLzguMCIKLCAiL29wdC9jcmF5L3BlL2xtb2QvbW9kdWxlZmlsZXMvY29tbmV0L2dudS8xMi4wL29maS8xLjAiCiwgIi9vcHQvY3JheS9wZS9sbW9kL21vZHVsZWZpbGVzL21peF9jb21waWxlcnMiCiwgIi9vcHQvY3JheS9wZS9sbW9kL21vZHVsZWZpbGVz
SLURM_JOB_END_TIME=1772633770
LUMI_LMOD_FAMILY_LIBSCI=cray-libsci
CRAY_MPICH_BASEDIR=/opt/cray/pe/mpich/9.0.1/ofi
PE_MPICH_GTL_DIR_nvidia80=-L/opt/cray/pe/mpich/9.0.1/gtl/lib
_ModuleTable004_=ZS9sbW9kL21vZHVsZWZpbGVzL2NvbXBpbGVyL2dudS8xMi4wL2NyYXktbGlic2NpLzI1LjAzLjAubHVhIiwKZnVsbE5hbWUgPSAiY3JheS1saWJzY2kvMjUuMDMuMCIsCmxvYWRPcmRlciA9IDExLApwcm9wVCA9IHt9LApzdGFja0RlcHRoID0gMSwKc3RhdHVzID0gImFjdGl2ZSIsCnVzZXJOYW1lID0gImNyYXktbGlic2NpIiwKd1YgPSAiXjAwMDAwMDI1LjAwMDAwMDAwMy4qemZpbmFsIiwKfSwKWyJjcmF5LW1waWNoIl0gPSB7CmFjdGlvbkEgPSB7CiJwcmVwZW5kX3BhdGgoXCJNT0RVTEVQQVRIXCIsXCIvb3B0L2NyYXkvcGUvbG1vZC9tb2R1bGVmaWxlcy9tcGkvZ251LzEyLjAvb2ZpLzEuMC9jcmF5LW1waWNoLzguMFwiKSIsCn0sCmZuID0gIi9vcHQvY3JheS9wZS9sbW9k
PE_LIBSCI_GENCOMPILERS_GNU_x86_64=12.3
MINICOM=-c on
SLURM_TASKS_PER_NODE=2
__LMOD_REF_COUNT_PYTHONPATH=/opt/cray/pe/python/3.11.7:1
PRTE_MCA_plm_slurm_args=--external-launcher
PE_MPICH_PKGCONFIG_VARIABLES=PE_MPICH_GTL_DIR_@accelerator@:PE_MPICH_GTL_LIBS_@accelerator@
PE_MPICH_PKGCONFIG_LIBS=mpich
OSTYPE=linux
XDG_SESSION_ID=604335
CRAY_DSMML_VER=0.3.1
__LMOD_REF_COUNT_PYTHON_PATH=/opt/cray/pe/python/3.11.7:1
LUMI_LMOD_FAMILY_MPI_VERSION=9.0.1
USER=lazzaroa
SLURM_NNODES=1
LUMI_LMOD_FAMILY_LIBSCI_VERSION=25.03.0
PAGER=less
LUMI_LMOD_FAMILY_GCC_COMPILER=gcc-native
CRAY_PYTHON_LEVEL=3.11.7
LMOD_FAMILY_PRGENV_VERSION=8.6.0
LMOD_FAMILY_LIBSCI=cray-libsci
_ModuleTable012_=PSB7fSwKc3RhY2tEZXB0aCA9IDAsCnN0YXR1cyA9ICJhY3RpdmUiLAp1c2VyTmFtZSA9ICJsaWJmYWJyaWMiLAp3ViA9ICJeMDAwMDAwMDEuMDAwMDAwMDIyLip6ZmluYWwiLAp9LApbImx1bWktdG9vbHMiXSA9IHsKZm4gPSAiL2FwcGwvbHVtaS9tb2R1bGVzL2Vhc3lidWlsZC9zeXN0ZW0vbHVtaS10b29scy8yNC4wNS5sdWEiLApmdWxsTmFtZSA9ICJsdW1pLXRvb2xzLzI0LjA1IiwKbG9hZE9yZGVyID0gNSwKcHJvcFQgPSB7Cmxtb2QgPSB7CnN0aWNreSA9IDEsCn0sCn0sCnN0YWNrRGVwdGggPSAxLApzdGF0dXMgPSAiYWN0aXZlIiwKdXNlck5hbWUgPSAibHVtaS10b29scyIsCndWID0gIjAwMDAwMDAyNC4wMDAwMDAwMDUuKnpmaW5hbCIsCn0sClsicGVyZnRvb2xzLWJh
PE_MPICH_GTL_LIBS_ponteVecchio=-lmpi_gtl_ze
CRAY_CPU_TARGET=x86-trento
PE_GCC_LEVEL=14
PE_LIBSCI_VOLATILE_PRGENV=GNU
SLURM_JOB_START_TIME=1772631970
SLURM_NTASKS_PER_NODE=2
PKGCONFIG_ENABLED=1
__LMOD_REF_COUNT_MODULEPATH=/opt/cray/pe/lmod/modulefiles/cpu/x86-trento/1.0:1;/opt/cray/pe/lmod/modulefiles/mpi/gnu/12.0/ofi/1.0/cray-mpich/8.0:1;/opt/cray/pe/lmod/modulefiles/comnet/gnu/12.0/ofi/1.0:1;/opt/cray/pe/lmod/modulefiles/mix_compilers:1;/opt/cray/pe/lmod/modulefiles/compiler/gnu/12.0:1;/appl/lumi/modules/easybuild/system:1;/opt/cray/pe/lmod/modulefiles/perftools/25.03.0:1;/opt/cray/pe/lmod/modulefiles/net/ofi/1.0:1;/opt/cray/pe/modulefiles/Linux:1;/opt/cray/pe/modulefiles/Core:1;/opt/cray/pe/lmod/lmod/modulefiles/Core:1;/opt/cray/pe/lmod/modulefiles/core:1;/opt/cray/pe/lmod/modulefiles/craype-targets/default:1;/appl/lumi/modules/SoftwareStack:1;/appl/lumi/modules/StyleModifiers:1;/appl/lumi/modules/init-LUMI-SoftwareStack:1;/opt/cray/modulefiles:1
MORE=-sl
CRAY_PERFTOOLS_PREFIX=/opt/cray/pe/perftools/25.03.0
PE_FORTRAN_PKGCONFIG_LIBS=mpichf90
CRAY_ROCM_DIR=/opt/rocm-6.3.4
__LMOD_REF_COUNT_CRAY_LD_LIBRARY_PATH=/opt/cray/pe/libsci/25.03.0/CRAYCLANG/17.0/x86_64/lib:1;/opt/cray/pe/mpich/8.1.32/ofi/crayclang/17.0/lib:1;/opt/cray/pe/mpich/8.1.32/gtl/lib:1;/opt/cray/pe/dsmml/0.3.1/dsmml/lib:1;/opt/cray/pe/cce/19.0.0/cce-clang/x86_64/lib:1;/opt/cray/pe/cce/19.0.0/cce/x86_64/lib:1;/opt/cray/pe/perftools/25.03.0/lib64:1
GCC_VERSION=14.2
CRAY_LIBSCI_BASE_DIR=/opt/cray/pe/libsci/25.03.0
PWD=/users/lazzaroa/flash_coe/openmpi_on_ss11/osu/craype/pt2pt
LUMI_LMOD_FAMILY_CRAYPE_CPU=craype-x86-trento
PE_MPICH_GTL_DIR_ponteVecchio=-L/opt/cray/pe/mpich/9.0.1/gtl/lib
PE_MPICH_GTL_DIR_nvidia70=-L/opt/cray/pe/mpich/9.0.1/gtl/lib
CRAY_TCMALLOC_MEMFS_FORCE=1
SLURM_JOB_NODELIST=nid005231
HOME=/users/lazzaroa
SLURM_CLUSTER_NAME=lumi
CRAY_ACCEL_VENDOR=amd
PELOCAL_PRGENV=true
CMAKE_PREFIX_PATH=/opt/rocm-6.3.4/lib/cmake/hip:/appl/lumi/SW/system/EB/lumi-tools/24.05
PE_LIBSCI_REQUIRED_PRODUCTS=PE_MPICH
PE_MPICH_GTL_LIBS_amd_gfx942=-lmpi_gtl_hsa
SLURM_NODELIST=nid005231
PE_MPICH_GTL_LIBS_amd_gfx940=-lmpi_gtl_hsa
HOST=uan02
SLURM_NETWORK=single_node_vni
SLURM_GPUS_ON_NODE=8
SSH_CLIENT=178.197.255.34 43296 22
__LMOD_REF_COUNT_PE_GNU_FIXED_PKGCONFIG_PATH=/opt/cray/pe/mpich/9.0.1/ofi/gnu/12.3/lib/pkgconfig:1
__LMOD_REF_COUNT_LMOD_MODULERCFILE=/appl/lumi/LUMI-SoftwareStack/LMOD/modulerc.lua:1
LMOD_VERSION=8.7.55
XNLSPATH=/usr/X11R6/lib/X11/nls
PE_MPICH_FORTRAN_PKGCONFIG_LIBS=mpichf90
SLURM_NTASKS=2
PE_LIBSCI_PKGCONFIG_LIBS=libsci_mpi:libsci
XDG_SESSION_TYPE=tty
PREFIX_RCCL=/pfs/lustref1/flash/project_462000031/lazzaroa/openmpi_on_ss11/install_rccl_cpe
SDK_HOME=/usr/lib64/jvm/java-11-openjdk-11
CRAY_LMOD_CPU=x86-trento/1.0
PE_MPICH_GTL_LIBS_nvidia80=-lmpi_gtl_cuda
PE_LIBSCI_OMP_REQUIRES_openmp=_mp
LMOD_FAMILY_CRAYPE_CPU_VERSION=false
SLURM_JOB_CPUS_PER_NODE=56
GCC_PATH=/opt/cray/pe/gcc-native/14/bin
BASH_ENV=/opt/cray/pe/lmod/lmod/init/bash
XDG_DATA_DIRS=/appl/lumi/SW/system/EB/lumi-tools/24.05/share:/usr/share
_LUMI_INIT_FIRST_LOAD=1
__LMOD_REF_COUNT_PE_MPICH_FORTRAN_PKGCONFIG_LIBS=mpichf90:1
SLURM_THREADS_PER_CORE=1
SLURM_TOPOLOGY_ADDR=nid005231
PYTHON_PATH=/opt/cray/pe/python/3.11.7
LMOD_FAMILY_GCC_COMPILER_VERSION=14.2
CRAY_LMOD_NET=ofi/1.0
GTL_VERSION_DISPLAY=1
__LMOD_REF_COUNT_PE_PKGCONFIG_PRODUCTS=PE_MPICH:1;PE_LIBSCI:1;PE_DSMML:1;PE_XPMEM:1
PE_MPICH_MODULE_NAME=cray-mpich
RCCL_DIR=/pfs/lustref1/flash/project_462000031/lazzaroa/openmpi_on_ss11/rccl
LIBGL_DEBUG=quiet
MPICH_VERSION_DISPLAY=1
LMOD_FAMILY_CRAYPE_ACCEL_VERSION=false
PE_LIBSCI_VOLATILE_PKGCONFIG_PATH=/opt/cray/pe/libsci/25.03.0/@PRGENV@/@PE_LIBSCI_GENCOMPS@/@PE_LIBSCI_TARGET@/lib/pkgconfig
JDK_HOME=/usr/lib64/jvm/java-11-openjdk-11
__LMOD_REF_COUNT_PE_MPICH_FIXED_PRGENV=GNU:1
PE_MPICH_GTL_DIR_amd_gfx940=-L/opt/cray/pe/mpich/9.0.1/gtl/lib
PE_MPICH_GTL_DIR_amd_gfx942=-L/opt/cray/pe/mpich/9.0.1/gtl/lib
OUTPUT_DIR=/pfs/lustref1/flash/project_462000031/lazzaroa/openmpi_on_ss11/osu/craype/pt2pt
SLURM_JOB_NAME=job_lumi_singlenode.slurm
PROFILEREAD=true
TMPDIR=/tmp
PERFTOOLS_VERSION=25.03.0
SLURM_JOB_GPUS=0,1,2,3,4,5,6,7
__LMOD_REF_COUNT_CMAKE_PREFIX_PATH=/opt/rocm-6.3.4/lib/cmake/hip:1;/appl/lumi/SW/system/EB/lumi-tools/24.05:1
LMOD_sys=Linux
_ModuleTable010_=YXRoKFwiTU9EVUxFUEFUSFwiLFwiL29wdC9jcmF5L3BlL2xtb2QvbW9kdWxlZmlsZXMvY29tbmV0L2dudS8xMi4wL29maS8xLjBcIikiLAp9LApmbiA9ICIvb3B0L2NyYXkvcGUvbG1vZC9tb2R1bGVmaWxlcy9jb3JlL2djYy1uYXRpdmUvMTQuMi5sdWEiLApmdWxsTmFtZSA9ICJnY2MtbmF0aXZlLzE0LjIiLApsb2FkT3JkZXIgPSA4LApwcm9wVCA9IHt9LApzdGFja0RlcHRoID0gMSwKc3RhdHVzID0gImFjdGl2ZSIsCnVzZXJOYW1lID0gImdjYy1uYXRpdmUiLAp3ViA9ICJeMDAwMDAwMTQuMDAwMDAwMDAyLip6ZmluYWwiLAp9LApbImluaXQtbHVtaSJdID0gewphY3Rpb25BID0gewoicHJlcGVuZF9wYXRoKFwiTU9EVUxFUEFUSFwiLFwiL2FwcGwvbHVtaS9tb2R1bGVzL2Vh
PE_PKGCONFIG_LIBS=rocm-6.3.4:mpich:libsci_mpi:libsci:dsmml
CRAY_ACCEL_TARGET=amd_gfx90a
SLURM_JOBID=16469600
_ModuleTable001_=X01vZHVsZVRhYmxlXyA9IHsKTVR2ZXJzaW9uID0gMywKY19yZWJ1aWxkVGltZSA9IGZhbHNlLApjX3Nob3J0VGltZSA9IGZhbHNlLApkZXB0aFQgPSB7fSwKZmFtaWx5ID0gewpQcmdFbnYgPSAiUHJnRW52LWdudSIsCmNvbXBpbGVyID0gImdjYy1uYXRpdmUiLApjcmF5cGUgPSAiY3JheXBlIiwKY3JheXBlX2FjY2VsID0gImNyYXlwZS1hY2NlbC1hbWQtZ2Z4OTBhIiwKY3JheXBlX2NwdSA9ICJjcmF5cGUteDg2LXRyZW50byIsCmNyYXlwZV9uZXR3b3JrID0gImNyYXlwZS1uZXR3b3JrLW9maSIsCmdjY19jb21waWxlciA9ICJnY2MtbmF0aXZlIiwKbGlic2NpID0gImNyYXktbGlic2NpIiwKbXBpID0gImNyYXktbXBpY2giLAp9LAptVCA9IHsKTW9kdWxlTGFiZWwgPSB7CmZu
SLURM_CONF=/etc/slurm/slurm.conf
LOADEDMODULES=craype-network-ofi:perftools-base/25.03.0:xpmem/2.11.5-1.3_g73ade43320bc:ModuleLabel/label:lumi-tools/24.05:init-lumi/0.2:cray-python/3.11.7:gcc-native/14.2:craype/2.7.34:cray-dsmml/0.3.1:cray-libsci/25.03.0:PrgEnv-gnu/8.6.0:libfabric/1.22.0:cray-mpich/9.0.1:craype-x86-trento:craype-accel-amd-gfx90a:rocm/6.3.4
LMOD_AVAIL_STYLE=<label>:PEhierarchy:system
CRAYPE_NETWORK_TARGET=ofi
_ModuleTable006_=a0RlcHRoID0gMCwKc3RhdHVzID0gImFjdGl2ZSIsCnVzZXJOYW1lID0gImNyYXktcHl0aG9uIiwKd1YgPSAiXjAwMDAwMDAzLjAwMDAwMDAxMS4wMDAwMDAwMDcuKnpmaW5hbCIsCn0sCmNyYXlwZSA9IHsKZm4gPSAiL29wdC9jcmF5L3BlL2xtb2QvbW9kdWxlZmlsZXMvY29yZS9jcmF5cGUvMi43LjM0Lmx1YSIsCmZ1bGxOYW1lID0gImNyYXlwZS8yLjcuMzQiLApsb2FkT3JkZXIgPSA5LApwcm9wVCA9IHt9LApzdGFja0RlcHRoID0gMSwKc3RhdHVzID0gImFjdGl2ZSIsCnVzZXJOYW1lID0gImNyYXlwZSIsCndWID0gIl4wMDAwMDAwMi4wMDAwMDAwMDcuMDAwMDAwMDM0Lip6ZmluYWwiLAp9LApbImNyYXlwZS1hY2NlbC1hbWQtZ2Z4OTBhIl0gPSB7CmZuID0gIi9vcHQvY3Jh
__LMOD_REF_COUNT_MANPATH=/opt/rocm-6.3.4/share/man:1;/opt/cray/pe/mpich/9.0.1/ofi/man:1;/opt/cray/pe/mpich/9.0.1/man/mpich:1;/opt/cray/libfabric/1.22.0/share/man:1;/opt/cray/pe/libsci/25.03.0/share/man:1;/opt/cray/pe/dsmml/0.3.1/dsmml/man:1;/opt/cray/pe/craype/2.7.34/man:1;/opt/cray/pe/python/3.11.7/share/man:1;/appl/lumi/SW/system/EB/lumi-tools/24.05/share/man:1;/opt/cray/pe/perftools/25.03.0/man:1;/opt/cray/pe/papi/7.2.0.1/share/pdoc/man:1;/opt/cray/pe/lmod/lmod/share/man:1;/users/lazzaroa/.local/share/man:1;/usr/local/man:1;/usr/share/man:1
_ModuleTable003_=Y2tEZXB0aCA9IDEsCnN0YXR1cyA9ICJhY3RpdmUiLAp1c2VyTmFtZSA9ICJQcmdFbnYtZ251IiwKd1YgPSAiXjAwMDAwMDA4LjAwMDAwMDAwNi4qemZpbmFsIiwKfSwKWyJjcmF5LWRzbW1sIl0gPSB7CmZuID0gIi9vcHQvY3JheS9wZS9sbW9kL21vZHVsZWZpbGVzL2NvcmUvY3JheS1kc21tbC8wLjMuMS5sdWEiLApmdWxsTmFtZSA9ICJjcmF5LWRzbW1sLzAuMy4xIiwKbG9hZE9yZGVyID0gMTAsCnByb3BUID0ge30sCnN0YWNrRGVwdGggPSAxLApzdGF0dXMgPSAiYWN0aXZlIiwKdXNlck5hbWUgPSAiY3JheS1kc21tbCIsCndWID0gIl4wMDAwMDAwMC4wMDAwMDAwMDMuMDAwMDAwMDAxLip6ZmluYWwiLAp9LApbImNyYXktbGlic2NpIl0gPSB7CmZuID0gIi9vcHQvY3JheS9w
LMOD_ROOT=/opt/cray/pe/lmod
SLURM_JOB_QOS=normal
SLURM_TOPOLOGY_ADDR_PATTERN=node
SSH_TTY=/dev/pts/36
PAT_RT_PERFCTR_DISABLE_COMPONENTS=nvml,rocm_smi
LUMI_LMOD_FAMILY_CRAYPE_NETWORK=craype-network-ofi
CRAY_MPICH_ROOTDIR=/opt/cray/pe/mpich/9.0.1
_ModuleTable013_=c2UiXSA9IHsKYWN0aW9uQSA9IHsKInByZXBlbmRfcGF0aChcIk1PRFVMRVBBVEhcIixcIi9vcHQvY3JheS9wZS9sbW9kL21vZHVsZWZpbGVzL3BlcmZ0b29scy8yNS4wMy4wXCIpIiwKfSwKZm4gPSAiL29wdC9jcmF5L3BlL2xtb2QvbW9kdWxlZmlsZXMvY29yZS9wZXJmdG9vbHMtYmFzZS8yNS4wMy4wLmx1YSIsCmZ1bGxOYW1lID0gInBlcmZ0b29scy1iYXNlLzI1LjAzLjAiLApsb2FkT3JkZXIgPSAyLApwcm9wVCA9IHt9LApzdGFja0RlcHRoID0gMCwKc3RhdHVzID0gImFjdGl2ZSIsCnVzZXJOYW1lID0gInBlcmZ0b29scy1iYXNlIiwKd1YgPSAiXjAwMDAwMDI1LjAwMDAwMDAwMy4qemZpbmFsIiwKfSwKcm9jbSA9IHsKZm4gPSAiL29wdC9jcmF5L3BlL2xtb2QvbW9kdWxl
MOTD_SHOWN=pam
MAIL=/var/spool/mail/lazzaroa
SLURM_CPUS_ON_NODE=56
SLURM_JOB_NUM_NODES=1
_ModuleTable016_=L2NvbXBpbGVyL2dudS8xMi4wIgosICIvYXBwbC9sdW1pL21vZHVsZXMvZWFzeWJ1aWxkL3N5c3RlbSIKLCAiL29wdC9jcmF5L3BlL2xtb2QvbW9kdWxlZmlsZXMvcGVyZnRvb2xzLzI1LjAzLjAiCiwgIi9vcHQvY3JheS9wZS9sbW9kL21vZHVsZWZpbGVzL25ldC9vZmkvMS4wIiwgIi9vcHQvY3JheS9wZS9tb2R1bGVmaWxlcy9MaW51eCIKLCAiL29wdC9jcmF5L3BlL21vZHVsZWZpbGVzL0NvcmUiLCAiL29wdC9jcmF5L3BlL2xtb2QvbG1vZC9tb2R1bGVmaWxlcy9Db3JlIgosICIvb3B0L2NyYXkvcGUvbG1vZC9tb2R1bGVmaWxlcy9jb3JlIgosICIvb3B0L2NyYXkvcGUvbG1vZC9tb2R1bGVmaWxlcy9jcmF5cGUtdGFyZ2V0cy9kZWZhdWx0IgosICIvYXBwbC9sdW1pL21vZHVs
LESSKEY=/etc/lesskey.bin
LUMI_LMOD_FAMILY_COMPILER=gcc-native
_ModuleTable009_=YXVsdC9jcmF5cGUteDg2LXRyZW50by5sdWEiLApmdWxsTmFtZSA9ICJjcmF5cGUteDg2LXRyZW50byIsCmxvYWRPcmRlciA9IDE1LApwcm9wVCA9IHt9LApzdGFja0RlcHRoID0gMCwKc3RhdHVzID0gImFjdGl2ZSIsCnVzZXJOYW1lID0gImNyYXlwZS14ODYtdHJlbnRvIiwKd1YgPSAiTS4qemZpbmFsIiwKfSwKWyJnY2MtbmF0aXZlIl0gPSB7CmFjdGlvbkEgPSB7CgoicHJlcGVuZF9wYXRoKFwiTU9EVUxFUEFUSFwiLFwiL29wdC9jcmF5L3BlL2xtb2QvbW9kdWxlZmlsZXMvY29tcGlsZXIvZ251LzEyLjBcIikiCiwgInByZXBlbmRfcGF0aChcIk1PRFVMRVBBVEhcIixcIi9vcHQvY3JheS9wZS9sbW9kL21vZHVsZWZpbGVzL21peF9jb21waWxlcnNcIikiLCAicHJlcGVuZF9w
TERM=xterm-256color
SHELL=/bin/bash
LUMI_LMOD_FAMILY_COMPILER_VERSION=14.2
CRAY_MPICH_VER=9.0.1
LMOD_ADMIN_FILE=/appl/lumi/LUMI-SoftwareStack/LMOD/admin.list
XDG_SESSION_CLASS=user
PE_MPICH_FIXED_PRGENV=GNU
CRAY_LIBSCI_PREFIX=/opt/cray/pe/libsci/25.03.0/GNU/12.3/x86_64
CRAY_ROCM_VERSION=6.3.4
LMOD_FAMILY_PRGENV=PrgEnv-gnu
_ModuleTable_Sz_=18
SLURM_JOB_UID=10013986
CRAY_PYTHON_PREFIX=/opt/cray/pe/python/3.11.7
CRAY_LIBSCI_VERSION=25.03.0
SLURM_JOB_PARTITION=standard-g
MPICH_SMP_SINGLE_COPY_MODE=XPMEM
LMOD_FAMILY_COMPILER=gcc-native
_ModuleTable018_=b2R1bGVzL1N0eWxlTW9kaWZpZXJzOi9hcHBsL2x1bWkvbW9kdWxlcy9pbml0LUxVTUktU29mdHdhcmVTdGFjazovb3B0L2NyYXkvbW9kdWxlZmlsZXMiLAp9Cg==
CRAY_DSMML_BASEDIR=/opt/cray/pe/dsmml/0.3.1
SLURM_HINT=nomultithread
CRAY_XPMEM_POST_LINK_OPTS=-L/usr/lib64
PE_MPICH_GENCOMPILERS_GNU=12.3
SLURM_JOB_USER=lazzaroa
SLURM_NPROCS=2
LUMI_LMOD_FAMILY_CRAYPE_CPU_VERSION=false
SHLVL=3
SLURM_SUBMIT_HOST=uan02
PYTHONPATH=/opt/cray/pe/python/3.11.7
CRAY_LIBSCI_PREFIX_DIR=/opt/cray/pe/libsci/25.03.0/GNU/12.3/x86_64
G_FILENAME_ENCODING=@locale,UTF-8,ISO-8859-15,CP1252
SLURM_JOB_ACCOUNT=project_462000031
GPUBIND=/pfs/lustref1/flash/project_462000031/lazzaroa/openmpi_on_ss11/select_gpu.sh
MANPATH=/pfs/lustref1/flash/project_462000031/lazzaroa/openmpi_on_ss11/install_rccl_cpe/man:/opt/rocm-6.3.4/share/man:/opt/cray/pe/mpich/9.0.1/ofi/man:/opt/cray/pe/mpich/9.0.1/man/mpich:/opt/cray/libfabric/1.22.0/share/man:/opt/cray/pe/libsci/25.03.0/share/man:/opt/cray/pe/dsmml/0.3.1/dsmml/man:/opt/cray/pe/craype/2.7.34/man:/opt/cray/pe/python/3.11.7/share/man:/appl/lumi/SW/system/EB/lumi-tools/24.05/share/man:/opt/cray/pe/perftools/25.03.0/man:/opt/cray/pe/papi/7.2.0.1/share/pdoc/man:/opt/cray/pe/lmod/lmod/share/man:/users/lazzaroa/.local/share/man:/usr/local/man:/usr/share/man
CRAY_DSMML_VERSION=0.3.1
CRAY_ROCM_INCLUDE_OPTS=-I/opt/rocm-6.3.4/include -I/opt/rocm-6.3.4/include/rocprofiler -I/opt/rocm-6.3.4/include/roctracer -I/opt/rocm-6.3.4/include/hip -D__HIP_PLATFORM_AMD__
MPICH_DIR=/opt/cray/pe/mpich/9.0.1/ofi/gnu/12.3
EBVERSIONLUMIMINTOOLS=24.05
HYDRA_BOOTSTRAP=slurm
PE_MPICH_GTL_LIBS_nvidia90=-lmpi_gtl_cuda
ROOT_DIR=/pfs/lustref1/flash/project_462000031/lazzaroa/openmpi_on_ss11
LUMI_LMOD_FAMILY_GCC_COMPILER_VERSION=14.2
MODULEPATH=/opt/cray/pe/lmod/modulefiles/cpu/x86-trento/1.0:/opt/cray/pe/lmod/modulefiles/mpi/gnu/12.0/ofi/1.0/cray-mpich/8.0:/opt/cray/pe/lmod/modulefiles/comnet/gnu/12.0/ofi/1.0:/opt/cray/pe/lmod/modulefiles/mix_compilers:/opt/cray/pe/lmod/modulefiles/compiler/gnu/12.0:/appl/lumi/modules/easybuild/system:/opt/cray/pe/lmod/modulefiles/perftools/25.03.0:/opt/cray/pe/lmod/modulefiles/net/ofi/1.0:/opt/cray/pe/modulefiles/Linux:/opt/cray/pe/modulefiles/Core:/opt/cray/pe/lmod/lmod/modulefiles/Core:/opt/cray/pe/lmod/modulefiles/core:/opt/cray/pe/lmod/modulefiles/craype-targets/default:/appl/lumi/modules/SoftwareStack:/appl/lumi/modules/StyleModifiers:/appl/lumi/modules/init-LUMI-SoftwareStack:/opt/cray/modulefiles
CRAY_MPICH_DIR=/opt/cray/pe/mpich/9.0.1/ofi/gnu/12.3
CRAY_PYTHON_VERSION=3.11.7
SLURM_GTIDS=0
LMOD_FAMILY_CRAYPE=craype
LOGNAME=lazzaroa
DBUS_SESSION_BUS_ADDRESS=unix:path=/run/user/10013986/bus
CRAY_MPICH_VERSION=9.0.1
XDG_RUNTIME_DIR=/run/user/10013986
MODULEPATH_ROOT=/opt/cray/pe/modulefiles
LMOD_PACKAGE_PATH=/appl/lumi/LUMI-SoftwareStack/LMOD
PE_MPICH_GTL_LIBS_amd_gfx906=-lmpi_gtl_hsa
PE_DSMML_PKGCONFIG_LIBS=dsmml
JRE_HOME=/usr/lib64/jvm/java-11-openjdk-11
PE_LIBSCI_PKGCONFIG_VARIABLES=PE_LIBSCI_OMP_REQUIRES_@openmp@:PE_SCI_EXT_LIBPATH:PE_SCI_EXT_LIBNAME
XDG_CONFIG_DIRS=/etc/xdg
PATH=/pfs/lustref1/flash/project_462000031/lazzaroa/openmpi_on_ss11/install_rccl_cpe/bin:/opt/rocm-6.3.4/bin:/opt/cray/pe/mpich/9.0.1/ofi/gnu/12.3/bin:/opt/cray/pe/mpich/9.0.1/bin:/opt/cray/libfabric/1.22.0/bin:/opt/cray/pe/craype/2.7.34/bin:/opt/cray/pe/gcc-native/14/bin:/opt/cray/pe/python/3.11.7/bin:/appl/lumi/SW/system/EB/lumi-tools/24.05/bin:/opt/cray/pe/perftools/25.03.0/bin:/opt/cray/pe/papi/7.2.0.1/bin:/users/lazzaroa/.local/bin:/users/lazzaroa/bin:/usr/local/bin:/usr/bin:/bin:/usr/lib/mit/bin:/usr/lib/mit/sbin:/opt/cray/pe/bin
PE_MPICH_GTL_LIBS_amd_gfx908=-lmpi_gtl_hsa
_ModuleTable014_=ZmlsZXMvY29yZS9yb2NtLzYuMy40Lmx1YSIsCmZ1bGxOYW1lID0gInJvY20vNi4zLjQiLApsb2FkT3JkZXIgPSAxNywKcHJvcFQgPSB7fSwKc3RhY2tEZXB0aCA9IDAsCnN0YXR1cyA9ICJhY3RpdmUiLAp1c2VyTmFtZSA9ICJyb2NtIiwKd1YgPSAiXjAwMDAwMDA2LjAwMDAwMDAwMy4wMDAwMDAwMDQuKnpmaW5hbCIsCn0sCnhwbWVtID0gewpmbiA9ICIvb3B0L2NyYXkvbW9kdWxlZmlsZXMveHBtZW0vMi4xMS41LTEuM19nNzNhZGU0MzMyMGJjIiwKZnVsbE5hbWUgPSAieHBtZW0vMi4xMS41LTEuM19nNzNhZGU0MzMyMGJjIiwKbG9hZE9yZGVyID0gMywKcHJvcFQgPSB7fSwKc3RhY2tEZXB0aCA9IDAsCnN0YXR1cyA9ICJhY3RpdmUiLAp1c2VyTmFtZSA9ICJ4cG1lbSIsCndW
JAVA_BINDIR=/usr/lib64/jvm/java-11-openjdk-11/bin
SLURM_JOB_ID=16469600
PE_MPICH_GTL_DIR_nvidia90=-L/opt/cray/pe/mpich/9.0.1/gtl/lib
__LMOD_REF_COUNT_PE_PRODUCT_LIST=CRAYPE_X86_TRENTO:1;CRAYPE:1;PERFTOOLS:1;CRAYPAT:1;CRAY_ACCEL:1;CRAY_ROCM:1
_LMFILES_=/opt/cray/pe/lmod/modulefiles/craype-targets/default/craype-network-ofi.lua:/opt/cray/pe/lmod/modulefiles/core/perftools-base/25.03.0.lua:/opt/cray/modulefiles/xpmem/2.11.5-1.3_g73ade43320bc:/appl/lumi/modules/StyleModifiers/ModuleLabel/label.lua:/appl/lumi/modules/easybuild/system/lumi-tools/24.05.lua:/appl/lumi/modules/init-LUMI-SoftwareStack/init-lumi/0.2.lua:/opt/cray/pe/lmod/modulefiles/core/cray-python/3.11.7.lua:/opt/cray/pe/lmod/modulefiles/core/gcc-native/14.2.lua:/opt/cray/pe/lmod/modulefiles/core/craype/2.7.34.lua:/opt/cray/pe/lmod/modulefiles/core/cray-dsmml/0.3.1.lua:/opt/cray/pe/lmod/modulefiles/compiler/gnu/12.0/cray-libsci/25.03.0.lua:/opt/cray/pe/lmod/modulefiles/core/PrgEnv-gnu/8.6.0.lua:/opt/cray/modulefiles/libfabric/1.22.0:/opt/cray/pe/lmod/modulefiles/comnet/gnu/12.0/ofi/1.0/cray-mpich/9.0.1.lua:/opt/cray/pe/lmod/modulefiles/craype-targets/default/craype-x86-trento.lua:/opt/cray/pe/lmod/modulefiles/craype-targets/default/craype-accel-amd-gfx90a.lua:/opt/cray/pe/lmod/modulefiles/core/rocm/6.3.4.lua
LMOD_FAMILY_LIBSCI_VERSION=25.03.0
MODULESHOME=/opt/cray/pe/lmod/lmod
PKG_CONFIG_PATH=/pfs/lustref1/flash/project_462000031/lazzaroa/openmpi_on_ss11/install_rccl_cpe/lib/pkgconfig:/usr/lib64/pkgconfig:/opt/cray/libfabric/1.22.0/lib64/pkgconfig:/opt/cray/pe/dsmml/0.3.1/dsmml/lib/pkgconfig:/opt/cray/pe/craype/2.7.34/pkg-config
LMOD_SETTARG_FULL_SUPPORT=no
G_BROKEN_FILENAMES=1
PE_GNU_FIXED_PKGCONFIG_PATH=/opt/cray/pe/mpich/9.0.1/ofi/gnu/12.3/lib/pkgconfig
_ModuleTable011_=c3lidWlsZC9zeXN0ZW1cIikiLAp9LApmbiA9ICIvYXBwbC9sdW1pL21vZHVsZXMvaW5pdC1MVU1JLVNvZnR3YXJlU3RhY2svaW5pdC1sdW1pLzAuMi5sdWEiLApmdWxsTmFtZSA9ICJpbml0LWx1bWkvMC4yIiwKbG9hZE9yZGVyID0gNiwKcHJvcFQgPSB7Cmxtb2QgPSB7CnN0aWNreSA9IDEsCn0sCn0sCnN0YWNrRGVwdGggPSAwLApzdGF0dXMgPSAiYWN0aXZlIiwKdXNlck5hbWUgPSAiaW5pdC1sdW1pIiwKd1YgPSAiMDAwMDAwMDAwLjAwMDAwMDAwMi4qemZpbmFsIiwKfSwKbGliZmFicmljID0gewpmbiA9ICIvb3B0L2NyYXkvbW9kdWxlZmlsZXMvbGliZmFicmljLzEuMjIuMCIsCmZ1bGxOYW1lID0gImxpYmZhYnJpYy8xLjIyLjAiLApsb2FkT3JkZXIgPSAxMywKcHJvcFQg
PREFIX_LIBFABRIC=/opt/cray/libfabric/1.22.0
PE_MPICH_GTL_LIBS_amd_gfx90a=-lmpi_gtl_hsa
HISTSIZE=1000
CRAYPE_DIR=/opt/cray/pe/craype/2.7.34
LMOD_PKG=/opt/cray/pe/lmod/lmod
__LMOD_REF_COUNT_PE_MPICH_PKGCONFIG_LIBS=mpich:1
GPUSID=4 2
OFFLOAD_INIT=on_start
__LMOD_REF_COUNT_PE_PKGCONFIG_LIBS=rocm-6.3.4:1;mpich:1;libsci_mpi:1;libsci:1;dsmml:1
CPU=x86_64
SSH_SENDS_LOCALE=yes
CRAYPE_VERSION=2.7.34
EBU_USER_PREFIX=/project/project_462000031/lazzaroa/EasyBuild
_ModuleTable005_=L21vZHVsZWZpbGVzL2NvbW5ldC9nbnUvMTIuMC9vZmkvMS4wL2NyYXktbXBpY2gvOS4wLjEubHVhIiwKZnVsbE5hbWUgPSAiY3JheS1tcGljaC85LjAuMSIsCmxvYWRPcmRlciA9IDE0LApwcm9wVCA9IHt9LApzdGFja0RlcHRoID0gMCwKc3RhdHVzID0gImFjdGl2ZSIsCnVzZXJOYW1lID0gImNyYXktbXBpY2gvOS4wLjEiLAp3ViA9ICIwMDAwMDAwMDkuMDAwMDAwMDAwLjAwMDAwMDAwMS4qemZpbmFsIiwKfSwKWyJjcmF5LXB5dGhvbiJdID0gewpmbiA9ICIvb3B0L2NyYXkvcGUvbG1vZC9tb2R1bGVmaWxlcy9jb3JlL2NyYXktcHl0aG9uLzMuMTEuNy5sdWEiLApmdWxsTmFtZSA9ICJjcmF5LXB5dGhvbi8zLjExLjciLApsb2FkT3JkZXIgPSA3LApwcm9wVCA9IHt9LApzdGFj
LMOD_CMD=/opt/cray/pe/lmod/lmod/libexec/lmod
SLURM_LOCALID=0
CRAY_MPICH_PREFIX=/opt/cray/pe/mpich/9.0.1/ofi/gnu/12.3
PE_GCC_EXTERNAL=native
LESSOPEN=lessopen.sh %s
CRAYPAT_OPTS_EXECUTABLE=libexec64/opts
CRAY_XPMEM_INCLUDE_OPTS=-I/usr/include
PE_LIBSCI_GENCOMPS_GNU_x86_64=123
LMOD_DIR=/opt/cray/pe/lmod/lmod/libexec
LMOD_FAMILY_MPI=cray-mpich
BASH_FUNC_module%%=() {  if [ -z "${LMOD_SH_DBG_ON+x}" ]; then
 case "$-" in 
 *v*x*)
 __lmod_sh_dbg='vx'
 ;;
 *v*)
 __lmod_sh_dbg='v'
 ;;
 *x*)
 __lmod_sh_dbg='x'
 ;;
 esac;
 fi;
 if [ -n "${__lmod_sh_dbg:-}" ]; then
 set +$__lmod_sh_dbg;
 echo "Shell debugging temporarily silenced: export LMOD_SH_DBG_ON=1 for Lmod's output" 1>&2;
 fi;
 eval "$($LMOD_CMD shell "$@")" && eval "$(${LMOD_SETTARG_CMD:-:} -s sh)";
 __lmod_my_status=$?;
 if [ -n "${__lmod_sh_dbg:-}" ]; then
 echo "Shell debugging restarted" 1>&2;
 set -$__lmod_sh_dbg;
 fi;
 unset __lmod_sh_dbg;
 return $__lmod_my_status
}
BASH_FUNC_ml%%=() {  eval "$($LMOD_DIR/ml_cmd "$@")"
}
_=/usr/bin/env
========
_singlenode_hardware_16469600
========
-- srun /pfs/lustref1/flash/project_462000031/lazzaroa/openmpi_on_ss11/osu/osu-craype//libexec/osu-micro-benchmarks//mpi/pt2pt/osu_bibw -c -b multiple D D
cpu-bind=MASK - nid005231, task  0  0 [113023]: mask 0xfefe000000000000fefe set
cpu-bind=MASK - nid005231, task  1  1 [113024]: mask 0xfefe000000000000fefe0000 set
0 gpu 4 2
1 gpu 2 2
MPI VERSION    : CRAY MPICH version 9.0.1.498 (ANL base 4.1.2)
MPI BUILD INFO : Wed Jul 16  9:39 2025 (git hash 0848216) (CH4)
CRAY GTL 0.1.0
BUILD INFO: Sat Jun 28 16:50:55 UTC 2025  by root (git hash 21cb022)

# OSU MPI-ROCM Bi-Directional Bandwidth Test v7.5.2
# Datatype: MPI_CHAR.
# Size      Bandwidth (MB/s)        Validation
1                       4.49              Pass
2                       9.45              Pass
4                      23.18              Pass
8                      45.98              Pass
16                     72.45              Pass
32                    145.81              Pass
64                    274.53              Pass
128                   371.17              Pass
256                   713.48              Pass
512                  1240.19              Pass
1024                    2.22              Pass
2048                    4.44              Pass
4096                    8.82              Pass
8192                  130.74              Pass
16384                 259.02              Pass
32768                 514.64              Pass
65536                1055.83              Pass
131072               2097.39              Pass
262144               4191.41              Pass
524288               8282.25              Pass
1048576             16877.48              Pass
2097152             33737.71              Pass
Memory access fault by GPU node-6 (Agent handle: 0x5d3b80) on address 0x1515c4000000. Reason: Unknown.
srun: error: nid005231: task 0: Aborted (core dumped)
srun: Terminating StepId=16469600.0
slurmstepd: error: *** STEP 16469600.0 ON nid005231 CANCELLED AT 2026-03-04T15:48:47 ***
srun: error: nid005231: task 1: Terminated
srun: Force Terminated StepId=16469600.0
-- srun /pfs/lustref1/flash/project_462000031/lazzaroa/openmpi_on_ss11/osu/osu-craype//libexec/osu-micro-benchmarks//mpi/pt2pt/osu_latency -c D D
cpu-bind=MASK - nid005231, task  0  0 [115663]: mask 0xfefe000000000000fefe set
cpu-bind=MASK - nid005231, task  1  1 [115664]: mask 0xfefe000000000000fefe0000 set
0 gpu 4 2
1 gpu 2 2
MPI VERSION    : CRAY MPICH version 9.0.1.498 (ANL base 4.1.2)
MPI BUILD INFO : Wed Jul 16  9:39 2025 (git hash 0848216) (CH4)
CRAY GTL 0.1.0
BUILD INFO: Sat Jun 28 16:50:55 UTC 2025  by root (git hash 21cb022)

# OSU MPI-ROCM Latency Test v7.5.2
# Datatype: MPI_CHAR.
# Size       Avg Latency(us)        Validation
1                       0.44              Pass
2                       0.44              Pass
4                       0.43              Pass
8                       0.44              Pass
16                      0.53              Pass
32                      0.54              Pass
64                      0.55              Pass
128                     0.70              Pass
256                     0.71              Pass
512                     0.81              Pass
1024                    2.84              Pass
2048                    2.77              Pass
4096                    2.78              Pass
8192                   12.76              Pass
16384                  12.76              Pass
32768                  12.94              Pass
65536                  13.41              Pass
131072                 14.20              Pass
262144                 15.85              Pass
524288                 19.40              Pass
1048576                27.11              Pass
2097152                42.33              Pass
4194304                72.26              Pass
-- srun /pfs/lustref1/flash/project_462000031/lazzaroa/openmpi_on_ss11/osu/osu-craype//libexec/osu-micro-benchmarks//mpi/pt2pt/osu_bibw -c -b multiple H H
cpu-bind=MASK - nid005231, task  0  0 [116659]: mask 0xfefe000000000000fefe set
cpu-bind=MASK - nid005231, task  1  1 [116660]: mask 0xfefe000000000000fefe0000 set
0 gpu 4 2
1 gpu 2 2
MPI VERSION    : CRAY MPICH version 9.0.1.498 (ANL base 4.1.2)
MPI BUILD INFO : Wed Jul 16  9:39 2025 (git hash 0848216) (CH4)
CRAY GTL 0.1.0
BUILD INFO: Sat Jun 28 16:50:55 UTC 2025  by root (git hash 21cb022)

# OSU MPI Bi-Directional Bandwidth Test v7.5.2
# Datatype: MPI_CHAR.
# Size      Bandwidth (MB/s)        Validation
1                       5.70              Pass
2                      11.35              Pass
4                      22.71              Pass
8                      46.53              Pass
16                     84.13              Pass
32                    161.87              Pass
64                    321.09              Pass
128                   457.70              Pass
256                   875.75              Pass
512                  1444.33              Pass
1024                 2581.10              Pass
2048                 4945.71              Pass
4096                 9317.83              Pass
8192                13891.68              Pass
16384               21319.64              Pass
32768               30384.80              Pass
65536               41417.42              Pass
131072              55882.17              Pass
262144              43353.94              Pass
524288              28450.27              Pass
1048576             23864.79              Pass
2097152             21215.39              Pass
4194304             21152.72              Pass
-- srun /pfs/lustref1/flash/project_462000031/lazzaroa/openmpi_on_ss11/osu/osu-craype//libexec/osu-micro-benchmarks//mpi/pt2pt/osu_latency -c H H
cpu-bind=MASK - nid005231, task  0  0 [117313]: mask 0xfefe000000000000fefe set
cpu-bind=MASK - nid005231, task  1  1 [117314]: mask 0xfefe000000000000fefe0000 set
1 gpu 2 2
0 gpu 4 2
MPI VERSION    : CRAY MPICH version 9.0.1.498 (ANL base 4.1.2)
MPI BUILD INFO : Wed Jul 16  9:39 2025 (git hash 0848216) (CH4)
CRAY GTL 0.1.0
BUILD INFO: Sat Jun 28 16:50:55 UTC 2025  by root (git hash 21cb022)

# OSU MPI Latency Test v7.5.2
# Datatype: MPI_CHAR.
# Size       Avg Latency(us)        Validation
1                       0.48              Pass
2                       0.49              Pass
4                       0.49              Pass
8                       0.48              Pass
16                      0.62              Pass
32                      0.62              Pass
64                      0.63              Pass
128                     0.81              Pass
256                     0.84              Pass
512                     0.82              Pass
1024                    0.91              Pass
2048                    0.92              Pass
4096                    0.94              Pass
8192                    1.08              Pass
16384                   1.35              Pass
32768                   1.70              Pass
65536                   2.45              Pass
131072                  3.62              Pass
262144                  7.07              Pass
524288                 18.53              Pass
1048576                33.84              Pass
2097152                64.06              Pass
4194304               126.77              Pass
-- srun /pfs/lustref1/flash/project_462000031/lazzaroa/openmpi_on_ss11/osu/osu-craype//libexec/osu-micro-benchmarks//xccl/pt2pt/osu_xccl_bibw -c -b multiple D D
cpu-bind=MASK - nid005231, task  0  0 [117756]: mask 0xfefe000000000000fefe set
cpu-bind=MASK - nid005231, task  1  1 [117757]: mask 0xfefe000000000000fefe0000 set
1 gpu 2 2
0 gpu 4 2
#Using RCCL
#Using RCCL
MPI VERSION    : CRAY MPICH version 9.0.1.498 (ANL base 4.1.2)
MPI BUILD INFO : Wed Jul 16  9:39 2025 (git hash 0848216) (CH4)
CRAY GTL 0.1.0
BUILD INFO: Sat Jun 28 16:50:55 UTC 2025  by root (git hash 21cb022)
# Send Buffer on DEVICE (D) and Receive Buffer on DEVICE (D)
# Size      Bandwidth (MB/s)        Validation
1                       0.24
2                       0.49
4                       0.98
8                       1.94
16                      3.89
32                      7.79
64                     15.55
128                    30.99
256                    61.00
512                   120.90
1024                  235.98
2048                  423.91
4096                  726.36
8192                 1518.09
16384                2947.71
32768                4593.02
65536                6318.97
131072              13301.32
262144              27156.58
524288              35697.60
1048576             42727.16
2097152             49816.67
4194304             55589.01
-- srun /pfs/lustref1/flash/project_462000031/lazzaroa/openmpi_on_ss11/osu/osu-craype//libexec/osu-micro-benchmarks//xccl/pt2pt/osu_xccl_latency -c D D
srun: Step created for StepId=16469600.5
cpu-bind=MASK - nid005231, task  0  0 [117898]: mask 0xfefe000000000000fefe set
cpu-bind=MASK - nid005231, task  1  1 [117899]: mask 0xfefe000000000000fefe0000 set
1 gpu 2 2
0 gpu 4 2
#Using RCCL
#Using RCCL
MPI VERSION    : CRAY MPICH version 9.0.1.498 (ANL base 4.1.2)
MPI BUILD INFO : Wed Jul 16  9:39 2025 (git hash 0848216) (CH4)
CRAY GTL 0.1.0
BUILD INFO: Sat Jun 28 16:50:55 UTC 2025  by root (git hash 21cb022)
# Send Buffer on DEVICE (D) and Receive Buffer on DEVICE (D)
# Size          Latency (us)        Validation
1                      20.92
2                      21.98
4                      21.75
8                      22.06
16                     22.17
32                     22.01
64                     22.06
128                    21.82
256                    21.81
512                    21.93
1024                   22.26
2048                   23.20
4096                   25.21
8192                   24.95
16384                  25.03
32768                  27.94
65536                  30.27
131072                 34.10
262144                 35.21
524288                 41.85
1048576                56.04
2097152                84.92
4194304               118.93
========
_singlenode_software_16469600
========
-- srun /pfs/lustref1/flash/project_462000031/lazzaroa/openmpi_on_ss11/osu/osu-craype//libexec/osu-micro-benchmarks//mpi/pt2pt/osu_bibw -c -b multiple D D
cpu-bind=MASK - nid005231, task  0  0 [118100]: mask 0xfefe000000000000fefe set
cpu-bind=MASK - nid005231, task  1  1 [118101]: mask 0xfefe000000000000fefe0000 set
1 gpu 2 2
0 gpu 4 2
MPI VERSION    : CRAY MPICH version 9.0.1.498 (ANL base 4.1.2)
MPI BUILD INFO : Wed Jul 16  9:39 2025 (git hash 0848216) (CH4)
CRAY GTL 0.1.0
BUILD INFO: Sat Jun 28 16:50:55 UTC 2025  by root (git hash 21cb022)

# OSU MPI-ROCM Bi-Directional Bandwidth Test v7.5.2
# Datatype: MPI_CHAR.
# Size      Bandwidth (MB/s)        Validation
1                       4.59              Pass
2                      10.64              Pass
4                      21.48              Pass
8                      42.43              Pass
16                     74.65              Pass
32                    157.16              Pass
64                    289.34              Pass
128                   410.63              Pass
256                   695.56              Pass
512                  1305.31              Pass
1024                    2.20              Pass
2048                    4.40              Pass
4096                    8.85              Pass
8192                  128.12              Pass
16384                 254.97              Pass
32768                 509.37              Pass
65536                1025.21              Pass
131072               2039.47              Pass
262144               4092.14              Pass
524288               8249.18              Pass
1048576             16217.53              Pass
2097152             32571.77              Pass
Memory access fault by GPU node-8 (Agent handle: 0x5dd330) on address 0x14740d800000. Reason: Unknown.
Failed to read GPU memory: Input/output error
GPU core dump failed
srun: error: nid005231: task 1: Aborted
srun: Terminating StepId=16469600.6
slurmstepd: error: *** STEP 16469600.6 ON nid005231 CANCELLED AT 2026-03-04T15:53:11 ***
srun: error: nid005231: task 0: Terminated
srun: Force Terminated StepId=16469600.6
-- srun /pfs/lustref1/flash/project_462000031/lazzaroa/openmpi_on_ss11/osu/osu-craype//libexec/osu-micro-benchmarks//mpi/pt2pt/osu_latency -c D D
cpu-bind=MASK - nid005231, task  0  0 [120527]: mask 0xfefe000000000000fefe set
cpu-bind=MASK - nid005231, task  1  1 [120528]: mask 0xfefe000000000000fefe0000 set
1 gpu 2 2
0 gpu 4 2
MPI VERSION    : CRAY MPICH version 9.0.1.498 (ANL base 4.1.2)
MPI BUILD INFO : Wed Jul 16  9:39 2025 (git hash 0848216) (CH4)
CRAY GTL 0.1.0
BUILD INFO: Sat Jun 28 16:50:55 UTC 2025  by root (git hash 21cb022)

# OSU MPI-ROCM Latency Test v7.5.2
# Datatype: MPI_CHAR.
# Size       Avg Latency(us)        Validation
1                       0.46              Pass
2                       0.46              Pass
4                       0.46              Pass
8                       0.46              Pass
16                      0.57              Pass
32                      0.57              Pass
64                      0.58              Pass
128                     0.76              Pass
256                     0.78              Pass
512                     0.88              Pass
1024                    2.95              Pass
2048                    2.92              Pass
4096                    2.97              Pass
8192                   13.63              Pass
16384                  13.71              Pass
32768                  13.97              Pass
65536                  14.39              Pass
131072                 15.02              Pass
262144                 16.74              Pass
524288                 20.12              Pass
1048576                27.93              Pass
2097152                43.27              Pass
4194304                72.84              Pass
-- srun /pfs/lustref1/flash/project_462000031/lazzaroa/openmpi_on_ss11/osu/osu-craype//libexec/osu-micro-benchmarks//mpi/pt2pt/osu_bibw -c -b multiple H H
cpu-bind=MASK - nid005231, task  0  0 [121241]: mask 0xfefe000000000000fefe set
cpu-bind=MASK - nid005231, task  1  1 [121242]: mask 0xfefe000000000000fefe0000 set
0 gpu 4 2
1 gpu 2 2
MPI VERSION    : CRAY MPICH version 9.0.1.498 (ANL base 4.1.2)
MPI BUILD INFO : Wed Jul 16  9:39 2025 (git hash 0848216) (CH4)
CRAY GTL 0.1.0
BUILD INFO: Sat Jun 28 16:50:55 UTC 2025  by root (git hash 21cb022)

# OSU MPI Bi-Directional Bandwidth Test v7.5.2
# Datatype: MPI_CHAR.
# Size      Bandwidth (MB/s)        Validation
1                       5.60              Pass
2                      11.25              Pass
4                      22.94              Pass
8                      45.84              Pass
16                     82.01              Pass
32                    164.00              Pass
64                    327.89              Pass
128                   460.23              Pass
256                   889.20              Pass
512                  1456.33              Pass
1024                 2590.54              Pass
2048                 4892.43              Pass
4096                 9216.12              Pass
8192                14011.87              Pass
16384               21410.97              Pass
32768               30534.26              Pass
65536               40067.72              Pass
131072              55042.12              Pass
262144              43440.55              Pass
524288              28242.16              Pass
1048576             23570.11              Pass
2097152             20977.25              Pass
4194304             20029.96              Pass
-- srun /pfs/lustref1/flash/project_462000031/lazzaroa/openmpi_on_ss11/osu/osu-craype//libexec/osu-micro-benchmarks//mpi/pt2pt/osu_latency -c H H
cpu-bind=MASK - nid005231, task  0  0 [121936]: mask 0xfefe000000000000fefe set
cpu-bind=MASK - nid005231, task  1  1 [121937]: mask 0xfefe000000000000fefe0000 set
1 gpu 2 2
0 gpu 4 2
MPI VERSION    : CRAY MPICH version 9.0.1.498 (ANL base 4.1.2)
MPI BUILD INFO : Wed Jul 16  9:39 2025 (git hash 0848216) (CH4)
CRAY GTL 0.1.0
BUILD INFO: Sat Jun 28 16:50:55 UTC 2025  by root (git hash 21cb022)

# OSU MPI Latency Test v7.5.2
# Datatype: MPI_CHAR.
# Size       Avg Latency(us)        Validation
1                       0.45              Pass
2                       0.45              Pass
4                       0.45              Pass
8                       0.44              Pass
16                      0.61              Pass
32                      0.61              Pass
64                      0.61              Pass
128                     0.80              Pass
256                     0.83              Pass
512                     0.80              Pass
1024                    0.90              Pass
2048                    0.92              Pass
4096                    0.94              Pass
8192                    1.08              Pass
16384                   1.33              Pass
32768                   1.69              Pass
65536                   2.30              Pass
131072                  3.66              Pass
262144                  7.03              Pass
524288                 18.38              Pass
1048576                33.97              Pass
2097152                64.04              Pass
4194304               129.78              Pass
-- srun /pfs/lustref1/flash/project_462000031/lazzaroa/openmpi_on_ss11/osu/osu-craype//libexec/osu-micro-benchmarks//xccl/pt2pt/osu_xccl_bibw -c -b multiple D D
cpu-bind=MASK - nid005231, task  0  0 [122420]: mask 0xfefe000000000000fefe set
cpu-bind=MASK - nid005231, task  1  1 [122421]: mask 0xfefe000000000000fefe0000 set
0 gpu 4 2
1 gpu 2 2
#Using RCCL
#Using RCCL
MPI VERSION    : CRAY MPICH version 9.0.1.498 (ANL base 4.1.2)
MPI BUILD INFO : Wed Jul 16  9:39 2025 (git hash 0848216) (CH4)
CRAY GTL 0.1.0
BUILD INFO: Sat Jun 28 16:50:55 UTC 2025  by root (git hash 21cb022)
# Send Buffer on DEVICE (D) and Receive Buffer on DEVICE (D)
# Size      Bandwidth (MB/s)        Validation
1                       0.24
2                       0.49
4                       0.98
8                       1.95
16                      3.91
32                      7.83
64                     15.42
128                    30.73
256                    60.53
512                   119.32
1024                  235.67
2048                  423.22
4096                  727.37
8192                 1509.47
16384                2934.85
32768                4574.64
65536                6299.96
131072              13278.85
262144              26656.04
524288              35824.98
1048576             42299.41
2097152             48322.65
4194304             55807.15
-- srun /pfs/lustref1/flash/project_462000031/lazzaroa/openmpi_on_ss11/osu/osu-craype//libexec/osu-micro-benchmarks//xccl/pt2pt/osu_xccl_latency -c D D
cpu-bind=MASK - nid005231, task  0  0 [122499]: mask 0xfefe000000000000fefe set
cpu-bind=MASK - nid005231, task  1  1 [122500]: mask 0xfefe000000000000fefe0000 set
1 gpu 2 2
0 gpu 4 2
#Using RCCL
#Using RCCL
MPI VERSION    : CRAY MPICH version 9.0.1.498 (ANL base 4.1.2)
MPI BUILD INFO : Wed Jul 16  9:39 2025 (git hash 0848216) (CH4)
CRAY GTL 0.1.0
BUILD INFO: Sat Jun 28 16:50:55 UTC 2025  by root (git hash 21cb022)
# Send Buffer on DEVICE (D) and Receive Buffer on DEVICE (D)
# Size          Latency (us)        Validation
1                      21.92
2                      22.09
4                      21.71
8                      22.06
16                     26.63
32                     24.42
64                     22.04
128                    24.80
256                    23.95
512                    22.18
1024                   22.38
2048                   23.05
4096                   25.45
8192                   26.06
16384                  24.58
32768                  26.39
65536                  30.31
131072                 33.94
262144                 34.98
524288                 41.92
1048576                56.12
2097152                84.75
4194304               118.59
========
_singlenode_hybrid_16469600
========
-- srun /pfs/lustref1/flash/project_462000031/lazzaroa/openmpi_on_ss11/osu/osu-craype//libexec/osu-micro-benchmarks//mpi/pt2pt/osu_bibw -c -b multiple D D
cpu-bind=MASK - nid005231, task  0  0 [122728]: mask 0xfefe000000000000fefe set
cpu-bind=MASK - nid005231, task  1  1 [122729]: mask 0xfefe000000000000fefe0000 set
0 gpu 4 2
1 gpu 2 2
MPI VERSION    : CRAY MPICH version 9.0.1.498 (ANL base 4.1.2)
MPI BUILD INFO : Wed Jul 16  9:39 2025 (git hash 0848216) (CH4)
CRAY GTL 0.1.0
BUILD INFO: Sat Jun 28 16:50:55 UTC 2025  by root (git hash 21cb022)

# OSU MPI-ROCM Bi-Directional Bandwidth Test v7.5.2
# Datatype: MPI_CHAR.
# Size      Bandwidth (MB/s)        Validation
1                       5.78              Pass
2                      10.48              Pass
4                      22.52              Pass
8                      39.56              Pass
16                     80.03              Pass
32                    148.18              Pass
64                    315.40              Pass
128                   392.07              Pass
256                   854.92              Pass
512                  1246.39              Pass
1024                    2.21              Pass
2048                    4.42              Pass
4096                    8.83              Pass
8192                  127.39              Pass
16384                 252.66              Pass
32768                 506.47              Pass
65536                1014.40              Pass
131072               2039.67              Pass
262144               4056.99              Pass
524288               8098.01              Pass
1048576             16063.91              Pass
2097152             32158.26              Pass
Memory access fault by GPU node-8 (Agent handle: 0x5dd330) on address 0x149055000000. Reason: Unknown.
srun: error: nid005231: task 1: Aborted
srun: Terminating StepId=16469600.12
slurmstepd: error: *** STEP 16469600.12 ON nid005231 CANCELLED AT 2026-03-04T15:57:42 ***
srun: error: nid005231: task 0: Terminated
srun: Force Terminated StepId=16469600.12
-- srun /pfs/lustref1/flash/project_462000031/lazzaroa/openmpi_on_ss11/osu/osu-craype//libexec/osu-micro-benchmarks//mpi/pt2pt/osu_latency -c D D
cpu-bind=MASK - nid005231, task  0  0 [125391]: mask 0xfefe000000000000fefe set
cpu-bind=MASK - nid005231, task  1  1 [125392]: mask 0xfefe000000000000fefe0000 set
1 gpu 2 2
0 gpu 4 2
MPI VERSION    : CRAY MPICH version 9.0.1.498 (ANL base 4.1.2)
MPI BUILD INFO : Wed Jul 16  9:39 2025 (git hash 0848216) (CH4)
CRAY GTL 0.1.0
BUILD INFO: Sat Jun 28 16:50:55 UTC 2025  by root (git hash 21cb022)

# OSU MPI-ROCM Latency Test v7.5.2
# Datatype: MPI_CHAR.
# Size       Avg Latency(us)        Validation
1                       0.46              Pass
2                       0.46              Pass
4                       0.46              Pass
8                       0.46              Pass
16                      0.58              Pass
32                      0.58              Pass
64                      0.58              Pass
128                     0.76              Pass
256                     0.79              Pass
512                     0.90              Pass
1024                    2.99              Pass
2048                    3.01              Pass
4096                    3.05              Pass
8192                   13.63              Pass
16384                  13.68              Pass
32768                  13.97              Pass
65536                  14.38              Pass
131072                 14.42              Pass
262144                 16.05              Pass
524288                 19.71              Pass
1048576                27.57              Pass
2097152                42.79              Pass
4194304                72.33              Pass
-- srun /pfs/lustref1/flash/project_462000031/lazzaroa/openmpi_on_ss11/osu/osu-craype//libexec/osu-micro-benchmarks//mpi/pt2pt/osu_bibw -c -b multiple H H
cpu-bind=MASK - nid005231, task  0  0 [126168]: mask 0xfefe000000000000fefe set
cpu-bind=MASK - nid005231, task  1  1 [126169]: mask 0xfefe000000000000fefe0000 set
0 gpu 4 2
1 gpu 2 2
MPI VERSION    : CRAY MPICH version 9.0.1.498 (ANL base 4.1.2)
MPI BUILD INFO : Wed Jul 16  9:39 2025 (git hash 0848216) (CH4)
CRAY GTL 0.1.0
BUILD INFO: Sat Jun 28 16:50:55 UTC 2025  by root (git hash 21cb022)

# OSU MPI Bi-Directional Bandwidth Test v7.5.2
# Datatype: MPI_CHAR.
# Size      Bandwidth (MB/s)        Validation
1                       5.68              Pass
2                      11.33              Pass
4                      22.96              Pass
8                      46.34              Pass
16                     84.47              Pass
32                    161.84              Pass
64                    323.14              Pass
128                   469.71              Pass
256                   884.54              Pass
512                  1452.97              Pass
1024                 2598.74              Pass
2048                 4866.80              Pass
4096                 9311.81              Pass
8192                13994.78              Pass
16384               20529.41              Pass
32768               30174.66              Pass
65536               41412.84              Pass
131072              54076.12              Pass
262144              42616.08              Pass
524288              28462.36              Pass
1048576             24322.83              Pass
2097152             21169.59              Pass
4194304             19998.52              Pass
-- srun /pfs/lustref1/flash/project_462000031/lazzaroa/openmpi_on_ss11/osu/osu-craype//libexec/osu-micro-benchmarks//mpi/pt2pt/osu_latency -c H H
cpu-bind=MASK - nid005231, task  0  0 [126850]: mask 0xfefe000000000000fefe set
cpu-bind=MASK - nid005231, task  1  1 [126851]: mask 0xfefe000000000000fefe0000 set
0 gpu 4 2
1 gpu 2 2
MPI VERSION    : CRAY MPICH version 9.0.1.498 (ANL base 4.1.2)
MPI BUILD INFO : Wed Jul 16  9:39 2025 (git hash 0848216) (CH4)
CRAY GTL 0.1.0
BUILD INFO: Sat Jun 28 16:50:55 UTC 2025  by root (git hash 21cb022)

# OSU MPI Latency Test v7.5.2
# Datatype: MPI_CHAR.
# Size       Avg Latency(us)        Validation
1                       0.45              Pass
2                       0.44              Pass
4                       0.48              Pass
8                       0.46              Pass
16                      0.60              Pass
32                      0.60              Pass
64                      0.60              Pass
128                     0.81              Pass
256                     0.84              Pass
512                     0.83              Pass
1024                    0.91              Pass
2048                    0.92              Pass
4096                    0.96              Pass
8192                    1.11              Pass
16384                   1.35              Pass
32768                   1.70              Pass
65536                   2.34              Pass
131072                  3.70              Pass
262144                  7.38              Pass
524288                 18.47              Pass
1048576                33.82              Pass
2097152                63.66              Pass
4194304               126.16              Pass
-- srun /pfs/lustref1/flash/project_462000031/lazzaroa/openmpi_on_ss11/osu/osu-craype//libexec/osu-micro-benchmarks//xccl/pt2pt/osu_xccl_bibw -c -b multiple D D
cpu-bind=MASK - nid005231, task  0  0 [127347]: mask 0xfefe000000000000fefe set
cpu-bind=MASK - nid005231, task  1  1 [127348]: mask 0xfefe000000000000fefe0000 set
0 gpu 4 2
1 gpu 2 2
#Using RCCL
#Using RCCL
MPI VERSION    : CRAY MPICH version 9.0.1.498 (ANL base 4.1.2)
MPI BUILD INFO : Wed Jul 16  9:39 2025 (git hash 0848216) (CH4)
CRAY GTL 0.1.0
BUILD INFO: Sat Jun 28 16:50:55 UTC 2025  by root (git hash 21cb022)
# Send Buffer on DEVICE (D) and Receive Buffer on DEVICE (D)
# Size      Bandwidth (MB/s)        Validation
1                       0.24
2                       0.49
4                       0.97
8                       1.92
16                      3.86
32                      7.72
64                     15.42
128                    30.71
256                    60.60
512                   119.82
1024                  233.32
2048                  419.62
4096                  719.52
8192                 1497.97
16384                2912.14
32768                4534.28
65536                6265.09
131072              13190.44
262144              26447.40
524288              35019.48
1048576             41622.00
2097152             47773.22
4194304             55327.86
-- srun /pfs/lustref1/flash/project_462000031/lazzaroa/openmpi_on_ss11/osu/osu-craype//libexec/osu-micro-benchmarks//xccl/pt2pt/osu_xccl_latency -c D D
cpu-bind=MASK - nid005231, task  0  0 [127459]: mask 0xfefe000000000000fefe set
cpu-bind=MASK - nid005231, task  1  1 [127460]: mask 0xfefe000000000000fefe0000 set
0 gpu 4 2
1 gpu 2 2
#Using RCCL
#Using RCCL
MPI VERSION    : CRAY MPICH version 9.0.1.498 (ANL base 4.1.2)
MPI BUILD INFO : Wed Jul 16  9:39 2025 (git hash 0848216) (CH4)
CRAY GTL 0.1.0
BUILD INFO: Sat Jun 28 16:50:55 UTC 2025  by root (git hash 21cb022)
# Send Buffer on DEVICE (D) and Receive Buffer on DEVICE (D)
# Size          Latency (us)        Validation
1                      21.66
2                      21.94
4                      21.78
8                      21.62
16                     21.75
32                     21.84
64                     22.06
128                    22.01
256                    21.98
512                    22.62
1024                   22.36
2048                   26.45
4096                   27.91
8192                   25.21
16384                  25.27
32768                  27.13
65536                  30.97
131072                 34.65
262144                 35.50
524288                 42.35
1048576                56.52
2097152                85.49
4194304               119.66
