Starting job 231941 on c1-1 on Olivia at Tue Mar 10 18:52:35 CET 2026

ROOT_DIR = /cluster/home/marcink/hpe_cug_paper/openmpi_on_ss11
ROOT_DIR = /cluster/home/marcink/hpe_cug_paper/openmpi_on_ss11
Running "module reset". Resetting modules to system default. The following $MODULEPATH directories have been removed: None

Lmod is automatically replacing "cce/19.0.0" with "gcc-native/14.2".


Due to MODULEPATH changes, the following have been reloaded:
  1) cray-libsci/25.03.0     2) cray-mpich/8.1.32


The following have been reloaded with a version change:
  1) gcc-native/14.2 => gcc-native/13.2


Currently Loaded Modules:
  1) init-NRIS                      (S)   8) craype/2.7.34
  2) craype-x86-turin                     9) cray-dsmml/0.3.1
  3) libfabric/1.22.0                    10) PrgEnv-gnu/8.6.0
  4) craype-network-ofi                  11) gcc-native/13.2
  5) perftools-base/25.03.0              12) cray-mpich/8.1.32
  6) xpmem/2.11.3-1.3_gdbda01a1eb3d      13) cray-libsci/25.03.0
  7) CrayEnv

  Where:
   S:  Module is Sticky, requires --force to unload or purge

 

-- srun /cluster/projects/nn9999k/marcink/software/osu-craype-x86/libexec/osu-micro-benchmarks//mpi/pt2pt/osu_bibw -b multiple D D
cpu-bind=MAP  - c1-1, task  0  0 [3053200]: mask 0x1 set
cpu-bind=MAP  - c1-1, task  1  1 [3053201]: mask 0x100000000000000000000000000000000 set

# OSU MPI Bi-Directional Bandwidth Test v7.5.2
# Datatype: MPI_CHAR.
# Size      Bandwidth (MB/s)
1                       4.65
2                       9.42
4                      19.06
8                      36.90
16                     74.87
32                    132.86
64                    211.19
128                   428.00
256                   880.06
512                  1476.95
1024                 2864.75
2048                 3499.62
4096                 6154.67
8192                18516.84
16384               29537.81
32768               41573.80
65536               58836.79
131072              71276.08
262144              66682.79
524288              48873.29
1048576             38817.62
2097152             36006.23
4194304             34606.43
-- srun /cluster/projects/nn9999k/marcink/software/osu-craype-x86/libexec/osu-micro-benchmarks//mpi/pt2pt/osu_latency D D
cpu-bind=MAP  - c1-1, task  0  0 [3053740]: mask 0x1 set
cpu-bind=MAP  - c1-1, task  1  1 [3053741]: mask 0x100000000000000000000000000000000 set

# OSU MPI Latency Test v7.5.2
# Datatype: MPI_CHAR.
# Size       Avg Latency(us)
1                       0.75
2                       0.74
4                       0.74
8                       0.74
16                      0.74
32                      0.85
64                      0.96
128                     0.97
256                     0.88
512                     1.00
1024                    1.19
2048                    1.44
4096                    1.73
8192                    1.85
16384                   1.96
32768                   2.07
65536                   2.41
131072                  2.97
262144                  4.03
524288                 17.51
1048576                21.72
2097152                44.58
4194304                79.86
-- srun /cluster/projects/nn9999k/marcink/software/osu-craype-x86/libexec/osu-micro-benchmarks//mpi/pt2pt/osu_bibw -b multiple H H
cpu-bind=MAP  - c1-1, task  0  0 [3054280]: mask 0x1 set
cpu-bind=MAP  - c1-1, task  1  1 [3054281]: mask 0x100000000000000000000000000000000 set

# OSU MPI Bi-Directional Bandwidth Test v7.5.2
# Datatype: MPI_CHAR.
# Size      Bandwidth (MB/s)
1                       4.58
2                       9.19
4                      18.51
8                      37.21
16                     73.74
32                    131.43
64                    203.80
128                   437.83
256                   874.56
512                  1548.38
1024                 2946.57
2048                 3704.94
4096                 7074.54
8192                18196.73
16384               26412.28
32768               42686.21
65536               59619.98
131072              71440.56
262144              67592.73
524288              46318.67
1048576             39539.23
2097152             36337.34
4194304             34960.55
-- srun /cluster/projects/nn9999k/marcink/software/osu-craype-x86/libexec/osu-micro-benchmarks//mpi/pt2pt/osu_latency H H
cpu-bind=MAP  - c1-1, task  0  0 [3055809]: mask 0x1 set
cpu-bind=MAP  - c1-1, task  1  1 [3055810]: mask 0x100000000000000000000000000000000 set

# OSU MPI Latency Test v7.5.2
# Datatype: MPI_CHAR.
# Size       Avg Latency(us)
1                       0.74
2                       0.74
4                       0.74
8                       0.74
16                      0.75
32                      0.84
64                      0.95
128                     0.96
256                     0.97
512                     1.00
1024                    1.20
2048                    1.48
4096                    1.71
8192                    1.55
16384                   1.63
32768                   1.75
65536                   2.31
131072                  2.84
262144                  3.94
524288                  7.63
1048576                21.40
2097152                43.58
4194304                77.10

Job 231941 consumed 0.6 billing hours and 0.0 GPU hours from project nn9997k.

Submitted 2026-03-10T18:52:34; waited 0.0 seconds in the queue after becoming eligible to run.

Requested wallclock time: 10.0 minutes
Elapsed wallclock time:   8.0 seconds

Job exited normally.

Task and CPU statistics:
ID                  CPUs  Tasks  CPU util                Start  Elapsed  Exit status
231941               256            0.0 %  2026-03-10T18:52:34    8.0 s  0
231941.batch         256      1     0.0 %  2026-03-10T18:52:34    8.0 s  0
231941.osu_bibw      128      2     0.0 %  2026-03-10T18:52:36    2.0 s  0
231941.osu_latency   128      2     0.0 %  2026-03-10T18:52:38    1.0 s  0
231941.osu_bibw      128      2     0.0 %  2026-03-10T18:52:39    2.0 s  0
231941.osu_latency   128      2     0.0 %  2026-03-10T18:52:41    1.0 s  0

Used CPU time:   0.8 CPU seconds
Unused CPU time: 34.1 CPU minutes

Memory statistics, in GiB:
ID                   Alloc   Usage
231941               700.0        
231941.batch         700.0     0.0
231941.osu_bibw      700.0     1.0
231941.osu_latency   700.0     0.0
231941.osu_bibw      700.0     1.0
231941.osu_latency   700.0     0.0

Job 231941 completed at Tue Mar 10 18:52:43 CET 2026
