SLURM_MEM_PER_CPU=0
SLURM_NODEID=0
SLURM_TASK_PID=124410
SLURM_PRIO_PROCESS=0
SLURM_SUBMIT_DIR=/pfs/lustrep1/users/makrotki/cug_2026/ompi/runs6x
SLURM_CPUS_PER_TASK=7
SLURM_GPUS_PER_NODE=8
SLURM_PROCID=0
SLURM_JOB_GID=327000092
SLURMD_NODENAME=nid005204
SLURM_JOB_END_TIME=1773067970
SLURM_TASKS_PER_NODE=8
SLURM_NNODES=1
SLURM_JOB_START_TIME=1773062570
SLURM_NTASKS_PER_NODE=8
SLURM_JOB_NODELIST=nid005204
SLURM_CLUSTER_NAME=lumi
SLURM_NODELIST=nid005204
SLURM_GPUS_ON_NODE=8
SLURM_NETWORK=single_node_vni
SLURM_NTASKS=8
SLURM_JOB_CPUS_PER_NODE=56
SLURM_TOPOLOGY_ADDR=nid005204
SLURM_THREADS_PER_CORE=1
SLURM_JOB_NAME=YourJobname
SLURM_JOB_GPUS=0,1,2,3,4,5,6,7
SLURM_JOBID=16599712
SLURM_CONF=/etc/slurm/slurm.conf
SLURM_JOB_QOS=normal
SLURM_TOPOLOGY_ADDR_PATTERN=node
SLURM_CPUS_ON_NODE=56
SLURM_JOB_NUM_NODES=1
SLURM_JOB_UID=327000092
SLURM_JOB_PARTITION=standard-g
SLURM_HINT=nomultithread
SLURM_JOB_USER=makrotki
SLURM_NPROCS=8
SLURM_SUBMIT_HOST=uan01
SLURM_JOB_ACCOUNT=project_465002282
SLURM_TRES_PER_TASK=cpu=7
SLURM_GTIDS=0
SLURM_JOB_ID=16599712
SLURM_LOCALID=0
Lmod has detected the following error: Swap failed: "PrgEnv-cray" is not
loaded.




Currently Loaded Modules:
  1) craype-x86-rome                     10) cray-dsmml/0.3.1
  2) craype-network-ofi                  11) cray-mpich/8.1.32
  3) perftools-base/25.03.0              12) cray-libsci/25.03.0
  4) xpmem/2.11.5-1.3_g73ade43320bc      13) PrgEnv-gnu/8.6.0
  5) ModuleLabel/label              (S)  14) craype-accel-amd-gfx90a
  6) lumi-tools/24.05               (S)  15) rocm/6.3.4
  7) init-lumi/0.2                  (S)  16) libfabric/2.3.1
  8) gcc-native/14.2                     17) openmpi/6x
  9) craype/2.7.34

  Where:
   S:  Module is Sticky, requires --force to unload or purge
FI_LNX_PROV_LINKS=shm+cxi
FI_SHM_USE_XPMEM=0
FI_CXI_RX_MATCH_MODE=hybrid
FI_PROVIDER=lnx

Currently Loaded Modules:
  1) craype-x86-rome                     10) cray-dsmml/0.3.1
  2) craype-network-ofi                  11) cray-mpich/8.1.32
  3) perftools-base/25.03.0              12) cray-libsci/25.03.0
  4) xpmem/2.11.5-1.3_g73ade43320bc      13) PrgEnv-gnu/8.6.0
  5) ModuleLabel/label              (S)  14) craype-accel-amd-gfx90a
  6) lumi-tools/24.05               (S)  15) rocm/6.3.4
  7) init-lumi/0.2                  (S)  16) libfabric/2.3.1
  8) gcc-native/14.2                     17) openmpi/6x
  9) craype/2.7.34

  Where:
   S:  Module is Sticky, requires --force to unload or purge
	linux-vdso.so.1 (0x00007fff52964000)
	libamdhip64.so.6 => /opt/rocm-6.3.4/lib/libamdhip64.so.6 (0x00001530c2a8a000)
	libmpi.so.0 => /scratch/project_465002282/marcink/software/openmpi-6x/lib/libmpi.so.0 (0x00001530c26c9000)
	libstdc++.so.6 => /usr/lib64/libstdc++.so.6 (0x00001530c245d000)
	libm.so.6 => /lib64/libm.so.6 (0x00001530c2373000)
	libgcc_s.so.1 => /lib64/libgcc_s.so.1 (0x00001530c2346000)
	libc.so.6 => /lib64/libc.so.6 (0x00001530c2131000)
	libdl.so.2 => /lib64/libdl.so.2 (0x00001530c212e000)
	librocprofiler-register.so.0 => /opt/rocm-6.3.4/lib/librocprofiler-register.so.0 (0x00001530c2090000)
	librt.so.1 => /lib64/librt.so.1 (0x00001530c208b000)
	libamd_comgr.so.2 => /opt/rocm-6.3.4/lib/libamd_comgr.so.2 (0x00001530b9922000)
	libhsa-runtime64.so.1 => /opt/rocm-6.3.4/lib/libhsa-runtime64.so.1 (0x00001530b9616000)
	libnuma.so.1 => /usr/lib64/libnuma.so.1 (0x00001530b9400000)
	libpthread.so.0 => /lib64/libpthread.so.0 (0x00001530b9613000)
	/lib64/ld-linux-x86-64.so.2 (0x00001530c4014000)
	libopen-pal.so.0 => /scratch/project_465002282/marcink/software/openmpi-6x/lib/libopen-pal.so.0 (0x00001530b92b8000)
	libfabric.so.1 => /scratch/project_465002282/marcink/software/libfabric-2.3.1/lib/libfabric.so.1 (0x00001530b9183000)
	libnl-route-3.so.200 => /usr/lib64/libnl-route-3.so.200 (0x00001530b90ef000)
	libnl-3.so.200 => /usr/lib64/libnl-3.so.200 (0x00001530b90cc000)
	libxpmem.so.0 => /usr/lib64/libxpmem.so.0 (0x00001530b960e000)
	libpmix.so.2 => /scratch/project_465002282/marcink/software/openmpi-6x/lib/libpmix.so.2 (0x00001530b8e4b000)
	libevent_core-2.1.so.7 => /scratch/project_465002282/marcink/software/openmpi-6x/lib/libevent_core-2.1.so.7 (0x00001530b8e17000)
	libevent_pthreads-2.1.so.7 => /scratch/project_465002282/marcink/software/openmpi-6x/lib/libevent_pthreads-2.1.so.7 (0x00001530b8e13000)
	libhwloc.so.15 => /scratch/project_465002282/marcink/software/openmpi-6x/lib/libhwloc.so.15 (0x00001530b8db9000)
	libz.so.1 => /usr/lib64/libz.so.1 (0x00001530b8da0000)
	libzstd.so.1 => /usr/lib64/libzstd.so.1 (0x00001530b8ce1000)
	libelf.so.1 => /usr/lib64/libelf.so.1 (0x00001530b8a00000)
	libdrm.so.2 => /opt/amdgpu/lib64/libdrm.so.2 (0x00001530b8cc8000)
	libdrm_amdgpu.so.1 => /opt/amdgpu/lib64/libdrm_amdgpu.so.1 (0x00001530b8cba000)
	libcxi.so.1 => /scratch/project_465002282/marcink/software/libfabric-2.3.1/lib/libcxi.so.1 (0x00001530b8c6b000)
	libcurl.so.4 => /usr/lib64/libcurl.so.4 (0x00001530b8923000)
	libjson-c.so.5 => /scratch/project_465002282/marcink/software/libfabric-2.3.1/lib/libjson-c.so.5 (0x00001530b8c59000)
	libatomic.so.1 => /usr/lib64/libatomic.so.1 (0x00001530b8c4d000)
	libnghttp2.so.14 => /usr/lib64/libnghttp2.so.14 (0x00001530b8c24000)
	libidn2.so.0 => /usr/lib64/libidn2.so.0 (0x00001530b8600000)
	libssh.so.4 => /usr/lib64/libssh.so.4 (0x00001530b88b4000)
	libpsl.so.5 => /usr/lib64/libpsl.so.5 (0x00001530b8200000)
	libssl.so.3 => /usr/lib64/libssl.so.3 (0x00001530b854a000)
	libcrypto.so.3 => /usr/lib64/libcrypto.so.3 (0x00001530b7c89000)
	libgssapi_krb5.so.2 => /usr/lib64/libgssapi_krb5.so.2 (0x00001530b8862000)
	libldap_r-2.4.so.2 => /usr/lib64/libldap_r-2.4.so.2 (0x00001530b84f5000)
	liblber-2.4.so.2 => /usr/lib64/liblber-2.4.so.2 (0x00001530b8852000)
	libbrotlidec.so.1 => /usr/lib64/libbrotlidec.so.1 (0x00001530b8845000)
	libmpi_gtl_hsa.so.0 => /opt/cray/pe/lib64/libmpi_gtl_hsa.so.0 (0x00001530b8451000)
	libunistring.so.2 => /usr/lib64/libunistring.so.2 (0x00001530b7800000)
	libjitterentropy.so.3 => /usr/lib64/libjitterentropy.so.3 (0x00001530b883d000)
	libkrb5.so.3 => /usr/lib64/libkrb5.so.3 (0x00001530b7bae000)
	libk5crypto.so.3 => /usr/lib64/libk5crypto.so.3 (0x00001530b8826000)
	libcom_err.so.2 => /lib64/libcom_err.so.2 (0x00001530b8c19000)
	libkrb5support.so.0 => /usr/lib64/libkrb5support.so.0 (0x00001530b8442000)
	libsasl2.so.3 => /usr/lib64/libsasl2.so.3 (0x00001530b8424000)
	libbrotlicommon.so.1 => /usr/lib64/libbrotlicommon.so.1 (0x00001530b7b8c000)
	libkeyutils.so.1 => /usr/lib64/libkeyutils.so.1 (0x00001530b7400000)
	libresolv.so.2 => /lib64/libresolv.so.2 (0x00001530b8412000)
	libselinux.so.1 => /usr/lib64/libselinux.so.1 (0x00001530b77d3000)
	libpcre2-8.so.0 => /usr/lib64/libpcre2-8.so.0 (0x00001530b7717000)

# OSU MPI-ROCM Allreduce Latency Test v7.5.2
# Datatype: MPI_INT.
# Size       Avg Latency(us)
4                       5.43
8                       5.36
16                      5.31
32                      5.26
64                      5.73
128                     5.81
256                     6.03
512                     6.25
1024                    6.56
2048                   65.35
4096                   66.55
8192                   72.21
16384                  70.91
32768                  79.32
65536                 118.58
131072                187.26
262144                298.33
524288                492.93
1048576              1436.87

# OSU MPI-ROCM Allgather Latency Test v7.5.2
# Datatype: MPI_CHAR.
# Size       Avg Latency(us)
1                       4.91
2                       4.96
4                       4.96
8                       4.92
16                      5.04
32                      5.23
64                      5.45
128                     5.73
256                    35.71
512                    36.52
1024                   38.31
2048                   64.08
4096                   70.67
8192                   91.30
16384                 134.36
32768                  81.72
65536                  90.69
131072                 95.30
262144                116.83
524288                160.19
1048576               247.79

# OSU MPI-ROCM All-to-All Personalized Exchange Latency Test v7.5.2
# Datatype: MPI_CHAR.
# Size       Avg Latency(us)
1                       9.03
2                       9.00
4                       9.13
8                       8.97
16                      8.99
32                      8.94
64                      9.11
128                     9.32
256                    65.93
512                    66.77
1024                   69.26
2048                   62.74
4096                   96.91
8192                  100.32
16384                 100.85
32768                 101.85
65536                 104.99
131072                108.51
262144                112.88
524288                143.03
1048576               217.53
FI_LNX_PROV_LINKS=shm+cxi
FI_SHM_USE_XPMEM=0
FI_CXI_RX_MATCH_MODE=hybrid
FI_PROVIDER=cxi

# OSU MPI-ROCM Allreduce Latency Test v7.5.2
# Datatype: MPI_INT.
# Size       Avg Latency(us)
4                      11.58
8                      11.63
16                     11.63
32                     11.72
64                     11.82
128                    12.40
256                    14.90
512                    15.11
1024                   15.48
2048                   72.84
4096                   73.90
8192                  101.71
16384                  82.07
32768                  91.23
65536                 186.57
131072                195.04
262144                375.90
524288                643.65
1048576              1082.67

# OSU MPI-ROCM Allgather Latency Test v7.5.2
# Datatype: MPI_CHAR.
# Size       Avg Latency(us)
1                      11.36
2                      11.36
4                      11.34
8                      11.37
16                     11.42
32                     11.61
64                     12.75
128                    14.10
256                    44.17
512                    44.62
1024                   45.25
2048                   76.18
4096                   72.33
8192                   97.69
16384                 114.56
32768                1604.06
65536                1806.87
131072               2594.14
262144               2480.42
524288               2399.20
1048576              2088.42

# OSU MPI-ROCM All-to-All Personalized Exchange Latency Test v7.5.2
# Datatype: MPI_CHAR.
# Size       Avg Latency(us)
1                      12.81
2                      12.93
4                      12.93
8                      12.97
16                     13.02
32                     12.90
64                     12.86
128                    13.21
256                    68.41
512                    68.98
1024                   63.65
2048                   68.01
4096                   42.22
8192                  956.90
16384                1011.35
32768                 936.76
65536                 450.29
131072                302.12
262144                373.81
524288                987.63
1048576              1321.00
