Starting job 231974 on c1-1 on Olivia at Tue Mar 10 19:26:27 CET 2026

ROOT_DIR = /cluster/home/marcink/hpe_cug_paper/openmpi_on_ss11
ROOT_DIR = /cluster/home/marcink/hpe_cug_paper/openmpi_on_ss11
Running "module reset". Resetting modules to system default. The following $MODULEPATH directories have been removed: None

Lmod is automatically replacing "cce/19.0.0" with "gcc-native/14.2".


Due to MODULEPATH changes, the following have been reloaded:
  1) cray-libsci/25.03.0     2) cray-mpich/8.1.32


The following have been reloaded with a version change:
  1) cray-mpich/8.1.32 => cray-mpich/9.0.1


Currently Loaded Modules:
  1) init-NRIS                      (S)   8) gcc-native/14.2
  2) craype-x86-turin                     9) craype/2.7.34
  3) libfabric/1.22.0                    10) cray-dsmml/0.3.1
  4) craype-network-ofi                  11) cray-libsci/25.03.0
  5) perftools-base/25.03.0              12) PrgEnv-gnu/8.6.0
  6) xpmem/2.11.3-1.3_gdbda01a1eb3d      13) cray-mpich/9.0.1
  7) CrayEnv

  Where:
   S:  Module is Sticky, requires --force to unload or purge

 

-- srun /cluster/projects/nn9999k/marcink/software/osu-craype-x86/libexec/osu-micro-benchmarks//mpi/pt2pt/osu_bibw -b multiple D D
cpu-bind=MAP  - c1-1, task  0  0 [3517360]: mask 0x1 set
cpu-bind=MAP  - c1-1, task  1  1 [3517361]: mask 0x100000000 set

# OSU MPI Bi-Directional Bandwidth Test v7.5.2
# Datatype: MPI_CHAR.
# Size      Bandwidth (MB/s)
1                       6.70
2                      12.40
4                      26.35
8                      53.39
16                    107.25
32                    191.82
64                    359.21
128                   682.99
256                  1252.43
512                  2196.14
1024                 3730.20
2048                 5873.75
4096                 6661.68
8192                24118.92
16384               36831.46
32768               51016.50
65536               67018.18
131072              80961.16
262144              58740.12
524288              50779.25
1048576             36423.52
2097152             41588.52
4194304             55156.88
-- srun /cluster/projects/nn9999k/marcink/software/osu-craype-x86/libexec/osu-micro-benchmarks//mpi/pt2pt/osu_latency D D
cpu-bind=MAP  - c1-1, task  0  0 [3517900]: mask 0x1 set
cpu-bind=MAP  - c1-1, task  1  1 [3517901]: mask 0x100000000 set

# OSU MPI Latency Test v7.5.2
# Datatype: MPI_CHAR.
# Size       Avg Latency(us)
1                       0.48
2                       0.48
4                       0.48
8                       0.48
16                      0.48
32                      0.54
64                      0.58
128                     0.57
256                     0.61
512                     0.65
1024                    0.78
2048                    1.06
4096                    1.39
8192                    1.02
16384                   1.08
32768                   1.41
65536                   1.80
131072                  2.57
262144                  3.58
524288                  9.90
1048576                18.27
2097152                36.58
4194304                71.47
-- srun /cluster/projects/nn9999k/marcink/software/osu-craype-x86/libexec/osu-micro-benchmarks//mpi/pt2pt/osu_bibw -b multiple H H
cpu-bind=MAP  - c1-1, task  0  0 [3518752]: mask 0x1 set
cpu-bind=MAP  - c1-1, task  1  1 [3518753]: mask 0x100000000 set

# OSU MPI Bi-Directional Bandwidth Test v7.5.2
# Datatype: MPI_CHAR.
# Size      Bandwidth (MB/s)
1                       6.73
2                      13.30
4                      27.08
8                      55.00
16                    119.17
32                    201.36
64                    355.25
128                   681.27
256                  1167.68
512                  2053.25
1024                 3709.01
2048                 5769.08
4096                 7117.69
8192                24305.69
16384               32378.67
32768               51307.41
65536               69207.57
131072              77684.20
262144              59266.88
524288              50033.17
1048576             59614.04
2097152             56603.21
4194304             55106.86
-- srun /cluster/projects/nn9999k/marcink/software/osu-craype-x86/libexec/osu-micro-benchmarks//mpi/pt2pt/osu_latency H H
cpu-bind=MAP  - c1-1, task  0  0 [3519991]: mask 0x1 set
cpu-bind=MAP  - c1-1, task  1  1 [3519993]: mask 0x100000000 set

# OSU MPI Latency Test v7.5.2
# Datatype: MPI_CHAR.
# Size       Avg Latency(us)
1                       0.48
2                       0.49
4                       0.48
8                       0.48
16                      0.48
32                      0.54
64                      0.56
128                     0.58
256                     0.60
512                     0.65
1024                    0.78
2048                    1.04
4096                    1.39
8192                    0.96
16384                   1.07
32768                   1.42
65536                   1.79
131072                  2.58
262144                  3.57
524288                  9.39
1048576                17.97
2097152                36.65
4194304                71.45

Job 231974 consumed 0.4 billing hours and 0.0 GPU hours from project nn9997k.

Submitted 2026-03-10T19:26:26; waited 0.0 seconds in the queue after becoming eligible to run.

Requested wallclock time: 10.0 minutes
Elapsed wallclock time:   6.0 seconds

Job exited normally.

Task and CPU statistics:
ID                  CPUs  Tasks  CPU util                Start  Elapsed  Exit status
231974               256            0.0 %  2026-03-10T19:26:26    6.0 s  0
231974.batch         256      1     0.0 %  2026-03-10T19:26:26    6.0 s  0
231974.osu_bibw      128      2     0.0 %  2026-03-10T19:26:28    1.0 s  0
231974.osu_latency   128      2     0.0 %  2026-03-10T19:26:29    1.0 s  0
231974.osu_bibw      128      2     0.0 %  2026-03-10T19:26:30    1.0 s  0
231974.osu_latency   128      2     0.0 %  2026-03-10T19:26:31    1.0 s  0

Used CPU time:   0.7 CPU seconds
Unused CPU time: 25.6 CPU minutes

Memory statistics, in GiB:
ID                   Alloc   Usage
231974               700.0        
231974.batch         700.0     0.0
231974.osu_bibw      700.0     1.0
231974.osu_latency   700.0     0.0
231974.osu_bibw      700.0     1.0
231974.osu_latency   700.0     0.0

Job 231974 completed at Tue Mar 10 19:26:33 CET 2026
