ROOT_DIR = /pfs/lustref1/flash/project_462000031/lazzaroa/openmpi_on_ss11
/pfs/lustref1/flash/project_462000031/lazzaroa/openmpi_on_ss11 ~/flash_coe/openmpi_on_ss11/osu/ompi/collectives
ROOT_DIR = /pfs/lustref1/flash/project_462000031/lazzaroa/openmpi_on_ss11

Lmod is automatically replacing "cce/19.0.0" with "gcc-native/14.2".


Lmod is automatically replacing "PrgEnv-cray/8.6.0" with "PrgEnv-gnu/8.6.0".


Due to MODULEPATH changes, the following have been reloaded:
  1) cray-libsci/25.03.0     2) cray-mpich/8.1.32


Currently Loaded Modules:
  1) craype-x86-rome                      9) cray-python/3.11.7
  2) libfabric/1.22.0                    10) gcc-native/14.2
  3) craype-network-ofi                  11) craype/2.7.34
  4) perftools-base/25.03.0              12) cray-dsmml/0.3.1
  5) xpmem/2.11.5-1.3_g73ade43320bc      13) cray-mpich/8.1.32
  6) ModuleLabel/label              (S)  14) cray-libsci/25.03.0
  7) lumi-tools/24.05               (S)  15) PrgEnv-gnu/8.6.0
  8) init-lumi/0.2                  (S)  16) rocm/6.3.4

  Where:
   S:  Module is Sticky, requires --force to unload or purge
ROCM_PATH = /opt/rocm-6.3.4
XPMEM Lib path  = /usr/lib64
/pfs/lustref1/flash/project_462000031/lazzaroa/openmpi_on_ss11/install_libfabric
/pfs/lustref1/flash/project_462000031/lazzaroa/openmpi_on_ss11/install_rccl
~/flash_coe/openmpi_on_ss11/osu/ompi/collectives
============
#!/bin/bash

for NNODES in 1 2 4 8 16 32 64; do
#for NNODES in 4; do
#for NNODES in 64; do
sbatch -N $NNODES <<EOF
#!/bin/bash
#SBATCH --ntasks-per-node=8
#SBATCH -A project_462000031
#SBATCH -p standard-g
#SBATCH --gres=gpu:8
#SBATCH --exclusive
#SBATCH --network=single_node_vni
#SBATCH -o lumi-slurm-%j-coll_N${NNODES}.out
#SBATCH --time=0:30:00

# load runtime environment
ORIGINAL_SCRIPT=\$(scontrol show job "\$SLURM_JOB_ID" | awk -F= '/Command=/{print \$2}')
export OUTPUT_DIR=\$SLURM_SUBMIT_DIR
export ROOT_DIR=\$( cd -- "\$( dirname -- "\${ORIGINAL_SCRIPT}" )/../../.." &> /dev/null && pwd -P )
echo "ROOT_DIR = "\$ROOT_DIR

# Enable OpenMPI and RCCL
USE_CPE=0 source \$ROOT_DIR/sourceme_rccl.sh

# LUMI Binding
export BINDING="--bind-to core --map-by L3cache:pe=7 --mca hwloc_base_binding_policy core --mca hwloc_base_mem_bind policy:bind"

export PRTE_MCA_ras_base_launch_orted_on_hn=1
export PMIX_MCA_gds=^shmem2
#export NCCL_DEBUG=INFO
#export FI_LOG_LEVEL=debug

echo "============"
cat $0
echo "============"

env

for FI_CXI_RX_MATCH_MODE in software hybrid; do
    export FI_CXI_RX_MATCH_MODE=\$FI_CXI_RX_MATCH_MODE

    SUFFIX="_n\${SLURM_NTASKS}_\${FI_CXI_RX_MATCH_MODE}_\${SLURM_JOB_ID}"

    echo "========"
    echo \$SUFFIX
    echo "========"

    # Consider validation
#    OSU_ARGS=" -c "
    OSU_ARGS=" "

#    if false; then
    if [ "\${FI_CXI_RX_MATCH_MODE}" == "software" ]; then
    (
        echo "with LinkX"

        export FI_SHM_USE_XPMEM=1
        export FI_PROVIDER=lnx
        export FI_LNX_PROV_LINKS=shm+cxi # changed in the binding script
        export OMPI_MCA_opal_common_ofi_provider_include=lnx
        export OMPI_MCA_mtl_ofi_av=table
        export OMPI_MCA_pml=cm
        export OMPI_MCA_mtl=ofi
	export OMPI_MCA_smsc=xpmem
	export OMPI_MCA_mtl_ofi_disable_hmem=1 # avoid error on multiple nodes

	CMDS=("osu_alltoall -d rocm D D" "osu_allreduce -d rocm D D" "osu_allgather -d rocm D D" "osu_allreduce H H" "osu_alltoall H H" "osu_allgather H H")
#  	CMDS=("osu_allgather -d rocm D D" "osu_allgather H H")
        for cmd in "\${CMDS[@]}"; do
    	    run_osu_cmd "\$cmd" "mpi/collective" "_lnx\${SUFFIX}"
        done
    )
    fi # only software
#    fi

    (
        echo "no OpenMPI internal transport, only libfabric. Use CXI directly"

        export FI_SHM_USE_XPMEM=1
	export FI_PROVIDER=cxi
    	unset FI_LNX_PROV_LINKS
    	export OMPI_MCA_opal_common_ofi_provider_include=cxi
    	export OMPI_MCA_mtl_ofi_av=table
    	export OMPI_MCA_pml=cm
    	export OMPI_MCA_mtl=ofi
	export OMPI_MCA_smsc=xpmem

        CMDS=("osu_alltoall -d rocm D D" "osu_allreduce -d rocm D D" "osu_allgather -d rocm D D" "osu_allreduce H H" "osu_alltoall H H" "osu_allgather H H")
#       CMDS=("osu_allgather -d rocm D D" "osu_allgather H H")
        for cmd in "\${CMDS[@]}"; do
            run_osu_cmd "\$cmd" "mpi/collective" "_cxi\${SUFFIX}"
        done
    )

    if [ "\${FI_CXI_RX_MATCH_MODE}" == "hybrid" ]; then
    (

        # No validation available for RCCL
    	OSU_ARGS=" "

	CMDS=("osu_xccl_alltoall -d rocm D D" "osu_xccl_allreduce -d rocm D D" "osu_xccl_allgather -d rocm D D")
    	for cmd in "\${CMDS[@]}"; do
            run_osu_cmd "\$cmd" "xccl/collective" "\${SUFFIX}"
     	done
    )

#    if false; then
    (
        echo "RCCL-tests"

	FLAGS="-d uint8 -b 1 -e 128M -f 2 -g 1"
	CMDS=("alltoall_perf \${FLAGS}" "all_reduce_perf \${FLAGS}" "all_gather_perf \${FLAGS}")
    	for cmd in "\${CMDS[@]}"; do
	    logname=\$(echo "\${cmd}" | sed -e 's/ /_/g' -e 's/-//g')
	    echo -- mpirun \$cmd
	    mpirun \${BINDING} --report-bindings \${GPUBIND} \${PREFIX_RCCL}/bin/\$cmd \${FLAGS} | tee \${OUTPUT_DIR}/\${logname}"\${SUFFIX}.txt"
	done
    )
#    fi

    fi # only hybrid

done

if [ "${NNODES}" == "1" ]; then
(
    echo "with OpenMPI internal transport"

    SUFFIX="_n\${SLURM_NTASKS}_\${SLURM_JOB_ID}"

    unset FI_SHM_USE_XPMEM
    unset FI_PROVIDER
    unset FI_CXI_RX_MATCH_MODE
    unset FI_LNX_PROV_LINKS
    unset OMPI_MCA_opal_common_ofi_provider_include
    unset OMPI_MCA_mtl_ofi_av
    export OMPI_MCA_pml=ob1
    # CUDA
    #  export OMPI_MCA_btl=vader,smcuda,self
    # ROCM
    export OMPI_MCA_btl=vader,sm,self
    unset OMPI_MCA_mtl
    export OMPI_MCA_smsc=xpmem # Only OpenMPI

    CMDS=("osu_alltoall -d rocm D D" "osu_allreduce -d rocm D D" "osu_allgather -d rocm D D" "osu_allreduce H H" "osu_alltoall H H" "osu_allgather H H")
    for cmd in "\${CMDS[@]}"; do
        run_osu_cmd "\$cmd" "mpi/collective" "_ob1\${SUFFIX}"
    done
)
fi # single node

EOF


done
============
HYDRA_LAUNCHER_EXTRA_ARGS=--external-launcher
__LMOD_REF_COUNT_PE_LIBSCI_REQUIRED_PRODUCTS=PE_MPICH:1
CRAY_LMOD_MPI=cray-mpich/8.0
LUMI_LMOD_FAMILY_MPI=cray-mpich
LMOD_FAMILY_CRAYPE_NETWORK_VERSION=false
LC_ALL=en_US.UTF-8
SLURM_MEM_PER_CPU=0
LS_COLORS=no=00:fi=00:di=01;33:ln=01;36:pi=40;33:so=01;35:do=01;35:bd=40;33;01:cd=40;33;01:or=40;31;01:su=37;41:sg=30;43:tw=30;42:ow=34;42:st=37;44:ex=00;35:*.tar=01;31:*.tgz=01;31:*.arj=01;31:*.taz=01;31:*.lzh=01;31:*.zip=01;31:*.z=01;31:*.Z=01;31:*.gz=01;31:*.bz2=01;31:*.deb=01;31:*.rpm=01;31:*.jar=01;31:*.jpg=01;35:*.jpeg=01;35:*.gif=01;35:*.bmp=01;35:*.pbm=01;35:*.pgm=01;35:*.ppm=01;35:*.tga=01;35:*.xbm=01;35:*.xpm=01;35:*.tif=01;35:*.tiff=01;35:*.png=01;35:*.mov=01;35:*.mpg=01;35:*.mpeg=01;35:*.avi=01;35:*.fli=01;35:*.gl=01;35:*.dl=01;35:*.xcf=01;35:*.xwd=01;35:*.flac=01;35:*.mp3=01;35:*.mpc=01;35:*.ogg=01;35:*.wav=01;35:
LD_LIBRARY_PATH=/pfs/lustref1/flash/project_462000031/lazzaroa/openmpi_on_ss11/install_rccl/lib:/pfs/lustref1/flash/project_462000031/lazzaroa/openmpi_on_ss11/install_ompi/lib:/pfs/lustref1/flash/project_462000031/lazzaroa/openmpi_on_ss11/install_libfabric/lib:/pfs/lustref1/flash/project_462000031/lazzaroa/openmpi_on_ss11/install_cxi/lib:/opt/rocm-6.3.4/lib/roctracer:/opt/rocm-6.3.4/lib/rocprofiler:/opt/rocm-6.3.4/lib:/opt/cray/pe/python/3.11.7/lib:/opt/cray/pe/papi/7.2.0.1/lib64:/opt/cray/libfabric/1.22.0/lib64
HOSTTYPE=x86_64
CRAY_DSMML_ROOTDIR=/opt/cray/pe/dsmml/0.3.1
LIBFABRIC_DIR=/pfs/lustref1/flash/project_462000031/lazzaroa/openmpi_on_ss11/libfabric
_ModuleTable017_=YXBwbC9sdW1pL21vZHVsZXMvU29mdHdhcmVTdGFjazovYXBwbC9sdW1pL21vZHVsZXMvU3R5bGVNb2RpZmllcnM6L2FwcGwvbHVtaS9tb2R1bGVzL2luaXQtTFVNSS1Tb2Z0d2FyZVN0YWNrOi9vcHQvY3JheS9tb2R1bGVmaWxlcyIsCn0K
SLURM_NODEID=0
CRAY_DSMML_DIR=/opt/cray/pe/dsmml/0.3.1/dsmml
SLURM_TASK_PID=122918
__LMOD_REF_COUNT_PATH=/opt/rocm-6.3.4/bin:1;/opt/cray/pe/mpich/8.1.32/ofi/gnu/12.3/bin:1;/opt/cray/pe/mpich/8.1.32/bin:1;/opt/cray/pe/craype/2.7.34/bin:1;/opt/cray/pe/gcc-native/14/bin:1;/opt/cray/pe/python/3.11.7/bin:1;/appl/lumi/SW/system/EB/lumi-tools/24.05/bin:1;/opt/cray/pe/perftools/25.03.0/bin:1;/opt/cray/pe/papi/7.2.0.1/bin:1;/opt/cray/libfabric/1.22.0/bin:1;/users/lazzaroa/.local/bin:1;/users/lazzaroa/bin:1;/usr/local/bin:1;/usr/bin:1;/bin:1;/usr/lib/mit/bin:1;/usr/lib/mit/sbin:1;/opt/cray/pe/bin:1
_ModuleTable002_=TGFiZWwvbGFiZWwubHVhIiwKZnVsbE5hbWUgPSAiTW9kdWxlTGFiZWwvbGFiZWwiLApsb2FkT3JkZXIgPSA2LApwcm9wVCA9IHsKbG1vZCA9IHsKc3RpY2t5ID0gMSwKfSwKfSwKc3RhY2tEZXB0aCA9IDEsCnN0YXR1cyA9ICJhY3RpdmUiLAp1c2VyTmFtZSA9ICJNb2R1bGVMYWJlbC9sYWJlbCIsCndWID0gInNsYWJlbC4qemZpbmFsIiwKfSwKWyJQcmdFbnYtZ251Il0gPSB7CmZuID0gIi9vcHQvY3JheS9wZS9sbW9kL21vZHVsZWZpbGVzL2NvcmUvUHJnRW52LWdudS84LjYuMC5sdWEiLApmdWxsTmFtZSA9ICJQcmdFbnYtZ251LzguNi4wIiwKbG9hZE9yZGVyID0gMTUsCnByb3BUID0ge30sCnN0YWNrRGVwdGggPSAxLApzdGF0dXMgPSAiYWN0aXZlIiwKdXNlck5hbWUgPSAi
PE_MPICH_GTL_DIR_amd_gfx90a=-L/opt/cray/pe/mpich/8.1.32/gtl/lib
PE_LIBSCI_OMP_REQUIRES= 
SSH_CONNECTION=178.197.255.23 16071 193.167.209.164 22
LUMI_LMOD_FAMILY_CRAYPE=craype
LUMI_LMOD_FAMILY_CRAYPE_VERSION=2.7.34
LESSCLOSE=lessclose.sh %s %s
CRAY_LD_LIBRARY_PATH=/opt/cray/pe/libsci/25.03.0/GNU/12.3/x86_64/lib:/opt/cray/pe/mpich/8.1.32/ofi/gnu/12.3/lib:/opt/cray/pe/mpich/8.1.32/gtl/lib:/opt/cray/pe/dsmml/0.3.1/dsmml/lib:/opt/cray/pe/perftools/25.03.0/lib64
SLURM_PRIO_PROCESS=0
XKEYSYMDB=/usr/X11R6/lib/X11/XKeysymDB
PE_ENV=GNU
__LMOD_REF_COUNT_PE_DSMML_PKGCONFIG_LIBS=dsmml:1
__LMOD_REF_COUNT_PE_FORTRAN_PKGCONFIG_LIBS=mpichf90:1
LMOD_FAMILY_CRAYPE_CPU=craype-x86-rome
EBDEVELLUMIMINTOOLS=/appl/lumi/SW/system/EB/lumi-tools/24.05/easybuild/lumi-tools-24.05-easybuild-devel
CRAYPAT_LD_LIBRARY_PATH=/opt/cray/pe/perftools/25.03.0/lib64
GCC_PREFIX=/usr/lib64/gcc/x86_64-suse-linux/14
CRAY_LMOD_COMPILER=gnu/12.0
LMOD_MODULERCFILE=/appl/lumi/LUMI-SoftwareStack/LMOD/modulerc.lua
CRAY_DSMML_PREFIX=/opt/cray/pe/dsmml/0.3.1/dsmml
PE_PRODUCT_LIST=CRAYPE:CRAYPE_X86_ROME:PERFTOOLS:CRAYPAT:CRAY_ROCM
LMOD_FAMILY_MPI_VERSION=8.1.32
CRAYPAT_ROOT=/opt/cray/pe/perftools/25.03.0
PE_PERFTOOLS_MPICH_LIBDIR=/opt/cray/pe/mpich/8.1.32/ofi/gnu/12.3/lib
PMIX_MCA_gds=^shmem2
c=gnu
I_MPI_HYDRA_BOOTSTRAP_EXEC_EXTRA_ARGS=--external-launcher
PE_MPICH_GTL_DIR_amd_gfx906=-L/opt/cray/pe/mpich/8.1.32/gtl/lib
PE_LIBSCI_MODULE_NAME=cray-libsci/25.03.0
LANG=en_US.UTF-8
SLURM_SUBMIT_DIR=/pfs/lustref1/flash/project_462000031/lazzaroa/openmpi_on_ss11/osu/ompi/collectives
GIT_HOOKS_PRE_COMMIT_HPE_CRAY_CHECKPATCH_SKIP=1
PE_MPICH_GTL_DIR_amd_gfx908=-L/opt/cray/pe/mpich/8.1.32/gtl/lib
PE_DSMML_MODULE_NAME=cray-dsmml
WINDOWMANAGER=xterm
_ModuleTable008_=ID0gIi9vcHQvY3JheS9wZS9sbW9kL21vZHVsZWZpbGVzL2NyYXlwZS10YXJnZXRzL2RlZmF1bHQvY3JheXBlLXg4Ni1yb21lLmx1YSIsCmZ1bGxOYW1lID0gImNyYXlwZS14ODYtcm9tZSIsCmxvYWRPcmRlciA9IDEsCnByb3BUID0ge30sCnN0YWNrRGVwdGggPSAwLApzdGF0dXMgPSAiYWN0aXZlIiwKdXNlck5hbWUgPSAiY3JheXBlLXg4Ni1yb21lIiwKd1YgPSAiTS4qemZpbmFsIiwKfSwKWyJnY2MtbmF0aXZlIl0gPSB7CmFjdGlvbkEgPSB7CgoicHJlcGVuZF9wYXRoKFwiTU9EVUxFUEFUSFwiLFwiL29wdC9jcmF5L3BlL2xtb2QvbW9kdWxlZmlsZXMvY29tcGlsZXIvZ251LzEyLjBcIikiCiwgInByZXBlbmRfcGF0aChcIk1PRFVMRVBBVEhcIixcIi9vcHQvY3JheS9wZS9s
HIP_LIB_PATH=/opt/rocm-6.3.4/lib
OMPI_MCA_plm_slurm_args=--external-launcher
LESS=-M -I -R
PE_MPICH_GTL_LIBS_nvidia70=-lmpi_gtl_cuda
LUMI_LMOD_FAMILY_PRGENV=PrgEnv-gnu
LMOD_FAMILY_COMPILER_VERSION=14.2
HOSTNAME=nid006113
LMOD_SYSTEM_DEFAULT_MODULES=craype-x86-rome:craype-network-ofi:perftools-base:xpmem:PrgEnv-cray:init-lumi
EBROOTLUMIMINTOOLS=/appl/lumi/SW/system/EB/lumi-tools/24.05
OLDPWD=/pfs/lustref1/flash/project_462000031/lazzaroa/openmpi_on_ss11
LUMI_LMOD_FAMILY_CRAYPE_NETWORK_VERSION=false
CSHEDIT=emacs
ENVIRONMENT=BATCH
GPG_TTY=/dev/pts/68
LESS_ADVANCED_PREPROCESSOR=no
__LMOD_REF_COUNT_PE_MPICH_GENCOMPILERS_GNU=12.3:1
COLORTERM=1
__LMOD_REF_COUNT_XDG_DATA_DIRS=/appl/lumi/SW/system/EB/lumi-tools/24.05/share:1;/usr/share:1
OSU_HOME=/pfs/lustref1/flash/project_462000031/lazzaroa/openmpi_on_ss11/osu/osu-ompi//libexec/osu-micro-benchmarks/
FPATH=/opt/cray/pe/lmod/lmod/init/ksh_funcs
_ModuleTable007_=ZWZpbGVzL25ldC9vZmkvMS4wXCIpIiwKfSwKZm4gPSAiL29wdC9jcmF5L3BlL2xtb2QvbW9kdWxlZmlsZXMvY3JheXBlLXRhcmdldHMvZGVmYXVsdC9jcmF5cGUtbmV0d29yay1vZmkubHVhIiwKZnVsbE5hbWUgPSAiY3JheXBlLW5ldHdvcmstb2ZpIiwKbG9hZE9yZGVyID0gMywKcHJvcFQgPSB7fSwKc3RhY2tEZXB0aCA9IDAsCnN0YXR1cyA9ICJhY3RpdmUiLAp1c2VyTmFtZSA9ICJjcmF5cGUtbmV0d29yay1vZmkiLAp3ViA9ICJNLip6ZmluYWwiLAp9LApbImNyYXlwZS14ODYtcm9tZSJdID0gewphY3Rpb25BID0gewoicHJlcGVuZF9wYXRoKFwiTU9EVUxFUEFUSFwiLFwiL29wdC9jcmF5L3BlL2xtb2QvbW9kdWxlZmlsZXMvY3B1L3g4Ni1yb21lLzEuMFwiKSIsCn0sCmZu
CRAY_PERFTOOLS_VERSION=25.03.0
ROCR_VISIBLE_DEVICES=0,1,2,3,4,5,6,7
LUMI_LMOD_FAMILY_PRGENV_VERSION=8.6.0
PRTE_MCA_ras_base_launch_orted_on_hn=1
ROCM_PATH=/opt/rocm-6.3.4
OMPI_DIR=/pfs/lustref1/flash/project_462000031/lazzaroa/openmpi_on_ss11/openmpi5
LMOD_FAMILY_CRAYPE_NETWORK=craype-network-ofi
JAVA_HOME=/usr/lib64/jvm/java-11-openjdk-11
__LMOD_STACK_LMOD_AVAIL_STYLE=PGxhYmVsPjpQRWhpZXJhcmNoeTpzeXN0ZW0=
LMOD_FAMILY_CRAYPE_VERSION=2.7.34
PE_XPMEM_PKGCONFIG_LIBS=cray-xpmem
CRAY_ROCM_POST_LINK_OPTS= -L/opt/rocm-6.3.4/lib -L/opt/rocm-6.3.4/lib/rocprofiler -L/opt/rocm-6.3.4/lib/roctracer -lamdhip64
SLURM_PROCID=0
APP2_STATE=25.03.0
LMOD_FAMILY_GCC_COMPILER=gcc-native
CFLAGS=-g -O -Wno-error=maybe-uninitialized -I/pfs/lustref1/flash/project_462000031/lazzaroa/openmpi_on_ss11/install_cxi/include -I/opt/rocm-6.3.4/include
SLURM_JOB_GID=10013986
MACHTYPE=x86_64-suse-linux
I_MPI_HYDRA_BOOTSTRAP=slurm
LMOD_RC=/appl/lumi/LUMI-SoftwareStack/LMOD/lmodrc.lua
__LMOD_REF_COUNT_LD_LIBRARY_PATH=/opt/rocm-6.3.4/lib/roctracer:1;/opt/rocm-6.3.4/lib/rocprofiler:1;/opt/rocm-6.3.4/lib:1;/opt/cray/pe/python/3.11.7/lib:1;/opt/cray/pe/papi/7.2.0.1/lib64:1;/opt/cray/libfabric/1.22.0/lib64:1
CRAY_ROCM_PREFIX=/opt/rocm-6.3.4
__LMOD_REF_COUNT_PKG_CONFIG_PATH=/usr/lib64/pkgconfig:1;/opt/cray/pe/dsmml/0.3.1/dsmml/lib/pkgconfig:1;/opt/cray/pe/craype/2.7.34/pkg-config:1;/opt/cray/libfabric/1.22.0/lib64/pkgconfig:1
BINDING=--bind-to core --map-by L3cache:pe=7 --mca hwloc_base_binding_policy core --mca hwloc_base_mem_bind policy:bind
OSU_INSTALL=/pfs/lustref1/flash/project_462000031/lazzaroa/openmpi_on_ss11/osu/osu-ompi/
GNU_VERSION=14.2
SLURMD_NODENAME=nid006113
PE_PKGCONFIG_PRODUCTS=PE_LIBSCI:PE_MPICH:PE_DSMML:PE_XPMEM
_ModuleTable015_=ci9nbnUvMTIuMCIKLCAiL2FwcGwvbHVtaS9tb2R1bGVzL2Vhc3lidWlsZC9zeXN0ZW0iCiwgIi9vcHQvY3JheS9wZS9sbW9kL21vZHVsZWZpbGVzL3BlcmZ0b29scy8yNS4wMy4wIgosICIvb3B0L2NyYXkvcGUvbG1vZC9tb2R1bGVmaWxlcy9uZXQvb2ZpLzEuMCIKLCAiL29wdC9jcmF5L3BlL2xtb2QvbW9kdWxlZmlsZXMvY3B1L3g4Ni1yb21lLzEuMCIKLCAiL29wdC9jcmF5L3BlL21vZHVsZWZpbGVzL0xpbnV4IiwgIi9vcHQvY3JheS9wZS9tb2R1bGVmaWxlcy9Db3JlIgosICIvb3B0L2NyYXkvcGUvbG1vZC9sbW9kL21vZHVsZWZpbGVzL0NvcmUiCiwgIi9vcHQvY3JheS9wZS9sbW9kL21vZHVsZWZpbGVzL2NvcmUiCiwgIi9vcHQvY3JheS9wZS9sbW9kL21vZHVsZWZpbGVz
SLURM_JOB_END_TIME=1772835537
LUMI_LMOD_FAMILY_LIBSCI=cray-libsci
CRAY_MPICH_BASEDIR=/opt/cray/pe/mpich/8.1.32/ofi
PE_MPICH_GTL_DIR_nvidia80=-L/opt/cray/pe/mpich/8.1.32/gtl/lib
_ModuleTable004_=YnNjaS8yNS4wMy4wLmx1YSIsCmZ1bGxOYW1lID0gImNyYXktbGlic2NpLzI1LjAzLjAiLApsb2FkT3JkZXIgPSAxNCwKcHJvcFQgPSB7fSwKc3RhY2tEZXB0aCA9IDEsCnN0YXR1cyA9ICJhY3RpdmUiLAp1c2VyTmFtZSA9ICJjcmF5LWxpYnNjaSIsCndWID0gIl4wMDAwMDAyNS4wMDAwMDAwMDMuKnpmaW5hbCIsCn0sClsiY3JheS1tcGljaCJdID0gewphY3Rpb25BID0gewoicHJlcGVuZF9wYXRoKFwiTU9EVUxFUEFUSFwiLFwiL29wdC9jcmF5L3BlL2xtb2QvbW9kdWxlZmlsZXMvbXBpL2dudS8xMi4wL29maS8xLjAvY3JheS1tcGljaC84LjBcIikiLAp9LApmbiA9ICIvb3B0L2NyYXkvcGUvbG1vZC9tb2R1bGVmaWxlcy9jb21uZXQvZ251LzEyLjAvb2ZpLzEuMC9jcmF5LW1w
PE_LIBSCI_GENCOMPILERS_GNU_x86_64=12.3
MINICOM=-c on
SLURM_TASKS_PER_NODE=8(x2)
__LMOD_REF_COUNT_PYTHONPATH=/opt/cray/pe/python/3.11.7:1
PRTE_MCA_plm_slurm_args=--external-launcher
PE_MPICH_PKGCONFIG_VARIABLES=PE_MPICH_GTL_DIR_@accelerator@:PE_MPICH_GTL_LIBS_@accelerator@
PREFIX_CXI=/pfs/lustref1/flash/project_462000031/lazzaroa/openmpi_on_ss11/install_cxi
PE_MPICH_PKGCONFIG_LIBS=mpich
USE_SRUN=0
OSTYPE=linux
CC=gcc-14
XDG_SESSION_ID=642151
CRAY_DSMML_VER=0.3.1
__LMOD_REF_COUNT_PYTHON_PATH=/opt/cray/pe/python/3.11.7:1
LUMI_LMOD_FAMILY_MPI_VERSION=8.1.32
SLURM_NNODES=2
USER=lazzaroa
LUMI_LMOD_FAMILY_LIBSCI_VERSION=25.03.0
CXXFLAGS=-g -O -I/pfs/lustref1/flash/project_462000031/lazzaroa/openmpi_on_ss11/install_cxi/include -I/opt/rocm-6.3.4/include
PAGER=less
LUMI_LMOD_FAMILY_GCC_COMPILER=gcc-native
CRAY_PYTHON_LEVEL=3.11.7
LMOD_FAMILY_PRGENV_VERSION=8.6.0
LMOD_FAMILY_LIBSCI=cray-libsci
_ModuleTable012_=MDAwMDAyNC4wMDAwMDAwMDUuKnpmaW5hbCIsCn0sClsicGVyZnRvb2xzLWJhc2UiXSA9IHsKYWN0aW9uQSA9IHsKInByZXBlbmRfcGF0aChcIk1PRFVMRVBBVEhcIixcIi9vcHQvY3JheS9wZS9sbW9kL21vZHVsZWZpbGVzL3BlcmZ0b29scy8yNS4wMy4wXCIpIiwKfSwKZm4gPSAiL29wdC9jcmF5L3BlL2xtb2QvbW9kdWxlZmlsZXMvY29yZS9wZXJmdG9vbHMtYmFzZS8yNS4wMy4wLmx1YSIsCmZ1bGxOYW1lID0gInBlcmZ0b29scy1iYXNlLzI1LjAzLjAiLApsb2FkT3JkZXIgPSA0LApwcm9wVCA9IHt9LApzdGFja0RlcHRoID0gMCwKc3RhdHVzID0gImFjdGl2ZSIsCnVzZXJOYW1lID0gInBlcmZ0b29scy1iYXNlIiwKd1YgPSAiXjAwMDAwMDI1LjAwMDAwMDAwMy4qemZpbmFs
PE_MPICH_GTL_LIBS_ponteVecchio=-lmpi_gtl_ze
CRAY_CPU_TARGET=x86-rome
PE_GCC_LEVEL=14
SLURM_JOB_START_TIME=1772833737
PE_LIBSCI_VOLATILE_PRGENV=GNU
SLURM_NTASKS_PER_NODE=8
PKGCONFIG_ENABLED=1
__LMOD_REF_COUNT_MODULEPATH=/opt/cray/pe/lmod/modulefiles/mpi/gnu/12.0/ofi/1.0/cray-mpich/8.0:1;/opt/cray/pe/lmod/modulefiles/comnet/gnu/12.0/ofi/1.0:1;/opt/cray/pe/lmod/modulefiles/mix_compilers:1;/opt/cray/pe/lmod/modulefiles/compiler/gnu/12.0:1;/appl/lumi/modules/easybuild/system:1;/opt/cray/pe/lmod/modulefiles/perftools/25.03.0:1;/opt/cray/pe/lmod/modulefiles/net/ofi/1.0:1;/opt/cray/pe/lmod/modulefiles/cpu/x86-rome/1.0:1;/opt/cray/pe/modulefiles/Linux:1;/opt/cray/pe/modulefiles/Core:1;/opt/cray/pe/lmod/lmod/modulefiles/Core:1;/opt/cray/pe/lmod/modulefiles/core:1;/opt/cray/pe/lmod/modulefiles/craype-targets/default:1;/appl/lumi/modules/SoftwareStack:1;/appl/lumi/modules/StyleModifiers:1;/appl/lumi/modules/init-LUMI-SoftwareStack:1;/opt/cray/modulefiles:1
MORE=-sl
CRAY_PERFTOOLS_PREFIX=/opt/cray/pe/perftools/25.03.0
PE_FORTRAN_PKGCONFIG_LIBS=mpichf90
CRAY_ROCM_DIR=/opt/rocm-6.3.4
__LMOD_REF_COUNT_CRAY_LD_LIBRARY_PATH=/opt/cray/pe/libsci/25.03.0/GNU/12.3/x86_64/lib:1;/opt/cray/pe/mpich/8.1.32/ofi/gnu/12.3/lib:1;/opt/cray/pe/mpich/8.1.32/gtl/lib:1;/opt/cray/pe/dsmml/0.3.1/dsmml/lib:1;/opt/cray/pe/perftools/25.03.0/lib64:1
GCC_VERSION=14.2
CRAY_LIBSCI_BASE_DIR=/opt/cray/pe/libsci/25.03.0
PWD=/users/lazzaroa/flash_coe/openmpi_on_ss11/osu/ompi/collectives
LUMI_LMOD_FAMILY_CRAYPE_CPU=craype-x86-rome
PE_MPICH_GTL_DIR_ponteVecchio=-L/opt/cray/pe/mpich/8.1.32/gtl/lib
PE_MPICH_GTL_DIR_nvidia70=-L/opt/cray/pe/mpich/8.1.32/gtl/lib
SLURM_JOB_NODELIST=nid[006113,006773]
HOME=/users/lazzaroa
SLURM_CLUSTER_NAME=lumi
PELOCAL_PRGENV=true
CMAKE_PREFIX_PATH=/opt/rocm-6.3.4/lib/cmake/hip:/appl/lumi/SW/system/EB/lumi-tools/24.05
PE_LIBSCI_REQUIRED_PRODUCTS=PE_MPICH
SLURM_NODELIST=nid[006113,006773]
PE_MPICH_GTL_LIBS_amd_gfx942=-lmpi_gtl_hsa
PE_MPICH_GTL_LIBS_amd_gfx940=-lmpi_gtl_hsa
LIBCXI_DIR=/pfs/lustref1/flash/project_462000031/lazzaroa/openmpi_on_ss11/libfabric/libcxi
SLURM_GPUS_ON_NODE=8
SLURM_NETWORK=single_node_vni
HOST=uan02
SSH_CLIENT=178.197.255.23 16071 22
__LMOD_REF_COUNT_PE_GNU_FIXED_PKGCONFIG_PATH=/opt/cray/pe/mpich/8.1.32/ofi/gnu/12.3/lib/pkgconfig:1
__LMOD_REF_COUNT_LMOD_MODULERCFILE=/appl/lumi/LUMI-SoftwareStack/LMOD/modulerc.lua:1
LMOD_VERSION=8.7.55
XNLSPATH=/usr/X11R6/lib/X11/nls
PE_MPICH_FORTRAN_PKGCONFIG_LIBS=mpichf90
SLURM_NTASKS=16
PE_LIBSCI_PKGCONFIG_LIBS=libsci_mpi:libsci
XDG_SESSION_TYPE=tty
PREFIX_RCCL=/pfs/lustref1/flash/project_462000031/lazzaroa/openmpi_on_ss11/install_rccl
SDK_HOME=/usr/lib64/jvm/java-11-openjdk-11
CRAY_LMOD_CPU=x86-rome/1.0
PE_MPICH_GTL_LIBS_nvidia80=-lmpi_gtl_cuda
PE_LIBSCI_OMP_REQUIRES_openmp=_mp
LMOD_FAMILY_CRAYPE_CPU_VERSION=false
SLURM_JOB_CPUS_PER_NODE=56(x2)
GCC_PATH=/opt/cray/pe/gcc-native/14/bin
BASH_ENV=/opt/cray/pe/lmod/lmod/init/bash
XDG_DATA_DIRS=/appl/lumi/SW/system/EB/lumi-tools/24.05/share:/usr/share
_LUMI_INIT_FIRST_LOAD=1
__LMOD_REF_COUNT_PE_MPICH_FORTRAN_PKGCONFIG_LIBS=mpichf90:1
SLURM_TOPOLOGY_ADDR=nid006113
SLURM_THREADS_PER_CORE=1
PYTHON_PATH=/opt/cray/pe/python/3.11.7
LMOD_FAMILY_GCC_COMPILER_VERSION=14.2
CRAY_LMOD_NET=ofi/1.0
__LMOD_REF_COUNT_PE_PKGCONFIG_PRODUCTS=PE_LIBSCI:1;PE_MPICH:1;PE_DSMML:1;PE_XPMEM:1
PE_MPICH_MODULE_NAME=cray-mpich
RCCL_DIR=/pfs/lustref1/flash/project_462000031/lazzaroa/openmpi_on_ss11/rccl
LIBGL_DEBUG=quiet
FCFLAGS=-O -I/pfs/lustref1/flash/project_462000031/lazzaroa/openmpi_on_ss11/install_cxi/include -I/opt/rocm-6.3.4/include
PE_LIBSCI_VOLATILE_PKGCONFIG_PATH=/opt/cray/pe/libsci/25.03.0/@PRGENV@/@PE_LIBSCI_GENCOMPS@/@PE_LIBSCI_TARGET@/lib/pkgconfig
JDK_HOME=/usr/lib64/jvm/java-11-openjdk-11
__LMOD_REF_COUNT_PE_MPICH_FIXED_PRGENV=GNU:1
PE_MPICH_GTL_DIR_amd_gfx940=-L/opt/cray/pe/mpich/8.1.32/gtl/lib
PE_MPICH_GTL_DIR_amd_gfx942=-L/opt/cray/pe/mpich/8.1.32/gtl/lib
OUTPUT_DIR=/pfs/lustref1/flash/project_462000031/lazzaroa/openmpi_on_ss11/osu/ompi/collectives
SLURM_JOB_NAME=sbatch
PROFILEREAD=true
TMPDIR=/tmp
PERFTOOLS_VERSION=25.03.0
SLURM_JOB_GPUS=0,1,2,3,4,5,6,7
__LMOD_REF_COUNT_CMAKE_PREFIX_PATH=/opt/rocm-6.3.4/lib/cmake/hip:1;/appl/lumi/SW/system/EB/lumi-tools/24.05:1
LMOD_sys=Linux
_ModuleTable010_=bmRfcGF0aChcIk1PRFVMRVBBVEhcIixcIi9hcHBsL2x1bWkvbW9kdWxlcy9lYXN5YnVpbGQvc3lzdGVtXCIpIiwKfSwKZm4gPSAiL2FwcGwvbHVtaS9tb2R1bGVzL2luaXQtTFVNSS1Tb2Z0d2FyZVN0YWNrL2luaXQtbHVtaS8wLjIubHVhIiwKZnVsbE5hbWUgPSAiaW5pdC1sdW1pLzAuMiIsCmxvYWRPcmRlciA9IDgsCnByb3BUID0gewpsbW9kID0gewpzdGlja3kgPSAxLAp9LAp9LApzdGFja0RlcHRoID0gMCwKc3RhdHVzID0gImFjdGl2ZSIsCnVzZXJOYW1lID0gImluaXQtbHVtaSIsCndWID0gIjAwMDAwMDAwMC4wMDAwMDAwMDIuKnpmaW5hbCIsCn0sCmxpYmZhYnJpYyA9IHsKZm4gPSAiL29wdC9jcmF5L21vZHVsZWZpbGVzL2xpYmZhYnJpYy8xLjIyLjAiLApmdWxsTmFt
PE_PKGCONFIG_LIBS=rocm-6.3.4:libsci_mpi:libsci:mpich:dsmml
SLURM_JOBID=16529878
_ModuleTable001_=X01vZHVsZVRhYmxlXyA9IHsKTVR2ZXJzaW9uID0gMywKY19yZWJ1aWxkVGltZSA9IGZhbHNlLApjX3Nob3J0VGltZSA9IGZhbHNlLApkZXB0aFQgPSB7fSwKZmFtaWx5ID0gewpQcmdFbnYgPSAiUHJnRW52LWdudSIsCmNvbXBpbGVyID0gImdjYy1uYXRpdmUiLApjcmF5cGUgPSAiY3JheXBlIiwKY3JheXBlX2NwdSA9ICJjcmF5cGUteDg2LXJvbWUiLApjcmF5cGVfbmV0d29yayA9ICJjcmF5cGUtbmV0d29yay1vZmkiLApnY2NfY29tcGlsZXIgPSAiZ2NjLW5hdGl2ZSIsCmxpYnNjaSA9ICJjcmF5LWxpYnNjaSIsCm1waSA9ICJjcmF5LW1waWNoIiwKfSwKbVQgPSB7Ck1vZHVsZUxhYmVsID0gewpmbiA9ICIvYXBwbC9sdW1pL21vZHVsZXMvU3R5bGVNb2RpZmllcnMvTW9kdWxl
SLURM_CONF=/etc/slurm/slurm.conf
LOADEDMODULES=craype-x86-rome:libfabric/1.22.0:craype-network-ofi:perftools-base/25.03.0:xpmem/2.11.5-1.3_g73ade43320bc:ModuleLabel/label:lumi-tools/24.05:init-lumi/0.2:cray-python/3.11.7:gcc-native/14.2:craype/2.7.34:cray-dsmml/0.3.1:cray-mpich/8.1.32:cray-libsci/25.03.0:PrgEnv-gnu/8.6.0:rocm/6.3.4
LMOD_AVAIL_STYLE=<label>:PEhierarchy:system
FC=gfortran-14
CRAYPE_NETWORK_TARGET=ofi
_ModuleTable006_=cHl0aG9uIiwKd1YgPSAiXjAwMDAwMDAzLjAwMDAwMDAxMS4wMDAwMDAwMDcuKnpmaW5hbCIsCn0sCmNyYXlwZSA9IHsKZm4gPSAiL29wdC9jcmF5L3BlL2xtb2QvbW9kdWxlZmlsZXMvY29yZS9jcmF5cGUvMi43LjM0Lmx1YSIsCmZ1bGxOYW1lID0gImNyYXlwZS8yLjcuMzQiLApsb2FkT3JkZXIgPSAxMSwKcHJvcFQgPSB7fSwKc3RhY2tEZXB0aCA9IDEsCnN0YXR1cyA9ICJhY3RpdmUiLAp1c2VyTmFtZSA9ICJjcmF5cGUiLAp3ViA9ICJeMDAwMDAwMDIuMDAwMDAwMDA3LjAwMDAwMDAzNC4qemZpbmFsIiwKfSwKWyJjcmF5cGUtbmV0d29yay1vZmkiXSA9IHsKYWN0aW9uQSA9IHsKInByZXBlbmRfcGF0aChcIk1PRFVMRVBBVEhcIixcIi9vcHQvY3JheS9wZS9sbW9kL21vZHVs
__LMOD_REF_COUNT_MANPATH=/opt/rocm-6.3.4/share/man:1;/opt/cray/pe/libsci/25.03.0/share/man:1;/opt/cray/pe/mpich/8.1.32/ofi/man:1;/opt/cray/pe/mpich/8.1.32/man/mpich:1;/opt/cray/pe/dsmml/0.3.1/dsmml/man:1;/opt/cray/pe/craype/2.7.34/man:1;/opt/cray/pe/python/3.11.7/share/man:1;/appl/lumi/SW/system/EB/lumi-tools/24.05/share/man:1;/opt/cray/pe/perftools/25.03.0/man:1;/opt/cray/pe/papi/7.2.0.1/share/pdoc/man:1;/opt/cray/libfabric/1.22.0/share/man:1;/opt/cray/pe/lmod/lmod/share/man:1;/users/lazzaroa/.local/share/man:1;/usr/local/man:1;/usr/share/man:1
_ModuleTable003_=UHJnRW52LWdudSIsCndWID0gIl4wMDAwMDAwOC4wMDAwMDAwMDYuKnpmaW5hbCIsCn0sClsiY3JheS1kc21tbCJdID0gewpmbiA9ICIvb3B0L2NyYXkvcGUvbG1vZC9tb2R1bGVmaWxlcy9jb3JlL2NyYXktZHNtbWwvMC4zLjEubHVhIiwKZnVsbE5hbWUgPSAiY3JheS1kc21tbC8wLjMuMSIsCmxvYWRPcmRlciA9IDEyLApwcm9wVCA9IHt9LApzdGFja0RlcHRoID0gMSwKc3RhdHVzID0gImFjdGl2ZSIsCnVzZXJOYW1lID0gImNyYXktZHNtbWwiLAp3ViA9ICJeMDAwMDAwMDAuMDAwMDAwMDAzLjAwMDAwMDAwMS4qemZpbmFsIiwKfSwKWyJjcmF5LWxpYnNjaSJdID0gewpmbiA9ICIvb3B0L2NyYXkvcGUvbG1vZC9tb2R1bGVmaWxlcy9jb21waWxlci9nbnUvMTIuMC9jcmF5LWxp
SLURM_JOB_QOS=normal
LMOD_ROOT=/opt/cray/pe/lmod
SLURM_TOPOLOGY_ADDR_PATTERN=node
SSH_TTY=/dev/pts/68
PAT_RT_PERFCTR_DISABLE_COMPONENTS=nvml,rocm_smi
LUMI_LMOD_FAMILY_CRAYPE_NETWORK=craype-network-ofi
CRAY_MPICH_ROOTDIR=/opt/cray/pe/mpich/8.1.32
_ModuleTable013_=IiwKfSwKcm9jbSA9IHsKZm4gPSAiL29wdC9jcmF5L3BlL2xtb2QvbW9kdWxlZmlsZXMvY29yZS9yb2NtLzYuMy40Lmx1YSIsCmZ1bGxOYW1lID0gInJvY20vNi4zLjQiLApsb2FkT3JkZXIgPSAxNiwKcHJvcFQgPSB7fSwKc3RhY2tEZXB0aCA9IDAsCnN0YXR1cyA9ICJhY3RpdmUiLAp1c2VyTmFtZSA9ICJyb2NtIiwKd1YgPSAiXjAwMDAwMDA2LjAwMDAwMDAwMy4wMDAwMDAwMDQuKnpmaW5hbCIsCn0sCnhwbWVtID0gewpmbiA9ICIvb3B0L2NyYXkvbW9kdWxlZmlsZXMveHBtZW0vMi4xMS41LTEuM19nNzNhZGU0MzMyMGJjIiwKZnVsbE5hbWUgPSAieHBtZW0vMi4xMS41LTEuM19nNzNhZGU0MzMyMGJjIiwKbG9hZE9yZGVyID0gNSwKcHJvcFQgPSB7fSwKc3RhY2tEZXB0aCA9
MOTD_SHOWN=pam
MAIL=/var/spool/mail/lazzaroa
SLURM_CPUS_ON_NODE=56
CXX=g++-14
SLURM_JOB_NUM_NODES=2
_ModuleTable016_=L2NyYXlwZS10YXJnZXRzL2RlZmF1bHQiCiwgIi9hcHBsL2x1bWkvbW9kdWxlcy9Tb2Z0d2FyZVN0YWNrIiwgIi9hcHBsL2x1bWkvbW9kdWxlcy9TdHlsZU1vZGlmaWVycyIKLCAiL2FwcGwvbHVtaS9tb2R1bGVzL2luaXQtTFVNSS1Tb2Z0d2FyZVN0YWNrIiwgIi9vcHQvY3JheS9tb2R1bGVmaWxlcyIsCn0sCnN5c3RlbUJhc2VNUEFUSCA9ICIvb3B0L2NyYXkvcGUvbW9kdWxlZmlsZXMvTGludXg6L29wdC9jcmF5L3BlL21vZHVsZWZpbGVzL0NvcmU6L29wdC9jcmF5L3BlL2xtb2QvbG1vZC9tb2R1bGVmaWxlcy9Db3JlOi9vcHQvY3JheS9wZS9sbW9kL21vZHVsZWZpbGVzL2NvcmU6L29wdC9jcmF5L3BlL2xtb2QvbW9kdWxlZmlsZXMvY3JheXBlLXRhcmdldHMvZGVmYXVsdDov
LESSKEY=/etc/lesskey.bin
LUMI_LMOD_FAMILY_COMPILER=gcc-native
_ModuleTable009_=bW9kL21vZHVsZWZpbGVzL21peF9jb21waWxlcnNcIikiLCAicHJlcGVuZF9wYXRoKFwiTU9EVUxFUEFUSFwiLFwiL29wdC9jcmF5L3BlL2xtb2QvbW9kdWxlZmlsZXMvY29tbmV0L2dudS8xMi4wL29maS8xLjBcIikiLAp9LApmbiA9ICIvb3B0L2NyYXkvcGUvbG1vZC9tb2R1bGVmaWxlcy9jb3JlL2djYy1uYXRpdmUvMTQuMi5sdWEiLApmdWxsTmFtZSA9ICJnY2MtbmF0aXZlLzE0LjIiLApsb2FkT3JkZXIgPSAxMCwKcHJvcFQgPSB7fSwKc3RhY2tEZXB0aCA9IDEsCnN0YXR1cyA9ICJhY3RpdmUiLAp1c2VyTmFtZSA9ICJnY2MtbmF0aXZlIiwKd1YgPSAiXjAwMDAwMDE0LjAwMDAwMDAwMi4qemZpbmFsIiwKfSwKWyJpbml0LWx1bWkiXSA9IHsKYWN0aW9uQSA9IHsKInByZXBl
TERM=xterm-256color
SHELL=/bin/bash
LUMI_LMOD_FAMILY_COMPILER_VERSION=14.2
CRAY_MPICH_VER=8.1.32
LMOD_ADMIN_FILE=/appl/lumi/LUMI-SoftwareStack/LMOD/admin.list
XDG_SESSION_CLASS=user
PE_MPICH_FIXED_PRGENV=GNU
CRAY_LIBSCI_PREFIX=/opt/cray/pe/libsci/25.03.0/GNU/12.3/x86_64
CRAY_ROCM_VERSION=6.3.4
LMOD_FAMILY_PRGENV=PrgEnv-gnu
SLURM_JOB_UID=10013986
_ModuleTable_Sz_=17
CRAY_PYTHON_PREFIX=/opt/cray/pe/python/3.11.7
CRAY_LIBSCI_VERSION=25.03.0
SLURM_JOB_PARTITION=standard-g
LMOD_FAMILY_COMPILER=gcc-native
CRAY_DSMML_BASEDIR=/opt/cray/pe/dsmml/0.3.1
SLURM_HINT=nomultithread
CRAY_XPMEM_POST_LINK_OPTS=-L/usr/lib64
PE_MPICH_GENCOMPILERS_GNU=12.3
SLURM_JOB_USER=lazzaroa
SLURM_NPROCS=16
LUMI_LMOD_FAMILY_CRAYPE_CPU_VERSION=false
SHLVL=3
SLURM_SUBMIT_HOST=uan02
PYTHONPATH=/opt/cray/pe/python/3.11.7
CRAY_LIBSCI_PREFIX_DIR=/opt/cray/pe/libsci/25.03.0/GNU/12.3/x86_64
G_FILENAME_ENCODING=@locale,UTF-8,ISO-8859-15,CP1252
SLURM_JOB_ACCOUNT=project_462000031
GPUBIND=/pfs/lustref1/flash/project_462000031/lazzaroa/openmpi_on_ss11/select_gpu.sh
MANPATH=/pfs/lustref1/flash/project_462000031/lazzaroa/openmpi_on_ss11/install_rccl/man:/pfs/lustref1/flash/project_462000031/lazzaroa/openmpi_on_ss11/install_ompi/share/man:/pfs/lustref1/flash/project_462000031/lazzaroa/openmpi_on_ss11/install_libfabric/share/man:/pfs/lustref1/flash/project_462000031/lazzaroa/openmpi_on_ss11/install_cxi/share/man:/pfs/lustref1/flash/project_462000031/lazzaroa/openmpi_on_ss11/install_cxi/man:/opt/rocm-6.3.4/share/man:/opt/cray/pe/libsci/25.03.0/share/man:/opt/cray/pe/mpich/8.1.32/ofi/man:/opt/cray/pe/mpich/8.1.32/man/mpich:/opt/cray/pe/dsmml/0.3.1/dsmml/man:/opt/cray/pe/craype/2.7.34/man:/opt/cray/pe/python/3.11.7/share/man:/appl/lumi/SW/system/EB/lumi-tools/24.05/share/man:/opt/cray/pe/perftools/25.03.0/man:/opt/cray/pe/papi/7.2.0.1/share/pdoc/man:/opt/cray/libfabric/1.22.0/share/man:/opt/cray/pe/lmod/lmod/share/man:/users/lazzaroa/.local/share/man:/usr/local/man:/usr/share/man
CRAY_DSMML_VERSION=0.3.1
CPPFLAGS=-I/pfs/lustref1/flash/project_462000031/lazzaroa/openmpi_on_ss11/install_cxi/include -I/opt/rocm-6.3.4/include
CRAY_ROCM_INCLUDE_OPTS=-I/opt/rocm-6.3.4/include -I/opt/rocm-6.3.4/include/rocprofiler -I/opt/rocm-6.3.4/include/roctracer -I/opt/rocm-6.3.4/include/hip -D__HIP_PLATFORM_AMD__
MPICH_DIR=/opt/cray/pe/mpich/8.1.32/ofi/gnu/12.3
EBVERSIONLUMIMINTOOLS=24.05
HYDRA_BOOTSTRAP=slurm
PE_MPICH_GTL_LIBS_nvidia90=-lmpi_gtl_cuda
ROOT_DIR=/pfs/lustref1/flash/project_462000031/lazzaroa/openmpi_on_ss11
LUMI_LMOD_FAMILY_GCC_COMPILER_VERSION=14.2
MODULEPATH=/opt/cray/pe/lmod/modulefiles/mpi/gnu/12.0/ofi/1.0/cray-mpich/8.0:/opt/cray/pe/lmod/modulefiles/comnet/gnu/12.0/ofi/1.0:/opt/cray/pe/lmod/modulefiles/mix_compilers:/opt/cray/pe/lmod/modulefiles/compiler/gnu/12.0:/appl/lumi/modules/easybuild/system:/opt/cray/pe/lmod/modulefiles/perftools/25.03.0:/opt/cray/pe/lmod/modulefiles/net/ofi/1.0:/opt/cray/pe/lmod/modulefiles/cpu/x86-rome/1.0:/opt/cray/pe/modulefiles/Linux:/opt/cray/pe/modulefiles/Core:/opt/cray/pe/lmod/lmod/modulefiles/Core:/opt/cray/pe/lmod/modulefiles/core:/opt/cray/pe/lmod/modulefiles/craype-targets/default:/appl/lumi/modules/SoftwareStack:/appl/lumi/modules/StyleModifiers:/appl/lumi/modules/init-LUMI-SoftwareStack:/opt/cray/modulefiles
CRAY_MPICH_DIR=/opt/cray/pe/mpich/8.1.32/ofi/gnu/12.3
CRAY_PYTHON_VERSION=3.11.7
SLURM_GTIDS=0
LMOD_FAMILY_CRAYPE=craype
LOGNAME=lazzaroa
DBUS_SESSION_BUS_ADDRESS=unix:path=/run/user/10013986/bus
CRAY_MPICH_VERSION=8.1.32
XDG_RUNTIME_DIR=/run/user/10013986
PREFIX_OMPI=/pfs/lustref1/flash/project_462000031/lazzaroa/openmpi_on_ss11/install_ompi
LDFLAGS=-g -O -L/pfs/lustref1/flash/project_462000031/lazzaroa/openmpi_on_ss11/install_cxi/lib -L/opt/rocm-6.3.4/lib
MODULEPATH_ROOT=/opt/cray/pe/modulefiles
LMOD_PACKAGE_PATH=/appl/lumi/LUMI-SoftwareStack/LMOD
PE_MPICH_GTL_LIBS_amd_gfx906=-lmpi_gtl_hsa
PE_DSMML_PKGCONFIG_LIBS=dsmml
JRE_HOME=/usr/lib64/jvm/java-11-openjdk-11
PE_LIBSCI_PKGCONFIG_VARIABLES=PE_LIBSCI_OMP_REQUIRES_@openmp@:PE_SCI_EXT_LIBPATH:PE_SCI_EXT_LIBNAME
XDG_CONFIG_DIRS=/etc/xdg
PATH=/pfs/lustref1/flash/project_462000031/lazzaroa/openmpi_on_ss11/install_rccl/bin:/pfs/lustref1/flash/project_462000031/lazzaroa/openmpi_on_ss11/install_ompi/bin:/pfs/lustref1/flash/project_462000031/lazzaroa/openmpi_on_ss11/install_libfabric/bin:/pfs/lustref1/flash/project_462000031/lazzaroa/openmpi_on_ss11/install_cxi/bin:/opt/rocm-6.3.4/bin:/opt/cray/pe/mpich/8.1.32/ofi/gnu/12.3/bin:/opt/cray/pe/mpich/8.1.32/bin:/opt/cray/pe/craype/2.7.34/bin:/opt/cray/pe/gcc-native/14/bin:/opt/cray/pe/python/3.11.7/bin:/appl/lumi/SW/system/EB/lumi-tools/24.05/bin:/opt/cray/pe/perftools/25.03.0/bin:/opt/cray/pe/papi/7.2.0.1/bin:/opt/cray/libfabric/1.22.0/bin:/users/lazzaroa/.local/bin:/users/lazzaroa/bin:/usr/local/bin:/usr/bin:/bin:/usr/lib/mit/bin:/usr/lib/mit/sbin:/opt/cray/pe/bin
PE_MPICH_GTL_LIBS_amd_gfx908=-lmpi_gtl_hsa
SLURM_JOB_ID=16529878
_ModuleTable014_=IDAsCnN0YXR1cyA9ICJhY3RpdmUiLAp1c2VyTmFtZSA9ICJ4cG1lbSIsCndWID0gIjAwMDAwMDAwMi4wMDAwMDAwMTEuMDAwMDAwMDA1Lip6ZmluYWwtLjAwMDAwMDAwMS4wMDAwMDAwMDMuKl8uKmcuMDAwMDAwMDczLiphZGUuMDAwMDQzMzIwLipiYy4qemZpbmFsIiwKfSwKfSwKbXBhdGhBID0gewoiL29wdC9jcmF5L3BlL2xtb2QvbW9kdWxlZmlsZXMvbXBpL2dudS8xMi4wL29maS8xLjAvY3JheS1tcGljaC84LjAiCiwgIi9vcHQvY3JheS9wZS9sbW9kL21vZHVsZWZpbGVzL2NvbW5ldC9nbnUvMTIuMC9vZmkvMS4wIgosICIvb3B0L2NyYXkvcGUvbG1vZC9tb2R1bGVmaWxlcy9taXhfY29tcGlsZXJzIgosICIvb3B0L2NyYXkvcGUvbG1vZC9tb2R1bGVmaWxlcy9jb21waWxl
JAVA_BINDIR=/usr/lib64/jvm/java-11-openjdk-11/bin
PE_MPICH_GTL_DIR_nvidia90=-L/opt/cray/pe/mpich/8.1.32/gtl/lib
__LMOD_REF_COUNT_PE_PRODUCT_LIST=CRAYPE:1;CRAYPE_X86_ROME:1;PERFTOOLS:1;CRAYPAT:1;CRAY_ROCM:1
_LMFILES_=/opt/cray/pe/lmod/modulefiles/craype-targets/default/craype-x86-rome.lua:/opt/cray/modulefiles/libfabric/1.22.0:/opt/cray/pe/lmod/modulefiles/craype-targets/default/craype-network-ofi.lua:/opt/cray/pe/lmod/modulefiles/core/perftools-base/25.03.0.lua:/opt/cray/modulefiles/xpmem/2.11.5-1.3_g73ade43320bc:/appl/lumi/modules/StyleModifiers/ModuleLabel/label.lua:/appl/lumi/modules/easybuild/system/lumi-tools/24.05.lua:/appl/lumi/modules/init-LUMI-SoftwareStack/init-lumi/0.2.lua:/opt/cray/pe/lmod/modulefiles/core/cray-python/3.11.7.lua:/opt/cray/pe/lmod/modulefiles/core/gcc-native/14.2.lua:/opt/cray/pe/lmod/modulefiles/core/craype/2.7.34.lua:/opt/cray/pe/lmod/modulefiles/core/cray-dsmml/0.3.1.lua:/opt/cray/pe/lmod/modulefiles/comnet/gnu/12.0/ofi/1.0/cray-mpich/8.1.32.lua:/opt/cray/pe/lmod/modulefiles/compiler/gnu/12.0/cray-libsci/25.03.0.lua:/opt/cray/pe/lmod/modulefiles/core/PrgEnv-gnu/8.6.0.lua:/opt/cray/pe/lmod/modulefiles/core/rocm/6.3.4.lua
LMOD_FAMILY_LIBSCI_VERSION=25.03.0
MODULESHOME=/opt/cray/pe/lmod/lmod
PKG_CONFIG_PATH=/pfs/lustref1/flash/project_462000031/lazzaroa/openmpi_on_ss11/install_rccl/lib/pkgconfig:/pfs/lustref1/flash/project_462000031/lazzaroa/openmpi_on_ss11/install_ompi/lib/pkgconfig:/pfs/lustref1/flash/project_462000031/lazzaroa/openmpi_on_ss11/install_libfabric/lib/pkgconfig:/pfs/lustref1/flash/project_462000031/lazzaroa/openmpi_on_ss11/install_cxi/lib/pkgconfig:/usr/lib64/pkgconfig:/opt/cray/pe/dsmml/0.3.1/dsmml/lib/pkgconfig:/opt/cray/pe/craype/2.7.34/pkg-config:/opt/cray/libfabric/1.22.0/lib64/pkgconfig
LMOD_SETTARG_FULL_SUPPORT=no
G_BROKEN_FILENAMES=1
PE_GNU_FIXED_PKGCONFIG_PATH=/opt/cray/pe/mpich/8.1.32/ofi/gnu/12.3/lib/pkgconfig
_ModuleTable011_=ZSA9ICJsaWJmYWJyaWMvMS4yMi4wIiwKbG9hZE9yZGVyID0gMiwKcHJvcFQgPSB7fSwKc3RhY2tEZXB0aCA9IDEsCnN0YXR1cyA9ICJhY3RpdmUiLAp1c2VyTmFtZSA9ICJsaWJmYWJyaWMiLAp3ViA9ICJeMDAwMDAwMDEuMDAwMDAwMDIyLip6ZmluYWwiLAp9LApbImx1bWktdG9vbHMiXSA9IHsKZm4gPSAiL2FwcGwvbHVtaS9tb2R1bGVzL2Vhc3lidWlsZC9zeXN0ZW0vbHVtaS10b29scy8yNC4wNS5sdWEiLApmdWxsTmFtZSA9ICJsdW1pLXRvb2xzLzI0LjA1IiwKbG9hZE9yZGVyID0gNywKcHJvcFQgPSB7Cmxtb2QgPSB7CnN0aWNreSA9IDEsCn0sCn0sCnN0YWNrRGVwdGggPSAxLApzdGF0dXMgPSAiYWN0aXZlIiwKdXNlck5hbWUgPSAibHVtaS10b29scyIsCndWID0gIjAw
PREFIX_LIBFABRIC=/pfs/lustref1/flash/project_462000031/lazzaroa/openmpi_on_ss11/install_libfabric
PE_MPICH_GTL_LIBS_amd_gfx90a=-lmpi_gtl_hsa
HISTSIZE=1000
CRAYPE_DIR=/opt/cray/pe/craype/2.7.34
LMOD_PKG=/opt/cray/pe/lmod/lmod
__LMOD_REF_COUNT_PE_MPICH_PKGCONFIG_LIBS=mpich:1
OFFLOAD_INIT=on_start
__LMOD_REF_COUNT_PE_PKGCONFIG_LIBS=rocm-6.3.4:1;libsci_mpi:1;libsci:1;mpich:1;dsmml:1
CPU=x86_64
SSH_SENDS_LOCALE=yes
CRAYPE_VERSION=2.7.34
EBU_USER_PREFIX=/project/project_462000031/lazzaroa/EasyBuild
_ModuleTable005_=aWNoLzguMS4zMi5sdWEiLApmdWxsTmFtZSA9ICJjcmF5LW1waWNoLzguMS4zMiIsCmxvYWRPcmRlciA9IDEzLApwcm9wVCA9IHt9LApzdGFja0RlcHRoID0gMSwKc3RhdHVzID0gImFjdGl2ZSIsCnVzZXJOYW1lID0gImNyYXktbXBpY2giLAp3ViA9ICJeMDAwMDAwMDguMDAwMDAwMDAxLjAwMDAwMDAzMi4qemZpbmFsIiwKfSwKWyJjcmF5LXB5dGhvbiJdID0gewpmbiA9ICIvb3B0L2NyYXkvcGUvbG1vZC9tb2R1bGVmaWxlcy9jb3JlL2NyYXktcHl0aG9uLzMuMTEuNy5sdWEiLApmdWxsTmFtZSA9ICJjcmF5LXB5dGhvbi8zLjExLjciLApsb2FkT3JkZXIgPSA5LApwcm9wVCA9IHt9LApzdGFja0RlcHRoID0gMCwKc3RhdHVzID0gImFjdGl2ZSIsCnVzZXJOYW1lID0gImNyYXkt
LMOD_CMD=/opt/cray/pe/lmod/lmod/libexec/lmod
SLURM_LOCALID=0
CRAY_MPICH_PREFIX=/opt/cray/pe/mpich/8.1.32/ofi/gnu/12.3
PE_GCC_EXTERNAL=native
LESSOPEN=lessopen.sh %s
CRAYPAT_OPTS_EXECUTABLE=libexec64/opts
CRAY_XPMEM_INCLUDE_OPTS=-I/usr/include
PE_LIBSCI_GENCOMPS_GNU_x86_64=123
LMOD_DIR=/opt/cray/pe/lmod/lmod/libexec
LMOD_FAMILY_MPI=cray-mpich
BASH_FUNC_module%%=() {  if [ -z "${LMOD_SH_DBG_ON+x}" ]; then
 case "$-" in 
 *v*x*)
 __lmod_sh_dbg='vx'
 ;;
 *v*)
 __lmod_sh_dbg='v'
 ;;
 *x*)
 __lmod_sh_dbg='x'
 ;;
 esac;
 fi;
 if [ -n "${__lmod_sh_dbg:-}" ]; then
 set +$__lmod_sh_dbg;
 echo "Shell debugging temporarily silenced: export LMOD_SH_DBG_ON=1 for Lmod's output" 1>&2;
 fi;
 eval "$($LMOD_CMD shell "$@")" && eval "$(${LMOD_SETTARG_CMD:-:} -s sh)";
 __lmod_my_status=$?;
 if [ -n "${__lmod_sh_dbg:-}" ]; then
 echo "Shell debugging restarted" 1>&2;
 set -$__lmod_sh_dbg;
 fi;
 unset __lmod_sh_dbg;
 return $__lmod_my_status
}
BASH_FUNC_ml%%=() {  eval "$($LMOD_DIR/ml_cmd "$@")"
}
_=/usr/bin/env
========
_n16_software_16529878
========
with LinkX
-- mpirun /pfs/lustref1/flash/project_462000031/lazzaroa/openmpi_on_ss11/osu/osu-ompi//libexec/osu-micro-benchmarks//mpi/collective/osu_alltoall -d rocm D D
[nid006113:123081] Rank 0 bound to package[0][core:0-6]
[nid006113:123081] Rank 1 bound to package[0][core:7-13]
[nid006113:123081] Rank 2 bound to package[0][core:14-20]
[nid006113:123081] Rank 3 bound to package[0][core:21-27]
[nid006113:123081] Rank 4 bound to package[0][core:28-34]
[nid006113:123081] Rank 6 bound to package[0][core:42-48]
[nid006113:123081] Rank 7 bound to package[0][core:49-55]
[nid006113:123081] Rank 5 bound to package[0][core:35-41]
[nid006773:119125] Rank 8 bound to package[0][core:0-6]
[nid006773:119125] Rank 11 bound to package[0][core:21-27]
[nid006773:119125] Rank 13 bound to package[0][core:35-41]
[nid006773:119125] Rank 14 bound to package[0][core:42-48]
[nid006773:119125] Rank 12 bound to package[0][core:28-34]
[nid006773:119125] Rank 15 bound to package[0][core:49-55]
[nid006773:119125] Rank 10 bound to package[0][core:14-20]
[nid006773:119125] Rank 9 bound to package[0][core:7-13]

# OSU MPI-ROCM All-to-All Personalized Exchange Latency Test v7.5.2
# Datatype: MPI_CHAR.
# Size       Avg Latency(us)
1                     396.29
2                     396.58
4                     619.92
8                     619.96
16                    621.39
32                    623.97
64                    624.40
128                   626.59
256                   633.98
512                   411.05
1024                  415.41
2048                  421.33
4096                  431.96
8192                  469.30
16384                 504.14
32768                 598.87
65536                 769.90
131072               1082.77
262144               1720.74
524288              14228.93
1048576             30213.92
-- mpirun /pfs/lustref1/flash/project_462000031/lazzaroa/openmpi_on_ss11/osu/osu-ompi//libexec/osu-micro-benchmarks//mpi/collective/osu_allreduce -d rocm D D
[nid006113:123290] Rank 0 bound to package[0][core:0-6]
[nid006113:123290] Rank 2 bound to package[0][core:14-20]
[nid006773:119640] Rank 9 bound to package[0][core:7-13]
[nid006773:119640] Rank 8 bound to package[0][core:0-6]
[nid006773:119640] Rank 10 bound to package[0][core:14-20]
[nid006773:119640] Rank 11 bound to package[0][core:21-27]
[nid006773:119640] Rank 13 bound to package[0][core:35-41]
[nid006773:119640] Rank 12 bound to package[0][core:28-34]
[nid006773:119640] Rank 14 bound to package[0][core:42-48]
[nid006773:119640] Rank 15 bound to package[0][core:49-55]
[nid006113:123290] Rank 1 bound to package[0][core:7-13]
[nid006113:123290] Rank 3 bound to package[0][core:21-27]
[nid006113:123290] Rank 4 bound to package[0][core:28-34]
[nid006113:123290] Rank 5 bound to package[0][core:35-41]
[nid006113:123290] Rank 6 bound to package[0][core:42-48]
[nid006113:123290] Rank 7 bound to package[0][core:49-55]

# OSU MPI-ROCM Allreduce Latency Test v7.5.2
# Datatype: MPI_INT.
# Size       Avg Latency(us)
4                     153.64
8                     157.09
16                    157.30
32                    157.17
64                    153.51
128                   156.85
256                   156.39
512                   157.60
1024                  159.85
2048                  164.71
4096                  176.17
8192                  194.09
16384                 206.55
32768                 278.55
65536                 472.55
131072                903.00
262144               1802.59
524288               3567.06
1048576              7101.61
-- mpirun /pfs/lustref1/flash/project_462000031/lazzaroa/openmpi_on_ss11/osu/osu-ompi//libexec/osu-micro-benchmarks//mpi/collective/osu_allgather -d rocm D D
[nid006113:123472] Rank 0 bound to package[0][core:0-6]
[nid006113:123472] Rank 1 bound to package[0][core:7-13]
[nid006113:123472] Rank 2 bound to package[0][core:14-20]
[nid006113:123472] Rank 3 bound to package[0][core:21-27]
[nid006113:123472] Rank 4 bound to package[0][core:28-34]
[nid006113:123472] Rank 5 bound to package[0][core:35-41]
[nid006113:123472] Rank 6 bound to package[0][core:42-48]
[nid006113:123472] Rank 7 bound to package[0][core:49-55]
[nid006773:119898] Rank 8 bound to package[0][core:0-6]
[nid006773:119898] Rank 9 bound to package[0][core:7-13]
[nid006773:119898] Rank 10 bound to package[0][core:14-20]
[nid006773:119898] Rank 11 bound to package[0][core:21-27]
[nid006773:119898] Rank 12 bound to package[0][core:28-34]
[nid006773:119898] Rank 14 bound to package[0][core:42-48]
[nid006773:119898] Rank 13 bound to package[0][core:35-41]
[nid006773:119898] Rank 15 bound to package[0][core:49-55]

# OSU MPI-ROCM Allgather Latency Test v7.5.2
# Datatype: MPI_CHAR.
# Size       Avg Latency(us)
1                     117.26
2                     116.34
4                     113.89
8                     114.15
16                    115.11
32                    116.16
64                    117.06
128                   119.42
256                   124.68
512                   129.41
1024                  138.11
2048                  184.90
4096                  225.08
8192                  300.68
16384                 445.53
32768                 737.99
65536                1221.34
131072              15395.49
262144              20338.15
524288              29513.51
1048576             52959.54
-- mpirun /pfs/lustref1/flash/project_462000031/lazzaroa/openmpi_on_ss11/osu/osu-ompi//libexec/osu-micro-benchmarks//mpi/collective/osu_allreduce H H
[nid006773:120509] Rank 8 bound to package[0][core:0-6]
[nid006773:120509] Rank 9 bound to package[0][core:7-13]
[nid006773:120509] Rank 10 bound to package[0][core:14-20]
[nid006773:120509] Rank 12 bound to package[0][core:28-34]
[nid006773:120509] Rank 11 bound to package[0][core:21-27]
[nid006773:120509] Rank 13 bound to package[0][core:35-41]
[nid006113:123662] Rank 0 bound to package[0][core:0-6]
[nid006773:120509] Rank 15 bound to package[0][core:49-55]
[nid006113:123662] Rank 1 bound to package[0][core:7-13]
[nid006113:123662] Rank 4 bound to package[0][core:28-34]
[nid006113:123662] Rank 2 bound to package[0][core:14-20]
[nid006113:123662] Rank 3 bound to package[0][core:21-27]
[nid006773:120509] Rank 14 bound to package[0][core:42-48]
[nid006113:123662] Rank 5 bound to package[0][core:35-41]
[nid006113:123662] Rank 6 bound to package[0][core:42-48]
[nid006113:123662] Rank 7 bound to package[0][core:49-55]

# OSU MPI Allreduce Latency Test v7.5.2
# Datatype: MPI_INT.
# Size       Avg Latency(us)
4                      13.34
8                      13.39
16                     13.37
32                     13.73
64                     14.00
128                    15.75
256                    20.46
512                    20.96
1024                   21.79
2048                   23.38
4096                   26.02
8192                   34.09
16384                  35.20
32768                  58.18
65536                 118.63
131072                196.92
262144                356.63
524288                663.13
1048576              1288.25
-- mpirun /pfs/lustref1/flash/project_462000031/lazzaroa/openmpi_on_ss11/osu/osu-ompi//libexec/osu-micro-benchmarks//mpi/collective/osu_alltoall H H
[nid006773:120678] Rank 8 bound to package[0][core:0-6]
[nid006773:120678] Rank 10 bound to package[0][core:14-20]
[nid006773:120678] Rank 9 bound to package[0][core:7-13]
[nid006773:120678] Rank 12 bound to package[0][core:28-34]
[nid006773:120678] Rank 11 bound to package[0][core:21-27]
[nid006773:120678] Rank 13 bound to package[0][core:35-41]
[nid006773:120678] Rank 15 bound to package[0][core:49-55]
[nid006773:120678] Rank 14 bound to package[0][core:42-48]
[nid006113:123829] Rank 0 bound to package[0][core:0-6]
[nid006113:123829] Rank 1 bound to package[0][core:7-13]
[nid006113:123829] Rank 2 bound to package[0][core:14-20]
[nid006113:123829] Rank 4 bound to package[0][core:28-34]
[nid006113:123829] Rank 3 bound to package[0][core:21-27]
[nid006113:123829] Rank 6 bound to package[0][core:42-48]
[nid006113:123829] Rank 5 bound to package[0][core:35-41]
[nid006113:123829] Rank 7 bound to package[0][core:49-55]

# OSU MPI All-to-All Personalized Exchange Latency Test v7.5.2
# Datatype: MPI_CHAR.
# Size       Avg Latency(us)
1                      19.42
2                      19.08
4                      25.28
8                      25.71
16                     26.77
32                     35.03
64                     35.50
128                    36.10
256                    38.53
512                    23.36
1024                   25.78
2048                   26.04
4096                   31.16
8192                   29.34
16384                  40.21
32768                  62.64
65536                 103.10
131072                183.69
262144                353.89
524288                694.83
1048576              1243.24
-- mpirun /pfs/lustref1/flash/project_462000031/lazzaroa/openmpi_on_ss11/osu/osu-ompi//libexec/osu-micro-benchmarks//mpi/collective/osu_allgather H H
[nid006773:120900] Rank 8 bound to package[0][core:0-6]
[nid006773:120900] Rank 9 bound to package[0][core:7-13]
[nid006773:120900] Rank 10 bound to package[0][core:14-20]
[nid006773:120900] Rank 11 bound to package[0][core:21-27]
[nid006773:120900] Rank 12 bound to package[0][core:28-34]
[nid006773:120900] Rank 14 bound to package[0][core:42-48]
[nid006773:120900] Rank 13 bound to package[0][core:35-41]
[nid006773:120900] Rank 15 bound to package[0][core:49-55]
[nid006113:124003] Rank 0 bound to package[0][core:0-6]
[nid006113:124003] Rank 1 bound to package[0][core:7-13]
[nid006113:124003] Rank 2 bound to package[0][core:14-20]
[nid006113:124003] Rank 3 bound to package[0][core:21-27]
[nid006113:124003] Rank 5 bound to package[0][core:35-41]
[nid006113:124003] Rank 4 bound to package[0][core:28-34]
[nid006113:124003] Rank 6 bound to package[0][core:42-48]
[nid006113:124003] Rank 7 bound to package[0][core:49-55]

# OSU MPI Allgather Latency Test v7.5.2
# Datatype: MPI_CHAR.
# Size       Avg Latency(us)
1                      11.46
2                      11.31
4                      11.61
8                      11.57
16                     12.98
32                     14.60
64                     15.20
128                    16.03
256                    17.86
512                    19.53
1024                   27.13
2048                   26.70
4096                   45.73
8192                   65.37
16384                 102.76
32768                 180.96
65536                 346.90
131072                664.01
262144               1305.70
524288               2581.29
1048576              5355.32
no OpenMPI internal transport, only libfabric. Use CXI directly
-- mpirun /pfs/lustref1/flash/project_462000031/lazzaroa/openmpi_on_ss11/osu/osu-ompi//libexec/osu-micro-benchmarks//mpi/collective/osu_alltoall -d rocm D D
[nid006113:124177] Rank 1 bound to package[0][core:7-13]
[nid006113:124177] Rank 2 bound to package[0][core:14-20]
[nid006113:124177] Rank 3 bound to package[0][core:21-27]
[nid006113:124177] Rank 4 bound to package[0][core:28-34]
[nid006113:124177] Rank 5 bound to package[0][core:35-41]
[nid006113:124177] Rank 0 bound to package[0][core:0-6]
[nid006113:124177] Rank 6 bound to package[0][core:42-48]
[nid006113:124177] Rank 7 bound to package[0][core:49-55]
[nid006773:121114] Rank 8 bound to package[0][core:0-6]
[nid006773:121114] Rank 9 bound to package[0][core:7-13]
[nid006773:121114] Rank 10 bound to package[0][core:14-20]
[nid006773:121114] Rank 11 bound to package[0][core:21-27]
[nid006773:121114] Rank 12 bound to package[0][core:28-34]
[nid006773:121114] Rank 14 bound to package[0][core:42-48]
[nid006773:121114] Rank 15 bound to package[0][core:49-55]
[nid006773:121114] Rank 13 bound to package[0][core:35-41]

# OSU MPI-ROCM All-to-All Personalized Exchange Latency Test v7.5.2
# Datatype: MPI_CHAR.
# Size       Avg Latency(us)
1                      31.61
2                      31.60
4                     669.39
8                     668.73
16                    682.27
32                    727.03
64                    727.75
128                   740.78
256                   733.97
512                    32.27
1024                   32.81
2048                   33.71
4096                   36.06
8192                 9538.13
16384                 276.59
32768                 288.85
65536                 295.45
131072                296.36
262144                415.51
524288                814.14
1048576              1670.03
-- mpirun /pfs/lustref1/flash/project_462000031/lazzaroa/openmpi_on_ss11/osu/osu-ompi//libexec/osu-micro-benchmarks//mpi/collective/osu_allreduce -d rocm D D
[nid006113:124445] Rank 0 bound to package[0][core:0-6]
[nid006113:124445] Rank 1 bound to package[0][core:7-13]
[nid006113:124445] Rank 2 bound to package[0][core:14-20]
[nid006113:124445] Rank 3 bound to package[0][core:21-27]
[nid006113:124445] Rank 4 bound to package[0][core:28-34]
[nid006113:124445] Rank 5 bound to package[0][core:35-41]
[nid006113:124445] Rank 7 bound to package[0][core:49-55]
[nid006113:124445] Rank 6 bound to package[0][core:42-48]
[nid006773:121753] Rank 8 bound to package[0][core:0-6]
[nid006773:121753] Rank 9 bound to package[0][core:7-13]
[nid006773:121753] Rank 11 bound to package[0][core:21-27]
[nid006773:121753] Rank 10 bound to package[0][core:14-20]
[nid006773:121753] Rank 12 bound to package[0][core:28-34]
[nid006773:121753] Rank 14 bound to package[0][core:42-48]
[nid006773:121753] Rank 13 bound to package[0][core:35-41]
[nid006773:121753] Rank 15 bound to package[0][core:49-55]

# OSU MPI-ROCM Allreduce Latency Test v7.5.2
# Datatype: MPI_INT.
# Size       Avg Latency(us)
4                      37.57
8                      38.84
16                     38.91
32                     39.63
64                     38.51
128                    42.04
256                    42.14
512                    42.96
1024                   43.58
2048                   58.30
4096                   55.10
8192                 5171.95
16384                3988.90
32768                4528.39
65536                4468.22
131072               7098.41
262144               9420.88
524288              15738.94
1048576             28530.80
-- mpirun /pfs/lustref1/flash/project_462000031/lazzaroa/openmpi_on_ss11/osu/osu-ompi//libexec/osu-micro-benchmarks//mpi/collective/osu_allgather -d rocm D D
[nid006773:122279] Rank 8 bound to package[0][core:0-6]
[nid006773:122279] Rank 9 bound to package[0][core:7-13]
[nid006773:122279] Rank 11 bound to package[0][core:21-27]
[nid006773:122279] Rank 12 bound to package[0][core:28-34]
[nid006773:122279] Rank 10 bound to package[0][core:14-20]
[nid006773:122279] Rank 13 bound to package[0][core:35-41]
[nid006773:122279] Rank 14 bound to package[0][core:42-48]
[nid006773:122279] Rank 15 bound to package[0][core:49-55]
[nid006113:124643] Rank 0 bound to package[0][core:0-6]
[nid006113:124643] Rank 6 bound to package[0][core:42-48]
[nid006113:124643] Rank 5 bound to package[0][core:35-41]
[nid006113:124643] Rank 4 bound to package[0][core:28-34]
[nid006113:124643] Rank 1 bound to package[0][core:7-13]
[nid006113:124643] Rank 3 bound to package[0][core:21-27]
[nid006113:124643] Rank 2 bound to package[0][core:14-20]
[nid006113:124643] Rank 7 bound to package[0][core:49-55]

# OSU MPI-ROCM Allgather Latency Test v7.5.2
# Datatype: MPI_CHAR.
# Size       Avg Latency(us)
1                      51.56
2                      50.73
4                      49.22
8                      49.71
16                     50.53
32                     53.28
64                     54.43
128                    54.63
256                    73.53
512                  2060.93
1024                 3275.05
2048                 2347.31
4096                 2039.84
8192                 1258.95
16384                1023.58
32768                 848.44
65536                 705.89
131072                904.23
262144               1459.66
524288               2675.75
1048576              5089.30
-- mpirun /pfs/lustref1/flash/project_462000031/lazzaroa/openmpi_on_ss11/osu/osu-ompi//libexec/osu-micro-benchmarks//mpi/collective/osu_allreduce H H
[nid006113:124841] Rank 0 bound to package[0][core:0-6]
[nid006113:124841] Rank 1 bound to package[0][core:7-13]
[nid006113:124841] Rank 2 bound to package[0][core:14-20]
[nid006113:124841] Rank 4 bound to package[0][core:28-34]
[nid006773:122831] Rank 10 bound to package[0][core:14-20]
[nid006773:122831] Rank 9 bound to package[0][core:7-13]
[nid006773:122831] Rank 8 bound to package[0][core:0-6]
[nid006113:124841] Rank 3 bound to package[0][core:21-27]
[nid006773:122831] Rank 11 bound to package[0][core:21-27]
[nid006773:122831] Rank 12 bound to package[0][core:28-34]
[nid006773:122831] Rank 14 bound to package[0][core:42-48]
[nid006113:124841] Rank 5 bound to package[0][core:35-41]
[nid006113:124841] Rank 6 bound to package[0][core:42-48]
[nid006113:124841] Rank 7 bound to package[0][core:49-55]
[nid006773:122831] Rank 15 bound to package[0][core:49-55]
[nid006773:122831] Rank 13 bound to package[0][core:35-41]

# OSU MPI Allreduce Latency Test v7.5.2
# Datatype: MPI_INT.
# Size       Avg Latency(us)
4                      21.83
8                      22.17
16                     22.12
32                     22.60
64                     22.22
128                    25.23
256                    30.28
512                    30.58
1024                   31.62
2048                   44.56
4096                   40.00
8192                   42.19
16384                  49.47
32768                  85.59
65536                 144.05
131072                220.38
262144                376.78
524288                696.46
1048576              1332.93
-- mpirun /pfs/lustref1/flash/project_462000031/lazzaroa/openmpi_on_ss11/osu/osu-ompi//libexec/osu-micro-benchmarks//mpi/collective/osu_alltoall H H
[nid006773:123002] Rank 9 bound to package[0][core:7-13]
[nid006773:123002] Rank 8 bound to package[0][core:0-6]
[nid006113:125010] Rank 0 bound to package[0][core:0-6]
[nid006113:125010] Rank 1 bound to package[0][core:7-13]
[nid006773:123002] Rank 10 bound to package[0][core:14-20]
[nid006773:123002] Rank 11 bound to package[0][core:21-27]
[nid006773:123002] Rank 12 bound to package[0][core:28-34]
[nid006773:123002] Rank 14 bound to package[0][core:42-48]
[nid006773:123002] Rank 13 bound to package[0][core:35-41]
[nid006773:123002] Rank 15 bound to package[0][core:49-55]
[nid006113:125010] Rank 2 bound to package[0][core:14-20]
[nid006113:125010] Rank 3 bound to package[0][core:21-27]
[nid006113:125010] Rank 5 bound to package[0][core:35-41]
[nid006113:125010] Rank 4 bound to package[0][core:28-34]
[nid006113:125010] Rank 7 bound to package[0][core:49-55]
[nid006113:125010] Rank 6 bound to package[0][core:42-48]

# OSU MPI All-to-All Personalized Exchange Latency Test v7.5.2
# Datatype: MPI_CHAR.
# Size       Avg Latency(us)
1                      21.59
2                      21.53
4                      30.33
8                      30.05
16                     31.06
32                     38.78
64                     38.93
128                    48.53
256                    40.80
512                    22.39
1024                   22.97
2048                   23.72
4096                   25.25
8192                   33.54
16384                  54.29
32768                  80.40
65536                 134.25
131072                258.01
262144                519.79
524288               1119.49
1048576              2406.16
-- mpirun /pfs/lustref1/flash/project_462000031/lazzaroa/openmpi_on_ss11/osu/osu-ompi//libexec/osu-micro-benchmarks//mpi/collective/osu_allgather H H
[nid006113:125207] Rank 0 bound to package[0][core:0-6]
[nid006113:125207] Rank 1 bound to package[0][core:7-13]
[nid006113:125207] Rank 2 bound to package[0][core:14-20]
[nid006113:125207] Rank 3 bound to package[0][core:21-27]
[nid006113:125207] Rank 4 bound to package[0][core:28-34]
[nid006113:125207] Rank 5 bound to package[0][core:35-41]
[nid006113:125207] Rank 6 bound to package[0][core:42-48]
[nid006773:123242] Rank 8 bound to package[0][core:0-6]
[nid006773:123242] Rank 10 bound to package[0][core:14-20]
[nid006113:125207] Rank 7 bound to package[0][core:49-55]
[nid006773:123242] Rank 9 bound to package[0][core:7-13]
[nid006773:123242] Rank 11 bound to package[0][core:21-27]
[nid006773:123242] Rank 12 bound to package[0][core:28-34]
[nid006773:123242] Rank 13 bound to package[0][core:35-41]
[nid006773:123242] Rank 14 bound to package[0][core:42-48]
[nid006773:123242] Rank 15 bound to package[0][core:49-55]

# OSU MPI Allgather Latency Test v7.5.2
# Datatype: MPI_CHAR.
# Size       Avg Latency(us)
1                      21.13
2                      21.04
4                      20.26
8                      20.49
16                     22.53
32                     24.92
64                     25.68
128                    26.97
256                    43.56
512                    31.75
1024                   34.43
2048                   39.51
4096                   57.24
8192                   81.23
16384                 123.85
32768                 203.99
65536                 353.10
131072                660.79
262144               1280.30
524288               2518.74
1048576              5081.34
========
_n16_hybrid_16529878
========
no OpenMPI internal transport, only libfabric. Use CXI directly
-- mpirun /pfs/lustref1/flash/project_462000031/lazzaroa/openmpi_on_ss11/osu/osu-ompi//libexec/osu-micro-benchmarks//mpi/collective/osu_alltoall -d rocm D D
[nid006113:125382] Rank 1 bound to package[0][core:7-13]
[nid006113:125382] Rank 2 bound to package[0][core:14-20]
[nid006113:125382] Rank 3 bound to package[0][core:21-27]
[nid006113:125382] Rank 4 bound to package[0][core:28-34]
[nid006113:125382] Rank 5 bound to package[0][core:35-41]
[nid006113:125382] Rank 0 bound to package[0][core:0-6]
[nid006113:125382] Rank 7 bound to package[0][core:49-55]
[nid006113:125382] Rank 6 bound to package[0][core:42-48]
[nid006773:123465] Rank 8 bound to package[0][core:0-6]
[nid006773:123465] Rank 9 bound to package[0][core:7-13]
[nid006773:123465] Rank 10 bound to package[0][core:14-20]
[nid006773:123465] Rank 11 bound to package[0][core:21-27]
[nid006773:123465] Rank 14 bound to package[0][core:42-48]
[nid006773:123465] Rank 12 bound to package[0][core:28-34]
[nid006773:123465] Rank 15 bound to package[0][core:49-55]
[nid006773:123465] Rank 13 bound to package[0][core:35-41]

# OSU MPI-ROCM All-to-All Personalized Exchange Latency Test v7.5.2
# Datatype: MPI_CHAR.
# Size       Avg Latency(us)
1                      35.23
2                      35.32
4                     679.27
8                     695.96
16                    738.36
32                    719.65
64                    709.92
128                   711.71
256                   716.01
512                    35.57
1024                   35.85
2048                   36.25
4096                   37.30
8192                   45.47
16384                  53.84
32768                  75.81
65536                 120.63
131072                212.88
262144                412.58
524288                810.88
1048576              1641.28
-- mpirun /pfs/lustref1/flash/project_462000031/lazzaroa/openmpi_on_ss11/osu/osu-ompi//libexec/osu-micro-benchmarks//mpi/collective/osu_allreduce -d rocm D D
[nid006773:123775] Rank 8 bound to package[0][core:0-6]
[nid006773:123775] Rank 9 bound to package[0][core:7-13]
[nid006773:123775] Rank 11 bound to package[0][core:21-27]
[nid006773:123775] Rank 10 bound to package[0][core:14-20]
[nid006773:123775] Rank 14 bound to package[0][core:42-48]
[nid006773:123775] Rank 13 bound to package[0][core:35-41]
[nid006773:123775] Rank 12 bound to package[0][core:28-34]
[nid006773:123775] Rank 15 bound to package[0][core:49-55]
[nid006113:125568] Rank 0 bound to package[0][core:0-6]
[nid006113:125568] Rank 2 bound to package[0][core:14-20]
[nid006113:125568] Rank 1 bound to package[0][core:7-13]
[nid006113:125568] Rank 7 bound to package[0][core:49-55]
[nid006113:125568] Rank 3 bound to package[0][core:21-27]
[nid006113:125568] Rank 4 bound to package[0][core:28-34]
[nid006113:125568] Rank 6 bound to package[0][core:42-48]
[nid006113:125568] Rank 5 bound to package[0][core:35-41]

# OSU MPI-ROCM Allreduce Latency Test v7.5.2
# Datatype: MPI_INT.
# Size       Avg Latency(us)
4                      38.61
8                      39.18
16                     38.97
32                     39.37
64                     38.52
128                    45.62
256                    45.50
512                    45.63
1024                   46.48
2048                   48.58
4096                   52.98
8192                 1124.70
16384                1031.57
32768                 933.64
65536                 148.82
131072               1791.68
262144               3972.94
524288               6508.46
1048576              4144.36
-- mpirun /pfs/lustref1/flash/project_462000031/lazzaroa/openmpi_on_ss11/osu/osu-ompi//libexec/osu-micro-benchmarks//mpi/collective/osu_allgather -d rocm D D
[nid006773:124044] Rank 8 bound to package[0][core:0-6]
[nid006773:124044] Rank 9 bound to package[0][core:7-13]
[nid006773:124044] Rank 10 bound to package[0][core:14-20]
[nid006773:124044] Rank 11 bound to package[0][core:21-27]
[nid006773:124044] Rank 12 bound to package[0][core:28-34]
[nid006773:124044] Rank 13 bound to package[0][core:35-41]
[nid006773:124044] Rank 15 bound to package[0][core:49-55]
[nid006773:124044] Rank 14 bound to package[0][core:42-48]
[nid006113:125748] Rank 0 bound to package[0][core:0-6]
[nid006113:125748] Rank 1 bound to package[0][core:7-13]
[nid006113:125748] Rank 3 bound to package[0][core:21-27]
[nid006113:125748] Rank 4 bound to package[0][core:28-34]
[nid006113:125748] Rank 6 bound to package[0][core:42-48]
[nid006113:125748] Rank 5 bound to package[0][core:35-41]
[nid006113:125748] Rank 2 bound to package[0][core:14-20]
[nid006113:125748] Rank 7 bound to package[0][core:49-55]

# OSU MPI-ROCM Allgather Latency Test v7.5.2
# Datatype: MPI_CHAR.
# Size       Avg Latency(us)
1                      52.06
2                      51.39
4                      49.72
8                      50.20
16                     50.57
32                     53.21
64                     54.02
128                    54.20
256                    56.91
512                    58.27
1024                  113.55
2048                  136.59
4096                  181.94
8192                  330.27
16384                 754.47
32768                 648.42
65536                 662.12
131072                987.57
262144               1557.31
524288               2885.11
1048576              5527.23
-- mpirun /pfs/lustref1/flash/project_462000031/lazzaroa/openmpi_on_ss11/osu/osu-ompi//libexec/osu-micro-benchmarks//mpi/collective/osu_allreduce H H
[nid006113:125932] Rank 0 bound to package[0][core:0-6]
[nid006113:125932] Rank 1 bound to package[0][core:7-13]
[nid006113:125932] Rank 2 bound to package[0][core:14-20]
[nid006113:125932] Rank 3 bound to package[0][core:21-27]
[nid006773:124308] Rank 8 bound to package[0][core:0-6]
[nid006773:124308] Rank 10 bound to package[0][core:14-20]
[nid006113:125932] Rank 5 bound to package[0][core:35-41]
[nid006113:125932] Rank 4 bound to package[0][core:28-34]
[nid006113:125932] Rank 6 bound to package[0][core:42-48]
[nid006113:125932] Rank 7 bound to package[0][core:49-55]
[nid006773:124308] Rank 9 bound to package[0][core:7-13]
[nid006773:124308] Rank 11 bound to package[0][core:21-27]
[nid006773:124308] Rank 12 bound to package[0][core:28-34]
[nid006773:124308] Rank 15 bound to package[0][core:49-55]
[nid006773:124308] Rank 14 bound to package[0][core:42-48]
[nid006773:124308] Rank 13 bound to package[0][core:35-41]

# OSU MPI Allreduce Latency Test v7.5.2
# Datatype: MPI_INT.
# Size       Avg Latency(us)
4                      20.56
8                      21.22
16                     20.93
32                     21.40
64                     20.79
128                    24.09
256                    28.26
512                    28.65
1024                   29.69
2048                   30.96
4096                   34.65
8192                   36.84
16384                  42.29
32768                  69.33
65536                 143.18
131072                228.88
262144                493.56
524288                991.84
1048576              1486.35
-- mpirun /pfs/lustref1/flash/project_462000031/lazzaroa/openmpi_on_ss11/osu/osu-ompi//libexec/osu-micro-benchmarks//mpi/collective/osu_alltoall H H
[nid006773:124557] Rank 8 bound to package[0][core:0-6]
[nid006773:124557] Rank 10 bound to package[0][core:14-20]
[nid006773:124557] Rank 9 bound to package[0][core:7-13]
[nid006773:124557] Rank 12 bound to package[0][core:28-34]
[nid006773:124557] Rank 11 bound to package[0][core:21-27]
[nid006773:124557] Rank 14 bound to package[0][core:42-48]
[nid006773:124557] Rank 13 bound to package[0][core:35-41]
[nid006773:124557] Rank 15 bound to package[0][core:49-55]
[nid006113:126102] Rank 0 bound to package[0][core:0-6]
[nid006113:126102] Rank 1 bound to package[0][core:7-13]
[nid006113:126102] Rank 2 bound to package[0][core:14-20]
[nid006113:126102] Rank 4 bound to package[0][core:28-34]
[nid006113:126102] Rank 3 bound to package[0][core:21-27]
[nid006113:126102] Rank 5 bound to package[0][core:35-41]
[nid006113:126102] Rank 7 bound to package[0][core:49-55]
[nid006113:126102] Rank 6 bound to package[0][core:42-48]

# OSU MPI All-to-All Personalized Exchange Latency Test v7.5.2
# Datatype: MPI_CHAR.
# Size       Avg Latency(us)
1                      24.85
2                      23.99
4                      30.29
8                      30.38
16                     31.69
32                     38.97
64                     39.22
128                    39.37
256                    40.50
512                    25.68
1024                   26.11
2048                   26.31
4096                   27.32
8192                   31.61
16384                  45.48
32768                  73.80
65536                 132.10
131072                246.93
262144                488.65
524288               1003.34
1048576              2123.12
-- mpirun /pfs/lustref1/flash/project_462000031/lazzaroa/openmpi_on_ss11/osu/osu-ompi//libexec/osu-micro-benchmarks//mpi/collective/osu_allgather H H
[nid006773:124777] Rank 8 bound to package[0][core:0-6]
[nid006773:124777] Rank 10 bound to package[0][core:14-20]
[nid006773:124777] Rank 9 bound to package[0][core:7-13]
[nid006113:126273] Rank 1 bound to package[0][core:7-13]
[nid006773:124777] Rank 11 bound to package[0][core:21-27]
[nid006773:124777] Rank 12 bound to package[0][core:28-34]
[nid006773:124777] Rank 13 bound to package[0][core:35-41]
[nid006773:124777] Rank 14 bound to package[0][core:42-48]
[nid006113:126273] Rank 0 bound to package[0][core:0-6]
[nid006773:124777] Rank 15 bound to package[0][core:49-55]
[nid006113:126273] Rank 2 bound to package[0][core:14-20]
[nid006113:126273] Rank 3 bound to package[0][core:21-27]
[nid006113:126273] Rank 6 bound to package[0][core:42-48]
[nid006113:126273] Rank 4 bound to package[0][core:28-34]
[nid006113:126273] Rank 7 bound to package[0][core:49-55]
[nid006113:126273] Rank 5 bound to package[0][core:35-41]

# OSU MPI Allgather Latency Test v7.5.2
# Datatype: MPI_CHAR.
# Size       Avg Latency(us)
1                      19.25
2                      19.18
4                      18.51
8                      18.75
16                     20.56
32                     23.06
64                     23.76
128                    24.52
256                    26.47
512                    27.80
1024                   29.37
2048                   33.55
4096                   47.44
8192                   69.24
16384                 116.12
32768                 207.17
65536                 388.65
131072                844.36
262144               1455.21
524288               2868.67
1048576              5793.43
-- mpirun /pfs/lustref1/flash/project_462000031/lazzaroa/openmpi_on_ss11/osu/osu-ompi//libexec/osu-micro-benchmarks//xccl/collective/osu_xccl_alltoall -d rocm D D
[nid006113:126449] Rank 0 bound to package[0][core:0-6]
[nid006113:126449] Rank 2 bound to package[0][core:14-20]
[nid006113:126449] Rank 1 bound to package[0][core:7-13]
[nid006113:126449] Rank 4 bound to package[0][core:28-34]
[nid006113:126449] Rank 3 bound to package[0][core:21-27]
[nid006113:126449] Rank 5 bound to package[0][core:35-41]
[nid006113:126449] Rank 6 bound to package[0][core:42-48]
[nid006113:126449] Rank 7 bound to package[0][core:49-55]
[nid006773:125016] Rank 9 bound to package[0][core:7-13]
[nid006773:125016] Rank 8 bound to package[0][core:0-6]
[nid006773:125016] Rank 13 bound to package[0][core:35-41]
[nid006773:125016] Rank 10 bound to package[0][core:14-20]
[nid006773:125016] Rank 11 bound to package[0][core:21-27]
[nid006773:125016] Rank 12 bound to package[0][core:28-34]
[nid006773:125016] Rank 14 bound to package[0][core:42-48]
[nid006773:125016] Rank 15 bound to package[0][core:49-55]
#Using RCCL
#Using RCCL
#Using RCCL
#Using RCCL
#Using RCCL
#Using RCCL
#Using RCCL
#Using RCCL
#Using RCCL
#Using RCCL
#Using RCCL
#Using RCCL
#Using RCCL
#Using RCCL
#Using RCCL
#Using RCCL

# OSU RCCL-ROCM All-to-All Personalized Exchange Latency Test v7.5.2
# Size       Avg Latency(us)
1                      91.97
2                      91.32
4                      91.38
8                      91.61
16                     91.45
32                     91.64
64                     91.98
128                    92.54
256                    92.24
512                    92.44
1024                   92.98
2048                   94.96
4096                  100.94
8192                  868.72
16384                 790.41
32768                 399.10
65536                3263.45
131072               2998.03
262144               6203.19
524288              13490.89
1048576             11202.20
-- mpirun /pfs/lustref1/flash/project_462000031/lazzaroa/openmpi_on_ss11/osu/osu-ompi//libexec/osu-micro-benchmarks//xccl/collective/osu_xccl_allreduce -d rocm D D
[nid006773:125578] Rank 8 bound to package[0][core:0-6]
[nid006773:125578] Rank 9 bound to package[0][core:7-13]
[nid006773:125578] Rank 10 bound to package[0][core:14-20]
[nid006773:125578] Rank 11 bound to package[0][core:21-27]
[nid006773:125578] Rank 12 bound to package[0][core:28-34]
[nid006773:125578] Rank 13 bound to package[0][core:35-41]
[nid006773:125578] Rank 15 bound to package[0][core:49-55]
[nid006773:125578] Rank 14 bound to package[0][core:42-48]
[nid006113:126760] Rank 0 bound to package[0][core:0-6]
[nid006113:126760] Rank 1 bound to package[0][core:7-13]
[nid006113:126760] Rank 2 bound to package[0][core:14-20]
[nid006113:126760] Rank 4 bound to package[0][core:28-34]
[nid006113:126760] Rank 3 bound to package[0][core:21-27]
[nid006113:126760] Rank 5 bound to package[0][core:35-41]
[nid006113:126760] Rank 6 bound to package[0][core:42-48]
[nid006113:126760] Rank 7 bound to package[0][core:49-55]
#Using RCCL
#Using RCCL
#Using RCCL
#Using RCCL
#Using RCCL
#Using RCCL
#Using RCCL
#Using RCCL
#Using RCCL
#Using RCCL
#Using RCCL
#Using RCCL
#Using RCCL
#Using RCCL
#Using RCCL
#Using RCCL

# OSU RCCL-ROCM Allreduce Latency Test v7.5.2
# Size       Avg Latency(us)
4                     110.73
8                     110.69
16                    100.71
32                    100.79
64                     43.52
128                    43.94
256                    45.32
512                    47.13
1024                   48.78
2048                   51.89
4096                   57.12
8192                  111.19
16384                 120.60
32768                 122.08
65536                 123.22
131072                156.20
262144                172.63
524288                201.76
1048576               265.49
-- mpirun /pfs/lustref1/flash/project_462000031/lazzaroa/openmpi_on_ss11/osu/osu-ompi//libexec/osu-micro-benchmarks//xccl/collective/osu_xccl_allgather -d rocm D D
[nid006113:126973] Rank 0 bound to package[0][core:0-6]
[nid006113:126973] Rank 2 bound to package[0][core:14-20]
[nid006773:125872] Rank 8 bound to package[0][core:0-6]
[nid006773:125872] Rank 9 bound to package[0][core:7-13]
[nid006113:126973] Rank 1 bound to package[0][core:7-13]
[nid006773:125872] Rank 11 bound to package[0][core:21-27]
[nid006113:126973] Rank 3 bound to package[0][core:21-27]
[nid006113:126973] Rank 4 bound to package[0][core:28-34]
[nid006113:126973] Rank 6 bound to package[0][core:42-48]
[nid006113:126973] Rank 5 bound to package[0][core:35-41]
[nid006113:126973] Rank 7 bound to package[0][core:49-55]
[nid006773:125872] Rank 12 bound to package[0][core:28-34]
[nid006773:125872] Rank 15 bound to package[0][core:49-55]
[nid006773:125872] Rank 13 bound to package[0][core:35-41]
[nid006773:125872] Rank 14 bound to package[0][core:42-48]
[nid006773:125872] Rank 10 bound to package[0][core:14-20]
#Using RCCL
#Using RCCL
#Using RCCL
#Using RCCL
#Using RCCL
#Using RCCL
#Using RCCL
#Using RCCL
#Using RCCL
#Using RCCL
#Using RCCL
#Using RCCL
#Using RCCL
#Using RCCL
#Using RCCL
#Using RCCL

# OSU RCCL-ROCM Allgather Latency Test v7.5.2
# Size       Avg Latency(us)
1                      59.67
2                      59.37
4                      59.35
8                      59.58
16                     59.46
32                     59.47
64                     59.90
128                    60.78
256                    61.04
512                    62.21
1024                   64.94
2048                   72.07
4096                  218.56
8192                  225.33
16384                 241.87
32768               23055.92
65536                 857.59
131072                857.73
262144               1549.74
524288               1432.91
1048576               820.30
RCCL-tests
-- mpirun alltoall_perf -d uint8 -b 1 -e 128M -f 2 -g 1
[nid006113:127188] Rank 0 bound to package[0][core:0-6]
[nid006113:127188] Rank 1 bound to package[0][core:7-13]
[nid006113:127188] Rank 5 bound to package[0][core:35-41]
[nid006113:127188] Rank 2 bound to package[0][core:14-20]
[nid006113:127188] Rank 4 bound to package[0][core:28-34]
[nid006113:127188] Rank 3 bound to package[0][core:21-27]
[nid006113:127188] Rank 6 bound to package[0][core:42-48]
[nid006113:127188] Rank 7 bound to package[0][core:49-55]
[nid006773:126253] Rank 9 bound to package[0][core:7-13]
[nid006773:126253] Rank 8 bound to package[0][core:0-6]
[nid006773:126253] Rank 10 bound to package[0][core:14-20]
[nid006773:126253] Rank 11 bound to package[0][core:21-27]
[nid006773:126253] Rank 14 bound to package[0][core:42-48]
[nid006773:126253] Rank 12 bound to package[0][core:28-34]
[nid006773:126253] Rank 15 bound to package[0][core:49-55]
[nid006773:126253] Rank 13 bound to package[0][core:35-41]
# Collective test starting: alltoall_perf
# nThread 1 nGpus 1 minBytes 1 maxBytes 134217728 step: 2(factor) warmup iters: 5 iters: 20 agg iters: 1 validation: 1 graph: 0
#
rccl-tests: Version develop_deprecated:40b1b17
# Using devices
#  Rank  0 Group  0 Pid 127215 on  nid006113 device  0 [0000:d1:00] AMD Instinct MI250X
#  Rank  1 Group  0 Pid 127216 on  nid006113 device  0 [0000:d6:00] AMD Instinct MI250X
#  Rank  2 Group  0 Pid 127218 on  nid006113 device  0 [0000:c9:00] AMD Instinct MI250X
#  Rank  3 Group  0 Pid 127220 on  nid006113 device  0 [0000:ce:00] AMD Instinct MI250X
#  Rank  4 Group  0 Pid 127219 on  nid006113 device  0 [0000:d9:00] AMD Instinct MI250X
#  Rank  5 Group  0 Pid 127217 on  nid006113 device  0 [0000:de:00] AMD Instinct MI250X
#  Rank  6 Group  0 Pid 127225 on  nid006113 device  0 [0000:c1:00] AMD Instinct MI250X
#  Rank  7 Group  0 Pid 127229 on  nid006113 device  0 [0000:c6:00] AMD Instinct MI250X
#  Rank  8 Group  0 Pid 126281 on  nid006773 device  0 [0000:d1:00] AMD Instinct MI250X
#  Rank  9 Group  0 Pid 126280 on  nid006773 device  0 [0000:d6:00] AMD Instinct MI250X
#  Rank 10 Group  0 Pid 126282 on  nid006773 device  0 [0000:c9:00] AMD Instinct MI250X
#  Rank 11 Group  0 Pid 126283 on  nid006773 device  0 [0000:ce:00] AMD Instinct MI250X
#  Rank 12 Group  0 Pid 126288 on  nid006773 device  0 [0000:d9:00] AMD Instinct MI250X
#  Rank 13 Group  0 Pid 126294 on  nid006773 device  0 [0000:de:00] AMD Instinct MI250X
#  Rank 14 Group  0 Pid 126284 on  nid006773 device  0 [0000:c1:00] AMD Instinct MI250X
#  Rank 15 Group  0 Pid 126291 on  nid006773 device  0 [0000:c6:00] AMD Instinct MI250X
#
#                                                              out-of-place                       in-place          
#       size         count      type   redop    root     time   algbw   busbw #wrong     time   algbw   busbw #wrong                               
#        (B)    (elements)                               (us)  (GB/s)  (GB/s)            (us)  (GB/s)  (GB/s)                                      
           0             0     uint8    none      -1     0.12    0.00    0.00      0     0.09    0.00    0.00    N/A
           0             0     uint8    none      -1     0.08    0.00    0.00      0     0.08    0.00    0.00    N/A
           0             0     uint8    none      -1     0.08    0.00    0.00      0     0.08    0.00    0.00    N/A
           0             0     uint8    none      -1     0.08    0.00    0.00      0     0.08    0.00    0.00    N/A
           0             0     uint8    none      -1     0.07    0.00    0.00      0     0.08    0.00    0.00    N/A
           0             0     uint8    none      -1     0.07    0.00    0.00      0     0.08    0.00    0.00    N/A
           0             0     uint8    none      -1     0.07    0.00    0.00      0     0.08    0.00    0.00    N/A
           0             0     uint8    none      -1     0.07    0.00    0.00      0     0.08    0.00    0.00    N/A
         256            16     uint8    none      -1    91.52    0.00    0.00      0    73.83    0.00    0.00    N/A
         512            32     uint8    none      -1    72.54    0.01    0.01      0    71.27    0.01    0.01    N/A
        1024            64     uint8    none      -1    72.93    0.01    0.01      0    71.62    0.01    0.01    N/A
        2048           128     uint8    none      -1    72.51    0.03    0.03      0    71.90    0.03    0.03    N/A
        4096           256     uint8    none      -1    71.65    0.06    0.05      0    72.11    0.06    0.05    N/A
        8192           512     uint8    none      -1    73.18    0.11    0.10      0    71.07    0.12    0.11    N/A
       16384          1024     uint8    none      -1    72.21    0.23    0.21      0    71.72    0.23    0.21    N/A
       32768          2048     uint8    none      -1    74.93    0.44    0.41      0    73.11    0.45    0.42    N/A
       65536          4096     uint8    none      -1    79.28    0.83    0.78      0    77.82    0.84    0.79    N/A
      131072          8192     uint8    none      -1   3722.6    0.04    0.03      0   3976.5    0.03    0.03    N/A
      262144         16384     uint8    none      -1   6755.1    0.04    0.04      0   6383.2    0.04    0.04    N/A
      524288         32768     uint8    none      -1   5544.1    0.09    0.09      0   4657.5    0.11    0.11    N/A
     1048576         65536     uint8    none      -1    11651    0.09    0.08      0    11002    0.10    0.09    N/A
     2097152        131072     uint8    none      -1   9433.5    0.22    0.21      0    12762    0.16    0.15    N/A
     4194304        262144     uint8    none      -1    16580    0.25    0.24      0    20679    0.20    0.19    N/A
     8388608        524288     uint8    none      -1    33865    0.25    0.23      0    32511    0.26    0.24    N/A
    16777216       1048576     uint8    none      -1    30052    0.56    0.52      0    35531    0.47    0.44    N/A
    33554432       2097152     uint8    none      -1    17582    1.91    1.79      0   2599.0   12.91   12.10    N/A
    67108864       4194304     uint8    none      -1   5457.5   12.30   11.53      0   5377.0   12.48   11.70    N/A
   134217728       8388608     uint8    none      -1    12179   11.02   10.33      0    11509   11.66   10.93    N/A
# Errors with asterisks indicate errors that have exceeded the maximum threshold.
# Out of bounds values : 0 OK
# Avg bus bandwidth    : 1.14935 
#
# Collective test concluded: alltoall_perf

-- mpirun all_reduce_perf -d uint8 -b 1 -e 128M -f 2 -g 1
[nid006773:126726] Rank 8 bound to package[0][core:0-6]
[nid006773:126726] Rank 9 bound to package[0][core:7-13]
[nid006773:126726] Rank 10 bound to package[0][core:14-20]
[nid006773:126726] Rank 11 bound to package[0][core:21-27]
[nid006773:126726] Rank 13 bound to package[0][core:35-41]
[nid006773:126726] Rank 12 bound to package[0][core:28-34]
[nid006773:126726] Rank 14 bound to package[0][core:42-48]
[nid006773:126726] Rank 15 bound to package[0][core:49-55]
[nid006113:127703] Rank 0 bound to package[0][core:0-6]
[nid006113:127703] Rank 1 bound to package[0][core:7-13]
[nid006113:127703] Rank 2 bound to package[0][core:14-20]
[nid006113:127703] Rank 4 bound to package[0][core:28-34]
[nid006113:127703] Rank 3 bound to package[0][core:21-27]
[nid006113:127703] Rank 6 bound to package[0][core:42-48]
[nid006113:127703] Rank 5 bound to package[0][core:35-41]
[nid006113:127703] Rank 7 bound to package[0][core:49-55]
# Collective test starting: all_reduce_perf
# nThread 1 nGpus 1 minBytes 1 maxBytes 134217728 step: 2(factor) warmup iters: 5 iters: 20 agg iters: 1 validation: 1 graph: 0
#
rccl-tests: Version develop_deprecated:40b1b17
# Using devices
#  Rank  0 Group  0 Pid 127730 on  nid006113 device  0 [0000:d1:00] AMD Instinct MI250X
#  Rank  1 Group  0 Pid 127731 on  nid006113 device  0 [0000:d6:00] AMD Instinct MI250X
#  Rank  2 Group  0 Pid 127732 on  nid006113 device  0 [0000:c9:00] AMD Instinct MI250X
#  Rank  3 Group  0 Pid 127734 on  nid006113 device  0 [0000:ce:00] AMD Instinct MI250X
#  Rank  4 Group  0 Pid 127733 on  nid006113 device  0 [0000:d9:00] AMD Instinct MI250X
#  Rank  5 Group  0 Pid 127741 on  nid006113 device  0 [0000:de:00] AMD Instinct MI250X
#  Rank  6 Group  0 Pid 127735 on  nid006113 device  0 [0000:c1:00] AMD Instinct MI250X
#  Rank  7 Group  0 Pid 127744 on  nid006113 device  0 [0000:c6:00] AMD Instinct MI250X
#  Rank  8 Group  0 Pid 126768 on  nid006773 device  0 [0000:d1:00] AMD Instinct MI250X
#  Rank  9 Group  0 Pid 126769 on  nid006773 device  0 [0000:d6:00] AMD Instinct MI250X
#  Rank 10 Group  0 Pid 126770 on  nid006773 device  0 [0000:c9:00] AMD Instinct MI250X
#  Rank 11 Group  0 Pid 126771 on  nid006773 device  0 [0000:ce:00] AMD Instinct MI250X
#  Rank 12 Group  0 Pid 126773 on  nid006773 device  0 [0000:d9:00] AMD Instinct MI250X
#  Rank 13 Group  0 Pid 126772 on  nid006773 device  0 [0000:de:00] AMD Instinct MI250X
#  Rank 14 Group  0 Pid 126778 on  nid006773 device  0 [0000:c1:00] AMD Instinct MI250X
#  Rank 15 Group  0 Pid 126782 on  nid006773 device  0 [0000:c6:00] AMD Instinct MI250X
#
#                                                              out-of-place                       in-place          
#       size         count      type   redop    root     time   algbw   busbw #wrong     time   algbw   busbw #wrong                               
#        (B)    (elements)                               (us)  (GB/s)  (GB/s)            (us)  (GB/s)  (GB/s)                                      
           1             1     uint8     sum      -1    87.86    0.00    0.00      0    86.42    0.00    0.00      0
           2             2     uint8     sum      -1    91.28    0.00    0.00      0    85.74    0.00    0.00      0
           4             4     uint8     sum      -1    84.90    0.00    0.00      0    79.14    0.00    0.00      0
           8             8     uint8     sum      -1    80.47    0.00    0.00      0    81.85    0.00    0.00      0
          16            16     uint8     sum      -1    80.28    0.00    0.00      0    79.50    0.00    0.00      0
          32            32     uint8     sum      -1    82.04    0.00    0.00      0    78.83    0.00    0.00      0
          64            64     uint8     sum      -1    36.22    0.00    0.00      0    37.47    0.00    0.00      0
         128           128     uint8     sum      -1    36.43    0.00    0.01      0    38.46    0.00    0.01      0
         256           256     uint8     sum      -1    38.24    0.01    0.01      0    36.09    0.01    0.01      0
         512           512     uint8     sum      -1    38.77    0.01    0.02      0    38.09    0.01    0.03      0
        1024          1024     uint8     sum      -1    40.05    0.03    0.05      0    40.40    0.03    0.05      0
        2048          2048     uint8     sum      -1    42.50    0.05    0.09      0    42.46    0.05    0.09      0
        4096          4096     uint8     sum      -1    42.37    0.10    0.18      0    42.68    0.10    0.18      0
        8192          8192     uint8     sum      -1    91.40    0.09    0.17      0    87.74    0.09    0.18      0
       16384         16384     uint8     sum      -1    102.4    0.16    0.30      0    105.1    0.16    0.29      0
       32768         32768     uint8     sum      -1    102.0    0.32    0.60      0    100.4    0.33    0.61      0
       65536         65536     uint8     sum      -1    106.0    0.62    1.16      0    105.1    0.62    1.17      0
      131072        131072     uint8     sum      -1    145.0    0.90    1.69      0    144.5    0.91    1.70      0
      262144        262144     uint8     sum      -1    164.0    1.60    3.00      0    163.2    1.61    3.01      0
      524288        524288     uint8     sum      -1    196.4    2.67    5.01      0    196.1    2.67    5.01      0
     1048576       1048576     uint8     sum      -1    269.5    3.89    7.29      0    270.3    3.88    7.27      0
     2097152       2097152     uint8     sum      -1    374.2    5.60   10.51      0    374.3    5.60   10.51      0
     4194304       4194304     uint8     sum      -1    17306    0.24    0.45      0    16773    0.25    0.47      0
     8388608       8388608     uint8     sum      -1    60463    0.14    0.26      0    43387    0.19    0.36      0
    16777216      16777216     uint8     sum      -1   3997.1    4.20    7.87      0   3879.6    4.32    8.11      0
    33554432      33554432     uint8     sum      -1   4056.4    8.27   15.51      0   4073.9    8.24   15.44      0
    67108864      67108864     uint8     sum      -1   5371.2   12.49   23.43      0   5370.0   12.50   23.43      0
   134217728     134217728     uint8     sum      -1    10686   12.56   23.55      0    10686   12.56   23.55      0
# Errors with asterisks indicate errors that have exceeded the maximum threshold.
# Out of bounds values : 0 OK
# Avg bus bandwidth    : 3.61881 
#
# Collective test concluded: all_reduce_perf

-- mpirun all_gather_perf -d uint8 -b 1 -e 128M -f 2 -g 1
[nid006113:127925] Rank 0 bound to package[0][core:0-6]
[nid006113:127925] Rank 1 bound to package[0][core:7-13]
[nid006113:127925] Rank 3 bound to package[0][core:21-27]
[nid006113:127925] Rank 2 bound to package[0][core:14-20]
[nid006113:127925] Rank 4 bound to package[0][core:28-34]
[nid006113:127925] Rank 6 bound to package[0][core:42-48]
[nid006773:127103] Rank 8 bound to package[0][core:0-6]
[nid006773:127103] Rank 9 bound to package[0][core:7-13]
[nid006113:127925] Rank 5 bound to package[0][core:35-41]
[nid006773:127103] Rank 10 bound to package[0][core:14-20]
[nid006773:127103] Rank 11 bound to package[0][core:21-27]
[nid006773:127103] Rank 12 bound to package[0][core:28-34]
[nid006773:127103] Rank 13 bound to package[0][core:35-41]
[nid006773:127103] Rank 15 bound to package[0][core:49-55]
[nid006773:127103] Rank 14 bound to package[0][core:42-48]
[nid006113:127925] Rank 7 bound to package[0][core:49-55]
# Collective test starting: all_gather_perf
# nThread 1 nGpus 1 minBytes 1 maxBytes 134217728 step: 2(factor) warmup iters: 5 iters: 20 agg iters: 1 validation: 1 graph: 0
#
rccl-tests: Version develop_deprecated:40b1b17
# Using devices
#  Rank  0 Group  0 Pid 127952 on  nid006113 device  0 [0000:d1:00] AMD Instinct MI250X
#  Rank  1 Group  0 Pid 127953 on  nid006113 device  0 [0000:d6:00] AMD Instinct MI250X
#  Rank  2 Group  0 Pid 127955 on  nid006113 device  0 [0000:c9:00] AMD Instinct MI250X
#  Rank  3 Group  0 Pid 127954 on  nid006113 device  0 [0000:ce:00] AMD Instinct MI250X
#  Rank  4 Group  0 Pid 127956 on  nid006113 device  0 [0000:d9:00] AMD Instinct MI250X
#  Rank  5 Group  0 Pid 127963 on  nid006113 device  0 [0000:de:00] AMD Instinct MI250X
#  Rank  6 Group  0 Pid 127957 on  nid006113 device  0 [0000:c1:00] AMD Instinct MI250X
#  Rank  7 Group  0 Pid 127966 on  nid006113 device  0 [0000:c6:00] AMD Instinct MI250X
#  Rank  8 Group  0 Pid 127146 on  nid006773 device  0 [0000:d1:00] AMD Instinct MI250X
#  Rank  9 Group  0 Pid 127147 on  nid006773 device  0 [0000:d6:00] AMD Instinct MI250X
#  Rank 10 Group  0 Pid 127148 on  nid006773 device  0 [0000:c9:00] AMD Instinct MI250X
#  Rank 11 Group  0 Pid 127149 on  nid006773 device  0 [0000:ce:00] AMD Instinct MI250X
#  Rank 12 Group  0 Pid 127150 on  nid006773 device  0 [0000:d9:00] AMD Instinct MI250X
#  Rank 13 Group  0 Pid 127152 on  nid006773 device  0 [0000:de:00] AMD Instinct MI250X
#  Rank 14 Group  0 Pid 127158 on  nid006773 device  0 [0000:c1:00] AMD Instinct MI250X
#  Rank 15 Group  0 Pid 127154 on  nid006773 device  0 [0000:c6:00] AMD Instinct MI250X
#
#                                                              out-of-place                       in-place          
#       size         count      type   redop    root     time   algbw   busbw #wrong     time   algbw   busbw #wrong                               
#        (B)    (elements)                               (us)  (GB/s)  (GB/s)            (us)  (GB/s)  (GB/s)                                      
           0             0     uint8    none      -1     0.17    0.00    0.00      0     0.14    0.00    0.00      0
           0             0     uint8    none      -1     0.14    0.00    0.00      0     0.14    0.00    0.00      0
           0             0     uint8    none      -1     0.13    0.00    0.00      0     0.14    0.00    0.00      0
           0             0     uint8    none      -1     0.13    0.00    0.00      0     0.14    0.00    0.00      0
           0             0     uint8    none      -1     0.13    0.00    0.00      0     0.13    0.00    0.00      0
           0             0     uint8    none      -1     0.13    0.00    0.00      0     0.13    0.00    0.00      0
           0             0     uint8    none      -1     0.13    0.00    0.00      0     0.13    0.00    0.00      0
           0             0     uint8    none      -1     0.13    0.00    0.00      0     0.13    0.00    0.00      0
         256            16     uint8    none      -1    46.94    0.01    0.01      0    47.49    0.01    0.01      0
         512            32     uint8    none      -1    49.50    0.01    0.01      0    47.31    0.01    0.01      0
        1024            64     uint8    none      -1    47.30    0.02    0.02      0    45.30    0.02    0.02      0
        2048           128     uint8    none      -1    44.99    0.05    0.04      0    44.87    0.05    0.04      0
        4096           256     uint8    none      -1    44.93    0.09    0.09      0    44.84    0.09    0.09      0
        8192           512     uint8    none      -1    46.52    0.18    0.17      0    45.82    0.18    0.17      0
       16384          1024     uint8    none      -1    47.72    0.34    0.32      0    48.29    0.34    0.32      0
       32768          2048     uint8    none      -1    52.85    0.62    0.58      0    52.72    0.62    0.58      0
       65536          4096     uint8    none      -1    225.6    0.29    0.27      0    223.3    0.29    0.28      0
      131072          8192     uint8    none      -1    483.3    0.27    0.25      0    472.5    0.28    0.26      0
      262144         16384     uint8    none      -1    266.0    0.99    0.92      0    265.8    0.99    0.92      0
      524288         32768     uint8    none      -1    41112    0.01    0.01      0    32649    0.02    0.02      0
     1048576         65536     uint8    none      -1    16211    0.06    0.06      0    25592    0.04    0.04      0
     2097152        131072     uint8    none      -1    16396    0.13    0.12      0    28473    0.07    0.07      0
     4194304        262144     uint8    none      -1   2015.0    2.08    1.95      0   2027.0    2.07    1.94      0
     8388608        524288     uint8    none      -1   2037.7    4.12    3.86      0   1941.1    4.32    4.05      0
    16777216       1048576     uint8    none      -1   1972.3    8.51    7.97      0   1994.9    8.41    7.88      0
    33554432       2097152     uint8    none      -1   2085.9   16.09   15.08      0   2080.2   16.13   15.12      0
    67108864       4194304     uint8    none      -1   2682.7   25.02   23.45      0   2685.4   24.99   23.43      0
   134217728       8388608     uint8    none      -1   5331.5   25.17   23.60      0   5335.6   25.16   23.58      0
# Errors with asterisks indicate errors that have exceeded the maximum threshold.
# Out of bounds values : 0 OK
# Avg bus bandwidth    : 2.81464 
#
# Collective test concluded: all_gather_perf

