ROOT_DIR = /pfs/lustref1/flash/project_462000031/lazzaroa/openmpi_on_ss11
/pfs/lustref1/flash/project_462000031/lazzaroa/openmpi_on_ss11 ~/flash_coe/openmpi_on_ss11/osu/ompi/collectives
ROOT_DIR = /pfs/lustref1/flash/project_462000031/lazzaroa/openmpi_on_ss11

Lmod is automatically replacing "cce/19.0.0" with "gcc-native/14.2".


Lmod is automatically replacing "PrgEnv-cray/8.6.0" with "PrgEnv-gnu/8.6.0".


Due to MODULEPATH changes, the following have been reloaded:
  1) cray-libsci/25.03.0     2) cray-mpich/8.1.32


Currently Loaded Modules:
  1) craype-x86-rome                      9) cray-python/3.11.7
  2) libfabric/1.22.0                    10) gcc-native/14.2
  3) craype-network-ofi                  11) craype/2.7.34
  4) perftools-base/25.03.0              12) cray-dsmml/0.3.1
  5) xpmem/2.11.5-1.3_g73ade43320bc      13) cray-mpich/8.1.32
  6) ModuleLabel/label              (S)  14) cray-libsci/25.03.0
  7) lumi-tools/24.05               (S)  15) PrgEnv-gnu/8.6.0
  8) init-lumi/0.2                  (S)  16) rocm/6.3.4

  Where:
   S:  Module is Sticky, requires --force to unload or purge
ROCM_PATH = /opt/rocm-6.3.4
XPMEM Lib path  = /usr/lib64
/pfs/lustref1/flash/project_462000031/lazzaroa/openmpi_on_ss11/install_libfabric
/pfs/lustref1/flash/project_462000031/lazzaroa/openmpi_on_ss11/install_rccl
~/flash_coe/openmpi_on_ss11/osu/ompi/collectives
============
#!/bin/bash

for NNODES in 1 2 4 8 16 32 64; do
#for NNODES in 4; do
#for NNODES in 64; do
sbatch -N $NNODES <<EOF
#!/bin/bash
#SBATCH --ntasks-per-node=8
#SBATCH -A project_462000031
#SBATCH -p standard-g
#SBATCH --gres=gpu:8
#SBATCH --exclusive
#SBATCH --network=single_node_vni
#SBATCH -o lumi-slurm-%j-coll_N${NNODES}.out
#SBATCH --time=0:30:00

# load runtime environment
ORIGINAL_SCRIPT=\$(scontrol show job "\$SLURM_JOB_ID" | awk -F= '/Command=/{print \$2}')
export OUTPUT_DIR=\$SLURM_SUBMIT_DIR
export ROOT_DIR=\$( cd -- "\$( dirname -- "\${ORIGINAL_SCRIPT}" )/../../.." &> /dev/null && pwd -P )
echo "ROOT_DIR = "\$ROOT_DIR

# Enable OpenMPI and RCCL
USE_CPE=0 source \$ROOT_DIR/sourceme_rccl.sh

# LUMI Binding
export BINDING="--bind-to core --map-by L3cache:pe=7 --mca hwloc_base_binding_policy core --mca hwloc_base_mem_bind policy:bind"

export PRTE_MCA_ras_base_launch_orted_on_hn=1
export PMIX_MCA_gds=^shmem2
#export NCCL_DEBUG=INFO
#export FI_LOG_LEVEL=debug

echo "============"
cat $0
echo "============"

env

for FI_CXI_RX_MATCH_MODE in software hybrid; do
    export FI_CXI_RX_MATCH_MODE=\$FI_CXI_RX_MATCH_MODE

    SUFFIX="_n\${SLURM_NTASKS}_\${FI_CXI_RX_MATCH_MODE}_\${SLURM_JOB_ID}"

    echo "========"
    echo \$SUFFIX
    echo "========"

    # Consider validation
#    OSU_ARGS=" -c "
    OSU_ARGS=" "

#    if false; then
    if [ "\${FI_CXI_RX_MATCH_MODE}" == "software" ]; then
    (
        echo "with LinkX"

        export FI_SHM_USE_XPMEM=1
        export FI_PROVIDER=lnx
        export FI_LNX_PROV_LINKS=shm+cxi # changed in the binding script
        export OMPI_MCA_opal_common_ofi_provider_include=lnx
        export OMPI_MCA_mtl_ofi_av=table
        export OMPI_MCA_pml=cm
        export OMPI_MCA_mtl=ofi
	export OMPI_MCA_smsc=xpmem
	export OMPI_MCA_mtl_ofi_disable_hmem=1 # avoid error on multiple nodes

	CMDS=("osu_alltoall -d rocm D D" "osu_allreduce -d rocm D D" "osu_allgather -d rocm D D" "osu_allreduce H H" "osu_alltoall H H" "osu_allgather H H")
#  	CMDS=("osu_allgather -d rocm D D" "osu_allgather H H")
        for cmd in "\${CMDS[@]}"; do
    	    run_osu_cmd "\$cmd" "mpi/collective" "_lnx\${SUFFIX}"
        done
    )
    fi # only software
#    fi

    (
        echo "no OpenMPI internal transport, only libfabric. Use CXI directly"

        export FI_SHM_USE_XPMEM=1
	export FI_PROVIDER=cxi
    	unset FI_LNX_PROV_LINKS
    	export OMPI_MCA_opal_common_ofi_provider_include=cxi
    	export OMPI_MCA_mtl_ofi_av=table
    	export OMPI_MCA_pml=cm
    	export OMPI_MCA_mtl=ofi
	export OMPI_MCA_smsc=xpmem

        CMDS=("osu_alltoall -d rocm D D" "osu_allreduce -d rocm D D" "osu_allgather -d rocm D D" "osu_allreduce H H" "osu_alltoall H H" "osu_allgather H H")
#       CMDS=("osu_allgather -d rocm D D" "osu_allgather H H")
        for cmd in "\${CMDS[@]}"; do
            run_osu_cmd "\$cmd" "mpi/collective" "_cxi\${SUFFIX}"
        done
    )

    if [ "\${FI_CXI_RX_MATCH_MODE}" == "hybrid" ]; then
    (

        # No validation available for RCCL
    	OSU_ARGS=" "

	CMDS=("osu_xccl_alltoall -d rocm D D" "osu_xccl_allreduce -d rocm D D" "osu_xccl_allgather -d rocm D D")
    	for cmd in "\${CMDS[@]}"; do
            run_osu_cmd "\$cmd" "xccl/collective" "\${SUFFIX}"
     	done
    )

#    if false; then
    (
        echo "RCCL-tests"

	FLAGS="-d uint8 -b 1 -e 128M -f 2 -g 1"
	CMDS=("alltoall_perf \${FLAGS}" "all_reduce_perf \${FLAGS}" "all_gather_perf \${FLAGS}")
    	for cmd in "\${CMDS[@]}"; do
	    logname=\$(echo "\${cmd}" | sed -e 's/ /_/g' -e 's/-//g')
	    echo -- mpirun \$cmd
	    mpirun \${BINDING} --report-bindings \${GPUBIND} \${PREFIX_RCCL}/bin/\$cmd \${FLAGS} | tee \${OUTPUT_DIR}/\${logname}"\${SUFFIX}.txt"
	done
    )
#    fi

    fi # only hybrid

done

if [ "${NNODES}" == "1" ]; then
(
    echo "with OpenMPI internal transport"

    SUFFIX="_n\${SLURM_NTASKS}_\${SLURM_JOB_ID}"

    unset FI_SHM_USE_XPMEM
    unset FI_PROVIDER
    unset FI_CXI_RX_MATCH_MODE
    unset FI_LNX_PROV_LINKS
    unset OMPI_MCA_opal_common_ofi_provider_include
    unset OMPI_MCA_mtl_ofi_av
    export OMPI_MCA_pml=ob1
    # CUDA
    #  export OMPI_MCA_btl=vader,smcuda,self
    # ROCM
    export OMPI_MCA_btl=vader,sm,self
    unset OMPI_MCA_mtl
    export OMPI_MCA_smsc=xpmem # Only OpenMPI

    CMDS=("osu_alltoall -d rocm D D" "osu_allreduce -d rocm D D" "osu_allgather -d rocm D D" "osu_allreduce H H" "osu_alltoall H H" "osu_allgather H H")
    for cmd in "\${CMDS[@]}"; do
        run_osu_cmd "\$cmd" "mpi/collective" "_ob1\${SUFFIX}"
    done
)
fi # single node

EOF


done
============
HYDRA_LAUNCHER_EXTRA_ARGS=--external-launcher
__LMOD_REF_COUNT_PE_LIBSCI_REQUIRED_PRODUCTS=PE_MPICH:1
CRAY_LMOD_MPI=cray-mpich/8.0
LUMI_LMOD_FAMILY_MPI=cray-mpich
LMOD_FAMILY_CRAYPE_NETWORK_VERSION=false
LC_ALL=en_US.UTF-8
SLURM_MEM_PER_CPU=0
LS_COLORS=no=00:fi=00:di=01;33:ln=01;36:pi=40;33:so=01;35:do=01;35:bd=40;33;01:cd=40;33;01:or=40;31;01:su=37;41:sg=30;43:tw=30;42:ow=34;42:st=37;44:ex=00;35:*.tar=01;31:*.tgz=01;31:*.arj=01;31:*.taz=01;31:*.lzh=01;31:*.zip=01;31:*.z=01;31:*.Z=01;31:*.gz=01;31:*.bz2=01;31:*.deb=01;31:*.rpm=01;31:*.jar=01;31:*.jpg=01;35:*.jpeg=01;35:*.gif=01;35:*.bmp=01;35:*.pbm=01;35:*.pgm=01;35:*.ppm=01;35:*.tga=01;35:*.xbm=01;35:*.xpm=01;35:*.tif=01;35:*.tiff=01;35:*.png=01;35:*.mov=01;35:*.mpg=01;35:*.mpeg=01;35:*.avi=01;35:*.fli=01;35:*.gl=01;35:*.dl=01;35:*.xcf=01;35:*.xwd=01;35:*.flac=01;35:*.mp3=01;35:*.mpc=01;35:*.ogg=01;35:*.wav=01;35:
LD_LIBRARY_PATH=/pfs/lustref1/flash/project_462000031/lazzaroa/openmpi_on_ss11/install_rccl/lib:/pfs/lustref1/flash/project_462000031/lazzaroa/openmpi_on_ss11/install_ompi/lib:/pfs/lustref1/flash/project_462000031/lazzaroa/openmpi_on_ss11/install_libfabric/lib:/pfs/lustref1/flash/project_462000031/lazzaroa/openmpi_on_ss11/install_cxi/lib:/opt/rocm-6.3.4/lib/roctracer:/opt/rocm-6.3.4/lib/rocprofiler:/opt/rocm-6.3.4/lib:/opt/cray/pe/python/3.11.7/lib:/opt/cray/pe/papi/7.2.0.1/lib64:/opt/cray/libfabric/1.22.0/lib64
HOSTTYPE=x86_64
CRAY_DSMML_ROOTDIR=/opt/cray/pe/dsmml/0.3.1
LIBFABRIC_DIR=/pfs/lustref1/flash/project_462000031/lazzaroa/openmpi_on_ss11/libfabric
_ModuleTable017_=YXBwbC9sdW1pL21vZHVsZXMvU29mdHdhcmVTdGFjazovYXBwbC9sdW1pL21vZHVsZXMvU3R5bGVNb2RpZmllcnM6L2FwcGwvbHVtaS9tb2R1bGVzL2luaXQtTFVNSS1Tb2Z0d2FyZVN0YWNrOi9vcHQvY3JheS9tb2R1bGVmaWxlcyIsCn0K
SLURM_NODEID=0
CRAY_DSMML_DIR=/opt/cray/pe/dsmml/0.3.1/dsmml
SLURM_TASK_PID=74658
__LMOD_REF_COUNT_PATH=/opt/rocm-6.3.4/bin:1;/opt/cray/pe/mpich/8.1.32/ofi/gnu/12.3/bin:1;/opt/cray/pe/mpich/8.1.32/bin:1;/opt/cray/pe/craype/2.7.34/bin:1;/opt/cray/pe/gcc-native/14/bin:1;/opt/cray/pe/python/3.11.7/bin:1;/appl/lumi/SW/system/EB/lumi-tools/24.05/bin:1;/opt/cray/pe/perftools/25.03.0/bin:1;/opt/cray/pe/papi/7.2.0.1/bin:1;/opt/cray/libfabric/1.22.0/bin:1;/users/lazzaroa/.local/bin:1;/users/lazzaroa/bin:1;/usr/local/bin:1;/usr/bin:1;/bin:1;/usr/lib/mit/bin:1;/usr/lib/mit/sbin:1;/opt/cray/pe/bin:1
_ModuleTable002_=TGFiZWwvbGFiZWwubHVhIiwKZnVsbE5hbWUgPSAiTW9kdWxlTGFiZWwvbGFiZWwiLApsb2FkT3JkZXIgPSA2LApwcm9wVCA9IHsKbG1vZCA9IHsKc3RpY2t5ID0gMSwKfSwKfSwKc3RhY2tEZXB0aCA9IDEsCnN0YXR1cyA9ICJhY3RpdmUiLAp1c2VyTmFtZSA9ICJNb2R1bGVMYWJlbC9sYWJlbCIsCndWID0gInNsYWJlbC4qemZpbmFsIiwKfSwKWyJQcmdFbnYtZ251Il0gPSB7CmZuID0gIi9vcHQvY3JheS9wZS9sbW9kL21vZHVsZWZpbGVzL2NvcmUvUHJnRW52LWdudS84LjYuMC5sdWEiLApmdWxsTmFtZSA9ICJQcmdFbnYtZ251LzguNi4wIiwKbG9hZE9yZGVyID0gMTUsCnByb3BUID0ge30sCnN0YWNrRGVwdGggPSAxLApzdGF0dXMgPSAiYWN0aXZlIiwKdXNlck5hbWUgPSAi
PE_MPICH_GTL_DIR_amd_gfx90a=-L/opt/cray/pe/mpich/8.1.32/gtl/lib
PE_LIBSCI_OMP_REQUIRES= 
SSH_CONNECTION=178.197.255.23 16071 193.167.209.164 22
LUMI_LMOD_FAMILY_CRAYPE=craype
LUMI_LMOD_FAMILY_CRAYPE_VERSION=2.7.34
LESSCLOSE=lessclose.sh %s %s
CRAY_LD_LIBRARY_PATH=/opt/cray/pe/libsci/25.03.0/GNU/12.3/x86_64/lib:/opt/cray/pe/mpich/8.1.32/ofi/gnu/12.3/lib:/opt/cray/pe/mpich/8.1.32/gtl/lib:/opt/cray/pe/dsmml/0.3.1/dsmml/lib:/opt/cray/pe/perftools/25.03.0/lib64
SLURM_PRIO_PROCESS=0
XKEYSYMDB=/usr/X11R6/lib/X11/XKeysymDB
PE_ENV=GNU
__LMOD_REF_COUNT_PE_DSMML_PKGCONFIG_LIBS=dsmml:1
__LMOD_REF_COUNT_PE_FORTRAN_PKGCONFIG_LIBS=mpichf90:1
LMOD_FAMILY_CRAYPE_CPU=craype-x86-rome
EBDEVELLUMIMINTOOLS=/appl/lumi/SW/system/EB/lumi-tools/24.05/easybuild/lumi-tools-24.05-easybuild-devel
CRAYPAT_LD_LIBRARY_PATH=/opt/cray/pe/perftools/25.03.0/lib64
GCC_PREFIX=/usr/lib64/gcc/x86_64-suse-linux/14
CRAY_LMOD_COMPILER=gnu/12.0
LMOD_MODULERCFILE=/appl/lumi/LUMI-SoftwareStack/LMOD/modulerc.lua
CRAY_DSMML_PREFIX=/opt/cray/pe/dsmml/0.3.1/dsmml
PE_PRODUCT_LIST=CRAYPE:CRAYPE_X86_ROME:PERFTOOLS:CRAYPAT:CRAY_ROCM
LMOD_FAMILY_MPI_VERSION=8.1.32
CRAYPAT_ROOT=/opt/cray/pe/perftools/25.03.0
PE_PERFTOOLS_MPICH_LIBDIR=/opt/cray/pe/mpich/8.1.32/ofi/gnu/12.3/lib
PMIX_MCA_gds=^shmem2
c=gnu
I_MPI_HYDRA_BOOTSTRAP_EXEC_EXTRA_ARGS=--external-launcher
PE_MPICH_GTL_DIR_amd_gfx906=-L/opt/cray/pe/mpich/8.1.32/gtl/lib
PE_LIBSCI_MODULE_NAME=cray-libsci/25.03.0
LANG=en_US.UTF-8
SLURM_SUBMIT_DIR=/pfs/lustref1/flash/project_462000031/lazzaroa/openmpi_on_ss11/osu/ompi/collectives
GIT_HOOKS_PRE_COMMIT_HPE_CRAY_CHECKPATCH_SKIP=1
PE_MPICH_GTL_DIR_amd_gfx908=-L/opt/cray/pe/mpich/8.1.32/gtl/lib
PE_DSMML_MODULE_NAME=cray-dsmml
WINDOWMANAGER=xterm
_ModuleTable008_=ID0gIi9vcHQvY3JheS9wZS9sbW9kL21vZHVsZWZpbGVzL2NyYXlwZS10YXJnZXRzL2RlZmF1bHQvY3JheXBlLXg4Ni1yb21lLmx1YSIsCmZ1bGxOYW1lID0gImNyYXlwZS14ODYtcm9tZSIsCmxvYWRPcmRlciA9IDEsCnByb3BUID0ge30sCnN0YWNrRGVwdGggPSAwLApzdGF0dXMgPSAiYWN0aXZlIiwKdXNlck5hbWUgPSAiY3JheXBlLXg4Ni1yb21lIiwKd1YgPSAiTS4qemZpbmFsIiwKfSwKWyJnY2MtbmF0aXZlIl0gPSB7CmFjdGlvbkEgPSB7CgoicHJlcGVuZF9wYXRoKFwiTU9EVUxFUEFUSFwiLFwiL29wdC9jcmF5L3BlL2xtb2QvbW9kdWxlZmlsZXMvY29tcGlsZXIvZ251LzEyLjBcIikiCiwgInByZXBlbmRfcGF0aChcIk1PRFVMRVBBVEhcIixcIi9vcHQvY3JheS9wZS9s
HIP_LIB_PATH=/opt/rocm-6.3.4/lib
OMPI_MCA_plm_slurm_args=--external-launcher
LESS=-M -I -R
PE_MPICH_GTL_LIBS_nvidia70=-lmpi_gtl_cuda
LUMI_LMOD_FAMILY_PRGENV=PrgEnv-gnu
LMOD_FAMILY_COMPILER_VERSION=14.2
HOSTNAME=nid005971
LMOD_SYSTEM_DEFAULT_MODULES=craype-x86-rome:craype-network-ofi:perftools-base:xpmem:PrgEnv-cray:init-lumi
EBROOTLUMIMINTOOLS=/appl/lumi/SW/system/EB/lumi-tools/24.05
OLDPWD=/pfs/lustref1/flash/project_462000031/lazzaroa/openmpi_on_ss11
LUMI_LMOD_FAMILY_CRAYPE_NETWORK_VERSION=false
CSHEDIT=emacs
ENVIRONMENT=BATCH
GPG_TTY=/dev/pts/68
LESS_ADVANCED_PREPROCESSOR=no
__LMOD_REF_COUNT_PE_MPICH_GENCOMPILERS_GNU=12.3:1
COLORTERM=1
__LMOD_REF_COUNT_XDG_DATA_DIRS=/appl/lumi/SW/system/EB/lumi-tools/24.05/share:1;/usr/share:1
OSU_HOME=/pfs/lustref1/flash/project_462000031/lazzaroa/openmpi_on_ss11/osu/osu-ompi//libexec/osu-micro-benchmarks/
FPATH=/opt/cray/pe/lmod/lmod/init/ksh_funcs
_ModuleTable007_=ZWZpbGVzL25ldC9vZmkvMS4wXCIpIiwKfSwKZm4gPSAiL29wdC9jcmF5L3BlL2xtb2QvbW9kdWxlZmlsZXMvY3JheXBlLXRhcmdldHMvZGVmYXVsdC9jcmF5cGUtbmV0d29yay1vZmkubHVhIiwKZnVsbE5hbWUgPSAiY3JheXBlLW5ldHdvcmstb2ZpIiwKbG9hZE9yZGVyID0gMywKcHJvcFQgPSB7fSwKc3RhY2tEZXB0aCA9IDAsCnN0YXR1cyA9ICJhY3RpdmUiLAp1c2VyTmFtZSA9ICJjcmF5cGUtbmV0d29yay1vZmkiLAp3ViA9ICJNLip6ZmluYWwiLAp9LApbImNyYXlwZS14ODYtcm9tZSJdID0gewphY3Rpb25BID0gewoicHJlcGVuZF9wYXRoKFwiTU9EVUxFUEFUSFwiLFwiL29wdC9jcmF5L3BlL2xtb2QvbW9kdWxlZmlsZXMvY3B1L3g4Ni1yb21lLzEuMFwiKSIsCn0sCmZu
CRAY_PERFTOOLS_VERSION=25.03.0
ROCR_VISIBLE_DEVICES=0,1,2,3,4,5,6,7
LUMI_LMOD_FAMILY_PRGENV_VERSION=8.6.0
PRTE_MCA_ras_base_launch_orted_on_hn=1
ROCM_PATH=/opt/rocm-6.3.4
OMPI_DIR=/pfs/lustref1/flash/project_462000031/lazzaroa/openmpi_on_ss11/openmpi5
LMOD_FAMILY_CRAYPE_NETWORK=craype-network-ofi
JAVA_HOME=/usr/lib64/jvm/java-11-openjdk-11
__LMOD_STACK_LMOD_AVAIL_STYLE=PGxhYmVsPjpQRWhpZXJhcmNoeTpzeXN0ZW0=
LMOD_FAMILY_CRAYPE_VERSION=2.7.34
PE_XPMEM_PKGCONFIG_LIBS=cray-xpmem
CRAY_ROCM_POST_LINK_OPTS= -L/opt/rocm-6.3.4/lib -L/opt/rocm-6.3.4/lib/rocprofiler -L/opt/rocm-6.3.4/lib/roctracer -lamdhip64
SLURM_PROCID=0
APP2_STATE=25.03.0
LMOD_FAMILY_GCC_COMPILER=gcc-native
CFLAGS=-g -O -Wno-error=maybe-uninitialized -I/pfs/lustref1/flash/project_462000031/lazzaroa/openmpi_on_ss11/install_cxi/include -I/opt/rocm-6.3.4/include
SLURM_JOB_GID=10013986
MACHTYPE=x86_64-suse-linux
I_MPI_HYDRA_BOOTSTRAP=slurm
LMOD_RC=/appl/lumi/LUMI-SoftwareStack/LMOD/lmodrc.lua
__LMOD_REF_COUNT_LD_LIBRARY_PATH=/opt/rocm-6.3.4/lib/roctracer:1;/opt/rocm-6.3.4/lib/rocprofiler:1;/opt/rocm-6.3.4/lib:1;/opt/cray/pe/python/3.11.7/lib:1;/opt/cray/pe/papi/7.2.0.1/lib64:1;/opt/cray/libfabric/1.22.0/lib64:1
CRAY_ROCM_PREFIX=/opt/rocm-6.3.4
__LMOD_REF_COUNT_PKG_CONFIG_PATH=/usr/lib64/pkgconfig:1;/opt/cray/pe/dsmml/0.3.1/dsmml/lib/pkgconfig:1;/opt/cray/pe/craype/2.7.34/pkg-config:1;/opt/cray/libfabric/1.22.0/lib64/pkgconfig:1
BINDING=--bind-to core --map-by L3cache:pe=7 --mca hwloc_base_binding_policy core --mca hwloc_base_mem_bind policy:bind
OSU_INSTALL=/pfs/lustref1/flash/project_462000031/lazzaroa/openmpi_on_ss11/osu/osu-ompi/
GNU_VERSION=14.2
SLURMD_NODENAME=nid005971
PE_PKGCONFIG_PRODUCTS=PE_LIBSCI:PE_MPICH:PE_DSMML:PE_XPMEM
_ModuleTable015_=ci9nbnUvMTIuMCIKLCAiL2FwcGwvbHVtaS9tb2R1bGVzL2Vhc3lidWlsZC9zeXN0ZW0iCiwgIi9vcHQvY3JheS9wZS9sbW9kL21vZHVsZWZpbGVzL3BlcmZ0b29scy8yNS4wMy4wIgosICIvb3B0L2NyYXkvcGUvbG1vZC9tb2R1bGVmaWxlcy9uZXQvb2ZpLzEuMCIKLCAiL29wdC9jcmF5L3BlL2xtb2QvbW9kdWxlZmlsZXMvY3B1L3g4Ni1yb21lLzEuMCIKLCAiL29wdC9jcmF5L3BlL21vZHVsZWZpbGVzL0xpbnV4IiwgIi9vcHQvY3JheS9wZS9tb2R1bGVmaWxlcy9Db3JlIgosICIvb3B0L2NyYXkvcGUvbG1vZC9sbW9kL21vZHVsZWZpbGVzL0NvcmUiCiwgIi9vcHQvY3JheS9wZS9sbW9kL21vZHVsZWZpbGVzL2NvcmUiCiwgIi9vcHQvY3JheS9wZS9sbW9kL21vZHVsZWZpbGVz
SLURM_JOB_END_TIME=1772835537
LUMI_LMOD_FAMILY_LIBSCI=cray-libsci
CRAY_MPICH_BASEDIR=/opt/cray/pe/mpich/8.1.32/ofi
PE_MPICH_GTL_DIR_nvidia80=-L/opt/cray/pe/mpich/8.1.32/gtl/lib
_ModuleTable004_=YnNjaS8yNS4wMy4wLmx1YSIsCmZ1bGxOYW1lID0gImNyYXktbGlic2NpLzI1LjAzLjAiLApsb2FkT3JkZXIgPSAxNCwKcHJvcFQgPSB7fSwKc3RhY2tEZXB0aCA9IDEsCnN0YXR1cyA9ICJhY3RpdmUiLAp1c2VyTmFtZSA9ICJjcmF5LWxpYnNjaSIsCndWID0gIl4wMDAwMDAyNS4wMDAwMDAwMDMuKnpmaW5hbCIsCn0sClsiY3JheS1tcGljaCJdID0gewphY3Rpb25BID0gewoicHJlcGVuZF9wYXRoKFwiTU9EVUxFUEFUSFwiLFwiL29wdC9jcmF5L3BlL2xtb2QvbW9kdWxlZmlsZXMvbXBpL2dudS8xMi4wL29maS8xLjAvY3JheS1tcGljaC84LjBcIikiLAp9LApmbiA9ICIvb3B0L2NyYXkvcGUvbG1vZC9tb2R1bGVmaWxlcy9jb21uZXQvZ251LzEyLjAvb2ZpLzEuMC9jcmF5LW1w
PE_LIBSCI_GENCOMPILERS_GNU_x86_64=12.3
MINICOM=-c on
SLURM_TASKS_PER_NODE=8
__LMOD_REF_COUNT_PYTHONPATH=/opt/cray/pe/python/3.11.7:1
PRTE_MCA_plm_slurm_args=--external-launcher
PE_MPICH_PKGCONFIG_VARIABLES=PE_MPICH_GTL_DIR_@accelerator@:PE_MPICH_GTL_LIBS_@accelerator@
PREFIX_CXI=/pfs/lustref1/flash/project_462000031/lazzaroa/openmpi_on_ss11/install_cxi
PE_MPICH_PKGCONFIG_LIBS=mpich
USE_SRUN=0
OSTYPE=linux
CC=gcc-14
XDG_SESSION_ID=642151
CRAY_DSMML_VER=0.3.1
__LMOD_REF_COUNT_PYTHON_PATH=/opt/cray/pe/python/3.11.7:1
LUMI_LMOD_FAMILY_MPI_VERSION=8.1.32
SLURM_NNODES=1
USER=lazzaroa
LUMI_LMOD_FAMILY_LIBSCI_VERSION=25.03.0
CXXFLAGS=-g -O -I/pfs/lustref1/flash/project_462000031/lazzaroa/openmpi_on_ss11/install_cxi/include -I/opt/rocm-6.3.4/include
PAGER=less
LUMI_LMOD_FAMILY_GCC_COMPILER=gcc-native
CRAY_PYTHON_LEVEL=3.11.7
LMOD_FAMILY_PRGENV_VERSION=8.6.0
LMOD_FAMILY_LIBSCI=cray-libsci
_ModuleTable012_=MDAwMDAyNC4wMDAwMDAwMDUuKnpmaW5hbCIsCn0sClsicGVyZnRvb2xzLWJhc2UiXSA9IHsKYWN0aW9uQSA9IHsKInByZXBlbmRfcGF0aChcIk1PRFVMRVBBVEhcIixcIi9vcHQvY3JheS9wZS9sbW9kL21vZHVsZWZpbGVzL3BlcmZ0b29scy8yNS4wMy4wXCIpIiwKfSwKZm4gPSAiL29wdC9jcmF5L3BlL2xtb2QvbW9kdWxlZmlsZXMvY29yZS9wZXJmdG9vbHMtYmFzZS8yNS4wMy4wLmx1YSIsCmZ1bGxOYW1lID0gInBlcmZ0b29scy1iYXNlLzI1LjAzLjAiLApsb2FkT3JkZXIgPSA0LApwcm9wVCA9IHt9LApzdGFja0RlcHRoID0gMCwKc3RhdHVzID0gImFjdGl2ZSIsCnVzZXJOYW1lID0gInBlcmZ0b29scy1iYXNlIiwKd1YgPSAiXjAwMDAwMDI1LjAwMDAwMDAwMy4qemZpbmFs
PE_MPICH_GTL_LIBS_ponteVecchio=-lmpi_gtl_ze
CRAY_CPU_TARGET=x86-rome
PE_GCC_LEVEL=14
SLURM_JOB_START_TIME=1772833737
PE_LIBSCI_VOLATILE_PRGENV=GNU
SLURM_NTASKS_PER_NODE=8
PKGCONFIG_ENABLED=1
__LMOD_REF_COUNT_MODULEPATH=/opt/cray/pe/lmod/modulefiles/mpi/gnu/12.0/ofi/1.0/cray-mpich/8.0:1;/opt/cray/pe/lmod/modulefiles/comnet/gnu/12.0/ofi/1.0:1;/opt/cray/pe/lmod/modulefiles/mix_compilers:1;/opt/cray/pe/lmod/modulefiles/compiler/gnu/12.0:1;/appl/lumi/modules/easybuild/system:1;/opt/cray/pe/lmod/modulefiles/perftools/25.03.0:1;/opt/cray/pe/lmod/modulefiles/net/ofi/1.0:1;/opt/cray/pe/lmod/modulefiles/cpu/x86-rome/1.0:1;/opt/cray/pe/modulefiles/Linux:1;/opt/cray/pe/modulefiles/Core:1;/opt/cray/pe/lmod/lmod/modulefiles/Core:1;/opt/cray/pe/lmod/modulefiles/core:1;/opt/cray/pe/lmod/modulefiles/craype-targets/default:1;/appl/lumi/modules/SoftwareStack:1;/appl/lumi/modules/StyleModifiers:1;/appl/lumi/modules/init-LUMI-SoftwareStack:1;/opt/cray/modulefiles:1
MORE=-sl
CRAY_PERFTOOLS_PREFIX=/opt/cray/pe/perftools/25.03.0
PE_FORTRAN_PKGCONFIG_LIBS=mpichf90
CRAY_ROCM_DIR=/opt/rocm-6.3.4
__LMOD_REF_COUNT_CRAY_LD_LIBRARY_PATH=/opt/cray/pe/libsci/25.03.0/GNU/12.3/x86_64/lib:1;/opt/cray/pe/mpich/8.1.32/ofi/gnu/12.3/lib:1;/opt/cray/pe/mpich/8.1.32/gtl/lib:1;/opt/cray/pe/dsmml/0.3.1/dsmml/lib:1;/opt/cray/pe/perftools/25.03.0/lib64:1
GCC_VERSION=14.2
CRAY_LIBSCI_BASE_DIR=/opt/cray/pe/libsci/25.03.0
PWD=/users/lazzaroa/flash_coe/openmpi_on_ss11/osu/ompi/collectives
LUMI_LMOD_FAMILY_CRAYPE_CPU=craype-x86-rome
PE_MPICH_GTL_DIR_ponteVecchio=-L/opt/cray/pe/mpich/8.1.32/gtl/lib
PE_MPICH_GTL_DIR_nvidia70=-L/opt/cray/pe/mpich/8.1.32/gtl/lib
SLURM_JOB_NODELIST=nid005971
HOME=/users/lazzaroa
SLURM_CLUSTER_NAME=lumi
PELOCAL_PRGENV=true
CMAKE_PREFIX_PATH=/opt/rocm-6.3.4/lib/cmake/hip:/appl/lumi/SW/system/EB/lumi-tools/24.05
PE_LIBSCI_REQUIRED_PRODUCTS=PE_MPICH
SLURM_NODELIST=nid005971
PE_MPICH_GTL_LIBS_amd_gfx942=-lmpi_gtl_hsa
PE_MPICH_GTL_LIBS_amd_gfx940=-lmpi_gtl_hsa
LIBCXI_DIR=/pfs/lustref1/flash/project_462000031/lazzaroa/openmpi_on_ss11/libfabric/libcxi
SLURM_GPUS_ON_NODE=8
SLURM_NETWORK=single_node_vni
HOST=uan02
SSH_CLIENT=178.197.255.23 16071 22
__LMOD_REF_COUNT_PE_GNU_FIXED_PKGCONFIG_PATH=/opt/cray/pe/mpich/8.1.32/ofi/gnu/12.3/lib/pkgconfig:1
__LMOD_REF_COUNT_LMOD_MODULERCFILE=/appl/lumi/LUMI-SoftwareStack/LMOD/modulerc.lua:1
LMOD_VERSION=8.7.55
XNLSPATH=/usr/X11R6/lib/X11/nls
PE_MPICH_FORTRAN_PKGCONFIG_LIBS=mpichf90
SLURM_NTASKS=8
PE_LIBSCI_PKGCONFIG_LIBS=libsci_mpi:libsci
XDG_SESSION_TYPE=tty
PREFIX_RCCL=/pfs/lustref1/flash/project_462000031/lazzaroa/openmpi_on_ss11/install_rccl
SDK_HOME=/usr/lib64/jvm/java-11-openjdk-11
CRAY_LMOD_CPU=x86-rome/1.0
PE_MPICH_GTL_LIBS_nvidia80=-lmpi_gtl_cuda
PE_LIBSCI_OMP_REQUIRES_openmp=_mp
LMOD_FAMILY_CRAYPE_CPU_VERSION=false
SLURM_JOB_CPUS_PER_NODE=56
GCC_PATH=/opt/cray/pe/gcc-native/14/bin
BASH_ENV=/opt/cray/pe/lmod/lmod/init/bash
XDG_DATA_DIRS=/appl/lumi/SW/system/EB/lumi-tools/24.05/share:/usr/share
_LUMI_INIT_FIRST_LOAD=1
__LMOD_REF_COUNT_PE_MPICH_FORTRAN_PKGCONFIG_LIBS=mpichf90:1
SLURM_TOPOLOGY_ADDR=nid005971
SLURM_THREADS_PER_CORE=1
PYTHON_PATH=/opt/cray/pe/python/3.11.7
LMOD_FAMILY_GCC_COMPILER_VERSION=14.2
CRAY_LMOD_NET=ofi/1.0
__LMOD_REF_COUNT_PE_PKGCONFIG_PRODUCTS=PE_LIBSCI:1;PE_MPICH:1;PE_DSMML:1;PE_XPMEM:1
PE_MPICH_MODULE_NAME=cray-mpich
RCCL_DIR=/pfs/lustref1/flash/project_462000031/lazzaroa/openmpi_on_ss11/rccl
LIBGL_DEBUG=quiet
FCFLAGS=-O -I/pfs/lustref1/flash/project_462000031/lazzaroa/openmpi_on_ss11/install_cxi/include -I/opt/rocm-6.3.4/include
PE_LIBSCI_VOLATILE_PKGCONFIG_PATH=/opt/cray/pe/libsci/25.03.0/@PRGENV@/@PE_LIBSCI_GENCOMPS@/@PE_LIBSCI_TARGET@/lib/pkgconfig
JDK_HOME=/usr/lib64/jvm/java-11-openjdk-11
__LMOD_REF_COUNT_PE_MPICH_FIXED_PRGENV=GNU:1
PE_MPICH_GTL_DIR_amd_gfx940=-L/opt/cray/pe/mpich/8.1.32/gtl/lib
PE_MPICH_GTL_DIR_amd_gfx942=-L/opt/cray/pe/mpich/8.1.32/gtl/lib
OUTPUT_DIR=/pfs/lustref1/flash/project_462000031/lazzaroa/openmpi_on_ss11/osu/ompi/collectives
SLURM_JOB_NAME=sbatch
PROFILEREAD=true
TMPDIR=/tmp
PERFTOOLS_VERSION=25.03.0
SLURM_JOB_GPUS=0,1,2,3,4,5,6,7
__LMOD_REF_COUNT_CMAKE_PREFIX_PATH=/opt/rocm-6.3.4/lib/cmake/hip:1;/appl/lumi/SW/system/EB/lumi-tools/24.05:1
LMOD_sys=Linux
_ModuleTable010_=bmRfcGF0aChcIk1PRFVMRVBBVEhcIixcIi9hcHBsL2x1bWkvbW9kdWxlcy9lYXN5YnVpbGQvc3lzdGVtXCIpIiwKfSwKZm4gPSAiL2FwcGwvbHVtaS9tb2R1bGVzL2luaXQtTFVNSS1Tb2Z0d2FyZVN0YWNrL2luaXQtbHVtaS8wLjIubHVhIiwKZnVsbE5hbWUgPSAiaW5pdC1sdW1pLzAuMiIsCmxvYWRPcmRlciA9IDgsCnByb3BUID0gewpsbW9kID0gewpzdGlja3kgPSAxLAp9LAp9LApzdGFja0RlcHRoID0gMCwKc3RhdHVzID0gImFjdGl2ZSIsCnVzZXJOYW1lID0gImluaXQtbHVtaSIsCndWID0gIjAwMDAwMDAwMC4wMDAwMDAwMDIuKnpmaW5hbCIsCn0sCmxpYmZhYnJpYyA9IHsKZm4gPSAiL29wdC9jcmF5L21vZHVsZWZpbGVzL2xpYmZhYnJpYy8xLjIyLjAiLApmdWxsTmFt
PE_PKGCONFIG_LIBS=rocm-6.3.4:libsci_mpi:libsci:mpich:dsmml
SLURM_JOBID=16529877
_ModuleTable001_=X01vZHVsZVRhYmxlXyA9IHsKTVR2ZXJzaW9uID0gMywKY19yZWJ1aWxkVGltZSA9IGZhbHNlLApjX3Nob3J0VGltZSA9IGZhbHNlLApkZXB0aFQgPSB7fSwKZmFtaWx5ID0gewpQcmdFbnYgPSAiUHJnRW52LWdudSIsCmNvbXBpbGVyID0gImdjYy1uYXRpdmUiLApjcmF5cGUgPSAiY3JheXBlIiwKY3JheXBlX2NwdSA9ICJjcmF5cGUteDg2LXJvbWUiLApjcmF5cGVfbmV0d29yayA9ICJjcmF5cGUtbmV0d29yay1vZmkiLApnY2NfY29tcGlsZXIgPSAiZ2NjLW5hdGl2ZSIsCmxpYnNjaSA9ICJjcmF5LWxpYnNjaSIsCm1waSA9ICJjcmF5LW1waWNoIiwKfSwKbVQgPSB7Ck1vZHVsZUxhYmVsID0gewpmbiA9ICIvYXBwbC9sdW1pL21vZHVsZXMvU3R5bGVNb2RpZmllcnMvTW9kdWxl
SLURM_CONF=/etc/slurm/slurm.conf
LOADEDMODULES=craype-x86-rome:libfabric/1.22.0:craype-network-ofi:perftools-base/25.03.0:xpmem/2.11.5-1.3_g73ade43320bc:ModuleLabel/label:lumi-tools/24.05:init-lumi/0.2:cray-python/3.11.7:gcc-native/14.2:craype/2.7.34:cray-dsmml/0.3.1:cray-mpich/8.1.32:cray-libsci/25.03.0:PrgEnv-gnu/8.6.0:rocm/6.3.4
LMOD_AVAIL_STYLE=<label>:PEhierarchy:system
FC=gfortran-14
CRAYPE_NETWORK_TARGET=ofi
_ModuleTable006_=cHl0aG9uIiwKd1YgPSAiXjAwMDAwMDAzLjAwMDAwMDAxMS4wMDAwMDAwMDcuKnpmaW5hbCIsCn0sCmNyYXlwZSA9IHsKZm4gPSAiL29wdC9jcmF5L3BlL2xtb2QvbW9kdWxlZmlsZXMvY29yZS9jcmF5cGUvMi43LjM0Lmx1YSIsCmZ1bGxOYW1lID0gImNyYXlwZS8yLjcuMzQiLApsb2FkT3JkZXIgPSAxMSwKcHJvcFQgPSB7fSwKc3RhY2tEZXB0aCA9IDEsCnN0YXR1cyA9ICJhY3RpdmUiLAp1c2VyTmFtZSA9ICJjcmF5cGUiLAp3ViA9ICJeMDAwMDAwMDIuMDAwMDAwMDA3LjAwMDAwMDAzNC4qemZpbmFsIiwKfSwKWyJjcmF5cGUtbmV0d29yay1vZmkiXSA9IHsKYWN0aW9uQSA9IHsKInByZXBlbmRfcGF0aChcIk1PRFVMRVBBVEhcIixcIi9vcHQvY3JheS9wZS9sbW9kL21vZHVs
__LMOD_REF_COUNT_MANPATH=/opt/rocm-6.3.4/share/man:1;/opt/cray/pe/libsci/25.03.0/share/man:1;/opt/cray/pe/mpich/8.1.32/ofi/man:1;/opt/cray/pe/mpich/8.1.32/man/mpich:1;/opt/cray/pe/dsmml/0.3.1/dsmml/man:1;/opt/cray/pe/craype/2.7.34/man:1;/opt/cray/pe/python/3.11.7/share/man:1;/appl/lumi/SW/system/EB/lumi-tools/24.05/share/man:1;/opt/cray/pe/perftools/25.03.0/man:1;/opt/cray/pe/papi/7.2.0.1/share/pdoc/man:1;/opt/cray/libfabric/1.22.0/share/man:1;/opt/cray/pe/lmod/lmod/share/man:1;/users/lazzaroa/.local/share/man:1;/usr/local/man:1;/usr/share/man:1
_ModuleTable003_=UHJnRW52LWdudSIsCndWID0gIl4wMDAwMDAwOC4wMDAwMDAwMDYuKnpmaW5hbCIsCn0sClsiY3JheS1kc21tbCJdID0gewpmbiA9ICIvb3B0L2NyYXkvcGUvbG1vZC9tb2R1bGVmaWxlcy9jb3JlL2NyYXktZHNtbWwvMC4zLjEubHVhIiwKZnVsbE5hbWUgPSAiY3JheS1kc21tbC8wLjMuMSIsCmxvYWRPcmRlciA9IDEyLApwcm9wVCA9IHt9LApzdGFja0RlcHRoID0gMSwKc3RhdHVzID0gImFjdGl2ZSIsCnVzZXJOYW1lID0gImNyYXktZHNtbWwiLAp3ViA9ICJeMDAwMDAwMDAuMDAwMDAwMDAzLjAwMDAwMDAwMS4qemZpbmFsIiwKfSwKWyJjcmF5LWxpYnNjaSJdID0gewpmbiA9ICIvb3B0L2NyYXkvcGUvbG1vZC9tb2R1bGVmaWxlcy9jb21waWxlci9nbnUvMTIuMC9jcmF5LWxp
SLURM_JOB_QOS=normal
LMOD_ROOT=/opt/cray/pe/lmod
SLURM_TOPOLOGY_ADDR_PATTERN=node
SSH_TTY=/dev/pts/68
PAT_RT_PERFCTR_DISABLE_COMPONENTS=nvml,rocm_smi
LUMI_LMOD_FAMILY_CRAYPE_NETWORK=craype-network-ofi
CRAY_MPICH_ROOTDIR=/opt/cray/pe/mpich/8.1.32
_ModuleTable013_=IiwKfSwKcm9jbSA9IHsKZm4gPSAiL29wdC9jcmF5L3BlL2xtb2QvbW9kdWxlZmlsZXMvY29yZS9yb2NtLzYuMy40Lmx1YSIsCmZ1bGxOYW1lID0gInJvY20vNi4zLjQiLApsb2FkT3JkZXIgPSAxNiwKcHJvcFQgPSB7fSwKc3RhY2tEZXB0aCA9IDAsCnN0YXR1cyA9ICJhY3RpdmUiLAp1c2VyTmFtZSA9ICJyb2NtIiwKd1YgPSAiXjAwMDAwMDA2LjAwMDAwMDAwMy4wMDAwMDAwMDQuKnpmaW5hbCIsCn0sCnhwbWVtID0gewpmbiA9ICIvb3B0L2NyYXkvbW9kdWxlZmlsZXMveHBtZW0vMi4xMS41LTEuM19nNzNhZGU0MzMyMGJjIiwKZnVsbE5hbWUgPSAieHBtZW0vMi4xMS41LTEuM19nNzNhZGU0MzMyMGJjIiwKbG9hZE9yZGVyID0gNSwKcHJvcFQgPSB7fSwKc3RhY2tEZXB0aCA9
MOTD_SHOWN=pam
MAIL=/var/spool/mail/lazzaroa
SLURM_CPUS_ON_NODE=56
CXX=g++-14
SLURM_JOB_NUM_NODES=1
_ModuleTable016_=L2NyYXlwZS10YXJnZXRzL2RlZmF1bHQiCiwgIi9hcHBsL2x1bWkvbW9kdWxlcy9Tb2Z0d2FyZVN0YWNrIiwgIi9hcHBsL2x1bWkvbW9kdWxlcy9TdHlsZU1vZGlmaWVycyIKLCAiL2FwcGwvbHVtaS9tb2R1bGVzL2luaXQtTFVNSS1Tb2Z0d2FyZVN0YWNrIiwgIi9vcHQvY3JheS9tb2R1bGVmaWxlcyIsCn0sCnN5c3RlbUJhc2VNUEFUSCA9ICIvb3B0L2NyYXkvcGUvbW9kdWxlZmlsZXMvTGludXg6L29wdC9jcmF5L3BlL21vZHVsZWZpbGVzL0NvcmU6L29wdC9jcmF5L3BlL2xtb2QvbG1vZC9tb2R1bGVmaWxlcy9Db3JlOi9vcHQvY3JheS9wZS9sbW9kL21vZHVsZWZpbGVzL2NvcmU6L29wdC9jcmF5L3BlL2xtb2QvbW9kdWxlZmlsZXMvY3JheXBlLXRhcmdldHMvZGVmYXVsdDov
LESSKEY=/etc/lesskey.bin
LUMI_LMOD_FAMILY_COMPILER=gcc-native
_ModuleTable009_=bW9kL21vZHVsZWZpbGVzL21peF9jb21waWxlcnNcIikiLCAicHJlcGVuZF9wYXRoKFwiTU9EVUxFUEFUSFwiLFwiL29wdC9jcmF5L3BlL2xtb2QvbW9kdWxlZmlsZXMvY29tbmV0L2dudS8xMi4wL29maS8xLjBcIikiLAp9LApmbiA9ICIvb3B0L2NyYXkvcGUvbG1vZC9tb2R1bGVmaWxlcy9jb3JlL2djYy1uYXRpdmUvMTQuMi5sdWEiLApmdWxsTmFtZSA9ICJnY2MtbmF0aXZlLzE0LjIiLApsb2FkT3JkZXIgPSAxMCwKcHJvcFQgPSB7fSwKc3RhY2tEZXB0aCA9IDEsCnN0YXR1cyA9ICJhY3RpdmUiLAp1c2VyTmFtZSA9ICJnY2MtbmF0aXZlIiwKd1YgPSAiXjAwMDAwMDE0LjAwMDAwMDAwMi4qemZpbmFsIiwKfSwKWyJpbml0LWx1bWkiXSA9IHsKYWN0aW9uQSA9IHsKInByZXBl
TERM=xterm-256color
SHELL=/bin/bash
LUMI_LMOD_FAMILY_COMPILER_VERSION=14.2
CRAY_MPICH_VER=8.1.32
LMOD_ADMIN_FILE=/appl/lumi/LUMI-SoftwareStack/LMOD/admin.list
XDG_SESSION_CLASS=user
PE_MPICH_FIXED_PRGENV=GNU
CRAY_LIBSCI_PREFIX=/opt/cray/pe/libsci/25.03.0/GNU/12.3/x86_64
CRAY_ROCM_VERSION=6.3.4
LMOD_FAMILY_PRGENV=PrgEnv-gnu
SLURM_JOB_UID=10013986
_ModuleTable_Sz_=17
CRAY_PYTHON_PREFIX=/opt/cray/pe/python/3.11.7
CRAY_LIBSCI_VERSION=25.03.0
SLURM_JOB_PARTITION=standard-g
LMOD_FAMILY_COMPILER=gcc-native
CRAY_DSMML_BASEDIR=/opt/cray/pe/dsmml/0.3.1
SLURM_HINT=nomultithread
CRAY_XPMEM_POST_LINK_OPTS=-L/usr/lib64
PE_MPICH_GENCOMPILERS_GNU=12.3
SLURM_JOB_USER=lazzaroa
SLURM_NPROCS=8
LUMI_LMOD_FAMILY_CRAYPE_CPU_VERSION=false
SHLVL=3
SLURM_SUBMIT_HOST=uan02
PYTHONPATH=/opt/cray/pe/python/3.11.7
CRAY_LIBSCI_PREFIX_DIR=/opt/cray/pe/libsci/25.03.0/GNU/12.3/x86_64
G_FILENAME_ENCODING=@locale,UTF-8,ISO-8859-15,CP1252
SLURM_JOB_ACCOUNT=project_462000031
GPUBIND=/pfs/lustref1/flash/project_462000031/lazzaroa/openmpi_on_ss11/select_gpu.sh
MANPATH=/pfs/lustref1/flash/project_462000031/lazzaroa/openmpi_on_ss11/install_rccl/man:/pfs/lustref1/flash/project_462000031/lazzaroa/openmpi_on_ss11/install_ompi/share/man:/pfs/lustref1/flash/project_462000031/lazzaroa/openmpi_on_ss11/install_libfabric/share/man:/pfs/lustref1/flash/project_462000031/lazzaroa/openmpi_on_ss11/install_cxi/share/man:/pfs/lustref1/flash/project_462000031/lazzaroa/openmpi_on_ss11/install_cxi/man:/opt/rocm-6.3.4/share/man:/opt/cray/pe/libsci/25.03.0/share/man:/opt/cray/pe/mpich/8.1.32/ofi/man:/opt/cray/pe/mpich/8.1.32/man/mpich:/opt/cray/pe/dsmml/0.3.1/dsmml/man:/opt/cray/pe/craype/2.7.34/man:/opt/cray/pe/python/3.11.7/share/man:/appl/lumi/SW/system/EB/lumi-tools/24.05/share/man:/opt/cray/pe/perftools/25.03.0/man:/opt/cray/pe/papi/7.2.0.1/share/pdoc/man:/opt/cray/libfabric/1.22.0/share/man:/opt/cray/pe/lmod/lmod/share/man:/users/lazzaroa/.local/share/man:/usr/local/man:/usr/share/man
CRAY_DSMML_VERSION=0.3.1
CPPFLAGS=-I/pfs/lustref1/flash/project_462000031/lazzaroa/openmpi_on_ss11/install_cxi/include -I/opt/rocm-6.3.4/include
CRAY_ROCM_INCLUDE_OPTS=-I/opt/rocm-6.3.4/include -I/opt/rocm-6.3.4/include/rocprofiler -I/opt/rocm-6.3.4/include/roctracer -I/opt/rocm-6.3.4/include/hip -D__HIP_PLATFORM_AMD__
MPICH_DIR=/opt/cray/pe/mpich/8.1.32/ofi/gnu/12.3
EBVERSIONLUMIMINTOOLS=24.05
HYDRA_BOOTSTRAP=slurm
PE_MPICH_GTL_LIBS_nvidia90=-lmpi_gtl_cuda
ROOT_DIR=/pfs/lustref1/flash/project_462000031/lazzaroa/openmpi_on_ss11
LUMI_LMOD_FAMILY_GCC_COMPILER_VERSION=14.2
MODULEPATH=/opt/cray/pe/lmod/modulefiles/mpi/gnu/12.0/ofi/1.0/cray-mpich/8.0:/opt/cray/pe/lmod/modulefiles/comnet/gnu/12.0/ofi/1.0:/opt/cray/pe/lmod/modulefiles/mix_compilers:/opt/cray/pe/lmod/modulefiles/compiler/gnu/12.0:/appl/lumi/modules/easybuild/system:/opt/cray/pe/lmod/modulefiles/perftools/25.03.0:/opt/cray/pe/lmod/modulefiles/net/ofi/1.0:/opt/cray/pe/lmod/modulefiles/cpu/x86-rome/1.0:/opt/cray/pe/modulefiles/Linux:/opt/cray/pe/modulefiles/Core:/opt/cray/pe/lmod/lmod/modulefiles/Core:/opt/cray/pe/lmod/modulefiles/core:/opt/cray/pe/lmod/modulefiles/craype-targets/default:/appl/lumi/modules/SoftwareStack:/appl/lumi/modules/StyleModifiers:/appl/lumi/modules/init-LUMI-SoftwareStack:/opt/cray/modulefiles
CRAY_MPICH_DIR=/opt/cray/pe/mpich/8.1.32/ofi/gnu/12.3
CRAY_PYTHON_VERSION=3.11.7
SLURM_GTIDS=0
LMOD_FAMILY_CRAYPE=craype
LOGNAME=lazzaroa
DBUS_SESSION_BUS_ADDRESS=unix:path=/run/user/10013986/bus
CRAY_MPICH_VERSION=8.1.32
XDG_RUNTIME_DIR=/run/user/10013986
PREFIX_OMPI=/pfs/lustref1/flash/project_462000031/lazzaroa/openmpi_on_ss11/install_ompi
LDFLAGS=-g -O -L/pfs/lustref1/flash/project_462000031/lazzaroa/openmpi_on_ss11/install_cxi/lib -L/opt/rocm-6.3.4/lib
MODULEPATH_ROOT=/opt/cray/pe/modulefiles
LMOD_PACKAGE_PATH=/appl/lumi/LUMI-SoftwareStack/LMOD
PE_MPICH_GTL_LIBS_amd_gfx906=-lmpi_gtl_hsa
PE_DSMML_PKGCONFIG_LIBS=dsmml
JRE_HOME=/usr/lib64/jvm/java-11-openjdk-11
PE_LIBSCI_PKGCONFIG_VARIABLES=PE_LIBSCI_OMP_REQUIRES_@openmp@:PE_SCI_EXT_LIBPATH:PE_SCI_EXT_LIBNAME
XDG_CONFIG_DIRS=/etc/xdg
PATH=/pfs/lustref1/flash/project_462000031/lazzaroa/openmpi_on_ss11/install_rccl/bin:/pfs/lustref1/flash/project_462000031/lazzaroa/openmpi_on_ss11/install_ompi/bin:/pfs/lustref1/flash/project_462000031/lazzaroa/openmpi_on_ss11/install_libfabric/bin:/pfs/lustref1/flash/project_462000031/lazzaroa/openmpi_on_ss11/install_cxi/bin:/opt/rocm-6.3.4/bin:/opt/cray/pe/mpich/8.1.32/ofi/gnu/12.3/bin:/opt/cray/pe/mpich/8.1.32/bin:/opt/cray/pe/craype/2.7.34/bin:/opt/cray/pe/gcc-native/14/bin:/opt/cray/pe/python/3.11.7/bin:/appl/lumi/SW/system/EB/lumi-tools/24.05/bin:/opt/cray/pe/perftools/25.03.0/bin:/opt/cray/pe/papi/7.2.0.1/bin:/opt/cray/libfabric/1.22.0/bin:/users/lazzaroa/.local/bin:/users/lazzaroa/bin:/usr/local/bin:/usr/bin:/bin:/usr/lib/mit/bin:/usr/lib/mit/sbin:/opt/cray/pe/bin
PE_MPICH_GTL_LIBS_amd_gfx908=-lmpi_gtl_hsa
SLURM_JOB_ID=16529877
_ModuleTable014_=IDAsCnN0YXR1cyA9ICJhY3RpdmUiLAp1c2VyTmFtZSA9ICJ4cG1lbSIsCndWID0gIjAwMDAwMDAwMi4wMDAwMDAwMTEuMDAwMDAwMDA1Lip6ZmluYWwtLjAwMDAwMDAwMS4wMDAwMDAwMDMuKl8uKmcuMDAwMDAwMDczLiphZGUuMDAwMDQzMzIwLipiYy4qemZpbmFsIiwKfSwKfSwKbXBhdGhBID0gewoiL29wdC9jcmF5L3BlL2xtb2QvbW9kdWxlZmlsZXMvbXBpL2dudS8xMi4wL29maS8xLjAvY3JheS1tcGljaC84LjAiCiwgIi9vcHQvY3JheS9wZS9sbW9kL21vZHVsZWZpbGVzL2NvbW5ldC9nbnUvMTIuMC9vZmkvMS4wIgosICIvb3B0L2NyYXkvcGUvbG1vZC9tb2R1bGVmaWxlcy9taXhfY29tcGlsZXJzIgosICIvb3B0L2NyYXkvcGUvbG1vZC9tb2R1bGVmaWxlcy9jb21waWxl
JAVA_BINDIR=/usr/lib64/jvm/java-11-openjdk-11/bin
PE_MPICH_GTL_DIR_nvidia90=-L/opt/cray/pe/mpich/8.1.32/gtl/lib
__LMOD_REF_COUNT_PE_PRODUCT_LIST=CRAYPE:1;CRAYPE_X86_ROME:1;PERFTOOLS:1;CRAYPAT:1;CRAY_ROCM:1
_LMFILES_=/opt/cray/pe/lmod/modulefiles/craype-targets/default/craype-x86-rome.lua:/opt/cray/modulefiles/libfabric/1.22.0:/opt/cray/pe/lmod/modulefiles/craype-targets/default/craype-network-ofi.lua:/opt/cray/pe/lmod/modulefiles/core/perftools-base/25.03.0.lua:/opt/cray/modulefiles/xpmem/2.11.5-1.3_g73ade43320bc:/appl/lumi/modules/StyleModifiers/ModuleLabel/label.lua:/appl/lumi/modules/easybuild/system/lumi-tools/24.05.lua:/appl/lumi/modules/init-LUMI-SoftwareStack/init-lumi/0.2.lua:/opt/cray/pe/lmod/modulefiles/core/cray-python/3.11.7.lua:/opt/cray/pe/lmod/modulefiles/core/gcc-native/14.2.lua:/opt/cray/pe/lmod/modulefiles/core/craype/2.7.34.lua:/opt/cray/pe/lmod/modulefiles/core/cray-dsmml/0.3.1.lua:/opt/cray/pe/lmod/modulefiles/comnet/gnu/12.0/ofi/1.0/cray-mpich/8.1.32.lua:/opt/cray/pe/lmod/modulefiles/compiler/gnu/12.0/cray-libsci/25.03.0.lua:/opt/cray/pe/lmod/modulefiles/core/PrgEnv-gnu/8.6.0.lua:/opt/cray/pe/lmod/modulefiles/core/rocm/6.3.4.lua
LMOD_FAMILY_LIBSCI_VERSION=25.03.0
MODULESHOME=/opt/cray/pe/lmod/lmod
PKG_CONFIG_PATH=/pfs/lustref1/flash/project_462000031/lazzaroa/openmpi_on_ss11/install_rccl/lib/pkgconfig:/pfs/lustref1/flash/project_462000031/lazzaroa/openmpi_on_ss11/install_ompi/lib/pkgconfig:/pfs/lustref1/flash/project_462000031/lazzaroa/openmpi_on_ss11/install_libfabric/lib/pkgconfig:/pfs/lustref1/flash/project_462000031/lazzaroa/openmpi_on_ss11/install_cxi/lib/pkgconfig:/usr/lib64/pkgconfig:/opt/cray/pe/dsmml/0.3.1/dsmml/lib/pkgconfig:/opt/cray/pe/craype/2.7.34/pkg-config:/opt/cray/libfabric/1.22.0/lib64/pkgconfig
LMOD_SETTARG_FULL_SUPPORT=no
G_BROKEN_FILENAMES=1
PE_GNU_FIXED_PKGCONFIG_PATH=/opt/cray/pe/mpich/8.1.32/ofi/gnu/12.3/lib/pkgconfig
_ModuleTable011_=ZSA9ICJsaWJmYWJyaWMvMS4yMi4wIiwKbG9hZE9yZGVyID0gMiwKcHJvcFQgPSB7fSwKc3RhY2tEZXB0aCA9IDEsCnN0YXR1cyA9ICJhY3RpdmUiLAp1c2VyTmFtZSA9ICJsaWJmYWJyaWMiLAp3ViA9ICJeMDAwMDAwMDEuMDAwMDAwMDIyLip6ZmluYWwiLAp9LApbImx1bWktdG9vbHMiXSA9IHsKZm4gPSAiL2FwcGwvbHVtaS9tb2R1bGVzL2Vhc3lidWlsZC9zeXN0ZW0vbHVtaS10b29scy8yNC4wNS5sdWEiLApmdWxsTmFtZSA9ICJsdW1pLXRvb2xzLzI0LjA1IiwKbG9hZE9yZGVyID0gNywKcHJvcFQgPSB7Cmxtb2QgPSB7CnN0aWNreSA9IDEsCn0sCn0sCnN0YWNrRGVwdGggPSAxLApzdGF0dXMgPSAiYWN0aXZlIiwKdXNlck5hbWUgPSAibHVtaS10b29scyIsCndWID0gIjAw
PREFIX_LIBFABRIC=/pfs/lustref1/flash/project_462000031/lazzaroa/openmpi_on_ss11/install_libfabric
PE_MPICH_GTL_LIBS_amd_gfx90a=-lmpi_gtl_hsa
HISTSIZE=1000
CRAYPE_DIR=/opt/cray/pe/craype/2.7.34
LMOD_PKG=/opt/cray/pe/lmod/lmod
__LMOD_REF_COUNT_PE_MPICH_PKGCONFIG_LIBS=mpich:1
OFFLOAD_INIT=on_start
__LMOD_REF_COUNT_PE_PKGCONFIG_LIBS=rocm-6.3.4:1;libsci_mpi:1;libsci:1;mpich:1;dsmml:1
CPU=x86_64
SSH_SENDS_LOCALE=yes
CRAYPE_VERSION=2.7.34
EBU_USER_PREFIX=/project/project_462000031/lazzaroa/EasyBuild
_ModuleTable005_=aWNoLzguMS4zMi5sdWEiLApmdWxsTmFtZSA9ICJjcmF5LW1waWNoLzguMS4zMiIsCmxvYWRPcmRlciA9IDEzLApwcm9wVCA9IHt9LApzdGFja0RlcHRoID0gMSwKc3RhdHVzID0gImFjdGl2ZSIsCnVzZXJOYW1lID0gImNyYXktbXBpY2giLAp3ViA9ICJeMDAwMDAwMDguMDAwMDAwMDAxLjAwMDAwMDAzMi4qemZpbmFsIiwKfSwKWyJjcmF5LXB5dGhvbiJdID0gewpmbiA9ICIvb3B0L2NyYXkvcGUvbG1vZC9tb2R1bGVmaWxlcy9jb3JlL2NyYXktcHl0aG9uLzMuMTEuNy5sdWEiLApmdWxsTmFtZSA9ICJjcmF5LXB5dGhvbi8zLjExLjciLApsb2FkT3JkZXIgPSA5LApwcm9wVCA9IHt9LApzdGFja0RlcHRoID0gMCwKc3RhdHVzID0gImFjdGl2ZSIsCnVzZXJOYW1lID0gImNyYXkt
LMOD_CMD=/opt/cray/pe/lmod/lmod/libexec/lmod
SLURM_LOCALID=0
CRAY_MPICH_PREFIX=/opt/cray/pe/mpich/8.1.32/ofi/gnu/12.3
PE_GCC_EXTERNAL=native
LESSOPEN=lessopen.sh %s
CRAYPAT_OPTS_EXECUTABLE=libexec64/opts
CRAY_XPMEM_INCLUDE_OPTS=-I/usr/include
PE_LIBSCI_GENCOMPS_GNU_x86_64=123
LMOD_DIR=/opt/cray/pe/lmod/lmod/libexec
LMOD_FAMILY_MPI=cray-mpich
BASH_FUNC_module%%=() {  if [ -z "${LMOD_SH_DBG_ON+x}" ]; then
 case "$-" in 
 *v*x*)
 __lmod_sh_dbg='vx'
 ;;
 *v*)
 __lmod_sh_dbg='v'
 ;;
 *x*)
 __lmod_sh_dbg='x'
 ;;
 esac;
 fi;
 if [ -n "${__lmod_sh_dbg:-}" ]; then
 set +$__lmod_sh_dbg;
 echo "Shell debugging temporarily silenced: export LMOD_SH_DBG_ON=1 for Lmod's output" 1>&2;
 fi;
 eval "$($LMOD_CMD shell "$@")" && eval "$(${LMOD_SETTARG_CMD:-:} -s sh)";
 __lmod_my_status=$?;
 if [ -n "${__lmod_sh_dbg:-}" ]; then
 echo "Shell debugging restarted" 1>&2;
 set -$__lmod_sh_dbg;
 fi;
 unset __lmod_sh_dbg;
 return $__lmod_my_status
}
BASH_FUNC_ml%%=() {  eval "$($LMOD_DIR/ml_cmd "$@")"
}
_=/usr/bin/env
========
_n8_software_16529877
========
with LinkX
-- mpirun /pfs/lustref1/flash/project_462000031/lazzaroa/openmpi_on_ss11/osu/osu-ompi//libexec/osu-micro-benchmarks//mpi/collective/osu_alltoall -d rocm D D
[nid005971:74819] Rank 0 bound to package[0][core:0-6]
[nid005971:74819] Rank 2 bound to package[0][core:14-20]
[nid005971:74819] Rank 1 bound to package[0][core:7-13]
[nid005971:74819] Rank 3 bound to package[0][core:21-27]
[nid005971:74819] Rank 4 bound to package[0][core:28-34]
[nid005971:74819] Rank 5 bound to package[0][core:35-41]
[nid005971:74819] Rank 6 bound to package[0][core:42-48]
[nid005971:74819] Rank 7 bound to package[0][core:49-55]

# OSU MPI-ROCM All-to-All Personalized Exchange Latency Test v7.5.2
# Datatype: MPI_CHAR.
# Size       Avg Latency(us)
1                     186.89
2                     188.04
4                     189.71
8                     191.94
16                    190.94
32                    189.94
64                    193.48
128                   192.82
256                   194.29
512                   196.28
1024                  198.07
2048                  224.93
4096                  214.83
8192                  228.47
16384                 253.60
32768                 304.94
65536                 401.11
131072                574.95
262144                928.41
524288               4149.28
1048576             17406.20
-- mpirun /pfs/lustref1/flash/project_462000031/lazzaroa/openmpi_on_ss11/osu/osu-ompi//libexec/osu-micro-benchmarks//mpi/collective/osu_allreduce -d rocm D D
[nid005971:75018] Rank 0 bound to package[0][core:0-6]
[nid005971:75018] Rank 2 bound to package[0][core:14-20]
[nid005971:75018] Rank 1 bound to package[0][core:7-13]
[nid005971:75018] Rank 6 bound to package[0][core:42-48]
[nid005971:75018] Rank 3 bound to package[0][core:21-27]
[nid005971:75018] Rank 5 bound to package[0][core:35-41]
[nid005971:75018] Rank 4 bound to package[0][core:28-34]
[nid005971:75018] Rank 7 bound to package[0][core:49-55]

# OSU MPI-ROCM Allreduce Latency Test v7.5.2
# Datatype: MPI_INT.
# Size       Avg Latency(us)
4                      68.09
8                      66.25
16                     66.05
32                     66.80
64                     66.98
128                    68.46
256                    69.06
512                    68.93
1024                   69.88
2048                   72.40
4096                   77.51
8192                  155.78
16384                 164.69
32768                 181.32
65536                 210.27
131072                260.79
262144                360.51
524288                562.54
1048576               946.04
-- mpirun /pfs/lustref1/flash/project_462000031/lazzaroa/openmpi_on_ss11/osu/osu-ompi//libexec/osu-micro-benchmarks//mpi/collective/osu_allgather -d rocm D D
[nid005971:75198] Rank 0 bound to package[0][core:0-6]
[nid005971:75198] Rank 1 bound to package[0][core:7-13]
[nid005971:75198] Rank 2 bound to package[0][core:14-20]
[nid005971:75198] Rank 3 bound to package[0][core:21-27]
[nid005971:75198] Rank 4 bound to package[0][core:28-34]
[nid005971:75198] Rank 5 bound to package[0][core:35-41]
[nid005971:75198] Rank 6 bound to package[0][core:42-48]
[nid005971:75198] Rank 7 bound to package[0][core:49-55]

# OSU MPI-ROCM Allgather Latency Test v7.5.2
# Datatype: MPI_CHAR.
# Size       Avg Latency(us)
1                      94.38
2                      92.91
4                      92.91
8                      97.15
16                     93.10
32                     93.07
64                     93.90
128                    97.09
256                    95.63
512                    95.73
1024                   97.91
2048                  106.54
4096                  119.01
8192                  131.56
16384                 155.11
32768                 196.94
65536                 278.68
131072                459.00
262144                809.05
524288               1039.21
1048576             25772.20
-- mpirun /pfs/lustref1/flash/project_462000031/lazzaroa/openmpi_on_ss11/osu/osu-ompi//libexec/osu-micro-benchmarks//mpi/collective/osu_allreduce H H
[nid005971:75383] Rank 0 bound to package[0][core:0-6]
[nid005971:75383] Rank 2 bound to package[0][core:14-20]
[nid005971:75383] Rank 1 bound to package[0][core:7-13]
[nid005971:75383] Rank 3 bound to package[0][core:21-27]
[nid005971:75383] Rank 4 bound to package[0][core:28-34]
[nid005971:75383] Rank 5 bound to package[0][core:35-41]
[nid005971:75383] Rank 7 bound to package[0][core:49-55]
[nid005971:75383] Rank 6 bound to package[0][core:42-48]

# OSU MPI Allreduce Latency Test v7.5.2
# Datatype: MPI_INT.
# Size       Avg Latency(us)
4                       4.97
8                       4.89
16                      4.77
32                      5.15
64                      5.74
128                     5.78
256                     6.25
512                     6.33
1024                    6.49
2048                    7.46
4096                    9.17
8192                   14.60
16384                  19.37
32768                  26.34
65536                  37.10
131072                 59.23
262144                108.48
524288                215.58
1048576               431.44
-- mpirun /pfs/lustref1/flash/project_462000031/lazzaroa/openmpi_on_ss11/osu/osu-ompi//libexec/osu-micro-benchmarks//mpi/collective/osu_alltoall H H
[nid005971:75555] Rank 0 bound to package[0][core:0-6]
[nid005971:75555] Rank 1 bound to package[0][core:7-13]
[nid005971:75555] Rank 2 bound to package[0][core:14-20]
[nid005971:75555] Rank 3 bound to package[0][core:21-27]
[nid005971:75555] Rank 4 bound to package[0][core:28-34]
[nid005971:75555] Rank 5 bound to package[0][core:35-41]
[nid005971:75555] Rank 6 bound to package[0][core:42-48]
[nid005971:75555] Rank 7 bound to package[0][core:49-55]

# OSU MPI All-to-All Personalized Exchange Latency Test v7.5.2
# Datatype: MPI_CHAR.
# Size       Avg Latency(us)
1                       8.42
2                       8.42
4                       8.52
8                       8.45
16                      8.47
32                      8.56
64                      8.64
128                     8.75
256                    11.30
512                    11.53
1024                   11.94
2048                   13.48
4096                   17.05
8192                   11.98
16384                  15.59
32768                  18.98
65536                  31.90
131072                 51.38
262144                 83.11
524288                132.77
1048576               251.38
-- mpirun /pfs/lustref1/flash/project_462000031/lazzaroa/openmpi_on_ss11/osu/osu-ompi//libexec/osu-micro-benchmarks//mpi/collective/osu_allgather H H
[nid005971:75723] Rank 0 bound to package[0][core:0-6]
[nid005971:75723] Rank 1 bound to package[0][core:7-13]
[nid005971:75723] Rank 2 bound to package[0][core:14-20]
[nid005971:75723] Rank 4 bound to package[0][core:28-34]
[nid005971:75723] Rank 3 bound to package[0][core:21-27]
[nid005971:75723] Rank 5 bound to package[0][core:35-41]
[nid005971:75723] Rank 6 bound to package[0][core:42-48]
[nid005971:75723] Rank 7 bound to package[0][core:49-55]

# OSU MPI Allgather Latency Test v7.5.2
# Datatype: MPI_CHAR.
# Size       Avg Latency(us)
1                       4.62
2                       4.51
4                       4.59
8                       4.60
16                      4.82
32                      4.97
64                      5.41
128                     5.73
256                     5.78
512                     6.21
1024                    7.29
2048                    8.96
4096                   11.19
8192                   15.80
16384                  26.71
32768                  49.12
65536                 116.97
131072                218.21
262144                430.10
524288                826.76
1048576              1607.14
no OpenMPI internal transport, only libfabric. Use CXI directly
-- mpirun /pfs/lustref1/flash/project_462000031/lazzaroa/openmpi_on_ss11/osu/osu-ompi//libexec/osu-micro-benchmarks//mpi/collective/osu_alltoall -d rocm D D
[nid005971:76096] Rank 0 bound to package[0][core:0-6]
[nid005971:76096] Rank 1 bound to package[0][core:7-13]
[nid005971:76096] Rank 2 bound to package[0][core:14-20]
[nid005971:76096] Rank 4 bound to package[0][core:28-34]
[nid005971:76096] Rank 5 bound to package[0][core:35-41]
[nid005971:76096] Rank 6 bound to package[0][core:42-48]
[nid005971:76096] Rank 3 bound to package[0][core:21-27]
[nid005971:76096] Rank 7 bound to package[0][core:49-55]

# OSU MPI-ROCM All-to-All Personalized Exchange Latency Test v7.5.2
# Datatype: MPI_CHAR.
# Size       Avg Latency(us)
1                      22.01
2                      22.11
4                      22.11
8                      23.20
16                     21.87
32                     21.97
64                     22.03
128                    22.07
256                    22.53
512                    28.98
1024                   23.17
2048                   23.70
4096                   25.13
8192                 7353.15
16384                7126.46
32768                4506.84
65536                 146.35
131072                152.26
262144                207.02
524288                366.60
1048576               682.75
-- mpirun /pfs/lustref1/flash/project_462000031/lazzaroa/openmpi_on_ss11/osu/osu-ompi//libexec/osu-micro-benchmarks//mpi/collective/osu_allreduce -d rocm D D
[nid005971:76296] Rank 0 bound to package[0][core:0-6]
[nid005971:76296] Rank 1 bound to package[0][core:7-13]
[nid005971:76296] Rank 3 bound to package[0][core:21-27]
[nid005971:76296] Rank 2 bound to package[0][core:14-20]
[nid005971:76296] Rank 4 bound to package[0][core:28-34]
[nid005971:76296] Rank 5 bound to package[0][core:35-41]
[nid005971:76296] Rank 6 bound to package[0][core:42-48]
[nid005971:76296] Rank 7 bound to package[0][core:49-55]

# OSU MPI-ROCM Allreduce Latency Test v7.5.2
# Datatype: MPI_INT.
# Size       Avg Latency(us)
4                      33.61
8                      32.73
16                     32.85
32                     33.09
64                     33.24
128                    34.41
256                    36.03
512                    36.16
1024                   36.74
2048                   45.74
4096                   39.87
8192                   45.01
16384                 893.92
32768                3532.24
65536                4587.27
131072               4835.95
262144               5277.22
524288               6442.18
1048576              6412.40
-- mpirun /pfs/lustref1/flash/project_462000031/lazzaroa/openmpi_on_ss11/osu/osu-ompi//libexec/osu-micro-benchmarks//mpi/collective/osu_allgather -d rocm D D
[nid005971:76498] Rank 0 bound to package[0][core:0-6]
[nid005971:76498] Rank 1 bound to package[0][core:7-13]
[nid005971:76498] Rank 2 bound to package[0][core:14-20]
[nid005971:76498] Rank 3 bound to package[0][core:21-27]
[nid005971:76498] Rank 4 bound to package[0][core:28-34]
[nid005971:76498] Rank 5 bound to package[0][core:35-41]
[nid005971:76498] Rank 7 bound to package[0][core:49-55]
[nid005971:76498] Rank 6 bound to package[0][core:42-48]

# OSU MPI-ROCM Allgather Latency Test v7.5.2
# Datatype: MPI_CHAR.
# Size       Avg Latency(us)
1                      22.96
2                      23.12
4                      23.21
8                      24.26
16                     22.93
32                     23.74
64                     24.48
128                    24.96
256                    25.10
512                    25.79
1024                   34.63
2048                 1185.72
4096                 2800.96
8192                 3914.34
16384                 817.87
32768                 843.79
65536                 181.57
131072                207.35
262144                289.18
524288                440.01
1048576               762.23
-- mpirun /pfs/lustref1/flash/project_462000031/lazzaroa/openmpi_on_ss11/osu/osu-ompi//libexec/osu-micro-benchmarks//mpi/collective/osu_allreduce H H
[nid005971:76692] Rank 0 bound to package[0][core:0-6]
[nid005971:76692] Rank 1 bound to package[0][core:7-13]
[nid005971:76692] Rank 2 bound to package[0][core:14-20]
[nid005971:76692] Rank 3 bound to package[0][core:21-27]
[nid005971:76692] Rank 4 bound to package[0][core:28-34]
[nid005971:76692] Rank 6 bound to package[0][core:42-48]
[nid005971:76692] Rank 5 bound to package[0][core:35-41]
[nid005971:76692] Rank 7 bound to package[0][core:49-55]

# OSU MPI Allreduce Latency Test v7.5.2
# Datatype: MPI_INT.
# Size       Avg Latency(us)
4                      10.68
8                      10.64
16                     10.69
32                     11.01
64                     11.13
128                    11.70
256                    13.25
512                    13.46
1024                   13.82
2048                   21.91
4096                   16.17
8192                   28.52
16384                  31.70
32768                  36.90
65536                  54.34
131072                 82.91
262144                129.38
524288                209.38
1048576               372.65
-- mpirun /pfs/lustref1/flash/project_462000031/lazzaroa/openmpi_on_ss11/osu/osu-ompi//libexec/osu-micro-benchmarks//mpi/collective/osu_alltoall H H
[nid005971:76860] Rank 0 bound to package[0][core:0-6]
[nid005971:76860] Rank 1 bound to package[0][core:7-13]
[nid005971:76860] Rank 2 bound to package[0][core:14-20]
[nid005971:76860] Rank 3 bound to package[0][core:21-27]
[nid005971:76860] Rank 4 bound to package[0][core:28-34]
[nid005971:76860] Rank 5 bound to package[0][core:35-41]
[nid005971:76860] Rank 6 bound to package[0][core:42-48]
[nid005971:76860] Rank 7 bound to package[0][core:49-55]

# OSU MPI All-to-All Personalized Exchange Latency Test v7.5.2
# Datatype: MPI_CHAR.
# Size       Avg Latency(us)
1                      10.94
2                      10.95
4                      10.87
8                      10.68
16                     10.66
32                     10.68
64                     10.67
128                    10.86
256                    11.52
512                    17.44
1024                   11.93
2048                   12.43
4096                   13.32
8192                   16.73
16384                  26.37
32768                  40.44
65536                  67.44
131072                119.14
262144                228.01
524288                442.40
1048576               910.02
-- mpirun /pfs/lustref1/flash/project_462000031/lazzaroa/openmpi_on_ss11/osu/osu-ompi//libexec/osu-micro-benchmarks//mpi/collective/osu_allgather H H
[nid005971:77041] Rank 0 bound to package[0][core:0-6]
[nid005971:77041] Rank 1 bound to package[0][core:7-13]
[nid005971:77041] Rank 2 bound to package[0][core:14-20]
[nid005971:77041] Rank 3 bound to package[0][core:21-27]
[nid005971:77041] Rank 6 bound to package[0][core:42-48]
[nid005971:77041] Rank 4 bound to package[0][core:28-34]
[nid005971:77041] Rank 7 bound to package[0][core:49-55]
[nid005971:77041] Rank 5 bound to package[0][core:35-41]

# OSU MPI Allgather Latency Test v7.5.2
# Datatype: MPI_CHAR.
# Size       Avg Latency(us)
1                      10.71
2                      10.59
4                      10.60
8                      10.57
16                     10.50
32                     10.75
64                     11.85
128                    12.77
256                    13.09
512                    13.49
1024                   21.48
2048                   15.55
4096                   17.97
8192                   25.31
16384                  35.75
32768                  51.18
65536                  78.03
131072                130.97
262144                238.29
524288                457.72
1048576               899.80
========
_n8_hybrid_16529877
========
no OpenMPI internal transport, only libfabric. Use CXI directly
-- mpirun /pfs/lustref1/flash/project_462000031/lazzaroa/openmpi_on_ss11/osu/osu-ompi//libexec/osu-micro-benchmarks//mpi/collective/osu_alltoall -d rocm D D
[nid005971:77213] Rank 0 bound to package[0][core:0-6]
[nid005971:77213] Rank 3 bound to package[0][core:21-27]
[nid005971:77213] Rank 2 bound to package[0][core:14-20]
[nid005971:77213] Rank 4 bound to package[0][core:28-34]
[nid005971:77213] Rank 5 bound to package[0][core:35-41]
[nid005971:77213] Rank 7 bound to package[0][core:49-55]
[nid005971:77213] Rank 6 bound to package[0][core:42-48]
[nid005971:77213] Rank 1 bound to package[0][core:7-13]

# OSU MPI-ROCM All-to-All Personalized Exchange Latency Test v7.5.2
# Datatype: MPI_CHAR.
# Size       Avg Latency(us)
1                      23.95
2                      24.04
4                      24.08
8                      25.14
16                     23.80
32                     23.87
64                     23.92
128                    24.05
256                    24.59
512                    25.34
1024                   25.06
2048                   25.54
4096                   26.33
8192                   31.80
16384                  33.50
32768                  44.09
65536                  66.48
131072                110.14
262144                388.44
524288                412.14
1048576               828.47
-- mpirun /pfs/lustref1/flash/project_462000031/lazzaroa/openmpi_on_ss11/osu/osu-ompi//libexec/osu-micro-benchmarks//mpi/collective/osu_allreduce -d rocm D D
[nid005971:77468] Rank 1 bound to package[0][core:7-13]
[nid005971:77468] Rank 0 bound to package[0][core:0-6]
[nid005971:77468] Rank 2 bound to package[0][core:14-20]
[nid005971:77468] Rank 3 bound to package[0][core:21-27]
[nid005971:77468] Rank 4 bound to package[0][core:28-34]
[nid005971:77468] Rank 5 bound to package[0][core:35-41]
[nid005971:77468] Rank 6 bound to package[0][core:42-48]
[nid005971:77468] Rank 7 bound to package[0][core:49-55]

# OSU MPI-ROCM Allreduce Latency Test v7.5.2
# Datatype: MPI_INT.
# Size       Avg Latency(us)
4                      34.75
8                      33.46
16                     33.52
32                     33.72
64                     33.85
128                    34.68
256                    36.59
512                    37.13
1024                   37.68
2048                   38.82
4096                   40.76
8192                   45.54
16384                  63.84
32768                  77.69
65536                  96.33
131072                691.60
262144               1902.26
524288               2108.82
1048576              2969.26
-- mpirun /pfs/lustref1/flash/project_462000031/lazzaroa/openmpi_on_ss11/osu/osu-ompi//libexec/osu-micro-benchmarks//mpi/collective/osu_allgather -d rocm D D
[nid005971:77655] Rank 0 bound to package[0][core:0-6]
[nid005971:77655] Rank 1 bound to package[0][core:7-13]
[nid005971:77655] Rank 2 bound to package[0][core:14-20]
[nid005971:77655] Rank 3 bound to package[0][core:21-27]
[nid005971:77655] Rank 5 bound to package[0][core:35-41]
[nid005971:77655] Rank 4 bound to package[0][core:28-34]
[nid005971:77655] Rank 7 bound to package[0][core:49-55]
[nid005971:77655] Rank 6 bound to package[0][core:42-48]

# OSU MPI-ROCM Allgather Latency Test v7.5.2
# Datatype: MPI_CHAR.
# Size       Avg Latency(us)
1                      24.41
2                      25.12
4                      25.54
8                      26.77
16                     25.35
32                     26.12
64                     26.79
128                    26.65
256                    26.91
512                    27.44
1024                   28.09
2048                  510.96
4096                 1011.56
8192                 1805.44
16384                1670.99
32768                1797.44
65536                1876.62
131072               1332.02
262144               1262.52
524288                814.75
1048576              1097.96
-- mpirun /pfs/lustref1/flash/project_462000031/lazzaroa/openmpi_on_ss11/osu/osu-ompi//libexec/osu-micro-benchmarks//mpi/collective/osu_allreduce H H
[nid005971:77848] Rank 0 bound to package[0][core:0-6]
[nid005971:77848] Rank 1 bound to package[0][core:7-13]
[nid005971:77848] Rank 2 bound to package[0][core:14-20]
[nid005971:77848] Rank 3 bound to package[0][core:21-27]
[nid005971:77848] Rank 5 bound to package[0][core:35-41]
[nid005971:77848] Rank 4 bound to package[0][core:28-34]
[nid005971:77848] Rank 6 bound to package[0][core:42-48]
[nid005971:77848] Rank 7 bound to package[0][core:49-55]

# OSU MPI Allreduce Latency Test v7.5.2
# Datatype: MPI_INT.
# Size       Avg Latency(us)
4                      11.33
8                      11.27
16                     11.28
32                     11.53
64                     11.63
128                    11.98
256                    14.79
512                    14.98
1024                   15.36
2048                   16.07
4096                   17.11
8192                   30.89
16384                  33.24
32768                  37.29
65536                  52.53
131072                 84.58
262144                152.96
524288                433.96
1048576               584.59
-- mpirun /pfs/lustref1/flash/project_462000031/lazzaroa/openmpi_on_ss11/osu/osu-ompi//libexec/osu-micro-benchmarks//mpi/collective/osu_alltoall H H
[nid005971:78019] Rank 0 bound to package[0][core:0-6]
[nid005971:78019] Rank 2 bound to package[0][core:14-20]
[nid005971:78019] Rank 1 bound to package[0][core:7-13]
[nid005971:78019] Rank 3 bound to package[0][core:21-27]
[nid005971:78019] Rank 5 bound to package[0][core:35-41]
[nid005971:78019] Rank 4 bound to package[0][core:28-34]
[nid005971:78019] Rank 6 bound to package[0][core:42-48]
[nid005971:78019] Rank 7 bound to package[0][core:49-55]

# OSU MPI All-to-All Personalized Exchange Latency Test v7.5.2
# Datatype: MPI_CHAR.
# Size       Avg Latency(us)
1                      12.26
2                      12.27
4                      12.26
8                      12.28
16                     12.30
32                     12.25
64                     12.28
128                    12.39
256                    13.40
512                    13.40
1024                   13.73
2048                   14.15
4096                   14.56
8192                   16.07
16384                  22.92
32768                  38.04
65536                  64.88
131072                118.77
262144                231.27
524288                474.78
1048576               959.59
-- mpirun /pfs/lustref1/flash/project_462000031/lazzaroa/openmpi_on_ss11/osu/osu-ompi//libexec/osu-micro-benchmarks//mpi/collective/osu_allgather H H
[nid005971:78191] Rank 0 bound to package[0][core:0-6]
[nid005971:78191] Rank 2 bound to package[0][core:14-20]
[nid005971:78191] Rank 3 bound to package[0][core:21-27]
[nid005971:78191] Rank 1 bound to package[0][core:7-13]
[nid005971:78191] Rank 4 bound to package[0][core:28-34]
[nid005971:78191] Rank 6 bound to package[0][core:42-48]
[nid005971:78191] Rank 5 bound to package[0][core:35-41]
[nid005971:78191] Rank 7 bound to package[0][core:49-55]

# OSU MPI Allgather Latency Test v7.5.2
# Datatype: MPI_CHAR.
# Size       Avg Latency(us)
1                      10.98
2                      11.00
4                      10.98
8                      11.00
16                     10.98
32                     11.12
64                     12.17
128                    13.58
256                    14.07
512                    14.36
1024                   14.89
2048                   15.58
4096                   17.12
8192                   21.45
16384                  29.44
32768                  41.72
65536                  65.66
131072                115.81
262144                211.23
524288                414.62
1048576               811.32
-- mpirun /pfs/lustref1/flash/project_462000031/lazzaroa/openmpi_on_ss11/osu/osu-ompi//libexec/osu-micro-benchmarks//xccl/collective/osu_xccl_alltoall -d rocm D D
[nid005971:78362] Rank 0 bound to package[0][core:0-6]
[nid005971:78362] Rank 1 bound to package[0][core:7-13]
[nid005971:78362] Rank 2 bound to package[0][core:14-20]
[nid005971:78362] Rank 3 bound to package[0][core:21-27]
[nid005971:78362] Rank 4 bound to package[0][core:28-34]
[nid005971:78362] Rank 5 bound to package[0][core:35-41]
[nid005971:78362] Rank 6 bound to package[0][core:42-48]
[nid005971:78362] Rank 7 bound to package[0][core:49-55]
#Using RCCL
#Using RCCL
#Using RCCL
#Using RCCL
#Using RCCL
#Using RCCL
#Using RCCL
#Using RCCL

# OSU RCCL-ROCM All-to-All Personalized Exchange Latency Test v7.5.2
# Size       Avg Latency(us)
1                      30.98
2                      30.86
4                      30.87
8                      30.91
16                     30.90
32                     30.91
64                     31.03
128                    31.06
256                    31.13
512                    31.32
1024                   31.58
2048                   32.49
4096                   34.11
8192                   35.00
16384                  38.58
32768                  45.50
65536                  44.77
131072                 51.78
262144                 69.53
524288                103.47
1048576               172.08
-- mpirun /pfs/lustref1/flash/project_462000031/lazzaroa/openmpi_on_ss11/osu/osu-ompi//libexec/osu-micro-benchmarks//xccl/collective/osu_xccl_allreduce -d rocm D D
[nid005971:78703] Rank 0 bound to package[0][core:0-6]
[nid005971:78703] Rank 2 bound to package[0][core:14-20]
[nid005971:78703] Rank 1 bound to package[0][core:7-13]
[nid005971:78703] Rank 5 bound to package[0][core:35-41]
[nid005971:78703] Rank 3 bound to package[0][core:21-27]
[nid005971:78703] Rank 6 bound to package[0][core:42-48]
[nid005971:78703] Rank 4 bound to package[0][core:28-34]
[nid005971:78703] Rank 7 bound to package[0][core:49-55]
#Using RCCL
#Using RCCL
#Using RCCL
#Using RCCL
#Using RCCL
#Using RCCL
#Using RCCL
#Using RCCL

# OSU RCCL-ROCM Allreduce Latency Test v7.5.2
# Size       Avg Latency(us)
4                      37.51
8                      37.20
16                     37.00
32                     38.89
64                     42.17
128                    47.80
256                    47.81
512                    48.26
1024                   48.74
2048                   49.65
4096                   50.62
8192                   51.96
16384                  53.30
32768                  52.99
65536                  52.58
131072                 53.21
262144                 95.53
524288                119.69
1048576               130.34
-- mpirun /pfs/lustref1/flash/project_462000031/lazzaroa/openmpi_on_ss11/osu/osu-ompi//libexec/osu-micro-benchmarks//xccl/collective/osu_xccl_allgather -d rocm D D
[nid005971:78917] Rank 0 bound to package[0][core:0-6]
[nid005971:78917] Rank 1 bound to package[0][core:7-13]
[nid005971:78917] Rank 2 bound to package[0][core:14-20]
[nid005971:78917] Rank 4 bound to package[0][core:28-34]
[nid005971:78917] Rank 3 bound to package[0][core:21-27]
[nid005971:78917] Rank 5 bound to package[0][core:35-41]
[nid005971:78917] Rank 6 bound to package[0][core:42-48]
[nid005971:78917] Rank 7 bound to package[0][core:49-55]
#Using RCCL
#Using RCCL
#Using RCCL
#Using RCCL
#Using RCCL
#Using RCCL
#Using RCCL
#Using RCCL

# OSU RCCL-ROCM Allgather Latency Test v7.5.2
# Size       Avg Latency(us)
1                      38.11
2                      37.70
4                      37.67
8                      37.87
16                     37.87
32                     37.86
64                     37.96
128                    38.07
256                    38.16
512                    38.25
1024                   39.02
2048                   41.94
4096                   42.07
8192                   42.18
16384                  42.48
32768                  43.52
65536                  64.24
131072                 66.87
262144                 72.66
524288                 87.49
1048576               119.95
RCCL-tests
-- mpirun alltoall_perf -d uint8 -b 1 -e 128M -f 2 -g 1
[nid005971:79126] Rank 0 bound to package[0][core:0-6]
[nid005971:79126] Rank 1 bound to package[0][core:7-13]
[nid005971:79126] Rank 2 bound to package[0][core:14-20]
[nid005971:79126] Rank 4 bound to package[0][core:28-34]
[nid005971:79126] Rank 3 bound to package[0][core:21-27]
[nid005971:79126] Rank 5 bound to package[0][core:35-41]
[nid005971:79126] Rank 6 bound to package[0][core:42-48]
[nid005971:79126] Rank 7 bound to package[0][core:49-55]
# Collective test starting: alltoall_perf
# nThread 1 nGpus 1 minBytes 1 maxBytes 134217728 step: 2(factor) warmup iters: 5 iters: 20 agg iters: 1 validation: 1 graph: 0
#
rccl-tests: Version develop_deprecated:40b1b17
# Using devices
#  Rank  0 Group  0 Pid  79153 on  nid005971 device  0 [0000:d1:00] AMD Instinct MI250X
#  Rank  1 Group  0 Pid  79154 on  nid005971 device  0 [0000:d6:00] AMD Instinct MI250X
#  Rank  2 Group  0 Pid  79155 on  nid005971 device  0 [0000:c9:00] AMD Instinct MI250X
#  Rank  3 Group  0 Pid  79157 on  nid005971 device  0 [0000:ce:00] AMD Instinct MI250X
#  Rank  4 Group  0 Pid  79156 on  nid005971 device  0 [0000:d9:00] AMD Instinct MI250X
#  Rank  5 Group  0 Pid  79158 on  nid005971 device  0 [0000:de:00] AMD Instinct MI250X
#  Rank  6 Group  0 Pid  79161 on  nid005971 device  0 [0000:c1:00] AMD Instinct MI250X
#  Rank  7 Group  0 Pid  79164 on  nid005971 device  0 [0000:c6:00] AMD Instinct MI250X
#
#                                                              out-of-place                       in-place          
#       size         count      type   redop    root     time   algbw   busbw #wrong     time   algbw   busbw #wrong                               
#        (B)    (elements)                               (us)  (GB/s)  (GB/s)            (us)  (GB/s)  (GB/s)                                      
           0             0     uint8    none      -1     0.11    0.00    0.00      0     0.08    0.00    0.00    N/A
           0             0     uint8    none      -1     0.08    0.00    0.00      0     0.08    0.00    0.00    N/A
           0             0     uint8    none      -1     0.08    0.00    0.00      0     0.08    0.00    0.00    N/A
           0             0     uint8    none      -1     0.07    0.00    0.00      0     0.08    0.00    0.00    N/A
           0             0     uint8    none      -1     0.07    0.00    0.00      0     0.08    0.00    0.00    N/A
           0             0     uint8    none      -1     0.07    0.00    0.00      0     0.08    0.00    0.00    N/A
           0             0     uint8    none      -1     0.07    0.00    0.00      0     0.08    0.00    0.00    N/A
         128            16     uint8    none      -1    12.86    0.01    0.01      0    12.01    0.01    0.01    N/A
         256            32     uint8    none      -1    12.10    0.02    0.02      0    11.62    0.02    0.02    N/A
         512            64     uint8    none      -1    11.68    0.04    0.04      0    12.12    0.04    0.04    N/A
        1024           128     uint8    none      -1    11.77    0.09    0.08      0    11.65    0.09    0.08    N/A
        2048           256     uint8    none      -1    11.80    0.17    0.15      0    11.72    0.17    0.15    N/A
        4096           512     uint8    none      -1    12.20    0.34    0.29      0    11.47    0.36    0.31    N/A
        8192          1024     uint8    none      -1    11.68    0.70    0.61      0    12.21    0.67    0.59    N/A
       16384          2048     uint8    none      -1    12.62    1.30    1.14      0    12.61    1.30    1.14    N/A
       32768          4096     uint8    none      -1    14.87    2.20    1.93      0    14.47    2.27    1.98    N/A
       65536          8192     uint8    none      -1    15.15    4.33    3.78      0    14.62    4.48    3.92    N/A
      131072         16384     uint8    none      -1    18.41    7.12    6.23      0    18.88    6.94    6.07    N/A
      262144         32768     uint8    none      -1    26.51    9.89    8.65      0    26.32    9.96    8.72    N/A
      524288         65536     uint8    none      -1    26.69   19.65   17.19      0    26.16   20.04   17.53    N/A
     1048576        131072     uint8    none      -1    31.93   32.84   28.74      0    31.97   32.80   28.70    N/A
     2097152        262144     uint8    none      -1    49.89   42.03   36.78      0    50.02   41.92   36.68    N/A
     4194304        524288     uint8    none      -1    84.73   49.50   43.31      0    84.70   49.52   43.33    N/A
     8388608       1048576     uint8    none      -1    156.0   53.77   47.05      0    155.2   54.06   47.31    N/A
    16777216       2097152     uint8    none      -1    267.1   62.81   54.96      0    266.5   62.96   55.09    N/A
    33554432       4194304     uint8    none      -1    493.3   68.03   59.52      0    491.1   68.33   59.79    N/A
    67108864       8388608     uint8    none      -1    951.6   70.52   61.70      0    947.7   70.81   61.96    N/A
   134217728      16777216     uint8    none      -1   1855.3   72.34   63.30      0   1853.0   72.43   63.38    N/A
# Errors with asterisks indicate errors that have exceeded the maximum threshold.
# Out of bounds values : 0 OK
# Avg bus bandwidth    : 15.5765 
#
# Collective test concluded: alltoall_perf

-- mpirun all_reduce_perf -d uint8 -b 1 -e 128M -f 2 -g 1
[nid005971:79348] Rank 0 bound to package[0][core:0-6]
[nid005971:79348] Rank 2 bound to package[0][core:14-20]
[nid005971:79348] Rank 1 bound to package[0][core:7-13]
[nid005971:79348] Rank 3 bound to package[0][core:21-27]
[nid005971:79348] Rank 4 bound to package[0][core:28-34]
[nid005971:79348] Rank 5 bound to package[0][core:35-41]
[nid005971:79348] Rank 7 bound to package[0][core:49-55]
[nid005971:79348] Rank 6 bound to package[0][core:42-48]
# Collective test starting: all_reduce_perf
# nThread 1 nGpus 1 minBytes 1 maxBytes 134217728 step: 2(factor) warmup iters: 5 iters: 20 agg iters: 1 validation: 1 graph: 0
#
rccl-tests: Version develop_deprecated:40b1b17
# Using devices
#  Rank  0 Group  0 Pid  79375 on  nid005971 device  0 [0000:d1:00] AMD Instinct MI250X
#  Rank  1 Group  0 Pid  79377 on  nid005971 device  0 [0000:d6:00] AMD Instinct MI250X
#  Rank  2 Group  0 Pid  79376 on  nid005971 device  0 [0000:c9:00] AMD Instinct MI250X
#  Rank  3 Group  0 Pid  79378 on  nid005971 device  0 [0000:ce:00] AMD Instinct MI250X
#  Rank  4 Group  0 Pid  79379 on  nid005971 device  0 [0000:d9:00] AMD Instinct MI250X
#  Rank  5 Group  0 Pid  79380 on  nid005971 device  0 [0000:de:00] AMD Instinct MI250X
#  Rank  6 Group  0 Pid  79387 on  nid005971 device  0 [0000:c1:00] AMD Instinct MI250X
#  Rank  7 Group  0 Pid  79383 on  nid005971 device  0 [0000:c6:00] AMD Instinct MI250X
#
#                                                              out-of-place                       in-place          
#       size         count      type   redop    root     time   algbw   busbw #wrong     time   algbw   busbw #wrong                               
#        (B)    (elements)                               (us)  (GB/s)  (GB/s)            (us)  (GB/s)  (GB/s)                                      
           1             1     uint8     sum      -1    52.74    0.00    0.00      0    27.71    0.00    0.00      0
           2             2     uint8     sum      -1    29.95    0.00    0.00      0    27.00    0.00    0.00      0
           4             4     uint8     sum      -1    27.32    0.00    0.00      0    21.37    0.00    0.00      0
           8             8     uint8     sum      -1    21.19    0.00    0.00      0    21.89    0.00    0.00      0
          16            16     uint8     sum      -1    21.16    0.00    0.00      0    21.24    0.00    0.00      0
          32            32     uint8     sum      -1    23.44    0.00    0.00      0    22.71    0.00    0.00      0
          64            64     uint8     sum      -1    25.95    0.00    0.00      0    27.11    0.00    0.00      0
         128           128     uint8     sum      -1    32.86    0.00    0.01      0    33.15    0.00    0.01      0
         256           256     uint8     sum      -1    32.55    0.01    0.01      0    32.56    0.01    0.01      0
         512           512     uint8     sum      -1    33.46    0.02    0.03      0    32.51    0.02    0.03      0
        1024          1024     uint8     sum      -1    32.50    0.03    0.06      0    33.53    0.03    0.05      0
        2048          2048     uint8     sum      -1    33.54    0.06    0.11      0    33.35    0.06    0.11      0
        4096          4096     uint8     sum      -1    34.34    0.12    0.21      0    34.00    0.12    0.21      0
        8192          8192     uint8     sum      -1    35.70    0.23    0.40      0    35.13    0.23    0.41      0
       16384         16384     uint8     sum      -1    38.40    0.43    0.75      0    38.97    0.42    0.74      0
       32768         32768     uint8     sum      -1    38.61    0.85    1.49      0    38.52    0.85    1.49      0
       65536         65536     uint8     sum      -1    38.98    1.68    2.94      0    38.21    1.72    3.00      0
      131072        131072     uint8     sum      -1    38.26    3.43    6.00      0    38.26    3.43    5.99      0
      262144        262144     uint8     sum      -1    75.86    3.46    6.05      0    74.37    3.52    6.17      0
      524288        524288     uint8     sum      -1    100.5    5.21    9.13      0    100.3    5.22    9.14      0
     1048576       1048576     uint8     sum      -1    113.8    9.21   16.12      0    112.7    9.31   16.29      0
     2097152       2097152     uint8     sum      -1    136.9   15.31   26.80      0    137.9   15.21   26.62      0
     4194304       4194304     uint8     sum      -1    189.1   22.19   38.82      0    188.5   22.25   38.94      0
     8388608       8388608     uint8     sum      -1    297.8   28.17   49.30      0    296.7   28.27   49.48      0
    16777216      16777216     uint8     sum      -1    298.8   56.14   98.25      0    295.2   56.83   99.45      0
    33554432      33554432     uint8     sum      -1    516.8   64.93  113.63      0    504.1   66.56  116.48      0
    67108864      67108864     uint8     sum      -1    959.3   69.96  122.43      0    927.2   72.38  126.66      0
   134217728     134217728     uint8     sum      -1   1851.1   72.51  126.89      0   1779.9   75.41  131.96      0
# Errors with asterisks indicate errors that have exceeded the maximum threshold.
# Out of bounds values : 0 OK
# Avg bus bandwidth    : 22.369 
#
# Collective test concluded: all_reduce_perf

-- mpirun all_gather_perf -d uint8 -b 1 -e 128M -f 2 -g 1
[nid005971:79563] Rank 0 bound to package[0][core:0-6]
[nid005971:79563] Rank 2 bound to package[0][core:14-20]
[nid005971:79563] Rank 1 bound to package[0][core:7-13]
[nid005971:79563] Rank 3 bound to package[0][core:21-27]
[nid005971:79563] Rank 4 bound to package[0][core:28-34]
[nid005971:79563] Rank 5 bound to package[0][core:35-41]
[nid005971:79563] Rank 7 bound to package[0][core:49-55]
[nid005971:79563] Rank 6 bound to package[0][core:42-48]
# Collective test starting: all_gather_perf
# nThread 1 nGpus 1 minBytes 1 maxBytes 134217728 step: 2(factor) warmup iters: 5 iters: 20 agg iters: 1 validation: 1 graph: 0
#
rccl-tests: Version develop_deprecated:40b1b17
# Using devices
#  Rank  0 Group  0 Pid  79591 on  nid005971 device  0 [0000:d1:00] AMD Instinct MI250X
#  Rank  1 Group  0 Pid  79593 on  nid005971 device  0 [0000:d6:00] AMD Instinct MI250X
#  Rank  2 Group  0 Pid  79592 on  nid005971 device  0 [0000:c9:00] AMD Instinct MI250X
#  Rank  3 Group  0 Pid  79594 on  nid005971 device  0 [0000:ce:00] AMD Instinct MI250X
#  Rank  4 Group  0 Pid  79595 on  nid005971 device  0 [0000:d9:00] AMD Instinct MI250X
#  Rank  5 Group  0 Pid  79596 on  nid005971 device  0 [0000:de:00] AMD Instinct MI250X
#  Rank  6 Group  0 Pid  79604 on  nid005971 device  0 [0000:c1:00] AMD Instinct MI250X
#  Rank  7 Group  0 Pid  79600 on  nid005971 device  0 [0000:c6:00] AMD Instinct MI250X
#
#                                                              out-of-place                       in-place          
#       size         count      type   redop    root     time   algbw   busbw #wrong     time   algbw   busbw #wrong                               
#        (B)    (elements)                               (us)  (GB/s)  (GB/s)            (us)  (GB/s)  (GB/s)                                      
           0             0     uint8    none      -1     0.19    0.00    0.00      0     0.15    0.00    0.00      0
           0             0     uint8    none      -1     0.14    0.00    0.00      0     0.14    0.00    0.00      0
           0             0     uint8    none      -1     0.14    0.00    0.00      0     0.15    0.00    0.00      0
           0             0     uint8    none      -1     0.14    0.00    0.00      0     0.14    0.00    0.00      0
           0             0     uint8    none      -1     0.14    0.00    0.00      0     0.14    0.00    0.00      0
           0             0     uint8    none      -1     0.14    0.00    0.00      0     0.14    0.00    0.00      0
           0             0     uint8    none      -1     0.14    0.00    0.00      0     0.14    0.00    0.00      0
         128            16     uint8    none      -1    24.87    0.01    0.00      0    25.71    0.00    0.00      0
         256            32     uint8    none      -1    29.05    0.01    0.01      0    25.72    0.01    0.01      0
         512            64     uint8    none      -1    25.33    0.02    0.02      0    22.74    0.02    0.02      0
        1024           128     uint8    none      -1    22.16    0.05    0.04      0    22.08    0.05    0.04      0
        2048           256     uint8    none      -1    22.39    0.09    0.08      0    22.37    0.09    0.08      0
        4096           512     uint8    none      -1    22.94    0.18    0.16      0    22.00    0.19    0.16      0
        8192          1024     uint8    none      -1    22.86    0.36    0.31      0    23.22    0.35    0.31      0
       16384          2048     uint8    none      -1    25.18    0.65    0.57      0    24.74    0.66    0.58      0
       32768          4096     uint8    none      -1    25.84    1.27    1.11      0    25.15    1.30    1.14      0
       65536          8192     uint8    none      -1    26.05    2.52    2.20      0    25.16    2.60    2.28      0
      131072         16384     uint8    none      -1    25.91    5.06    4.43      0    26.09    5.02    4.40      0
      262144         32768     uint8    none      -1    26.42    9.92    8.68      0    26.27    9.98    8.73      0
      524288         65536     uint8    none      -1    45.03   11.64   10.19      0    42.69   12.28   10.75      0
     1048576        131072     uint8    none      -1    45.87   22.86   20.00      0    45.50   23.05   20.17      0
     2097152        262144     uint8    none      -1    51.60   40.64   35.56      0    51.37   40.83   35.72      0
     4194304        524288     uint8    none      -1    66.76   62.83   54.97      0    65.96   63.59   55.64      0
     8388608       1048576     uint8    none      -1    102.2   82.09   71.83      0    101.0   83.04   72.66      0
    16777216       2097152     uint8    none      -1    158.0  106.18   92.91      0    157.0  106.89   93.53      0
    33554432       4194304     uint8    none      -1    271.9  123.39  107.97      0    269.3  124.59  109.02      0
    67108864       8388608     uint8    none      -1    499.2  134.44  117.63      0    499.1  134.47  117.66      0
   134217728      16777216     uint8    none      -1    958.9  139.98  122.48      0    962.3  139.47  122.04      0
# Errors with asterisks indicate errors that have exceeded the maximum threshold.
# Out of bounds values : 0 OK
# Avg bus bandwidth    : 23.3229 
#
# Collective test concluded: all_gather_perf

with OpenMPI internal transport
-- mpirun /pfs/lustref1/flash/project_462000031/lazzaroa/openmpi_on_ss11/osu/osu-ompi//libexec/osu-micro-benchmarks//mpi/collective/osu_alltoall -d rocm D D
[nid005971:79784] Rank 0 bound to package[0][core:0-6]
[nid005971:79784] Rank 1 bound to package[0][core:7-13]
[nid005971:79784] Rank 2 bound to package[0][core:14-20]
[nid005971:79784] Rank 3 bound to package[0][core:21-27]
[nid005971:79784] Rank 5 bound to package[0][core:35-41]
[nid005971:79784] Rank 4 bound to package[0][core:28-34]
[nid005971:79784] Rank 7 bound to package[0][core:49-55]
[nid005971:79784] Rank 6 bound to package[0][core:42-48]

# OSU MPI-ROCM All-to-All Personalized Exchange Latency Test v7.5.2
# Datatype: MPI_CHAR.
# Size       Avg Latency(us)
1                     186.90
2                     190.47
4                     194.44
8                     195.17
16                    196.58
32                    194.06
64                    194.58
128                   224.35
256                   225.06
512                   232.76
1024                  228.02
2048                  225.34
4096                  225.93
8192                  237.96
16384                 259.99
32768                 503.87
65536                 781.25
131072               1375.92
262144               2522.38
524288               4852.33
1048576              9792.45
-- mpirun /pfs/lustref1/flash/project_462000031/lazzaroa/openmpi_on_ss11/osu/osu-ompi//libexec/osu-micro-benchmarks//mpi/collective/osu_allreduce -d rocm D D
[nid005971:79966] Rank 0 bound to package[0][core:0-6]
[nid005971:79966] Rank 2 bound to package[0][core:14-20]
[nid005971:79966] Rank 1 bound to package[0][core:7-13]
[nid005971:79966] Rank 3 bound to package[0][core:21-27]
[nid005971:79966] Rank 4 bound to package[0][core:28-34]
[nid005971:79966] Rank 5 bound to package[0][core:35-41]
[nid005971:79966] Rank 6 bound to package[0][core:42-48]
[nid005971:79966] Rank 7 bound to package[0][core:49-55]

# OSU MPI-ROCM Allreduce Latency Test v7.5.2
# Datatype: MPI_INT.
# Size       Avg Latency(us)
4                      69.71
8                      68.59
16                     68.38
32                     68.42
64                     68.30
128                    68.32
256                    68.80
512                    75.93
1024                   76.34
2048                   79.41
4096                   81.24
8192                  157.22
16384                 160.04
32768                 173.67
65536                 264.79
131072                431.13
262144                700.77
524288               1253.02
1048576              2474.34
-- mpirun /pfs/lustref1/flash/project_462000031/lazzaroa/openmpi_on_ss11/osu/osu-ompi//libexec/osu-micro-benchmarks//mpi/collective/osu_allgather -d rocm D D
[nid005971:80151] Rank 0 bound to package[0][core:0-6]
[nid005971:80151] Rank 1 bound to package[0][core:7-13]
[nid005971:80151] Rank 2 bound to package[0][core:14-20]
[nid005971:80151] Rank 3 bound to package[0][core:21-27]
[nid005971:80151] Rank 5 bound to package[0][core:35-41]
[nid005971:80151] Rank 4 bound to package[0][core:28-34]
[nid005971:80151] Rank 7 bound to package[0][core:49-55]
[nid005971:80151] Rank 6 bound to package[0][core:42-48]

# OSU MPI-ROCM Allgather Latency Test v7.5.2
# Datatype: MPI_CHAR.
# Size       Avg Latency(us)
1                      91.62
2                      90.57
4                      91.00
8                      93.86
16                     91.05
32                     90.23
64                     90.55
128                    97.94
256                    93.33
512                    94.81
1024                   96.46
2048                  103.67
4096                  107.40
8192                  179.48
16384                 290.99
32768                 453.08
65536                 735.60
131072               1290.23
262144               2455.05
524288               4840.63
1048576              9805.62
-- mpirun /pfs/lustref1/flash/project_462000031/lazzaroa/openmpi_on_ss11/osu/osu-ompi//libexec/osu-micro-benchmarks//mpi/collective/osu_allreduce H H
[nid005971:80331] Rank 0 bound to package[0][core:0-6]
[nid005971:80331] Rank 2 bound to package[0][core:14-20]
[nid005971:80331] Rank 1 bound to package[0][core:7-13]
[nid005971:80331] Rank 3 bound to package[0][core:21-27]
[nid005971:80331] Rank 4 bound to package[0][core:28-34]
[nid005971:80331] Rank 5 bound to package[0][core:35-41]
[nid005971:80331] Rank 7 bound to package[0][core:49-55]
[nid005971:80331] Rank 6 bound to package[0][core:42-48]

# OSU MPI Allreduce Latency Test v7.5.2
# Datatype: MPI_INT.
# Size       Avg Latency(us)
4                       3.25
8                       3.32
16                      3.39
32                      3.80
64                      3.84
128                     4.12
256                     4.20
512                     6.41
1024                    6.92
2048                    9.54
4096                   11.47
8192                   14.44
16384                  18.64
32768                  24.84
65536                  35.58
131072                 89.96
262144                190.70
524288                381.07
1048576               664.16
-- mpirun /pfs/lustref1/flash/project_462000031/lazzaroa/openmpi_on_ss11/osu/osu-ompi//libexec/osu-micro-benchmarks//mpi/collective/osu_alltoall H H
[nid005971:80510] Rank 0 bound to package[0][core:0-6]
[nid005971:80510] Rank 1 bound to package[0][core:7-13]
[nid005971:80510] Rank 2 bound to package[0][core:14-20]
[nid005971:80510] Rank 3 bound to package[0][core:21-27]
[nid005971:80510] Rank 4 bound to package[0][core:28-34]
[nid005971:80510] Rank 6 bound to package[0][core:42-48]
[nid005971:80510] Rank 7 bound to package[0][core:49-55]
[nid005971:80510] Rank 5 bound to package[0][core:35-41]

# OSU MPI All-to-All Personalized Exchange Latency Test v7.5.2
# Datatype: MPI_CHAR.
# Size       Avg Latency(us)
1                       5.31
2                       5.39
4                       5.38
8                       5.38
16                      5.47
32                      5.47
64                      5.45
128                     5.52
256                     5.60
512                     8.38
1024                    8.57
2048                    8.68
4096                    9.20
8192                   10.15
16384                  13.19
32768                  17.41
65536                  30.20
131072                 51.15
262144                 82.17
524288                131.90
1048576               247.73
-- mpirun /pfs/lustref1/flash/project_462000031/lazzaroa/openmpi_on_ss11/osu/osu-ompi//libexec/osu-micro-benchmarks//mpi/collective/osu_allgather H H
[nid005971:80705] Rank 0 bound to package[0][core:0-6]
[nid005971:80705] Rank 1 bound to package[0][core:7-13]
[nid005971:80705] Rank 2 bound to package[0][core:14-20]
[nid005971:80705] Rank 7 bound to package[0][core:49-55]
[nid005971:80705] Rank 3 bound to package[0][core:21-27]
[nid005971:80705] Rank 5 bound to package[0][core:35-41]
[nid005971:80705] Rank 6 bound to package[0][core:42-48]
[nid005971:80705] Rank 4 bound to package[0][core:28-34]

# OSU MPI Allgather Latency Test v7.5.2
# Datatype: MPI_CHAR.
# Size       Avg Latency(us)
1                       2.99
2                       3.05
4                       2.98
8                       3.07
16                      3.05
32                      3.24
64                      3.12
128                     3.96
256                     4.77
512                     5.94
1024                    6.25
2048                    7.48
4096                    9.38
8192                   14.48
16384                  25.31
32768                  53.68
65536                 113.03
131072                210.75
262144                401.18
524288                795.06
1048576              1557.73
