Starting job 244832 on gpu-1-[1-2] on Olivia at Sat Mar 14 14:41:09 CET 2026

ROOT_DIR = /cluster/home/marcink/hpe_cug_paper/openmpi_on_ss11
Running "module reset". Resetting modules to system default. The following $MODULEPATH directories have been removed: None
-- srun /cluster/projects/nn9999k/marcink/software/osu-eb/libexec/osu-micro-benchmarks//mpi/collective/osu_alltoall -d cuda
cpu-bind=MASK - gpu-1-2, task  4  0 [2667272]: mask 0xffffffffffffffffff set
cpu-bind=MASK - gpu-1-2, task  5  1 [2667273]: mask 0xffffffffffffffffff000000000000000000 set
cpu-bind=MASK - gpu-1-2, task  6  2 [2667274]: mask 0xffffffffffffffffff000000000000000000000000000000000000 set
cpu-bind=MASK - gpu-1-2, task  7  3 [2667275]: mask 0xffffffffffffffffff000000000000000000000000000000000000000000000000000000 set
cpu-bind=MASK - gpu-1-1, task  0  0 [653100]: mask 0xffffffffffffffffff set
cpu-bind=MASK - gpu-1-1, task  1  1 [653101]: mask 0xffffffffffffffffff000000000000000000 set
cpu-bind=MASK - gpu-1-1, task  2  2 [653102]: mask 0xffffffffffffffffff000000000000000000000000000000000000 set
cpu-bind=MASK - gpu-1-1, task  3  3 [653103]: mask 0xffffffffffffffffff000000000000000000000000000000000000000000000000000000 set
using SLURM envars
rank 0 local 0 gpu 0 nic cxi0
using SLURM envars
rank 7 local 3 gpu 3 nic cxi3
using SLURM envars
rank 3 local 3 gpu 3 nic cxi3
using SLURM envars
rank 5 local 1 gpu 1 nic cxi1
using SLURM envars
rank 6 local 2 gpu 2 nic cxi2
using SLURM envars
rank 4 local 0 gpu 0 nic cxi0
using SLURM envars
rank 1 local 1 gpu 1 nic cxi1
using SLURM envars
rank 2 local 2 gpu 2 nic cxi2

# OSU MPI-CUDA All-to-All Personalized Exchange Latency Test v7.5.2
# Datatype: MPI_CHAR.
# Size       Avg Latency(us)
[gpu-1-1:653124] *** Process received signal ***
[gpu-1-1:653124] Signal: Segmentation fault (11)
[gpu-1-1:653124] Signal code: Invalid permissions (2)
[gpu-1-1:653124] Failing at address: 0x40049a000003
[gpu-1-2:2667299] *** Process received signal ***
[gpu-1-2:2667299] Signal: Segmentation fault (11)
[gpu-1-2:2667299] Signal code: Invalid permissions (2)
[gpu-1-2:2667299] Failing at address: 0x40063a000007
[gpu-1-1:653124] [ 0] linux-vdso.so.1(__kernel_rt_sigreturn+0x0)[0x4002410807c0]
[gpu-1-1:653124] [ 1] /lib64/libc.so.6(+0xa2be0)[0x400248312be0]
[gpu-1-1:653124] [ 2] /cluster/projects/nn9999k/marcink/software/libfabric/2.3.1-xpmemfix/lib/libfabric.so.1(+0x2839c)[0x40024862839c]
[gpu-1-1:653124] [ 3] /cluster/projects/nn9999k/marcink/software/libfabric/2.3.1-xpmemfix/lib/libfabric.so.1(+0x28234)[0x400248628234]
[gpu-1-1:653124] [ 4] /cluster/projects/nn9999k/marcink/software/libfabric/2.3.1-xpmemfix/lib/libfabric.so.1(+0xc6384)[0x4002486c6384]
[gpu-1-1:653124] [ 5] /cluster/projects/nn9999k/marcink/software/libfabric/2.3.1-xpmemfix/lib/libfabric.so.1(+0xc2cdc)[0x4002486c2cdc]
[gpu-1-1:653124] [ 6] /cluster/projects/nn9999k/marcink/software/libfabric/2.3.1-xpmemfix/lib/libfabric.so.1(+0xc2f98)[0x4002486c2f98]
[gpu-1-1:653124] [ 7] /cluster/projects/nn9999k/marcink/software/libfabric/2.3.1-xpmemfix/lib/libfabric.so.1(+0xd50bc)[0x4002486d50bc]
[gpu-1-1:653124] [ 8] /cluster/projects/nn9999k/marcink/software/openmpi/5.0.90-shmpatch/lib/libmpi.so.40(+0x1c1ad0)[0x400247d91ad0]
[gpu-1-1:653124] [ 9] /cluster/projects/nn9999k/marcink/software/openmpi/5.0.90-shmpatch/lib/libmpi.so.40(+0x2308d8)[0x400247e008d8]
[gpu-1-1:653124] [10] /cluster/projects/nn9999k/marcink/software/openmpi/5.0.90-shmpatch/lib/libmpi.so.40(ompi_coll_base_alltoall_intra_linear_sync+0x338)[0x400247cce51c]
[gpu-1-1:653124] [11] /cluster/projects/nn9999k/marcink/software/openmpi/5.0.90-shmpatch/lib/libmpi.so.40(ompi_coll_tuned_alltoall_intra_dec_fixed+0x88)[0x400247cf7038]
[gpu-1-1:653124] [12] /cluster/projects/nn9999k/marcink/software/openmpi/5.0.90-shmpatch/lib/libmpi.so.40(PMPI_Alltoall+0x19c)[0x400247c70c3c]
[gpu-1-1:653124] [13] /cluster/projects/nn9999k/marcink/software/osu-eb/libexec/osu-micro-benchmarks//mpi/collective/osu_alltoall[0x403a2c]
[gpu-1-1:653124] [14] /lib64/libc.so.6(+0x2b404)[0x40024829b404]
[gpu-1-1:653124] [15] /lib64/libc.so.6(__libc_start_main+0x98)[0x40024829b4d8]
[gpu-1-1:653124] [16] /cluster/projects/nn9999k/marcink/software/osu-eb/libexec/osu-micro-benchmarks//mpi/collective/osu_alltoall[0x4043f0]
[gpu-1-1:653124] *** End of error message ***
[gpu-1-2:2667299] [ 0] linux-vdso.so.1(__kernel_rt_sigreturn+0x0)[0x4003db9407c0]
[gpu-1-2:2667299] [ 1] /lib64/libc.so.6(+0xa2be0)[0x4003e2bd2be0]
[gpu-1-2:2667299] [ 2] /cluster/projects/nn9999k/marcink/software/libfabric/2.3.1-xpmemfix/lib/libfabric.so.1(+0x2839c)[0x4003e2ee839c]
[gpu-1-2:2667299] [ 3] /cluster/projects/nn9999k/marcink/software/libfabric/2.3.1-xpmemfix/lib/libfabric.so.1(+0x28234)[0x4003e2ee8234]
[gpu-1-2:2667299] [ 4] /cluster/projects/nn9999k/marcink/software/libfabric/2.3.1-xpmemfix/lib/libfabric.so.1(+0xc6384)[0x4003e2f86384]
[gpu-1-2:2667299] [ 5] /cluster/projects/nn9999k/marcink/software/libfabric/2.3.1-xpmemfix/lib/libfabric.so.1(+0xc2cdc)[0x4003e2f82cdc]
[gpu-1-2:2667299] [ 6] /cluster/projects/nn9999k/marcink/software/libfabric/2.3.1-xpmemfix/lib/libfabric.so.1(+0xc2f98)[0x4003e2f82f98]
[gpu-1-2:2667299] [ 7] /cluster/projects/nn9999k/marcink/software/libfabric/2.3.1-xpmemfix/lib/libfabric.so.1(+0xd50bc)[0x4003e2f950bc]
[gpu-1-2:2667299] [ 8] /cluster/projects/nn9999k/marcink/software/openmpi/5.0.90-shmpatch/lib/libmpi.so.40(+0x1c1ad0)[0x4003e2651ad0]
[gpu-1-2:2667299] [ 9] /cluster/projects/nn9999k/marcink/software/openmpi/5.0.90-shmpatch/lib/libmpi.so.40(+0x2308d8)[0x4003e26c08d8]
[gpu-1-2:2667299] [10] /cluster/projects/nn9999k/marcink/software/openmpi/5.0.90-shmpatch/lib/libmpi.so.40(ompi_coll_base_alltoall_intra_linear_sync+0x338)[0x4003e258e51c]
[gpu-1-2:2667299] [11] /cluster/projects/nn9999k/marcink/software/openmpi/5.0.90-shmpatch/lib/libmpi.so.40(ompi_coll_tuned_alltoall_intra_dec_fixed+0x88)[0x4003e25b7038]
[gpu-1-2:2667299] [12] /cluster/projects/nn9999k/marcink/software/openmpi/5.0.90-shmpatch/lib/libmpi.so.40(PMPI_Alltoall+0x19c)[0x4003e2530c3c]
[gpu-1-2:2667299] [13] /cluster/projects/nn9999k/marcink/software/osu-eb/libexec/osu-micro-benchmarks//mpi/collective/osu_alltoall[0x403a2c]
[gpu-1-2:2667299] [14] /lib64/libc.so.6(+0x2b404)[0x4003e2b5b404]
[gpu-1-2:2667299] [15] /lib64/libc.so.6(__libc_start_main+0x98)[0x4003e2b5b4d8]
[gpu-1-2:2667299] [16] /cluster/projects/nn9999k/marcink/software/osu-eb/libexec/osu-micro-benchmarks//mpi/collective/osu_alltoall[0x4043f0]
[gpu-1-2:2667299] *** End of error message ***
/cluster/home/marcink/hpe_cug_paper/gpubind.sh: line 19: 653124 Segmentation fault      (core dumped) "$@"
/cluster/home/marcink/hpe_cug_paper/gpubind.sh: line 19: 2667299 Segmentation fault      "$@"
srun: error: gpu-1-1: task 0: Exited with exit code 139
srun: Terminating StepId=244832.0
srun: error: gpu-1-2: task 4: Exited with exit code 139
[2026-03-14T14:41:21.058] error: *** STEP 244832.0 ON gpu-1-1 CANCELLED AT 2026-03-14T14:41:21 DUE TO TASK FAILURE ***
srun: error: gpu-1-2: tasks 5-7: Terminated
srun: error: gpu-1-1: tasks 1-3: Terminated
srun: Force Terminated StepId=244832.0
-- mpirun /cluster/projects/nn9999k/marcink/software/osu-eb/libexec/osu-micro-benchmarks//mpi/collective/osu_alltoall -d cuda
-- srun /cluster/projects/nn9999k/marcink/software/osu-eb/libexec/osu-micro-benchmarks//mpi/collective/osu_allreduce -d cuda
cpu-bind=MASK - gpu-1-2, task  4  0 [2668221]: mask 0xffffffffffffffffff set
cpu-bind=MASK - gpu-1-2, task  5  1 [2668222]: mask 0xffffffffffffffffff000000000000000000 set
cpu-bind=MASK - gpu-1-2, task  6  2 [2668223]: mask 0xffffffffffffffffff000000000000000000000000000000000000 set
cpu-bind=MASK - gpu-1-2, task  7  3 [2668224]: mask 0xffffffffffffffffff000000000000000000000000000000000000000000000000000000 set
using SLURM envars
rank 7 local 3 gpu 3 nic cxi3
using SLURM envars
rank 4 local 0 gpu 0 nic cxi0
using SLURM envars
rank 5 local 1 gpu 1 nic cxi1
using SLURM envars
rank 6 local 2 gpu 2 nic cxi2
cpu-bind=MASK - gpu-1-1, task  0  0 [654061]: mask 0xffffffffffffffffff set
cpu-bind=MASK - gpu-1-1, task  1  1 [654062]: mask 0xffffffffffffffffff000000000000000000 set
cpu-bind=MASK - gpu-1-1, task  2  2 [654063]: mask 0xffffffffffffffffff000000000000000000000000000000000000 set
cpu-bind=MASK - gpu-1-1, task  3  3 [654064]: mask 0xffffffffffffffffff000000000000000000000000000000000000000000000000000000 set
using SLURM envars
rank 0 local 0 gpu 0 nic cxi0
using SLURM envars
rank 2 local 2 gpu 2 nic cxi2
using SLURM envars
rank 1 local 1 gpu 1 nic cxi1
using SLURM envars
rank 3 local 3 gpu 3 nic cxi3

# OSU MPI-CUDA Allreduce Latency Test v7.5.2
# Datatype: MPI_INT.
# Size       Avg Latency(us)
4                      42.08
8                      41.79
16                     41.78
32                     41.68
64                     41.97
128                    44.76
256                    47.79
512                    48.49
1024                   52.50
2048                   55.08
4096                   67.12
8192                   76.77
16384                  88.09
32768                 118.27
65536                 162.78
131072                237.15
262144                405.90
524288                742.27
1048576              1430.49
-- mpirun /cluster/projects/nn9999k/marcink/software/osu-eb/libexec/osu-micro-benchmarks//mpi/collective/osu_allreduce -d cuda
-- srun /cluster/projects/nn9999k/marcink/software/osu-eb/libexec/osu-micro-benchmarks//mpi/collective/osu_allgather -d cuda
cpu-bind=MASK - gpu-1-1, task  0  0 [654740]: mask 0xffffffffffffffffff set
cpu-bind=MASK - gpu-1-1, task  1  1 [654741]: mask 0xffffffffffffffffff000000000000000000 set
cpu-bind=MASK - gpu-1-1, task  2  2 [654742]: mask 0xffffffffffffffffff000000000000000000000000000000000000 set
cpu-bind=MASK - gpu-1-1, task  3  3 [654743]: mask 0xffffffffffffffffff000000000000000000000000000000000000000000000000000000 set
cpu-bind=MASK - gpu-1-2, task  4  0 [2668887]: mask 0xffffffffffffffffff set
cpu-bind=MASK - gpu-1-2, task  5  1 [2668888]: mask 0xffffffffffffffffff000000000000000000 set
cpu-bind=MASK - gpu-1-2, task  6  2 [2668889]: mask 0xffffffffffffffffff000000000000000000000000000000000000 set
cpu-bind=MASK - gpu-1-2, task  7  3 [2668890]: mask 0xffffffffffffffffff000000000000000000000000000000000000000000000000000000 set
using SLURM envars
rank 0 local 0 gpu 0 nic cxi0
using SLURM envars
rank 3 local 3 gpu 3 nic cxi3
using SLURM envars
rank 1 local 1 gpu 1 nic cxi1
using SLURM envars
rank 2 local 2 gpu 2 nic cxi2
using SLURM envars
rank 7 local 3 gpu 3 nic cxi3
using SLURM envars
rank 5 local 1 gpu 1 nic cxi1
using SLURM envars
using SLURM envars
rank 4 local 0 gpu 0 nic cxi0
rank 6 local 2 gpu 2 nic cxi2

# OSU MPI-CUDA Allgather Latency Test v7.5.2
# Datatype: MPI_CHAR.
# Size       Avg Latency(us)
[gpu-1-2:2668913] *** Process received signal ***
[gpu-1-2:2668913] Signal: Segmentation fault (11)
[gpu-1-2:2668913] Signal code: Invalid permissions (2)
[gpu-1-2:2668913] Failing at address: 0x40027a200000
[gpu-1-2:2668913] [ 0] linux-vdso.so.1(__kernel_rt_sigreturn+0x0)[0x4000168207c0]
[gpu-1-2:2668913] [ 1] /lib64/libc.so.6(+0xa2be0)[0x40001dab2be0]
[gpu-1-2:2668913] [ 2] /cluster/projects/nn9999k/marcink/software/libfabric/2.3.1-xpmemfix/lib/libfabric.so.1(+0x2839c)[0x40001ddc839c]
[gpu-1-2:2668913] [ 3] /cluster/projects/nn9999k/marcink/software/libfabric/2.3.1-xpmemfix/lib/libfabric.so.1(+0x28234)[0x40001ddc8234]
[gpu-1-2:2668913] [ 4] /cluster/projects/nn9999k/marcink/software/libfabric/2.3.1-xpmemfix/lib/libfabric.so.1(+0xc6384)[0x40001de66384]
[gpu-1-2:2668913] [ 5] /cluster/projects/nn9999k/marcink/software/libfabric/2.3.1-xpmemfix/lib/libfabric.so.1(+0xc2cdc)[0x40001de62cdc]
[gpu-1-2:2668913] [ 6] /cluster/projects/nn9999k/marcink/software/libfabric/2.3.1-xpmemfix/lib/libfabric.so.1(+0xc2f98)[0x40001de62f98]
[gpu-1-2:2668913] [ 7] /cluster/projects/nn9999k/marcink/software/libfabric/2.3.1-xpmemfix/lib/libfabric.so.1(+0xd50bc)[0x40001de750bc]
[gpu-1-2:2668913] [ 8] /cluster/projects/nn9999k/marcink/software/openmpi/5.0.90-shmpatch/lib/libmpi.so.40(+0x1c1ad0)[0x40001d531ad0]
[gpu-1-2:2668913] [ 9] /cluster/projects/nn9999k/marcink/software/openmpi/5.0.90-shmpatch/lib/libmpi.so.40(+0x2308d8)[0x40001d5a08d8]
[gpu-1-2:2668913] [10] /cluster/projects/nn9999k/marcink/software/openmpi/5.0.90-shmpatch/lib/libmpi.so.40(ompi_coll_base_bcast_intra_generic+0x124)[0x40001d462fc4]
[gpu-1-2:2668913] [11] /cluster/projects/nn9999k/marcink/software/openmpi/5.0.90-shmpatch/lib/libmpi.so.40(ompi_coll_tuned_bcast_intra_dec_fixed+0x40)[0x40001d497440]
[gpu-1-2:2668913] [12] /cluster/projects/nn9999k/marcink/software/openmpi/5.0.90-shmpatch/lib/libmpi.so.40(+0x14e7c4)[0x40001d4be7c4]
[gpu-1-2:2668913] [13] /cluster/projects/nn9999k/marcink/software/openmpi/5.0.90-shmpatch/lib/libmpi.so.40(+0x14eab0)[0x40001d4beab0]
[gpu-1-2:2668913] [14] /cluster/projects/nn9999k/marcink/software/openmpi/5.0.90-shmpatch/lib/libmpi.so.40(+0x14ec70)[0x40001d4bec70]
[gpu-1-2:2668913] [15] /cluster/projects/nn9999k/marcink/software/openmpi/5.0.90-shmpatch/lib/libmpi.so.40(mca_coll_han_allgather_intra+0x2e4)[0x40001d4bf144]
[gpu-1-2:2668913] [16] /cluster/projects/nn9999k/marcink/software/openmpi/5.0.90-shmpatch/lib/libmpi.so.40(PMPI_Allgather+0x108)[0x40001d40f448]
[gpu-1-2:2668913] [17] /cluster/projects/nn9999k/marcink/software/osu-eb/libexec/osu-micro-benchmarks//mpi/collective/osu_allgather[0x403960]
[gpu-1-2:2668913] [18] /lib64/libc.so.6(+0x2b404)[0x40001da3b404]
[gpu-1-2:2668913] [19] /lib64/libc.so.6(__libc_start_main+0x98)[0x40001da3b4d8]
[gpu-1-2:2668913] [20] /cluster/projects/nn9999k/marcink/software/osu-eb/libexec/osu-micro-benchmarks//mpi/collective/osu_allgather[0x4043b0]
[gpu-1-2:2668913] *** End of error message ***
[gpu-1-1:654758] *** Process received signal ***
[gpu-1-1:654758] Signal: Segmentation fault (11)
[gpu-1-1:654758] Signal code: Invalid permissions (2)
[gpu-1-1:654758] Failing at address: 0x40055a200000
[gpu-1-1:654758] [ 0] linux-vdso.so.1(__kernel_rt_sigreturn+0x0)[0x4002f48007c0]
[gpu-1-1:654758] [ 1] /lib64/libc.so.6(+0xa2be0)[0x4002fba92be0]
[gpu-1-1:654758] [ 2] /cluster/projects/nn9999k/marcink/software/libfabric/2.3.1-xpmemfix/lib/libfabric.so.1(+0x2839c)[0x4002fbda839c]
[gpu-1-1:654758] [ 3] /cluster/projects/nn9999k/marcink/software/libfabric/2.3.1-xpmemfix/lib/libfabric.so.1(+0x28234)[0x4002fbda8234]
[gpu-1-1:654758] [ 4] /cluster/projects/nn9999k/marcink/software/libfabric/2.3.1-xpmemfix/lib/libfabric.so.1(+0xc6384)[0x4002fbe46384]
[gpu-1-1:654758] [ 5] /cluster/projects/nn9999k/marcink/software/libfabric/2.3.1-xpmemfix/lib/libfabric.so.1(+0xc2cdc)[0x4002fbe42cdc]
[gpu-1-1:654758] [ 6] /cluster/projects/nn9999k/marcink/software/libfabric/2.3.1-xpmemfix/lib/libfabric.so.1(+0xc2f98)[0x4002fbe42f98]
[gpu-1-1:654758] [ 7] /cluster/projects/nn9999k/marcink/software/libfabric/2.3.1-xpmemfix/lib/libfabric.so.1(+0xd50bc)[0x4002fbe550bc]
[gpu-1-1:654758] [ 8] /cluster/projects/nn9999k/marcink/software/openmpi/5.0.90-shmpatch/lib/libmpi.so.40(+0x1c1ad0)[0x4002fb511ad0]
[gpu-1-1:654758] [ 9] /cluster/projects/nn9999k/marcink/software/openmpi/5.0.90-shmpatch/lib/libmpi.so.40(+0x2308d8)[0x4002fb5808d8]
[gpu-1-1:654758] [10] /cluster/projects/nn9999k/marcink/software/openmpi/5.0.90-shmpatch/lib/libmpi.so.40(ompi_coll_base_bcast_intra_generic+0x124)[0x4002fb442fc4]
[gpu-1-1:654758] [11] /cluster/projects/nn9999k/marcink/software/openmpi/5.0.90-shmpatch/lib/libmpi.so.40(ompi_coll_tuned_bcast_intra_dec_fixed+0x40)[0x4002fb477440]
[gpu-1-1:654758] [12] /cluster/projects/nn9999k/marcink/software/openmpi/5.0.90-shmpatch/lib/libmpi.so.40(+0x14e7c4)[0x4002fb49e7c4]
[gpu-1-1:654758] [13] /cluster/projects/nn9999k/marcink/software/openmpi/5.0.90-shmpatch/lib/libmpi.so.40(+0x14eab0)[0x4002fb49eab0]
[gpu-1-1:654758] [14] /cluster/projects/nn9999k/marcink/software/openmpi/5.0.90-shmpatch/lib/libmpi.so.40(+0x14ec70)[0x4002fb49ec70]
[gpu-1-1:654758] [15] /cluster/projects/nn9999k/marcink/software/openmpi/5.0.90-shmpatch/lib/libmpi.so.40(mca_coll_han_allgather_intra+0x2e4)[0x4002fb49f144]
[gpu-1-1:654758] [16] /cluster/projects/nn9999k/marcink/software/openmpi/5.0.90-shmpatch/lib/libmpi.so.40(PMPI_Allgather+0x108)[0x4002fb3ef448]
[gpu-1-1:654758] [17] /cluster/projects/nn9999k/marcink/software/osu-eb/libexec/osu-micro-benchmarks//mpi/collective/osu_allgather[0x403960]
[gpu-1-1:654758] [18] /lib64/libc.so.6(+0x2b404)[0x4002fba1b404]
[gpu-1-1:654758] [19] /lib64/libc.so.6(__libc_start_main+0x98)[0x4002fba1b4d8]
[gpu-1-1:654758] [20] /cluster/projects/nn9999k/marcink/software/osu-eb/libexec/osu-micro-benchmarks//mpi/collective/osu_allgather[0x4043b0]
[gpu-1-1:654758] *** End of error message ***
/cluster/home/marcink/hpe_cug_paper/gpubind.sh: line 19: 654758 Segmentation fault      "$@"
/cluster/home/marcink/hpe_cug_paper/gpubind.sh: line 19: 2668913 Segmentation fault      "$@"
srun: error: gpu-1-1: task 0: Exited with exit code 139
srun: Terminating StepId=244832.2
srun: error: gpu-1-2: task 4: Exited with exit code 139
[2026-03-14T14:41:36.530] error: *** STEP 244832.2 ON gpu-1-1 CANCELLED AT 2026-03-14T14:41:36 DUE TO TASK FAILURE ***
srun: error: gpu-1-1: tasks 1-3: Terminated
srun: error: gpu-1-2: tasks 5-7: Terminated
srun: Force Terminated StepId=244832.2
-- mpirun /cluster/projects/nn9999k/marcink/software/osu-eb/libexec/osu-micro-benchmarks//mpi/collective/osu_allgather -d cuda
-- srun /cluster/projects/nn9999k/marcink/software/osu-eb/libexec/osu-micro-benchmarks//mpi/collective/osu_alltoall -d cuda
cpu-bind=MASK - gpu-1-2, task  4  0 [2669584]: mask 0xffffffffffffffffff set
cpu-bind=MASK - gpu-1-2, task  5  1 [2669585]: mask 0xffffffffffffffffff000000000000000000 set
cpu-bind=MASK - gpu-1-2, task  6  2 [2669586]: mask 0xffffffffffffffffff000000000000000000000000000000000000 set
cpu-bind=MASK - gpu-1-2, task  7  3 [2669587]: mask 0xffffffffffffffffff000000000000000000000000000000000000000000000000000000 set
using SLURM envars
rank 7 local 3 gpu 3 nic cxi3
using SLURM envars
rank 4 local 0 gpu 0 nic cxi0
using SLURM envars
rank 5 local 1 gpu 1 nic cxi1
using SLURM envars
rank 6 local 2 gpu 2 nic cxi2
cpu-bind=MASK - gpu-1-1, task  0  0 [655430]: mask 0xffffffffffffffffff set
cpu-bind=MASK - gpu-1-1, task  1  1 [655431]: mask 0xffffffffffffffffff000000000000000000 set
cpu-bind=MASK - gpu-1-1, task  2  2 [655432]: mask 0xffffffffffffffffff000000000000000000000000000000000000 set
cpu-bind=MASK - gpu-1-1, task  3  3 [655433]: mask 0xffffffffffffffffff000000000000000000000000000000000000000000000000000000 set
using SLURM envars
rank 0 local 0 gpu 0 nic cxi0
using SLURM envars
rank 1 local 1 gpu 1 nic cxi1
using SLURM envars
rank 3 local 3 gpu 3 nic cxi3
using SLURM envars
rank 2 local 2 gpu 2 nic cxi2

# OSU MPI-CUDA All-to-All Personalized Exchange Latency Test v7.5.2
# Datatype: MPI_CHAR.
# Size       Avg Latency(us)
1                      22.09
2                      21.72
4                      21.79
8                      21.87
16                     21.85
32                     21.93
64                     21.83
128                    21.41
256                    21.67
512                    21.77
1024                   21.89
2048                   22.19
4096                   22.61
8192                   23.48
16384                  24.83
32768                  30.57
65536                  41.67
131072                 66.33
262144                120.65
524288                252.42
1048576               499.17
-- mpirun /cluster/projects/nn9999k/marcink/software/osu-eb/libexec/osu-micro-benchmarks//mpi/collective/osu_alltoall -d cuda
-- srun /cluster/projects/nn9999k/marcink/software/osu-eb/libexec/osu-micro-benchmarks//mpi/collective/osu_allreduce -d cuda
cpu-bind=MASK - gpu-1-2, task  4  0 [2670246]: mask 0xffffffffffffffffff set
cpu-bind=MASK - gpu-1-2, task  5  1 [2670247]: mask 0xffffffffffffffffff000000000000000000 set
cpu-bind=MASK - gpu-1-2, task  6  2 [2670248]: mask 0xffffffffffffffffff000000000000000000000000000000000000 set
cpu-bind=MASK - gpu-1-2, task  7  3 [2670249]: mask 0xffffffffffffffffff000000000000000000000000000000000000000000000000000000 set
cpu-bind=MASK - gpu-1-1, task  0  0 [656112]: mask 0xffffffffffffffffff set
cpu-bind=MASK - gpu-1-1, task  1  1 [656113]: mask 0xffffffffffffffffff000000000000000000 set
cpu-bind=MASK - gpu-1-1, task  2  2 [656114]: mask 0xffffffffffffffffff000000000000000000000000000000000000 set
using SLURM envars
rank 7 local 3 gpu 3 nic cxi3
using SLURM envars
rank 5 local 1 gpu 1 nic cxi1
cpu-bind=MASK - gpu-1-1, task  3  3 [656115]: mask 0xffffffffffffffffff000000000000000000000000000000000000000000000000000000 set
using SLURM envars
rank 4 local 0 gpu 0 nic cxi0
using SLURM envars
rank 6 local 2 gpu 2 nic cxi2
using SLURM envars
rank 0 local 0 gpu 0 nic cxi0
using SLURM envars
rank 1 local 1 gpu 1 nic cxi1
using SLURM envars
rank 3 local 3 gpu 3 nic cxi3
using SLURM envars
rank 2 local 2 gpu 2 nic cxi2

# OSU MPI-CUDA Allreduce Latency Test v7.5.2
# Datatype: MPI_INT.
# Size       Avg Latency(us)
4                      37.62
8                      37.10
16                     37.06
32                     37.06
64                     37.10
128                    40.64
256                    42.77
512                    43.56
1024                   44.25
2048                   47.12
4096                   53.80
8192                   54.89
16384                  60.84
32768                  85.08
65536                 123.20
131072                173.02
262144                282.48
524288                485.18
1048576               912.42
-- mpirun /cluster/projects/nn9999k/marcink/software/osu-eb/libexec/osu-micro-benchmarks//mpi/collective/osu_allreduce -d cuda
-- srun /cluster/projects/nn9999k/marcink/software/osu-eb/libexec/osu-micro-benchmarks//mpi/collective/osu_allgather -d cuda
cpu-bind=MASK - gpu-1-1, task  0  0 [656785]: mask 0xffffffffffffffffff set
cpu-bind=MASK - gpu-1-2, task  4  0 [2670910]: mask 0xffffffffffffffffff set
cpu-bind=MASK - gpu-1-1, task  1  1 [656786]: mask 0xffffffffffffffffff000000000000000000 set
cpu-bind=MASK - gpu-1-1, task  2  2 [656787]: mask 0xffffffffffffffffff000000000000000000000000000000000000 set
cpu-bind=MASK - gpu-1-2, task  5  1 [2670911]: mask 0xffffffffffffffffff000000000000000000 set
cpu-bind=MASK - gpu-1-2, task  6  2 [2670912]: mask 0xffffffffffffffffff000000000000000000000000000000000000 set
cpu-bind=MASK - gpu-1-1, task  3  3 [656788]: mask 0xffffffffffffffffff000000000000000000000000000000000000000000000000000000 set
cpu-bind=MASK - gpu-1-2, task  7  3 [2670913]: mask 0xffffffffffffffffff000000000000000000000000000000000000000000000000000000 set
using SLURM envars
rank 0 local 0 gpu 0 nic cxi0
using SLURM envars
rank 1 local 1 gpu 1 nic cxi1
using SLURM envars
rank 7 local 3 gpu 3 nic cxi3
using SLURM envars
rank 3 local 3 gpu 3 nic cxi3
using SLURM envars
rank 2 local 2 gpu 2 nic cxi2
using SLURM envars
rank 5 local 1 gpu 1 nic cxi1
using SLURM envars
rank 4 local 0 gpu 0 nic cxi0
using SLURM envars
rank 6 local 2 gpu 2 nic cxi2

# OSU MPI-CUDA Allgather Latency Test v7.5.2
# Datatype: MPI_CHAR.
# Size       Avg Latency(us)
1                      31.25
2                      30.36
4                      30.43
8                      30.57
16                     31.41
32                     31.75
64                     33.28
128                    32.94
256                    33.69
512                    35.06
1024                   32.96
2048                   34.17
4096                   38.85
8192                   48.86
16384                  65.88
32768                  89.11
65536                 139.78
131072                216.75
262144                386.96
524288                686.07
1048576              1402.49
-- mpirun /cluster/projects/nn9999k/marcink/software/osu-eb/libexec/osu-micro-benchmarks//mpi/collective/osu_allgather -d cuda

Job 244832 consumed 0.0 billing hours and 0.1 GPU hours from project nn9997k.

Submitted 2026-03-14T14:41:08; waited 0.0 seconds in the queue after becoming eligible to run.

Requested wallclock time: 30.0 minutes
Elapsed wallclock time:   51.0 seconds

Job exited normally.

Task and CPU statistics:
ID                 CPUs  Tasks  CPU util                Start  Elapsed  Exit status
244832              576            0.0 %  2026-03-14T14:41:08   51.0 s  0
244832.batch        288      1     0.0 %  2026-03-14T14:41:08   51.0 s  0
244832.gpubind.sh   576      8     0.0 %  2026-03-14T14:41:13    9.0 s  Signal 15
244832.gpubind.sh   576      8     0.0 %  2026-03-14T14:41:22    8.0 s  0
244832.gpubind.sh   576      8     0.0 %  2026-03-14T14:41:30    7.0 s  Signal 15
244832.gpubind.sh   576      8     0.0 %  2026-03-14T14:41:37    8.0 s  0
244832.gpubind.sh   576      8     0.0 %  2026-03-14T14:41:45    7.0 s  0
244832.gpubind.sh   576      8     0.0 %  2026-03-14T14:41:52    7.0 s  0

Used CPU time:   0.6 CPU seconds
Unused CPU time: 8.2 CPU hours

Memory statistics, in GiB:
ID                  Alloc   Usage
244832             1400.0        
244832.batch        700.0     0.1
244832.gpubind.sh  1400.0     2.5
244832.gpubind.sh  1400.0     2.0
244832.gpubind.sh  1400.0     2.0
244832.gpubind.sh  1400.0     2.1
244832.gpubind.sh  1400.0     2.2
244832.gpubind.sh  1400.0     2.2

Job 244832 completed at Sat Mar 14 14:42:00 CET 2026
