Starting job 240650 on gpu-1-[1-2] on Olivia at Fri Mar 13 12:33:09 CET 2026

ROOT_DIR = /cluster/home/marcink/hpe_cug_paper/openmpi_on_ss11
Running "module reset". Resetting modules to system default. The following $MODULEPATH directories have been removed: None
-- srun /cluster/projects/nn9999k/marcink/software/osu-eb-5010/libexec/osu-micro-benchmarks//mpi/pt2pt/osu_bibw -b multiple D D
cpu-bind=MASK - gpu-1-1, task  0  0 [2269211]: mask 0x1fffffff80000000000000000000000000000000000000000000ffffffffff80000001 set
using SLURM envars
cpu-bind=MASK - gpu-1-2, task  1  0 [2356577]: mask 0xffffffffffffffffff set
rank 0 local 0 gpu 0 nic cxi0
using SLURM envars
rank 1 local 0 gpu 0 nic cxi0

# OSU MPI-CUDA Bi-Directional Bandwidth Test v7.5.2
# Datatype: MPI_CHAR.
# Size      Bandwidth (MB/s)
1                       0.86
2                       1.84
4                       3.80
8                       7.62
16                     15.15
32                     30.11
64                     61.01
128                   120.13
256                   243.27
512                   474.45
1024                  878.80
2048                 1786.79
4096                 3225.63
8192                 6458.49
16384               12468.88
32768               20436.98
65536               28418.00
131072              35207.14
262144              39428.21
524288              42261.14
1048576             43846.01
2097152             44890.44
4194304             45739.96
-- mpirun /cluster/projects/nn9999k/marcink/software/osu-eb-5010/libexec/osu-micro-benchmarks//mpi/pt2pt/osu_bibw -b multiple D D
-- srun /cluster/projects/nn9999k/marcink/software/osu-eb-5010/libexec/osu-micro-benchmarks//mpi/pt2pt/osu_bibw -b multiple D D
cpu-bind=MASK - gpu-1-2, task  1  0 [2357182]: mask 0xffffffffffffffffff set
cpu-bind=MASK - gpu-1-1, task  0  0 [2269829]: mask 0x1fffffff80000000000000000000000000000000000000000000ffffffffff80000001 set
using SLURM envars
rank 1 local 0 gpu 0 nic cxi0
using SLURM envars
rank 0 local 0 gpu 0 nic cxi0

# OSU MPI-CUDA Bi-Directional Bandwidth Test v7.5.2
# Datatype: MPI_CHAR.
# Size      Bandwidth (MB/s)
1                       1.47
2                       3.25
4                       6.69
8                      13.52
16                     27.02
32                     54.63
64                    109.40
128                   214.59
256                   438.35
512                   855.48
1024                 1514.81
2048                 3113.21
4096                 5390.41
8192                10638.37
16384               18470.86
32768               26390.56
65536               33701.85
131072              39085.05
262144              41912.83
524288              43617.24
1048576             44736.67
2097152             45004.55
4194304             45780.99
-- mpirun /cluster/projects/nn9999k/marcink/software/osu-eb-5010/libexec/osu-micro-benchmarks//mpi/pt2pt/osu_bibw -b multiple D D

Job 240650 consumed 0.0 billing hours and 0.0 GPU hours from project nn9997k.

Submitted 2026-03-13T12:33:08; waited 0.0 seconds in the queue after becoming eligible to run.

Requested wallclock time: 30.0 minutes
Elapsed wallclock time:   15.0 seconds

Job exited normally.

Task and CPU statistics:
ID                 CPUs  Tasks  CPU util                Start  Elapsed  Exit status
240650              144            0.0 %  2026-03-13T12:33:08   15.0 s  0
240650.batch         72      1     0.0 %  2026-03-13T12:33:08   15.0 s  0
240650.gpubind.sh   144      2     0.0 %  2026-03-13T12:33:11    7.0 s  0
240650.gpubind.sh   144      2     0.0 %  2026-03-13T12:33:18    5.0 s  0

Used CPU time:   0.4 CPU seconds
Unused CPU time: 36.0 CPU minutes

Memory statistics, in GiB:
ID                  Alloc   Usage
240650             1400.0        
240650.batch        700.0     0.1
240650.gpubind.sh  1400.0     0.6
240650.gpubind.sh  1400.0     0.5

Job 240650 completed at Fri Mar 13 12:33:24 CET 2026
