Starting job 190665 on gpu-1-3 on Olivia at Thu Feb 26 11:44:01 CET 2026

ROOT_DIR = /cluster/home/marcink/hpe_cug_paper/openmpi_on_ss11
Running "module reset". Resetting modules to system default. The following $MODULEPATH directories have been removed: None

Lmod is automatically replacing "cce/19.0.0" with "gcc-native/14.2".


Due to MODULEPATH changes, the following have been reloaded:
  1) cray-libsci/25.03.0     2) cray-mpich/8.1.32


The following have been reloaded with a version change:
  1) gcc-native/14.2 => gcc-native/13.2


Currently Loaded Modules:
  1) init-NRIS                      (S)   9) craype/2.7.34
  2) craype-arm-grace                    10) cray-dsmml/0.3.1
  3) libfabric/1.22.0                    11) PrgEnv-gnu/8.6.0
  4) craype-network-ofi                  12) gcc-native/13.2
  5) perftools-base/25.03.0              13) cray-mpich/8.1.32
  6) xpmem/2.11.3-1.3_gdbda01a1eb3d      14) cray-libsci/25.03.0
  7) CrayEnv                             15) craype-accel-nvidia90
  8) cuda/12.6

  Where:
   S:  Module is Sticky, requires --force to unload or purge

 

-- srun /cluster/projects/nn9999k/marcink/software/osu-craype/libexec/osu-micro-benchmarks//mpi/pt2pt/osu_bibw -c -b multiple D D
cpu-bind=MASK - gpu-1-3, task  0  0 [323824]: mask 0xffffffffffffffffff set
cpu-bind=MASK - gpu-1-3, task  1  1 [323825]: mask 0xffffffffffffffffff000000000000000000 set
using SLURM envars
rank local 1 gpu 1 nic cxi1
using SLURM envars
rank local 0 gpu 0 nic cxi0

# OSU MPI-CUDA Bi-Directional Bandwidth Test v7.5.2
# Datatype: MPI_CHAR.
# Size      Bandwidth (MB/s)        Validation
1                       0.14              Pass
2                       0.28              Pass
4                       0.56              Pass
8                       1.13              Pass
16                      2.24              Pass
32                      4.52              Pass
64                      9.00              Pass
128                    18.04              Pass
256                    36.02              Pass
512                    71.72              Pass
1024                    5.21              Pass
2048                   10.47              Pass
4096                   20.88              Pass
8192                   41.75              Pass
16384                  83.94              Pass
32768                 167.85              Pass
65536                 335.78              Pass
131072                675.30              Pass
262144               1354.04              Pass
524288               2696.39              Pass
1048576              5379.09              Pass
2097152             10638.66              Pass
4194304             21290.28              Pass
-- srun /cluster/projects/nn9999k/marcink/software/osu-craype/libexec/osu-micro-benchmarks//mpi/pt2pt/osu_latency -c D D
cpu-bind=MASK - gpu-1-3, task  0  0 [324473]: mask 0xffffffffffffffffff set
cpu-bind=MASK - gpu-1-3, task  1  1 [324474]: mask 0xffffffffffffffffff000000000000000000 set
using SLURM envars
rank local 1 gpu 1 nic cxi1
using SLURM envars
rank local 0 gpu 0 nic cxi0

# OSU MPI-CUDA Latency Test v7.5.2
# Datatype: MPI_CHAR.
# Size       Avg Latency(us)        Validation
1                      16.27              Pass
2                      16.22              Pass
4                      16.16              Pass
8                      16.12              Pass
16                     16.17              Pass
32                     16.20              Pass
64                     16.25              Pass
128                    16.30              Pass
256                    16.36              Pass
512                    16.42              Pass
1024                   11.72              Pass
2048                   11.82              Pass
4096                   11.94              Pass
8192                   12.11              Pass
16384                  12.16              Pass
32768                  12.33              Pass
65536                  12.75              Pass
131072                 13.21              Pass
262144                 14.21              Pass
524288                 16.28              Pass
1048576                20.63              Pass
2097152                28.77              Pass
4194304                44.92              Pass
-- srun /cluster/projects/nn9999k/marcink/software/osu-craype/libexec/osu-micro-benchmarks//mpi/pt2pt/osu_bibw -c -b multiple H H
cpu-bind=MASK - gpu-1-3, task  0  0 [325098]: mask 0xffffffffffffffffff set
cpu-bind=MASK - gpu-1-3, task  1  1 [325099]: mask 0xffffffffffffffffff000000000000000000 set
using SLURM envars
rank local 1 gpu 1 nic cxi1
using SLURM envars
rank local 0 gpu 0 nic cxi0

# OSU MPI Bi-Directional Bandwidth Test v7.5.2
# Datatype: MPI_CHAR.
# Size      Bandwidth (MB/s)        Validation
1                       0.56              Pass
2                       1.13              Pass
4                       2.26              Pass
8                       4.51              Pass
16                      9.01              Pass
32                     17.94              Pass
64                     35.71              Pass
128                    71.59              Pass
256                   141.74              Pass
512                   279.08              Pass
1024                  396.02              Pass
2048                  781.35              Pass
4096                 1545.67              Pass
8192                 2970.01              Pass
16384                5491.78              Pass
32768               10182.93              Pass
65536               16569.96              Pass
131072              23389.51              Pass
262144              27501.03              Pass
524288              19289.59              Pass
1048576             17869.13              Pass
2097152             16077.59              Pass
4194304             16286.38              Pass
-- srun /cluster/projects/nn9999k/marcink/software/osu-craype/libexec/osu-micro-benchmarks//mpi/pt2pt/osu_latency -c H H
cpu-bind=MASK - gpu-1-3, task  0  0 [326294]: mask 0xffffffffffffffffff set
cpu-bind=MASK - gpu-1-3, task  1  1 [326295]: mask 0xffffffffffffffffff000000000000000000 set
using SLURM envars
rank local 1 gpu 1 nic cxi1
using SLURM envars
rank local 0 gpu 0 nic cxi0

# OSU MPI Latency Test v7.5.2
# Datatype: MPI_CHAR.
# Size       Avg Latency(us)        Validation
1                       4.63              Pass
2                       4.63              Pass
4                       4.69              Pass
8                       4.70              Pass
16                      4.66              Pass
32                      4.70              Pass
64                      4.91              Pass
128                     4.97              Pass
256                     5.25              Pass
512                     5.34              Pass
1024                    6.16              Pass
2048                    6.17              Pass
4096                    6.22              Pass
8192                    6.34              Pass
16384                   6.54              Pass
32768                   6.72              Pass
65536                   7.53              Pass
131072                  9.57              Pass
262144                 13.22              Pass
524288                 22.05              Pass
1048576                37.94              Pass
2097152                85.40              Pass
4194304               169.39              Pass
-- srun /cluster/projects/nn9999k/marcink/software/osu-craype/libexec/osu-micro-benchmarks//xccl/pt2pt/osu_xccl_bibw -c -b multiple D D
cpu-bind=MASK - gpu-1-3, task  0  0 [326915]: mask 0xffffffffffffffffff set
cpu-bind=MASK - gpu-1-3, task  1  1 [326916]: mask 0xffffffffffffffffff000000000000000000 set
using SLURM envars
rank local 1 gpu 1 nic cxi1
using SLURM envars
rank local 0 gpu 0 nic cxi0
#Using NCCL
#Using NCCL
# Send Buffer on DEVICE (D) and Receive Buffer on DEVICE (D)
# Size      Bandwidth (MB/s)        Validation
1                       0.45
2                       0.89
4                       1.79
8                       3.57
16                      7.15
32                     14.28
64                     28.47
128                    56.95
256                   115.03
512                   227.41
1024                  452.52
2048                  890.77
4096                 1612.25
8192                 2737.04
16384                4488.17
32768                7232.83
65536               12464.36
131072              24540.87
262144              45437.23
524288              67531.97
1048576             91926.84
2097152            114201.40
4194304            139732.09
-- srun /cluster/projects/nn9999k/marcink/software/osu-craype/libexec/osu-micro-benchmarks//xccl/pt2pt/osu_xccl_latency -c D D
srun: Job 190665 step creation temporarily disabled, retrying (Requested nodes are busy)
srun: Step created for StepId=190665.5
srun: error: slurm_receive_msgs: [gpu-1-3.hostmgmt2000.cm.americas.sgi.com:6818] failed: Socket timed out on send/recv operation
srun: error: failed to connect to any sack sockets
srun: error: create_external: failed to create token
srun: error: slurm_buffers_pack_msg: auth_g_create: REQUEST_STEP_COMPLETE has authentication error
srun: error: Task launch for StepId=190665.5 failed on node gpu-1-3: Socket timed out on send/recv operation
srun: error: Application launch failed: Socket timed out on send/recv operation
srun: Job step aborted
[2026-02-26T11:53:29.532] error: failed to connect to any sack sockets
[2026-02-26T11:53:29.532] error: create_external: failed to create token
[2026-02-26T11:53:29.532] error: slurm_buffers_pack_msg: auth_g_create: REQUEST_COMPLETE_BATCH_SCRIPT has authentication error
[2026-02-26T11:53:44.532] error: failed to connect to any sack sockets
[2026-02-26T11:53:44.532] error: create_external: failed to create token
[2026-02-26T11:53:44.532] error: slurm_buffers_pack_msg: auth_g_create: REQUEST_COMPLETE_BATCH_SCRIPT has authentication error
[2026-02-26T11:53:59.533] error: failed to connect to any sack sockets
[2026-02-26T11:53:59.533] error: create_external: failed to create token
[2026-02-26T11:53:59.533] error: slurm_buffers_pack_msg: auth_g_create: REQUEST_COMPLETE_BATCH_SCRIPT has authentication error
