Starting job 190666 on gpu-1-[4-5] on Olivia at Thu Feb 26 11:44:04 CET 2026

ROOT_DIR = /cluster/home/marcink/hpe_cug_paper/openmpi_on_ss11
Running "module reset". Resetting modules to system default. The following $MODULEPATH directories have been removed: None

Lmod is automatically replacing "cce/19.0.0" with "gcc-native/14.2".


Due to MODULEPATH changes, the following have been reloaded:
  1) cray-libsci/25.03.0     2) cray-mpich/8.1.32


The following have been reloaded with a version change:
  1) gcc-native/14.2 => gcc-native/13.2


Currently Loaded Modules:
  1) init-NRIS                      (S)   9) craype/2.7.34
  2) craype-arm-grace                    10) cray-dsmml/0.3.1
  3) libfabric/1.22.0                    11) PrgEnv-gnu/8.6.0
  4) craype-network-ofi                  12) gcc-native/13.2
  5) perftools-base/25.03.0              13) cray-mpich/8.1.32
  6) xpmem/2.11.3-1.3_gdbda01a1eb3d      14) cray-libsci/25.03.0
  7) CrayEnv                             15) craype-accel-nvidia90
  8) cuda/12.6

  Where:
   S:  Module is Sticky, requires --force to unload or purge

 

-- srun /cluster/projects/nn9999k/marcink/software/osu-craype/libexec/osu-micro-benchmarks//mpi/pt2pt/osu_bibw -c -b multiple D D
cpu-bind=MASK - gpu-1-5, task  1  0 [313546]: mask 0xffffffffffffffffff set
cpu-bind=MASK - gpu-1-4, task  0  0 [330775]: mask 0xffffffffffffffffff set
using SLURM envars
rank local 0 gpu 0 nic cxi0
using SLURM envars
rank local 0 gpu 0 nic cxi0

# OSU MPI-CUDA Bi-Directional Bandwidth Test v7.5.2
# Datatype: MPI_CHAR.
# Size      Bandwidth (MB/s)        Validation
1                       1.75              Pass
2                       3.49              Pass
4                       6.97              Pass
8                      14.01              Pass
16                     27.85              Pass
32                     56.18              Pass
64                    112.00              Pass
128                   221.74              Pass
256                   453.09              Pass
512                   906.55              Pass
1024                 1779.82              Pass
2048                 3585.45              Pass
4096                 7172.20              Pass
8192                14331.91              Pass
16384               25015.04              Pass
32768               31258.46              Pass
65536               37496.67              Pass
131072              41602.75              Pass
262144              43588.55              Pass
524288              44567.54              Pass
1048576             45159.93              Pass
2097152             45575.79              Pass
4194304             45997.14              Pass
-- srun /cluster/projects/nn9999k/marcink/software/osu-craype/libexec/osu-micro-benchmarks//mpi/pt2pt/osu_latency -c D D
cpu-bind=MASK - gpu-1-5, task  1  0 [314146]: mask 0xffffffffffffffffff set
cpu-bind=MASK - gpu-1-4, task  0  0 [331388]: mask 0xffffffffffffffffff set
using SLURM envars
rank local 0 gpu 0 nic cxi0
using SLURM envars
rank local 0 gpu 0 nic cxi0

# OSU MPI-CUDA Latency Test v7.5.2
# Datatype: MPI_CHAR.
# Size       Avg Latency(us)        Validation
1                       2.60              Pass
2                       2.62              Pass
4                       2.87              Pass
8                       2.82              Pass
16                      2.75              Pass
32                      2.60              Pass
64                      2.50              Pass
128                     3.18              Pass
256                     3.61              Pass
512                     3.68              Pass
1024                    3.78              Pass
2048                    3.98              Pass
4096                    4.12              Pass
8192                    4.45              Pass
16384                   5.07              Pass
32768                   8.50              Pass
65536                   9.94              Pass
131072                 12.56              Pass
262144                 18.11              Pass
524288                 29.05              Pass
1048576                50.80              Pass
2097152                94.02              Pass
4194304               180.39              Pass
-- srun /cluster/projects/nn9999k/marcink/software/osu-craype/libexec/osu-micro-benchmarks//mpi/pt2pt/osu_bibw -c -b multiple H H
cpu-bind=MASK - gpu-1-4, task  0  0 [332021]: mask 0xffffffffffffffffff set
cpu-bind=MASK - gpu-1-5, task  1  0 [314765]: mask 0xffffffffffffffffff set
using SLURM envars
rank local 0 gpu 0 nic cxi0
using SLURM envars
rank local 0 gpu 0 nic cxi0

# OSU MPI Bi-Directional Bandwidth Test v7.5.2
# Datatype: MPI_CHAR.
# Size      Bandwidth (MB/s)        Validation
1                       1.46              Pass
2                       2.69              Pass
4                       6.20              Pass
8                      10.80              Pass
16                     24.93              Pass
32                     50.03              Pass
64                     86.91              Pass
128                   198.23              Pass
256                   403.00              Pass
512                   807.39              Pass
1024                 1611.40              Pass
2048                 3214.01              Pass
4096                 6435.78              Pass
8192                12815.87              Pass
16384               23772.40              Pass
32768               30095.40              Pass
65536               36707.55              Pass
131072              33813.03              Pass
262144              43770.40              Pass
524288              45181.70              Pass
1048576             45937.45              Pass
2097152             46313.25              Pass
4194304             46512.02              Pass
-- srun /cluster/projects/nn9999k/marcink/software/osu-craype/libexec/osu-micro-benchmarks//mpi/pt2pt/osu_latency -c H H
cpu-bind=MASK - gpu-1-5, task  1  0 [315374]: mask 0xffffffffffffffffff set
cpu-bind=MASK - gpu-1-4, task  0  0 [332637]: mask 0xffffffffffffffffff set
using SLURM envars
rank local 0 gpu 0 nic cxi0
using SLURM envars
rank local 0 gpu 0 nic cxi0

# OSU MPI Latency Test v7.5.2
# Datatype: MPI_CHAR.
# Size       Avg Latency(us)        Validation
1                       2.62              Pass
2                       2.57              Pass
4                       2.74              Pass
8                       2.71              Pass
16                      2.71              Pass
32                      2.59              Pass
64                      2.53              Pass
128                     3.23              Pass
256                     3.35              Pass
512                     3.47              Pass
1024                    3.47              Pass
2048                    3.68              Pass
4096                    3.87              Pass
8192                    4.22              Pass
16384                   4.76              Pass
32768                   8.14              Pass
65536                   9.76              Pass
131072                 12.24              Pass
262144                 17.69              Pass
524288                 28.58              Pass
1048576                50.42              Pass
2097152                93.54              Pass
4194304               179.88              Pass
-- srun /cluster/projects/nn9999k/marcink/software/osu-craype/libexec/osu-micro-benchmarks//xccl/pt2pt/osu_xccl_bibw -c -b multiple D D
cpu-bind=MASK - gpu-1-5, task  1  0 [315973]: mask 0xffffffffffffffffff set
cpu-bind=MASK - gpu-1-4, task  0  0 [333255]: mask 0xffffffffffffffffff set
using SLURM envars
rank local 0 gpu 0 nic cxi0
using SLURM envars
rank local 0 gpu 0 nic cxi0
#Using NCCL
#Using NCCL
# Send Buffer on DEVICE (D) and Receive Buffer on DEVICE (D)
# Size      Bandwidth (MB/s)        Validation
1                       0.13
2                       0.26
4                       0.53
8                       1.06
16                      2.16
32                      4.34
64                      8.63
128                    16.38
256                    33.05
512                    65.94
1024                  130.16
2048                  257.16
4096                  511.06
8192                 1003.82
16384                1959.22
32768                2732.06
65536                4625.78
131072               9642.68
262144              14894.79
524288              22124.95
1048576             32225.59
2097152             36715.44
4194304             39860.09
-- srun /cluster/projects/nn9999k/marcink/software/osu-craype/libexec/osu-micro-benchmarks//xccl/pt2pt/osu_xccl_latency -c D D
cpu-bind=MASK - gpu-1-5, task  1  0 [316579]: mask 0xffffffffffffffffff set
cpu-bind=MASK - gpu-1-4, task  0  0 [333876]: mask 0xffffffffffffffffff set
using SLURM envars
rank local 0 gpu 0 nic cxi0
using SLURM envars
rank local 0 gpu 0 nic cxi0
#Using NCCL
#Using NCCL
# Send Buffer on DEVICE (D) and Receive Buffer on DEVICE (D)
# Size          Latency (us)        Validation
1                      27.09
2                      27.07
4                      27.16
8                      27.13
16                     26.84
32                     26.85
64                     27.01
128                    27.73
256                    27.64
512                    27.79
1024                   27.86
2048                   28.06
4096                   28.07
8192                   28.40
16384                  28.91
32768                  34.69
65536                  40.25
131072                 40.23
262144                 46.95
524288                 58.58
1048576                85.58
2097152               128.19
4194304               220.49

Job 190666 consumed 0.0 billing hours and 0.1 GPU hours from project nn9997k.

Submitted 2026-02-26T11:44:03; waited 0.0 seconds in the queue after becoming eligible to run.

Requested wallclock time: 10.0 minutes
Elapsed wallclock time:   3.0 minutes

Job exited normally.

Task and CPU statistics:
ID                 CPUs  Tasks  CPU util                Start  Elapsed  Exit status
190666              144            0.0 %  2026-02-26T11:44:03  182.0 s  0
190666.batch         72      1     0.0 %  2026-02-26T11:44:03  182.0 s  0
190666.gpubind.sh   144      2     0.0 %  2026-02-26T11:44:05   52.0 s  0
190666.gpubind.sh   144      2     0.0 %  2026-02-26T11:44:57   41.0 s  0
190666.gpubind.sh   144      2     0.0 %  2026-02-26T11:45:38   37.0 s  0
190666.gpubind.sh   144      2     0.0 %  2026-02-26T11:46:15   36.0 s  0
190666.gpubind.sh   144      2     0.0 %  2026-02-26T11:46:51    4.0 s  0
190666.gpubind.sh   144      2     0.0 %  2026-02-26T11:46:55   10.0 s  0

Used CPU time:   1.1 CPU seconds
Unused CPU time: 7.3 CPU hours

Memory statistics, in GiB:
ID                  Alloc   Usage
190666             1400.0        
190666.batch        700.0     0.1
190666.gpubind.sh  1400.0     0.6
190666.gpubind.sh  1400.0     0.4
190666.gpubind.sh  1400.0     1.4
190666.gpubind.sh  1400.0     0.4
190666.gpubind.sh  1400.0     1.6
190666.gpubind.sh  1400.0     1.4

Job 190666 completed at Thu Feb 26 11:47:06 CET 2026
