ROOT_DIR = /pfs/lustref1/flash/project_462000031/lazzaroa/openmpi_on_ss11
/pfs/lustref1/flash/project_462000031/lazzaroa/openmpi_on_ss11 ~/flash_coe/openmpi_on_ss11/osu/craype/collectives
ROOT_DIR = /pfs/lustref1/flash/project_462000031/lazzaroa/openmpi_on_ss11

Lmod is automatically replacing "cce/19.0.0" with "gcc-native/14.2".


Lmod is automatically replacing "PrgEnv-cray/8.6.0" with "PrgEnv-gnu/8.6.0".


Due to MODULEPATH changes, the following have been reloaded:
  1) cray-libsci/25.03.0     2) cray-mpich/8.1.32


The following have been reloaded with a version change:
  1) cray-mpich/8.1.32 => cray-mpich/9.0.1


Currently Loaded Modules:
  1) craype-network-ofi                  10) cray-dsmml/0.3.1
  2) perftools-base/25.03.0              11) cray-libsci/25.03.0
  3) xpmem/2.11.5-1.3_g73ade43320bc      12) PrgEnv-gnu/8.6.0
  4) ModuleLabel/label              (S)  13) libfabric/1.22.0
  5) lumi-tools/24.05               (S)  14) cray-mpich/9.0.1
  6) init-lumi/0.2                  (S)  15) craype-x86-trento
  7) cray-python/3.11.7                  16) craype-accel-amd-gfx90a
  8) gcc-native/14.2                     17) rocm/6.3.4
  9) craype/2.7.34

  Where:
   S:  Module is Sticky, requires --force to unload or purge
/opt/cray/libfabric/1.22.0
/pfs/lustref1/flash/project_462000031/lazzaroa/openmpi_on_ss11/install_rccl_cpe
~/flash_coe/openmpi_on_ss11/osu/craype/collectives
============
#!/bin/bash

#for NNODES in 1 2 4 8 16 32 64; do
for NNODES in 1 16; do
#for NNODES in 64; do
sbatch -N $NNODES <<EOF
#!/bin/bash
#SBATCH --ntasks-per-node=8
#SBATCH -A project_462000031
#SBATCH -p standard-g
#SBATCH --gres=gpu:8
#SBATCH --exclusive
#SBATCH --network=single_node_vni
#SBATCH -o lumi-slurm-%j-coll_N${NNODES}_opt1.out
#SBATCH --time=0:30:00

export SLURM_CPUS_PER_TASK=7

# load runtime environment
ORIGINAL_SCRIPT=\$(scontrol show job "\$SLURM_JOB_ID" | awk -F= '/Command=/{print \$2}')
export OUTPUT_DIR=\$SLURM_SUBMIT_DIR
export ROOT_DIR=\$( cd -- "\$( dirname -- "\${ORIGINAL_SCRIPT}" )/../../.." &> /dev/null && pwd -P )
echo "ROOT_DIR = "\$ROOT_DIR

# Enable Cray-mpich and RCCL
USE_CPE=1 source \$ROOT_DIR/sourceme_rccl.sh

export MPICH_GPU_SUPPORT_ENABLED=1
export MPICH_SMP_SINGLE_COPY_MODE=XPMEM
#export NCCL_DEBUG=INFO
#export FI_LOG_LEVEL=debug

export MPICH_VERSION_DISPLAY=1
export GTL_VERSION_DISPLAY=1

export FI_CXI_RDZV_EAGER_SIZE=1024
export FI_CXI_RDZV_THRESHOLD=65536 # has to be 64k for nccl allgather to perform well

echo "============"
cat $0
echo "============"

env

#for FI_CXI_RX_MATCH_MODE in hardware software hybrid; do
for FI_CXI_RX_MATCH_MODE in hybrid; do
    export FI_CXI_RX_MATCH_MODE=\$FI_CXI_RX_MATCH_MODE

    SUFFIX="_n\${SLURM_NTASKS}_\${FI_CXI_RX_MATCH_MODE}_\${SLURM_JOB_ID}_opt1"

    echo "========"
    echo \$SUFFIX
    echo "========"

    # Consider validation
#    OSU_ARGS=" -c "
    OSU_ARGS=" "

#    if false; then
    (
	CMDS=("osu_alltoall -i 100 -d rocm D D" "osu_allreduce -i 100 -d rocm D D" "osu_allgather -i 100 -d rocm D D" "osu_allreduce -i 100 H H" "osu_alltoall -i 100 H H" "osu_allgather -i 100 H H")
#  	CMDS=("osu_allgather -d rocm D D" "osu_allgather H H")
        for cmd in "\${CMDS[@]}"; do
    	    run_osu_cmd "\$cmd" "mpi/collective" "\${SUFFIX}"
        done
    )

    # No validation available for RCCL
    OSU_ARGS=" "

    (
	CMDS=("osu_xccl_alltoall -i 100 -d rocm D D" "osu_xccl_allreduce -i 100 -d rocm D D" "osu_xccl_allgather -i 100 -d rocm D D")
    	for cmd in "\${CMDS[@]}"; do
            run_osu_cmd "\$cmd" "xccl/collective" "\${SUFFIX}"
     	done
    )
#    fi

    echo "RCCL-tests"
    (
	unset MPICH_GPU_SUPPORT_ENABLED
	unset MPICH_SMP_SINGLE_COPY_MODE
	FLAGS="-d uint8 -b 1 -e 128M -f 2 -g 1"
	CMDS=("alltoall_perf \${FLAGS}" "all_reduce_perf \${FLAGS}" "all_gather_perf \${FLAGS}")
    	for cmd in "\${CMDS[@]}"; do
	    logname=\$(echo "\${cmd}" | sed -e 's/ /_/g' -e 's/-//g')
	    echo -- srun \$cmd
	    srun --cpu-bind=verbose,cores \${GPUBIND} \${PREFIX_RCCL}/bin/\$cmd \${FLAGS} | tee \${OUTPUT_DIR}/\${logname}"\${SUFFIX}.txt"
	done
    )
done

EOF


done
============
HYDRA_LAUNCHER_EXTRA_ARGS=--external-launcher
FI_CXI_RDZV_THRESHOLD=65536
__LMOD_REF_COUNT_PE_LIBSCI_REQUIRED_PRODUCTS=PE_MPICH:1
CRAY_LMOD_MPI=cray-mpich/8.0
LUMI_LMOD_FAMILY_MPI=cray-mpich
LMOD_FAMILY_CRAYPE_NETWORK_VERSION=false
LC_ALL=en_US.UTF-8
MPICH_GPU_SUPPORT_ENABLED=1
SLURM_MEM_PER_CPU=0
CRAYPE_LINK_TYPE=dynamic
LS_COLORS=no=00:fi=00:di=01;33:ln=01;36:pi=40;33:so=01;35:do=01;35:bd=40;33;01:cd=40;33;01:or=40;31;01:su=37;41:sg=30;43:tw=30;42:ow=34;42:st=37;44:ex=00;35:*.tar=01;31:*.tgz=01;31:*.arj=01;31:*.taz=01;31:*.lzh=01;31:*.zip=01;31:*.z=01;31:*.Z=01;31:*.gz=01;31:*.bz2=01;31:*.deb=01;31:*.rpm=01;31:*.jar=01;31:*.jpg=01;35:*.jpeg=01;35:*.gif=01;35:*.bmp=01;35:*.pbm=01;35:*.pgm=01;35:*.ppm=01;35:*.tga=01;35:*.xbm=01;35:*.xpm=01;35:*.tif=01;35:*.tiff=01;35:*.png=01;35:*.mov=01;35:*.mpg=01;35:*.mpeg=01;35:*.avi=01;35:*.fli=01;35:*.gl=01;35:*.dl=01;35:*.xcf=01;35:*.xwd=01;35:*.flac=01;35:*.mp3=01;35:*.mpc=01;35:*.ogg=01;35:*.wav=01;35:
LD_LIBRARY_PATH=/pfs/lustref1/flash/project_462000031/lazzaroa/openmpi_on_ss11/install_rccl_cpe/lib:/opt/rocm-6.3.4/lib/roctracer:/opt/rocm-6.3.4/lib/rocprofiler:/opt/rocm-6.3.4/lib:/opt/cray/pe/mpich/9.0.1/ofi/gnu/12.3/lib:/opt/cray/pe/mpich/9.0.1/gtl/lib:/opt/cray/libfabric/1.22.0/lib64:/opt/cray/pe/libsci/25.03.0/GNU/12.3/x86_64/lib:/opt/cray/pe/dsmml/0.3.1/dsmml/lib:/opt/cray/pe/python/3.11.7/lib:/opt/cray/pe/papi/7.2.0.1/lib64
HOSTTYPE=x86_64
CRAY_DSMML_ROOTDIR=/opt/cray/pe/dsmml/0.3.1
_ModuleTable017_=ZXMvU29mdHdhcmVTdGFjayIsICIvYXBwbC9sdW1pL21vZHVsZXMvU3R5bGVNb2RpZmllcnMiCiwgIi9hcHBsL2x1bWkvbW9kdWxlcy9pbml0LUxVTUktU29mdHdhcmVTdGFjayIsICIvb3B0L2NyYXkvbW9kdWxlZmlsZXMiLAp9LApzeXN0ZW1CYXNlTVBBVEggPSAiL29wdC9jcmF5L3BlL21vZHVsZWZpbGVzL0xpbnV4Oi9vcHQvY3JheS9wZS9tb2R1bGVmaWxlcy9Db3JlOi9vcHQvY3JheS9wZS9sbW9kL2xtb2QvbW9kdWxlZmlsZXMvQ29yZTovb3B0L2NyYXkvcGUvbG1vZC9tb2R1bGVmaWxlcy9jb3JlOi9vcHQvY3JheS9wZS9sbW9kL21vZHVsZWZpbGVzL2NyYXlwZS10YXJnZXRzL2RlZmF1bHQ6L2FwcGwvbHVtaS9tb2R1bGVzL1NvZnR3YXJlU3RhY2s6L2FwcGwvbHVtaS9t
LMOD_FAMILY_CRAYPE_ACCEL=craype-accel-amd-gfx90a
SLURM_NODEID=0
CRAY_DSMML_DIR=/opt/cray/pe/dsmml/0.3.1/dsmml
SLURM_TASK_PID=36644
__LMOD_REF_COUNT_PATH=/opt/rocm-6.3.4/bin:1;/opt/cray/pe/mpich/9.0.1/ofi/gnu/12.3/bin:1;/opt/cray/pe/mpich/9.0.1/bin:1;/opt/cray/libfabric/1.22.0/bin:1;/opt/cray/pe/craype/2.7.34/bin:1;/opt/cray/pe/gcc-native/14/bin:1;/opt/cray/pe/python/3.11.7/bin:1;/appl/lumi/SW/system/EB/lumi-tools/24.05/bin:1;/opt/cray/pe/perftools/25.03.0/bin:1;/opt/cray/pe/papi/7.2.0.1/bin:1;/users/lazzaroa/.local/bin:1;/users/lazzaroa/bin:1;/usr/local/bin:1;/usr/bin:1;/bin:1;/usr/lib/mit/bin:1;/usr/lib/mit/sbin:1;/opt/cray/pe/bin:1
_ModuleTable002_=ID0gIi9hcHBsL2x1bWkvbW9kdWxlcy9TdHlsZU1vZGlmaWVycy9Nb2R1bGVMYWJlbC9sYWJlbC5sdWEiLApmdWxsTmFtZSA9ICJNb2R1bGVMYWJlbC9sYWJlbCIsCmxvYWRPcmRlciA9IDQsCnByb3BUID0gewpsbW9kID0gewpzdGlja3kgPSAxLAp9LAp9LApzdGFja0RlcHRoID0gMSwKc3RhdHVzID0gImFjdGl2ZSIsCnVzZXJOYW1lID0gIk1vZHVsZUxhYmVsL2xhYmVsIiwKd1YgPSAic2xhYmVsLip6ZmluYWwiLAp9LApbIlByZ0Vudi1nbnUiXSA9IHsKZm4gPSAiL29wdC9jcmF5L3BlL2xtb2QvbW9kdWxlZmlsZXMvY29yZS9QcmdFbnYtZ251LzguNi4wLmx1YSIsCmZ1bGxOYW1lID0gIlByZ0Vudi1nbnUvOC42LjAiLApsb2FkT3JkZXIgPSAxMiwKcHJvcFQgPSB7fSwKc3Rh
PE_MPICH_GTL_DIR_amd_gfx90a=-L/opt/cray/pe/mpich/9.0.1/gtl/lib
PE_LIBSCI_OMP_REQUIRES= 
SSH_CONNECTION=178.197.255.37 44582 193.167.209.165 22
LUMI_LMOD_FAMILY_CRAYPE=craype
LUMI_LMOD_FAMILY_CRAYPE_VERSION=2.7.34
LESSCLOSE=lessclose.sh %s %s
CRAY_LD_LIBRARY_PATH=/opt/cray/pe/libsci/25.03.0/CRAYCLANG/17.0/x86_64/lib:/opt/cray/pe/mpich/8.1.32/ofi/crayclang/17.0/lib:/opt/cray/pe/mpich/8.1.32/gtl/lib:/opt/cray/pe/dsmml/0.3.1/dsmml/lib:/opt/cray/pe/cce/19.0.0/cce-clang/x86_64/lib:/opt/cray/pe/cce/19.0.0/cce/x86_64/lib:/opt/cray/pe/perftools/25.03.0/lib64
SLURM_PRIO_PROCESS=0
XKEYSYMDB=/usr/X11R6/lib/X11/XKeysymDB
PE_ENV=GNU
__LMOD_REF_COUNT_PE_DSMML_PKGCONFIG_LIBS=dsmml:1
__LMOD_REF_COUNT_PE_FORTRAN_PKGCONFIG_LIBS=mpichf90:1
LMOD_FAMILY_CRAYPE_CPU=craype-x86-trento
EBDEVELLUMIMINTOOLS=/appl/lumi/SW/system/EB/lumi-tools/24.05/easybuild/lumi-tools-24.05-easybuild-devel
CRAYPAT_LD_LIBRARY_PATH=/opt/cray/pe/perftools/25.03.0/lib64
GCC_PREFIX=/usr/lib64/gcc/x86_64-suse-linux/14
CRAY_LMOD_COMPILER=gnu/12.0
LMOD_MODULERCFILE=/appl/lumi/LUMI-SoftwareStack/LMOD/modulerc.lua
CRAY_DSMML_PREFIX=/opt/cray/pe/dsmml/0.3.1/dsmml
PE_PRODUCT_LIST=CRAYPE_X86_TRENTO:CRAYPE:PERFTOOLS:CRAYPAT:CRAY_ACCEL:CRAY_ROCM
LMOD_FAMILY_MPI_VERSION=9.0.1
CRAYPAT_ROOT=/opt/cray/pe/perftools/25.03.0
PE_PERFTOOLS_MPICH_LIBDIR=/opt/cray/pe/mpich/9.0.1/ofi/gnu/12.3/lib
I_MPI_HYDRA_BOOTSTRAP_EXEC_EXTRA_ARGS=--external-launcher
PE_MPICH_GTL_DIR_amd_gfx906=-L/opt/cray/pe/mpich/9.0.1/gtl/lib
PE_LIBSCI_MODULE_NAME=cray-libsci/25.03.0
LANG=en_US.UTF-8
SLURM_SUBMIT_DIR=/pfs/lustref1/flash/project_462000031/lazzaroa/openmpi_on_ss11/osu/craype/collectives
GIT_HOOKS_PRE_COMMIT_HPE_CRAY_CHECKPATCH_SKIP=1
PE_MPICH_GTL_DIR_amd_gfx908=-L/opt/cray/pe/mpich/9.0.1/gtl/lib
PE_DSMML_MODULE_NAME=cray-dsmml
WINDOWMANAGER=xterm
_ModuleTable008_=ZWZpbGVzL2NyYXlwZS10YXJnZXRzL2RlZmF1bHQvY3JheXBlLW5ldHdvcmstb2ZpLmx1YSIsCmZ1bGxOYW1lID0gImNyYXlwZS1uZXR3b3JrLW9maSIsCmxvYWRPcmRlciA9IDEsCnByb3BUID0ge30sCnN0YWNrRGVwdGggPSAwLApzdGF0dXMgPSAiYWN0aXZlIiwKdXNlck5hbWUgPSAiY3JheXBlLW5ldHdvcmstb2ZpIiwKd1YgPSAiTS4qemZpbmFsIiwKfSwKWyJjcmF5cGUteDg2LXRyZW50byJdID0gewphY3Rpb25BID0gewoicHJlcGVuZF9wYXRoKFwiTU9EVUxFUEFUSFwiLFwiL29wdC9jcmF5L3BlL2xtb2QvbW9kdWxlZmlsZXMvY3B1L3g4Ni10cmVudG8vMS4wXCIpIiwKfSwKZm4gPSAiL29wdC9jcmF5L3BlL2xtb2QvbW9kdWxlZmlsZXMvY3JheXBlLXRhcmdldHMvZGVm
HIP_LIB_PATH=/opt/rocm-6.3.4/lib
OMPI_MCA_plm_slurm_args=--external-launcher
LESS=-M -I -R
PE_MPICH_GTL_LIBS_nvidia70=-lmpi_gtl_cuda
LUMI_LMOD_FAMILY_PRGENV=PrgEnv-gnu
LMOD_FAMILY_COMPILER_VERSION=14.2
HOSTNAME=nid005249
LMOD_SYSTEM_DEFAULT_MODULES=craype-x86-rome:craype-network-ofi:perftools-base:xpmem:PrgEnv-cray:init-lumi
EBROOTLUMIMINTOOLS=/appl/lumi/SW/system/EB/lumi-tools/24.05
OLDPWD=/pfs/lustref1/flash/project_462000031/lazzaroa/openmpi_on_ss11
LUMI_LMOD_FAMILY_CRAYPE_NETWORK_VERSION=false
CSHEDIT=emacs
SLURM_CPUS_PER_TASK=7
ENVIRONMENT=BATCH
GPG_TTY=/dev/pts/199
LESS_ADVANCED_PREPROCESSOR=no
__LMOD_REF_COUNT_PE_MPICH_GENCOMPILERS_GNU=12.3:1
COLORTERM=1
__LMOD_REF_COUNT_XDG_DATA_DIRS=/appl/lumi/SW/system/EB/lumi-tools/24.05/share:1;/usr/share:1
PE_LD_LIBRARY_PATH=system
OSU_HOME=/pfs/lustref1/flash/project_462000031/lazzaroa/openmpi_on_ss11/osu/osu-craype//libexec/osu-micro-benchmarks/
FPATH=/opt/cray/pe/lmod/lmod/init/ksh_funcs
_ModuleTable007_=eS9wZS9sbW9kL21vZHVsZWZpbGVzL2NyYXlwZS10YXJnZXRzL2RlZmF1bHQvY3JheXBlLWFjY2VsLWFtZC1nZng5MGEubHVhIiwKZnVsbE5hbWUgPSAiY3JheXBlLWFjY2VsLWFtZC1nZng5MGEiLApsb2FkT3JkZXIgPSAxNiwKcHJvcFQgPSB7fSwKc3RhY2tEZXB0aCA9IDAsCnN0YXR1cyA9ICJhY3RpdmUiLAp1c2VyTmFtZSA9ICJjcmF5cGUtYWNjZWwtYW1kLWdmeDkwYSIsCndWID0gIk0uKnpmaW5hbCIsCn0sClsiY3JheXBlLW5ldHdvcmstb2ZpIl0gPSB7CmFjdGlvbkEgPSB7CiJwcmVwZW5kX3BhdGgoXCJNT0RVTEVQQVRIXCIsXCIvb3B0L2NyYXkvcGUvbG1vZC9tb2R1bGVmaWxlcy9uZXQvb2ZpLzEuMFwiKSIsCn0sCmZuID0gIi9vcHQvY3JheS9wZS9sbW9kL21vZHVs
CRAY_PERFTOOLS_VERSION=25.03.0
ROCR_VISIBLE_DEVICES=0,1,2,3,4,5,6,7
LUMI_LMOD_FAMILY_CRAYPE_ACCEL_VERSION=false
LUMI_LMOD_FAMILY_PRGENV_VERSION=8.6.0
ROCM_PATH=/opt/rocm-6.3.4
LMOD_FAMILY_CRAYPE_NETWORK=craype-network-ofi
JAVA_HOME=/usr/lib64/jvm/java-11-openjdk-11
__LMOD_STACK_LMOD_AVAIL_STYLE=PGxhYmVsPjpQRWhpZXJhcmNoeTpzeXN0ZW0=
LMOD_FAMILY_CRAYPE_VERSION=2.7.34
PE_XPMEM_PKGCONFIG_LIBS=cray-xpmem
CRAY_ROCM_POST_LINK_OPTS= -L/opt/rocm-6.3.4/lib -L/opt/rocm-6.3.4/lib/rocprofiler -L/opt/rocm-6.3.4/lib/roctracer -lamdhip64
SLURM_PROCID=0
APP2_STATE=25.03.0
LMOD_FAMILY_GCC_COMPILER=gcc-native
SLURM_JOB_GID=10013986
LUMI_LMOD_FAMILY_CRAYPE_ACCEL=craype-accel-amd-gfx90a
MACHTYPE=x86_64-suse-linux
I_MPI_HYDRA_BOOTSTRAP=slurm
LMOD_RC=/appl/lumi/LUMI-SoftwareStack/LMOD/lmodrc.lua
__LMOD_REF_COUNT_LD_LIBRARY_PATH=/opt/rocm-6.3.4/lib/roctracer:1;/opt/rocm-6.3.4/lib/rocprofiler:1;/opt/rocm-6.3.4/lib:1;/opt/cray/pe/mpich/9.0.1/ofi/gnu/12.3/lib:1;/opt/cray/pe/mpich/9.0.1/gtl/lib:1;/opt/cray/libfabric/1.22.0/lib64:1;/opt/cray/pe/libsci/25.03.0/GNU/12.3/x86_64/lib:1;/opt/cray/pe/dsmml/0.3.1/dsmml/lib:1;/opt/cray/pe/python/3.11.7/lib:1;/opt/cray/pe/papi/7.2.0.1/lib64:1
CRAY_ROCM_PREFIX=/opt/rocm-6.3.4
__LMOD_REF_COUNT_PKG_CONFIG_PATH=/usr/lib64/pkgconfig:1;/opt/cray/libfabric/1.22.0/lib64/pkgconfig:1;/opt/cray/pe/dsmml/0.3.1/dsmml/lib/pkgconfig:1;/opt/cray/pe/craype/2.7.34/pkg-config:1
OSU_INSTALL=/pfs/lustref1/flash/project_462000031/lazzaroa/openmpi_on_ss11/osu/osu-craype/
GNU_VERSION=14.2
SLURMD_NODENAME=nid005249
PE_PKGCONFIG_PRODUCTS=PE_MPICH:PE_LIBSCI:PE_DSMML:PE_XPMEM
_ModuleTable015_=ID0gIjAwMDAwMDAwMi4wMDAwMDAwMTEuMDAwMDAwMDA1Lip6ZmluYWwtLjAwMDAwMDAwMS4wMDAwMDAwMDMuKl8uKmcuMDAwMDAwMDczLiphZGUuMDAwMDQzMzIwLipiYy4qemZpbmFsIiwKfSwKfSwKbXBhdGhBID0gewoiL29wdC9jcmF5L3BlL2xtb2QvbW9kdWxlZmlsZXMvY3B1L3g4Ni10cmVudG8vMS4wIgosICIvb3B0L2NyYXkvcGUvbG1vZC9tb2R1bGVmaWxlcy9tcGkvZ251LzEyLjAvb2ZpLzEuMC9jcmF5LW1waWNoLzguMCIKLCAiL29wdC9jcmF5L3BlL2xtb2QvbW9kdWxlZmlsZXMvY29tbmV0L2dudS8xMi4wL29maS8xLjAiCiwgIi9vcHQvY3JheS9wZS9sbW9kL21vZHVsZWZpbGVzL21peF9jb21waWxlcnMiCiwgIi9vcHQvY3JheS9wZS9sbW9kL21vZHVsZWZpbGVz
SLURM_JOB_END_TIME=1773137603
LUMI_LMOD_FAMILY_LIBSCI=cray-libsci
CRAY_MPICH_BASEDIR=/opt/cray/pe/mpich/9.0.1/ofi
PE_MPICH_GTL_DIR_nvidia80=-L/opt/cray/pe/mpich/9.0.1/gtl/lib
_ModuleTable004_=ZS9sbW9kL21vZHVsZWZpbGVzL2NvbXBpbGVyL2dudS8xMi4wL2NyYXktbGlic2NpLzI1LjAzLjAubHVhIiwKZnVsbE5hbWUgPSAiY3JheS1saWJzY2kvMjUuMDMuMCIsCmxvYWRPcmRlciA9IDExLApwcm9wVCA9IHt9LApzdGFja0RlcHRoID0gMSwKc3RhdHVzID0gImFjdGl2ZSIsCnVzZXJOYW1lID0gImNyYXktbGlic2NpIiwKd1YgPSAiXjAwMDAwMDI1LjAwMDAwMDAwMy4qemZpbmFsIiwKfSwKWyJjcmF5LW1waWNoIl0gPSB7CmFjdGlvbkEgPSB7CiJwcmVwZW5kX3BhdGgoXCJNT0RVTEVQQVRIXCIsXCIvb3B0L2NyYXkvcGUvbG1vZC9tb2R1bGVmaWxlcy9tcGkvZ251LzEyLjAvb2ZpLzEuMC9jcmF5LW1waWNoLzguMFwiKSIsCn0sCmZuID0gIi9vcHQvY3JheS9wZS9sbW9k
PE_LIBSCI_GENCOMPILERS_GNU_x86_64=12.3
MINICOM=-c on
SLURM_TASKS_PER_NODE=8
__LMOD_REF_COUNT_PYTHONPATH=/opt/cray/pe/python/3.11.7:1
PRTE_MCA_plm_slurm_args=--external-launcher
PE_MPICH_PKGCONFIG_VARIABLES=PE_MPICH_GTL_DIR_@accelerator@:PE_MPICH_GTL_LIBS_@accelerator@
PE_MPICH_PKGCONFIG_LIBS=mpich
OSTYPE=linux
XDG_SESSION_ID=951121
CRAY_DSMML_VER=0.3.1
__LMOD_REF_COUNT_PYTHON_PATH=/opt/cray/pe/python/3.11.7:1
LUMI_LMOD_FAMILY_MPI_VERSION=9.0.1
SLURM_NNODES=1
USER=lazzaroa
LUMI_LMOD_FAMILY_LIBSCI_VERSION=25.03.0
PAGER=less
LUMI_LMOD_FAMILY_GCC_COMPILER=gcc-native
CRAY_PYTHON_LEVEL=3.11.7
LMOD_FAMILY_PRGENV_VERSION=8.6.0
LMOD_FAMILY_LIBSCI=cray-libsci
_ModuleTable012_=PSB7fSwKc3RhY2tEZXB0aCA9IDAsCnN0YXR1cyA9ICJhY3RpdmUiLAp1c2VyTmFtZSA9ICJsaWJmYWJyaWMiLAp3ViA9ICJeMDAwMDAwMDEuMDAwMDAwMDIyLip6ZmluYWwiLAp9LApbImx1bWktdG9vbHMiXSA9IHsKZm4gPSAiL2FwcGwvbHVtaS9tb2R1bGVzL2Vhc3lidWlsZC9zeXN0ZW0vbHVtaS10b29scy8yNC4wNS5sdWEiLApmdWxsTmFtZSA9ICJsdW1pLXRvb2xzLzI0LjA1IiwKbG9hZE9yZGVyID0gNSwKcHJvcFQgPSB7Cmxtb2QgPSB7CnN0aWNreSA9IDEsCn0sCn0sCnN0YWNrRGVwdGggPSAxLApzdGF0dXMgPSAiYWN0aXZlIiwKdXNlck5hbWUgPSAibHVtaS10b29scyIsCndWID0gIjAwMDAwMDAyNC4wMDAwMDAwMDUuKnpmaW5hbCIsCn0sClsicGVyZnRvb2xzLWJh
PE_MPICH_GTL_LIBS_ponteVecchio=-lmpi_gtl_ze
CRAY_CPU_TARGET=x86-trento
PE_GCC_LEVEL=14
SLURM_JOB_START_TIME=1773135803
PE_LIBSCI_VOLATILE_PRGENV=GNU
SLURM_NTASKS_PER_NODE=8
PKGCONFIG_ENABLED=1
__LMOD_REF_COUNT_MODULEPATH=/opt/cray/pe/lmod/modulefiles/cpu/x86-trento/1.0:1;/opt/cray/pe/lmod/modulefiles/mpi/gnu/12.0/ofi/1.0/cray-mpich/8.0:1;/opt/cray/pe/lmod/modulefiles/comnet/gnu/12.0/ofi/1.0:1;/opt/cray/pe/lmod/modulefiles/mix_compilers:1;/opt/cray/pe/lmod/modulefiles/compiler/gnu/12.0:1;/appl/lumi/modules/easybuild/system:1;/opt/cray/pe/lmod/modulefiles/perftools/25.03.0:1;/opt/cray/pe/lmod/modulefiles/net/ofi/1.0:1;/opt/cray/pe/modulefiles/Linux:1;/opt/cray/pe/modulefiles/Core:1;/opt/cray/pe/lmod/lmod/modulefiles/Core:1;/opt/cray/pe/lmod/modulefiles/core:1;/opt/cray/pe/lmod/modulefiles/craype-targets/default:1;/appl/lumi/modules/SoftwareStack:1;/appl/lumi/modules/StyleModifiers:1;/appl/lumi/modules/init-LUMI-SoftwareStack:1;/opt/cray/modulefiles:1
MORE=-sl
CRAY_PERFTOOLS_PREFIX=/opt/cray/pe/perftools/25.03.0
PE_FORTRAN_PKGCONFIG_LIBS=mpichf90
CRAY_ROCM_DIR=/opt/rocm-6.3.4
__LMOD_REF_COUNT_CRAY_LD_LIBRARY_PATH=/opt/cray/pe/libsci/25.03.0/CRAYCLANG/17.0/x86_64/lib:1;/opt/cray/pe/mpich/8.1.32/ofi/crayclang/17.0/lib:1;/opt/cray/pe/mpich/8.1.32/gtl/lib:1;/opt/cray/pe/dsmml/0.3.1/dsmml/lib:1;/opt/cray/pe/cce/19.0.0/cce-clang/x86_64/lib:1;/opt/cray/pe/cce/19.0.0/cce/x86_64/lib:1;/opt/cray/pe/perftools/25.03.0/lib64:1
GCC_VERSION=14.2
CRAY_LIBSCI_BASE_DIR=/opt/cray/pe/libsci/25.03.0
PWD=/users/lazzaroa/flash_coe/openmpi_on_ss11/osu/craype/collectives
LUMI_LMOD_FAMILY_CRAYPE_CPU=craype-x86-trento
PE_MPICH_GTL_DIR_ponteVecchio=-L/opt/cray/pe/mpich/9.0.1/gtl/lib
PE_MPICH_GTL_DIR_nvidia70=-L/opt/cray/pe/mpich/9.0.1/gtl/lib
CRAY_TCMALLOC_MEMFS_FORCE=1
SLURM_JOB_NODELIST=nid005249
HOME=/users/lazzaroa
SLURM_CLUSTER_NAME=lumi
CRAY_ACCEL_VENDOR=amd
PELOCAL_PRGENV=true
CMAKE_PREFIX_PATH=/opt/rocm-6.3.4/lib/cmake/hip:/appl/lumi/SW/system/EB/lumi-tools/24.05
PE_LIBSCI_REQUIRED_PRODUCTS=PE_MPICH
SLURM_NODELIST=nid005249
PE_MPICH_GTL_LIBS_amd_gfx942=-lmpi_gtl_hsa
PE_MPICH_GTL_LIBS_amd_gfx940=-lmpi_gtl_hsa
SLURM_GPUS_ON_NODE=8
SLURM_NETWORK=single_node_vni
HOST=uan03
SSH_CLIENT=178.197.255.37 44582 22
__LMOD_REF_COUNT_PE_GNU_FIXED_PKGCONFIG_PATH=/opt/cray/pe/mpich/9.0.1/ofi/gnu/12.3/lib/pkgconfig:1
__LMOD_REF_COUNT_LMOD_MODULERCFILE=/appl/lumi/LUMI-SoftwareStack/LMOD/modulerc.lua:1
LMOD_VERSION=8.7.55
XNLSPATH=/usr/X11R6/lib/X11/nls
PE_MPICH_FORTRAN_PKGCONFIG_LIBS=mpichf90
SLURM_NTASKS=8
PE_LIBSCI_PKGCONFIG_LIBS=libsci_mpi:libsci
XDG_SESSION_TYPE=tty
PREFIX_RCCL=/pfs/lustref1/flash/project_462000031/lazzaroa/openmpi_on_ss11/install_rccl_cpe
SDK_HOME=/usr/lib64/jvm/java-11-openjdk-11
CRAY_LMOD_CPU=x86-trento/1.0
PE_MPICH_GTL_LIBS_nvidia80=-lmpi_gtl_cuda
PE_LIBSCI_OMP_REQUIRES_openmp=_mp
LMOD_FAMILY_CRAYPE_CPU_VERSION=false
SLURM_JOB_CPUS_PER_NODE=56
GCC_PATH=/opt/cray/pe/gcc-native/14/bin
BASH_ENV=/opt/cray/pe/lmod/lmod/init/bash
XDG_DATA_DIRS=/appl/lumi/SW/system/EB/lumi-tools/24.05/share:/usr/share
_LUMI_INIT_FIRST_LOAD=1
__LMOD_REF_COUNT_PE_MPICH_FORTRAN_PKGCONFIG_LIBS=mpichf90:1
SLURM_TOPOLOGY_ADDR=nid005249
SLURM_THREADS_PER_CORE=1
PYTHON_PATH=/opt/cray/pe/python/3.11.7
LMOD_FAMILY_GCC_COMPILER_VERSION=14.2
CRAY_LMOD_NET=ofi/1.0
GTL_VERSION_DISPLAY=1
__LMOD_REF_COUNT_PE_PKGCONFIG_PRODUCTS=PE_MPICH:1;PE_LIBSCI:1;PE_DSMML:1;PE_XPMEM:1
PE_MPICH_MODULE_NAME=cray-mpich
RCCL_DIR=/pfs/lustref1/flash/project_462000031/lazzaroa/openmpi_on_ss11/rccl
LIBGL_DEBUG=quiet
MPICH_VERSION_DISPLAY=1
LMOD_FAMILY_CRAYPE_ACCEL_VERSION=false
PE_LIBSCI_VOLATILE_PKGCONFIG_PATH=/opt/cray/pe/libsci/25.03.0/@PRGENV@/@PE_LIBSCI_GENCOMPS@/@PE_LIBSCI_TARGET@/lib/pkgconfig
JDK_HOME=/usr/lib64/jvm/java-11-openjdk-11
__LMOD_REF_COUNT_PE_MPICH_FIXED_PRGENV=GNU:1
PE_MPICH_GTL_DIR_amd_gfx940=-L/opt/cray/pe/mpich/9.0.1/gtl/lib
PE_MPICH_GTL_DIR_amd_gfx942=-L/opt/cray/pe/mpich/9.0.1/gtl/lib
OUTPUT_DIR=/pfs/lustref1/flash/project_462000031/lazzaroa/openmpi_on_ss11/osu/craype/collectives
SLURM_JOB_NAME=sbatch
PROFILEREAD=true
TMPDIR=/tmp
PERFTOOLS_VERSION=25.03.0
SLURM_JOB_GPUS=0,1,2,3,4,5,6,7
__LMOD_REF_COUNT_CMAKE_PREFIX_PATH=/opt/rocm-6.3.4/lib/cmake/hip:1;/appl/lumi/SW/system/EB/lumi-tools/24.05:1
LMOD_sys=Linux
_ModuleTable010_=YXRoKFwiTU9EVUxFUEFUSFwiLFwiL29wdC9jcmF5L3BlL2xtb2QvbW9kdWxlZmlsZXMvY29tbmV0L2dudS8xMi4wL29maS8xLjBcIikiLAp9LApmbiA9ICIvb3B0L2NyYXkvcGUvbG1vZC9tb2R1bGVmaWxlcy9jb3JlL2djYy1uYXRpdmUvMTQuMi5sdWEiLApmdWxsTmFtZSA9ICJnY2MtbmF0aXZlLzE0LjIiLApsb2FkT3JkZXIgPSA4LApwcm9wVCA9IHt9LApzdGFja0RlcHRoID0gMSwKc3RhdHVzID0gImFjdGl2ZSIsCnVzZXJOYW1lID0gImdjYy1uYXRpdmUiLAp3ViA9ICJeMDAwMDAwMTQuMDAwMDAwMDAyLip6ZmluYWwiLAp9LApbImluaXQtbHVtaSJdID0gewphY3Rpb25BID0gewoicHJlcGVuZF9wYXRoKFwiTU9EVUxFUEFUSFwiLFwiL2FwcGwvbHVtaS9tb2R1bGVzL2Vh
PE_PKGCONFIG_LIBS=rocm-6.3.4:mpich:libsci_mpi:libsci:dsmml
CRAY_ACCEL_TARGET=amd_gfx90a
SLURM_JOBID=16626062
_ModuleTable001_=X01vZHVsZVRhYmxlXyA9IHsKTVR2ZXJzaW9uID0gMywKY19yZWJ1aWxkVGltZSA9IGZhbHNlLApjX3Nob3J0VGltZSA9IGZhbHNlLApkZXB0aFQgPSB7fSwKZmFtaWx5ID0gewpQcmdFbnYgPSAiUHJnRW52LWdudSIsCmNvbXBpbGVyID0gImdjYy1uYXRpdmUiLApjcmF5cGUgPSAiY3JheXBlIiwKY3JheXBlX2FjY2VsID0gImNyYXlwZS1hY2NlbC1hbWQtZ2Z4OTBhIiwKY3JheXBlX2NwdSA9ICJjcmF5cGUteDg2LXRyZW50byIsCmNyYXlwZV9uZXR3b3JrID0gImNyYXlwZS1uZXR3b3JrLW9maSIsCmdjY19jb21waWxlciA9ICJnY2MtbmF0aXZlIiwKbGlic2NpID0gImNyYXktbGlic2NpIiwKbXBpID0gImNyYXktbXBpY2giLAp9LAptVCA9IHsKTW9kdWxlTGFiZWwgPSB7CmZu
SLURM_CONF=/etc/slurm/slurm.conf
LOADEDMODULES=craype-network-ofi:perftools-base/25.03.0:xpmem/2.11.5-1.3_g73ade43320bc:ModuleLabel/label:lumi-tools/24.05:init-lumi/0.2:cray-python/3.11.7:gcc-native/14.2:craype/2.7.34:cray-dsmml/0.3.1:cray-libsci/25.03.0:PrgEnv-gnu/8.6.0:libfabric/1.22.0:cray-mpich/9.0.1:craype-x86-trento:craype-accel-amd-gfx90a:rocm/6.3.4
LMOD_AVAIL_STYLE=<label>:PEhierarchy:system
CRAYPE_NETWORK_TARGET=ofi
_ModuleTable006_=a0RlcHRoID0gMCwKc3RhdHVzID0gImFjdGl2ZSIsCnVzZXJOYW1lID0gImNyYXktcHl0aG9uIiwKd1YgPSAiXjAwMDAwMDAzLjAwMDAwMDAxMS4wMDAwMDAwMDcuKnpmaW5hbCIsCn0sCmNyYXlwZSA9IHsKZm4gPSAiL29wdC9jcmF5L3BlL2xtb2QvbW9kdWxlZmlsZXMvY29yZS9jcmF5cGUvMi43LjM0Lmx1YSIsCmZ1bGxOYW1lID0gImNyYXlwZS8yLjcuMzQiLApsb2FkT3JkZXIgPSA5LApwcm9wVCA9IHt9LApzdGFja0RlcHRoID0gMSwKc3RhdHVzID0gImFjdGl2ZSIsCnVzZXJOYW1lID0gImNyYXlwZSIsCndWID0gIl4wMDAwMDAwMi4wMDAwMDAwMDcuMDAwMDAwMDM0Lip6ZmluYWwiLAp9LApbImNyYXlwZS1hY2NlbC1hbWQtZ2Z4OTBhIl0gPSB7CmZuID0gIi9vcHQvY3Jh
__LMOD_REF_COUNT_MANPATH=/opt/rocm-6.3.4/share/man:1;/opt/cray/pe/mpich/9.0.1/ofi/man:1;/opt/cray/pe/mpich/9.0.1/man/mpich:1;/opt/cray/libfabric/1.22.0/share/man:1;/opt/cray/pe/libsci/25.03.0/share/man:1;/opt/cray/pe/dsmml/0.3.1/dsmml/man:1;/opt/cray/pe/craype/2.7.34/man:1;/opt/cray/pe/python/3.11.7/share/man:1;/appl/lumi/SW/system/EB/lumi-tools/24.05/share/man:1;/opt/cray/pe/perftools/25.03.0/man:1;/opt/cray/pe/papi/7.2.0.1/share/pdoc/man:1;/opt/cray/pe/lmod/lmod/share/man:1;/users/lazzaroa/.local/share/man:1;/usr/local/man:1;/usr/share/man:1
_ModuleTable003_=Y2tEZXB0aCA9IDEsCnN0YXR1cyA9ICJhY3RpdmUiLAp1c2VyTmFtZSA9ICJQcmdFbnYtZ251IiwKd1YgPSAiXjAwMDAwMDA4LjAwMDAwMDAwNi4qemZpbmFsIiwKfSwKWyJjcmF5LWRzbW1sIl0gPSB7CmZuID0gIi9vcHQvY3JheS9wZS9sbW9kL21vZHVsZWZpbGVzL2NvcmUvY3JheS1kc21tbC8wLjMuMS5sdWEiLApmdWxsTmFtZSA9ICJjcmF5LWRzbW1sLzAuMy4xIiwKbG9hZE9yZGVyID0gMTAsCnByb3BUID0ge30sCnN0YWNrRGVwdGggPSAxLApzdGF0dXMgPSAiYWN0aXZlIiwKdXNlck5hbWUgPSAiY3JheS1kc21tbCIsCndWID0gIl4wMDAwMDAwMC4wMDAwMDAwMDMuMDAwMDAwMDAxLip6ZmluYWwiLAp9LApbImNyYXktbGlic2NpIl0gPSB7CmZuID0gIi9vcHQvY3JheS9w
SLURM_JOB_QOS=normal
LMOD_ROOT=/opt/cray/pe/lmod
SLURM_TOPOLOGY_ADDR_PATTERN=node
SSH_TTY=/dev/pts/199
PAT_RT_PERFCTR_DISABLE_COMPONENTS=nvml,rocm_smi
LUMI_LMOD_FAMILY_CRAYPE_NETWORK=craype-network-ofi
CRAY_MPICH_ROOTDIR=/opt/cray/pe/mpich/9.0.1
_ModuleTable013_=c2UiXSA9IHsKYWN0aW9uQSA9IHsKInByZXBlbmRfcGF0aChcIk1PRFVMRVBBVEhcIixcIi9vcHQvY3JheS9wZS9sbW9kL21vZHVsZWZpbGVzL3BlcmZ0b29scy8yNS4wMy4wXCIpIiwKfSwKZm4gPSAiL29wdC9jcmF5L3BlL2xtb2QvbW9kdWxlZmlsZXMvY29yZS9wZXJmdG9vbHMtYmFzZS8yNS4wMy4wLmx1YSIsCmZ1bGxOYW1lID0gInBlcmZ0b29scy1iYXNlLzI1LjAzLjAiLApsb2FkT3JkZXIgPSAyLApwcm9wVCA9IHt9LApzdGFja0RlcHRoID0gMCwKc3RhdHVzID0gImFjdGl2ZSIsCnVzZXJOYW1lID0gInBlcmZ0b29scy1iYXNlIiwKd1YgPSAiXjAwMDAwMDI1LjAwMDAwMDAwMy4qemZpbmFsIiwKfSwKcm9jbSA9IHsKZm4gPSAiL29wdC9jcmF5L3BlL2xtb2QvbW9kdWxl
MOTD_SHOWN=pam
MAIL=/var/spool/mail/lazzaroa
SLURM_CPUS_ON_NODE=56
SLURM_JOB_NUM_NODES=1
_ModuleTable016_=L2NvbXBpbGVyL2dudS8xMi4wIgosICIvYXBwbC9sdW1pL21vZHVsZXMvZWFzeWJ1aWxkL3N5c3RlbSIKLCAiL29wdC9jcmF5L3BlL2xtb2QvbW9kdWxlZmlsZXMvcGVyZnRvb2xzLzI1LjAzLjAiCiwgIi9vcHQvY3JheS9wZS9sbW9kL21vZHVsZWZpbGVzL25ldC9vZmkvMS4wIiwgIi9vcHQvY3JheS9wZS9tb2R1bGVmaWxlcy9MaW51eCIKLCAiL29wdC9jcmF5L3BlL21vZHVsZWZpbGVzL0NvcmUiLCAiL29wdC9jcmF5L3BlL2xtb2QvbG1vZC9tb2R1bGVmaWxlcy9Db3JlIgosICIvb3B0L2NyYXkvcGUvbG1vZC9tb2R1bGVmaWxlcy9jb3JlIgosICIvb3B0L2NyYXkvcGUvbG1vZC9tb2R1bGVmaWxlcy9jcmF5cGUtdGFyZ2V0cy9kZWZhdWx0IgosICIvYXBwbC9sdW1pL21vZHVs
LESSKEY=/etc/lesskey.bin
LUMI_LMOD_FAMILY_COMPILER=gcc-native
_ModuleTable009_=YXVsdC9jcmF5cGUteDg2LXRyZW50by5sdWEiLApmdWxsTmFtZSA9ICJjcmF5cGUteDg2LXRyZW50byIsCmxvYWRPcmRlciA9IDE1LApwcm9wVCA9IHt9LApzdGFja0RlcHRoID0gMCwKc3RhdHVzID0gImFjdGl2ZSIsCnVzZXJOYW1lID0gImNyYXlwZS14ODYtdHJlbnRvIiwKd1YgPSAiTS4qemZpbmFsIiwKfSwKWyJnY2MtbmF0aXZlIl0gPSB7CmFjdGlvbkEgPSB7CgoicHJlcGVuZF9wYXRoKFwiTU9EVUxFUEFUSFwiLFwiL29wdC9jcmF5L3BlL2xtb2QvbW9kdWxlZmlsZXMvY29tcGlsZXIvZ251LzEyLjBcIikiCiwgInByZXBlbmRfcGF0aChcIk1PRFVMRVBBVEhcIixcIi9vcHQvY3JheS9wZS9sbW9kL21vZHVsZWZpbGVzL21peF9jb21waWxlcnNcIikiLCAicHJlcGVuZF9w
TERM=xterm-256color
SHELL=/bin/bash
LUMI_LMOD_FAMILY_COMPILER_VERSION=14.2
CRAY_MPICH_VER=9.0.1
LMOD_ADMIN_FILE=/appl/lumi/LUMI-SoftwareStack/LMOD/admin.list
XDG_SESSION_CLASS=user
PE_MPICH_FIXED_PRGENV=GNU
CRAY_LIBSCI_PREFIX=/opt/cray/pe/libsci/25.03.0/GNU/12.3/x86_64
CRAY_ROCM_VERSION=6.3.4
LMOD_FAMILY_PRGENV=PrgEnv-gnu
SLURM_JOB_UID=10013986
_ModuleTable_Sz_=18
CRAY_PYTHON_PREFIX=/opt/cray/pe/python/3.11.7
CRAY_LIBSCI_VERSION=25.03.0
SLURM_JOB_PARTITION=standard-g
MPICH_SMP_SINGLE_COPY_MODE=XPMEM
LMOD_FAMILY_COMPILER=gcc-native
_ModuleTable018_=b2R1bGVzL1N0eWxlTW9kaWZpZXJzOi9hcHBsL2x1bWkvbW9kdWxlcy9pbml0LUxVTUktU29mdHdhcmVTdGFjazovb3B0L2NyYXkvbW9kdWxlZmlsZXMiLAp9Cg==
CRAY_DSMML_BASEDIR=/opt/cray/pe/dsmml/0.3.1
SLURM_HINT=nomultithread
CRAY_XPMEM_POST_LINK_OPTS=-L/usr/lib64
PE_MPICH_GENCOMPILERS_GNU=12.3
SLURM_JOB_USER=lazzaroa
SLURM_NPROCS=8
LUMI_LMOD_FAMILY_CRAYPE_CPU_VERSION=false
SHLVL=3
SLURM_SUBMIT_HOST=uan03
PYTHONPATH=/opt/cray/pe/python/3.11.7
CRAY_LIBSCI_PREFIX_DIR=/opt/cray/pe/libsci/25.03.0/GNU/12.3/x86_64
G_FILENAME_ENCODING=@locale,UTF-8,ISO-8859-15,CP1252
SLURM_JOB_ACCOUNT=project_462000031
GPUBIND=/pfs/lustref1/flash/project_462000031/lazzaroa/openmpi_on_ss11/select_gpu.sh
MANPATH=/pfs/lustref1/flash/project_462000031/lazzaroa/openmpi_on_ss11/install_rccl_cpe/man:/opt/rocm-6.3.4/share/man:/opt/cray/pe/mpich/9.0.1/ofi/man:/opt/cray/pe/mpich/9.0.1/man/mpich:/opt/cray/libfabric/1.22.0/share/man:/opt/cray/pe/libsci/25.03.0/share/man:/opt/cray/pe/dsmml/0.3.1/dsmml/man:/opt/cray/pe/craype/2.7.34/man:/opt/cray/pe/python/3.11.7/share/man:/appl/lumi/SW/system/EB/lumi-tools/24.05/share/man:/opt/cray/pe/perftools/25.03.0/man:/opt/cray/pe/papi/7.2.0.1/share/pdoc/man:/opt/cray/pe/lmod/lmod/share/man:/users/lazzaroa/.local/share/man:/usr/local/man:/usr/share/man
CRAY_DSMML_VERSION=0.3.1
CRAY_ROCM_INCLUDE_OPTS=-I/opt/rocm-6.3.4/include -I/opt/rocm-6.3.4/include/rocprofiler -I/opt/rocm-6.3.4/include/roctracer -I/opt/rocm-6.3.4/include/hip -D__HIP_PLATFORM_AMD__
MPICH_DIR=/opt/cray/pe/mpich/9.0.1/ofi/gnu/12.3
EBVERSIONLUMIMINTOOLS=24.05
HYDRA_BOOTSTRAP=slurm
PE_MPICH_GTL_LIBS_nvidia90=-lmpi_gtl_cuda
ROOT_DIR=/pfs/lustref1/flash/project_462000031/lazzaroa/openmpi_on_ss11
LUMI_LMOD_FAMILY_GCC_COMPILER_VERSION=14.2
MODULEPATH=/opt/cray/pe/lmod/modulefiles/cpu/x86-trento/1.0:/opt/cray/pe/lmod/modulefiles/mpi/gnu/12.0/ofi/1.0/cray-mpich/8.0:/opt/cray/pe/lmod/modulefiles/comnet/gnu/12.0/ofi/1.0:/opt/cray/pe/lmod/modulefiles/mix_compilers:/opt/cray/pe/lmod/modulefiles/compiler/gnu/12.0:/appl/lumi/modules/easybuild/system:/opt/cray/pe/lmod/modulefiles/perftools/25.03.0:/opt/cray/pe/lmod/modulefiles/net/ofi/1.0:/opt/cray/pe/modulefiles/Linux:/opt/cray/pe/modulefiles/Core:/opt/cray/pe/lmod/lmod/modulefiles/Core:/opt/cray/pe/lmod/modulefiles/core:/opt/cray/pe/lmod/modulefiles/craype-targets/default:/appl/lumi/modules/SoftwareStack:/appl/lumi/modules/StyleModifiers:/appl/lumi/modules/init-LUMI-SoftwareStack:/opt/cray/modulefiles
CRAY_MPICH_DIR=/opt/cray/pe/mpich/9.0.1/ofi/gnu/12.3
CRAY_PYTHON_VERSION=3.11.7
SLURM_GTIDS=0
LMOD_FAMILY_CRAYPE=craype
LOGNAME=lazzaroa
DBUS_SESSION_BUS_ADDRESS=unix:path=/run/user/10013986/bus
CRAY_MPICH_VERSION=9.0.1
XDG_RUNTIME_DIR=/run/user/10013986
MODULEPATH_ROOT=/opt/cray/pe/modulefiles
LMOD_PACKAGE_PATH=/appl/lumi/LUMI-SoftwareStack/LMOD
PE_MPICH_GTL_LIBS_amd_gfx906=-lmpi_gtl_hsa
PE_DSMML_PKGCONFIG_LIBS=dsmml
JRE_HOME=/usr/lib64/jvm/java-11-openjdk-11
PE_LIBSCI_PKGCONFIG_VARIABLES=PE_LIBSCI_OMP_REQUIRES_@openmp@:PE_SCI_EXT_LIBPATH:PE_SCI_EXT_LIBNAME
XDG_CONFIG_DIRS=/etc/xdg
PATH=/pfs/lustref1/flash/project_462000031/lazzaroa/openmpi_on_ss11/install_rccl_cpe/bin:/opt/rocm-6.3.4/bin:/opt/cray/pe/mpich/9.0.1/ofi/gnu/12.3/bin:/opt/cray/pe/mpich/9.0.1/bin:/opt/cray/libfabric/1.22.0/bin:/opt/cray/pe/craype/2.7.34/bin:/opt/cray/pe/gcc-native/14/bin:/opt/cray/pe/python/3.11.7/bin:/appl/lumi/SW/system/EB/lumi-tools/24.05/bin:/opt/cray/pe/perftools/25.03.0/bin:/opt/cray/pe/papi/7.2.0.1/bin:/users/lazzaroa/.local/bin:/users/lazzaroa/bin:/usr/local/bin:/usr/bin:/bin:/usr/lib/mit/bin:/usr/lib/mit/sbin:/opt/cray/pe/bin
PE_MPICH_GTL_LIBS_amd_gfx908=-lmpi_gtl_hsa
SLURM_JOB_ID=16626062
_ModuleTable014_=ZmlsZXMvY29yZS9yb2NtLzYuMy40Lmx1YSIsCmZ1bGxOYW1lID0gInJvY20vNi4zLjQiLApsb2FkT3JkZXIgPSAxNywKcHJvcFQgPSB7fSwKc3RhY2tEZXB0aCA9IDAsCnN0YXR1cyA9ICJhY3RpdmUiLAp1c2VyTmFtZSA9ICJyb2NtIiwKd1YgPSAiXjAwMDAwMDA2LjAwMDAwMDAwMy4wMDAwMDAwMDQuKnpmaW5hbCIsCn0sCnhwbWVtID0gewpmbiA9ICIvb3B0L2NyYXkvbW9kdWxlZmlsZXMveHBtZW0vMi4xMS41LTEuM19nNzNhZGU0MzMyMGJjIiwKZnVsbE5hbWUgPSAieHBtZW0vMi4xMS41LTEuM19nNzNhZGU0MzMyMGJjIiwKbG9hZE9yZGVyID0gMywKcHJvcFQgPSB7fSwKc3RhY2tEZXB0aCA9IDAsCnN0YXR1cyA9ICJhY3RpdmUiLAp1c2VyTmFtZSA9ICJ4cG1lbSIsCndW
JAVA_BINDIR=/usr/lib64/jvm/java-11-openjdk-11/bin
PE_MPICH_GTL_DIR_nvidia90=-L/opt/cray/pe/mpich/9.0.1/gtl/lib
__LMOD_REF_COUNT_PE_PRODUCT_LIST=CRAYPE_X86_TRENTO:1;CRAYPE:1;PERFTOOLS:1;CRAYPAT:1;CRAY_ACCEL:1;CRAY_ROCM:1
_LMFILES_=/opt/cray/pe/lmod/modulefiles/craype-targets/default/craype-network-ofi.lua:/opt/cray/pe/lmod/modulefiles/core/perftools-base/25.03.0.lua:/opt/cray/modulefiles/xpmem/2.11.5-1.3_g73ade43320bc:/appl/lumi/modules/StyleModifiers/ModuleLabel/label.lua:/appl/lumi/modules/easybuild/system/lumi-tools/24.05.lua:/appl/lumi/modules/init-LUMI-SoftwareStack/init-lumi/0.2.lua:/opt/cray/pe/lmod/modulefiles/core/cray-python/3.11.7.lua:/opt/cray/pe/lmod/modulefiles/core/gcc-native/14.2.lua:/opt/cray/pe/lmod/modulefiles/core/craype/2.7.34.lua:/opt/cray/pe/lmod/modulefiles/core/cray-dsmml/0.3.1.lua:/opt/cray/pe/lmod/modulefiles/compiler/gnu/12.0/cray-libsci/25.03.0.lua:/opt/cray/pe/lmod/modulefiles/core/PrgEnv-gnu/8.6.0.lua:/opt/cray/modulefiles/libfabric/1.22.0:/opt/cray/pe/lmod/modulefiles/comnet/gnu/12.0/ofi/1.0/cray-mpich/9.0.1.lua:/opt/cray/pe/lmod/modulefiles/craype-targets/default/craype-x86-trento.lua:/opt/cray/pe/lmod/modulefiles/craype-targets/default/craype-accel-amd-gfx90a.lua:/opt/cray/pe/lmod/modulefiles/core/rocm/6.3.4.lua
LMOD_FAMILY_LIBSCI_VERSION=25.03.0
MODULESHOME=/opt/cray/pe/lmod/lmod
PKG_CONFIG_PATH=/pfs/lustref1/flash/project_462000031/lazzaroa/openmpi_on_ss11/install_rccl_cpe/lib/pkgconfig:/usr/lib64/pkgconfig:/opt/cray/libfabric/1.22.0/lib64/pkgconfig:/opt/cray/pe/dsmml/0.3.1/dsmml/lib/pkgconfig:/opt/cray/pe/craype/2.7.34/pkg-config
LMOD_SETTARG_FULL_SUPPORT=no
FI_CXI_RDZV_EAGER_SIZE=1024
G_BROKEN_FILENAMES=1
PE_GNU_FIXED_PKGCONFIG_PATH=/opt/cray/pe/mpich/9.0.1/ofi/gnu/12.3/lib/pkgconfig
_ModuleTable011_=c3lidWlsZC9zeXN0ZW1cIikiLAp9LApmbiA9ICIvYXBwbC9sdW1pL21vZHVsZXMvaW5pdC1MVU1JLVNvZnR3YXJlU3RhY2svaW5pdC1sdW1pLzAuMi5sdWEiLApmdWxsTmFtZSA9ICJpbml0LWx1bWkvMC4yIiwKbG9hZE9yZGVyID0gNiwKcHJvcFQgPSB7Cmxtb2QgPSB7CnN0aWNreSA9IDEsCn0sCn0sCnN0YWNrRGVwdGggPSAwLApzdGF0dXMgPSAiYWN0aXZlIiwKdXNlck5hbWUgPSAiaW5pdC1sdW1pIiwKd1YgPSAiMDAwMDAwMDAwLjAwMDAwMDAwMi4qemZpbmFsIiwKfSwKbGliZmFicmljID0gewpmbiA9ICIvb3B0L2NyYXkvbW9kdWxlZmlsZXMvbGliZmFicmljLzEuMjIuMCIsCmZ1bGxOYW1lID0gImxpYmZhYnJpYy8xLjIyLjAiLApsb2FkT3JkZXIgPSAxMywKcHJvcFQg
PREFIX_LIBFABRIC=/opt/cray/libfabric/1.22.0
PE_MPICH_GTL_LIBS_amd_gfx90a=-lmpi_gtl_hsa
HISTSIZE=1000
CRAYPE_DIR=/opt/cray/pe/craype/2.7.34
LMOD_PKG=/opt/cray/pe/lmod/lmod
__LMOD_REF_COUNT_PE_MPICH_PKGCONFIG_LIBS=mpich:1
OFFLOAD_INIT=on_start
__LMOD_REF_COUNT_PE_PKGCONFIG_LIBS=rocm-6.3.4:1;mpich:1;libsci_mpi:1;libsci:1;dsmml:1
CPU=x86_64
SSH_SENDS_LOCALE=yes
CRAYPE_VERSION=2.7.34
EBU_USER_PREFIX=/project/project_462000031/lazzaroa/EasyBuild
_ModuleTable005_=L21vZHVsZWZpbGVzL2NvbW5ldC9nbnUvMTIuMC9vZmkvMS4wL2NyYXktbXBpY2gvOS4wLjEubHVhIiwKZnVsbE5hbWUgPSAiY3JheS1tcGljaC85LjAuMSIsCmxvYWRPcmRlciA9IDE0LApwcm9wVCA9IHt9LApzdGFja0RlcHRoID0gMCwKc3RhdHVzID0gImFjdGl2ZSIsCnVzZXJOYW1lID0gImNyYXktbXBpY2gvOS4wLjEiLAp3ViA9ICIwMDAwMDAwMDkuMDAwMDAwMDAwLjAwMDAwMDAwMS4qemZpbmFsIiwKfSwKWyJjcmF5LXB5dGhvbiJdID0gewpmbiA9ICIvb3B0L2NyYXkvcGUvbG1vZC9tb2R1bGVmaWxlcy9jb3JlL2NyYXktcHl0aG9uLzMuMTEuNy5sdWEiLApmdWxsTmFtZSA9ICJjcmF5LXB5dGhvbi8zLjExLjciLApsb2FkT3JkZXIgPSA3LApwcm9wVCA9IHt9LApzdGFj
LMOD_CMD=/opt/cray/pe/lmod/lmod/libexec/lmod
SLURM_LOCALID=0
CRAY_MPICH_PREFIX=/opt/cray/pe/mpich/9.0.1/ofi/gnu/12.3
PE_GCC_EXTERNAL=native
LESSOPEN=lessopen.sh %s
CRAYPAT_OPTS_EXECUTABLE=libexec64/opts
CRAY_XPMEM_INCLUDE_OPTS=-I/usr/include
PE_LIBSCI_GENCOMPS_GNU_x86_64=123
LMOD_DIR=/opt/cray/pe/lmod/lmod/libexec
LMOD_FAMILY_MPI=cray-mpich
BASH_FUNC_module%%=() {  if [ -z "${LMOD_SH_DBG_ON+x}" ]; then
 case "$-" in 
 *v*x*)
 __lmod_sh_dbg='vx'
 ;;
 *v*)
 __lmod_sh_dbg='v'
 ;;
 *x*)
 __lmod_sh_dbg='x'
 ;;
 esac;
 fi;
 if [ -n "${__lmod_sh_dbg:-}" ]; then
 set +$__lmod_sh_dbg;
 echo "Shell debugging temporarily silenced: export LMOD_SH_DBG_ON=1 for Lmod's output" 1>&2;
 fi;
 eval "$($LMOD_CMD shell "$@")" && eval "$(${LMOD_SETTARG_CMD:-:} -s sh)";
 __lmod_my_status=$?;
 if [ -n "${__lmod_sh_dbg:-}" ]; then
 echo "Shell debugging restarted" 1>&2;
 set -$__lmod_sh_dbg;
 fi;
 unset __lmod_sh_dbg;
 return $__lmod_my_status
}
BASH_FUNC_ml%%=() {  eval "$($LMOD_DIR/ml_cmd "$@")"
}
_=/usr/bin/env
========
_n8_hybrid_16626062_opt1
========
-- srun /pfs/lustref1/flash/project_462000031/lazzaroa/openmpi_on_ss11/osu/osu-craype//libexec/osu-micro-benchmarks//mpi/collective/osu_alltoall -i 100 -d rocm D D
cpu-bind=MASK - nid005249, task  0  0 [37026]: mask 0xfe00000000000000fe set
cpu-bind=MASK - nid005249, task  1  1 [37027]: mask 0xfe00000000000000fe00 set
cpu-bind=MASK - nid005249, task  2  2 [37028]: mask 0xfe00000000000000fe0000 set
cpu-bind=MASK - nid005249, task  3  3 [37029]: mask 0xfe00000000000000fe000000 set
cpu-bind=MASK - nid005249, task  4  4 [37030]: mask 0xfe00000000000000fe00000000 set
cpu-bind=MASK - nid005249, task  5  5 [37031]: mask 0xfe00000000000000fe0000000000 set
cpu-bind=MASK - nid005249, task  6  6 [37032]: mask 0xfe00000000000000fe000000000000 set
cpu-bind=MASK - nid005249, task  7  7 [37033]: mask 0xfe00000000000000fe00000000000000 set
MPI VERSION    : CRAY MPICH version 9.0.1.498 (ANL base 4.1.2)
MPI BUILD INFO : Wed Jul 16  9:39 2025 (git hash 0848216) (CH4)
CRAY GTL 0.1.0
BUILD INFO: Sat Jun 28 16:50:55 UTC 2025  by root (git hash 21cb022)

# OSU MPI-ROCM All-to-All Personalized Exchange Latency Test v7.5.2
# Datatype: MPI_CHAR.
# Size       Avg Latency(us)
1                       5.42
2                       4.61
4                       4.69
8                       4.45
16                      5.43
32                      5.30
64                      5.95
128                     8.96
256                     8.07
512                     9.35
1024                   23.46
2048                   22.86
4096                   25.93
8192                   60.97
16384                  72.62
32768                  69.28
65536                 165.53
131072                175.55
262144                202.13
524288                262.29
1048576               366.63
-- srun /pfs/lustref1/flash/project_462000031/lazzaroa/openmpi_on_ss11/osu/osu-craype//libexec/osu-micro-benchmarks//mpi/collective/osu_allreduce -i 100 -d rocm D D
cpu-bind=MASK - nid005249, task  0  0 [37155]: mask 0xfe00000000000000fe set
cpu-bind=MASK - nid005249, task  1  1 [37156]: mask 0xfe00000000000000fe00 set
cpu-bind=MASK - nid005249, task  2  2 [37157]: mask 0xfe00000000000000fe0000 set
cpu-bind=MASK - nid005249, task  3  3 [37158]: mask 0xfe00000000000000fe000000 set
cpu-bind=MASK - nid005249, task  4  4 [37159]: mask 0xfe00000000000000fe00000000 set
cpu-bind=MASK - nid005249, task  5  5 [37160]: mask 0xfe00000000000000fe0000000000 set
cpu-bind=MASK - nid005249, task  6  6 [37161]: mask 0xfe00000000000000fe000000000000 set
cpu-bind=MASK - nid005249, task  7  7 [37162]: mask 0xfe00000000000000fe00000000000000 set
MPI VERSION    : CRAY MPICH version 9.0.1.498 (ANL base 4.1.2)
MPI BUILD INFO : Wed Jul 16  9:39 2025 (git hash 0848216) (CH4)
CRAY GTL 0.1.0
BUILD INFO: Sat Jun 28 16:50:55 UTC 2025  by root (git hash 21cb022)

# OSU MPI-ROCM Allreduce Latency Test v7.5.2
# Datatype: MPI_INT.
# Size       Avg Latency(us)
4                       2.59
8                       2.60
16                      2.47
32                      2.53
64                      2.62
128                     2.85
256                     7.13
512                     7.08
1024                    9.95
2048                   10.71
4096                   13.81
8192                   41.28
16384                 113.79
32768                 132.43
65536                 142.65
131072                143.98
262144                153.50
524288                181.97
1048576               239.60
-- srun /pfs/lustref1/flash/project_462000031/lazzaroa/openmpi_on_ss11/osu/osu-craype//libexec/osu-micro-benchmarks//mpi/collective/osu_allgather -i 100 -d rocm D D
cpu-bind=MASK - nid005249, task  0  0 [37256]: mask 0xfe00000000000000fe set
cpu-bind=MASK - nid005249, task  1  1 [37257]: mask 0xfe00000000000000fe00 set
cpu-bind=MASK - nid005249, task  2  2 [37258]: mask 0xfe00000000000000fe0000 set
cpu-bind=MASK - nid005249, task  3  3 [37259]: mask 0xfe00000000000000fe000000 set
cpu-bind=MASK - nid005249, task  4  4 [37260]: mask 0xfe00000000000000fe00000000 set
cpu-bind=MASK - nid005249, task  5  5 [37261]: mask 0xfe00000000000000fe0000000000 set
cpu-bind=MASK - nid005249, task  6  6 [37262]: mask 0xfe00000000000000fe000000000000 set
cpu-bind=MASK - nid005249, task  7  7 [37263]: mask 0xfe00000000000000fe00000000000000 set
MPI VERSION    : CRAY MPICH version 9.0.1.498 (ANL base 4.1.2)
MPI BUILD INFO : Wed Jul 16  9:39 2025 (git hash 0848216) (CH4)
CRAY GTL 0.1.0
BUILD INFO: Sat Jun 28 16:50:55 UTC 2025  by root (git hash 21cb022)

# OSU MPI-ROCM Allgather Latency Test v7.5.2
# Datatype: MPI_CHAR.
# Size       Avg Latency(us)
1                       3.56
2                       2.99
4                       2.93
8                       3.08
16                      3.32
32                      3.36
64                      3.54
128                     4.03
256                     8.44
512                    11.56
1024                   16.18
2048                   21.04
4096                   27.32
8192                   45.75
16384                  47.05
32768                  50.09
65536                  55.73
131072                 67.91
262144                 94.55
524288                148.13
1048576               245.42
-- srun /pfs/lustref1/flash/project_462000031/lazzaroa/openmpi_on_ss11/osu/osu-craype//libexec/osu-micro-benchmarks//mpi/collective/osu_allreduce -i 100 H H
cpu-bind=MASK - nid005249, task  0  0 [37339]: mask 0xfe00000000000000fe set
cpu-bind=MASK - nid005249, task  1  1 [37340]: mask 0xfe00000000000000fe00 set
cpu-bind=MASK - nid005249, task  2  2 [37341]: mask 0xfe00000000000000fe0000 set
cpu-bind=MASK - nid005249, task  3  3 [37342]: mask 0xfe00000000000000fe000000 set
cpu-bind=MASK - nid005249, task  4  4 [37343]: mask 0xfe00000000000000fe00000000 set
cpu-bind=MASK - nid005249, task  5  5 [37344]: mask 0xfe00000000000000fe0000000000 set
cpu-bind=MASK - nid005249, task  6  6 [37345]: mask 0xfe00000000000000fe000000000000 set
cpu-bind=MASK - nid005249, task  7  7 [37346]: mask 0xfe00000000000000fe00000000000000 set
MPI VERSION    : CRAY MPICH version 9.0.1.498 (ANL base 4.1.2)
MPI BUILD INFO : Wed Jul 16  9:39 2025 (git hash 0848216) (CH4)
CRAY GTL 0.1.0
BUILD INFO: Sat Jun 28 16:50:55 UTC 2025  by root (git hash 21cb022)

# OSU MPI Allreduce Latency Test v7.5.2
# Datatype: MPI_INT.
# Size       Avg Latency(us)
4                       2.67
8                       2.49
16                      2.44
32                      2.53
64                      2.55
128                     2.90
256                     3.45
512                     7.11
1024                    8.80
2048                   10.01
4096                   12.41
8192                   18.07
16384                  24.20
32768                  32.77
65536                  49.90
131072                 84.60
262144                152.80
524288                286.88
1048576               592.21
-- srun /pfs/lustref1/flash/project_462000031/lazzaroa/openmpi_on_ss11/osu/osu-craype//libexec/osu-micro-benchmarks//mpi/collective/osu_alltoall -i 100 H H
cpu-bind=MASK - nid005249, task  0  0 [37460]: mask 0xfe00000000000000fe set
cpu-bind=MASK - nid005249, task  1  1 [37461]: mask 0xfe00000000000000fe00 set
cpu-bind=MASK - nid005249, task  2  2 [37462]: mask 0xfe00000000000000fe0000 set
cpu-bind=MASK - nid005249, task  3  3 [37463]: mask 0xfe00000000000000fe000000 set
cpu-bind=MASK - nid005249, task  4  4 [37464]: mask 0xfe00000000000000fe00000000 set
cpu-bind=MASK - nid005249, task  5  5 [37465]: mask 0xfe00000000000000fe0000000000 set
cpu-bind=MASK - nid005249, task  6  6 [37466]: mask 0xfe00000000000000fe000000000000 set
cpu-bind=MASK - nid005249, task  7  7 [37467]: mask 0xfe00000000000000fe00000000000000 set
MPI VERSION    : CRAY MPICH version 9.0.1.498 (ANL base 4.1.2)
MPI BUILD INFO : Wed Jul 16  9:39 2025 (git hash 0848216) (CH4)
CRAY GTL 0.1.0
BUILD INFO: Sat Jun 28 16:50:55 UTC 2025  by root (git hash 21cb022)

# OSU MPI All-to-All Personalized Exchange Latency Test v7.5.2
# Datatype: MPI_CHAR.
# Size       Avg Latency(us)
1                       5.17
2                       4.67
4                       4.60
8                       4.43
16                      5.41
32                      5.24
64                      5.86
128                     8.47
256                     7.79
512                     9.18
1024                   10.61
2048                   10.53
4096                   11.56
8192                   12.80
16384                  16.18
32768                  23.00
65536                  41.02
131072                 65.65
262144                118.24
524288                184.94
1048576               331.13
-- srun /pfs/lustref1/flash/project_462000031/lazzaroa/openmpi_on_ss11/osu/osu-craype//libexec/osu-micro-benchmarks//mpi/collective/osu_allgather -i 100 H H
cpu-bind=MASK - nid005249, task  0  0 [37549]: mask 0xfe00000000000000fe set
cpu-bind=MASK - nid005249, task  1  1 [37550]: mask 0xfe00000000000000fe00 set
cpu-bind=MASK - nid005249, task  2  2 [37551]: mask 0xfe00000000000000fe0000 set
cpu-bind=MASK - nid005249, task  3  3 [37552]: mask 0xfe00000000000000fe000000 set
cpu-bind=MASK - nid005249, task  4  4 [37553]: mask 0xfe00000000000000fe00000000 set
cpu-bind=MASK - nid005249, task  5  5 [37554]: mask 0xfe00000000000000fe0000000000 set
cpu-bind=MASK - nid005249, task  6  6 [37555]: mask 0xfe00000000000000fe000000000000 set
cpu-bind=MASK - nid005249, task  7  7 [37556]: mask 0xfe00000000000000fe00000000000000 set
MPI VERSION    : CRAY MPICH version 9.0.1.498 (ANL base 4.1.2)
MPI BUILD INFO : Wed Jul 16  9:39 2025 (git hash 0848216) (CH4)
CRAY GTL 0.1.0
BUILD INFO: Sat Jun 28 16:50:55 UTC 2025  by root (git hash 21cb022)

# OSU MPI Allgather Latency Test v7.5.2
# Datatype: MPI_CHAR.
# Size       Avg Latency(us)
1                       3.24
2                       2.96
4                       2.82
8                       3.04
16                      3.27
32                      3.37
64                      3.51
128                     4.01
256                     5.40
512                     6.66
1024                   10.04
2048                    9.85
4096                   12.62
8192                   18.18
16384                  32.90
32768                  57.44
65536                 110.06
131072                214.54
262144                419.23
524288                819.50
1048576              1637.94
-- srun /pfs/lustref1/flash/project_462000031/lazzaroa/openmpi_on_ss11/osu/osu-craype//libexec/osu-micro-benchmarks//xccl/collective/osu_xccl_alltoall -i 100 -d rocm D D
cpu-bind=MASK - nid005249, task  0  0 [37625]: mask 0xfe00000000000000fe set
cpu-bind=MASK - nid005249, task  1  1 [37626]: mask 0xfe00000000000000fe00 set
cpu-bind=MASK - nid005249, task  2  2 [37627]: mask 0xfe00000000000000fe0000 set
cpu-bind=MASK - nid005249, task  3  3 [37628]: mask 0xfe00000000000000fe000000 set
cpu-bind=MASK - nid005249, task  4  4 [37629]: mask 0xfe00000000000000fe00000000 set
cpu-bind=MASK - nid005249, task  5  5 [37630]: mask 0xfe00000000000000fe0000000000 set
cpu-bind=MASK - nid005249, task  6  6 [37631]: mask 0xfe00000000000000fe000000000000 set
cpu-bind=MASK - nid005249, task  7  7 [37632]: mask 0xfe00000000000000fe00000000000000 set
#Using RCCL
#Using RCCL
#Using RCCL
#Using RCCL
#Using RCCL
#Using RCCL
#Using RCCL
#Using RCCL
MPI VERSION    : CRAY MPICH version 9.0.1.498 (ANL base 4.1.2)
MPI BUILD INFO : Wed Jul 16  9:39 2025 (git hash 0848216) (CH4)
CRAY GTL 0.1.0
BUILD INFO: Sat Jun 28 16:50:55 UTC 2025  by root (git hash 21cb022)

# OSU RCCL-ROCM All-to-All Personalized Exchange Latency Test v7.5.2
# Size       Avg Latency(us)
1                      34.33
2                      33.32
4                      33.49
8                      33.58
16                     33.26
32                     33.31
64                     33.38
128                    33.50
256                    32.76
512                    33.25
1024                   33.65
2048                   33.98
4096                   35.29
8192                   35.62
16384                  38.66
32768                  45.01
65536                  49.38
131072                 54.47
262144                 69.25
524288                102.33
1048576               169.99
-- srun /pfs/lustref1/flash/project_462000031/lazzaroa/openmpi_on_ss11/osu/osu-craype//libexec/osu-micro-benchmarks//xccl/collective/osu_xccl_allreduce -i 100 -d rocm D D
cpu-bind=MASK - nid005249, task  0  0 [37877]: mask 0xfe00000000000000fe set
cpu-bind=MASK - nid005249, task  1  1 [37878]: mask 0xfe00000000000000fe00 set
cpu-bind=MASK - nid005249, task  2  2 [37879]: mask 0xfe00000000000000fe0000 set
cpu-bind=MASK - nid005249, task  3  3 [37880]: mask 0xfe00000000000000fe000000 set
cpu-bind=MASK - nid005249, task  4  4 [37881]: mask 0xfe00000000000000fe00000000 set
cpu-bind=MASK - nid005249, task  5  5 [37882]: mask 0xfe00000000000000fe0000000000 set
cpu-bind=MASK - nid005249, task  6  6 [37883]: mask 0xfe00000000000000fe000000000000 set
cpu-bind=MASK - nid005249, task  7  7 [37884]: mask 0xfe00000000000000fe00000000000000 set
#Using RCCL
#Using RCCL
#Using RCCL
#Using RCCL
#Using RCCL
#Using RCCL
#Using RCCL
#Using RCCL
MPI VERSION    : CRAY MPICH version 9.0.1.498 (ANL base 4.1.2)
MPI BUILD INFO : Wed Jul 16  9:39 2025 (git hash 0848216) (CH4)
CRAY GTL 0.1.0
BUILD INFO: Sat Jun 28 16:50:55 UTC 2025  by root (git hash 21cb022)

# OSU RCCL-ROCM Allreduce Latency Test v7.5.2
# Size       Avg Latency(us)
4                      35.17
8                      33.83
16                     33.48
32                     35.01
64                     38.50
128                    44.03
256                    44.04
512                    44.72
1024                   44.79
2048                   45.51
4096                   46.73
8192                   48.31
16384                  49.45
32768                  49.08
65536                  48.91
131072                 49.37
262144                 93.35
524288                116.40
1048576               128.12
-- srun /pfs/lustref1/flash/project_462000031/lazzaroa/openmpi_on_ss11/osu/osu-craype//libexec/osu-micro-benchmarks//xccl/collective/osu_xccl_allgather -i 100 -d rocm D D
cpu-bind=MASK - nid005249, task  0  0 [38082]: mask 0xfe00000000000000fe set
cpu-bind=MASK - nid005249, task  1  1 [38083]: mask 0xfe00000000000000fe00 set
cpu-bind=MASK - nid005249, task  2  2 [38084]: mask 0xfe00000000000000fe0000 set
cpu-bind=MASK - nid005249, task  3  3 [38085]: mask 0xfe00000000000000fe000000 set
cpu-bind=MASK - nid005249, task  4  4 [38086]: mask 0xfe00000000000000fe00000000 set
cpu-bind=MASK - nid005249, task  5  5 [38087]: mask 0xfe00000000000000fe0000000000 set
cpu-bind=MASK - nid005249, task  6  6 [38088]: mask 0xfe00000000000000fe000000000000 set
cpu-bind=MASK - nid005249, task  7  7 [38089]: mask 0xfe00000000000000fe00000000000000 set
#Using RCCL
#Using RCCL
#Using RCCL
#Using RCCL
#Using RCCL
#Using RCCL
#Using RCCL
#Using RCCL
MPI VERSION    : CRAY MPICH version 9.0.1.498 (ANL base 4.1.2)
MPI BUILD INFO : Wed Jul 16  9:39 2025 (git hash 0848216) (CH4)
CRAY GTL 0.1.0
BUILD INFO: Sat Jun 28 16:50:55 UTC 2025  by root (git hash 21cb022)

# OSU RCCL-ROCM Allgather Latency Test v7.5.2
# Size       Avg Latency(us)
1                      34.64
2                      33.34
4                      33.38
8                      33.97
16                     33.62
32                     33.57
64                     34.52
128                    33.96
256                    33.88
512                    33.87
1024                   34.68
2048                   37.72
4096                   37.91
8192                   37.73
16384                  38.00
32768                  39.29
65536                  58.35
131072                 61.04
262144                 67.32
524288                 82.22
1048576               116.14
RCCL-tests
-- srun alltoall_perf -d uint8 -b 1 -e 128M -f 2 -g 1
cpu-bind=MASK - nid005249, task  0  0 [38223]: mask 0xfe00000000000000fe set
cpu-bind=MASK - nid005249, task  1  1 [38224]: mask 0xfe00000000000000fe00 set
cpu-bind=MASK - nid005249, task  2  2 [38225]: mask 0xfe00000000000000fe0000 set
cpu-bind=MASK - nid005249, task  3  3 [38226]: mask 0xfe00000000000000fe000000 set
cpu-bind=MASK - nid005249, task  4  4 [38227]: mask 0xfe00000000000000fe00000000 set
cpu-bind=MASK - nid005249, task  5  5 [38228]: mask 0xfe00000000000000fe0000000000 set
cpu-bind=MASK - nid005249, task  6  6 [38229]: mask 0xfe00000000000000fe000000000000 set
cpu-bind=MASK - nid005249, task  7  7 [38230]: mask 0xfe00000000000000fe00000000000000 set
MPI VERSION    : CRAY MPICH version 9.0.1.498 (ANL base 4.1.2)
MPI BUILD INFO : Wed Jul 16  9:39 2025 (git hash 0848216) (CH4)
# Collective test starting: alltoall_perf
# nThread 1 nGpus 1 minBytes 1 maxBytes 134217728 step: 2(factor) warmup iters: 5 iters: 20 agg iters: 1 validation: 1 graph: 0
#
rccl-tests: Version develop_deprecated:40b1b17
# Using devices
#  Rank  0 Group  0 Pid  38223 on  nid005249 device  0 [0000:d1:00] AMD Instinct MI250X
#  Rank  1 Group  0 Pid  38224 on  nid005249 device  0 [0000:d6:00] AMD Instinct MI250X
#  Rank  2 Group  0 Pid  38225 on  nid005249 device  0 [0000:c9:00] AMD Instinct MI250X
#  Rank  3 Group  0 Pid  38226 on  nid005249 device  0 [0000:ce:00] AMD Instinct MI250X
#  Rank  4 Group  0 Pid  38227 on  nid005249 device  0 [0000:d9:00] AMD Instinct MI250X
#  Rank  5 Group  0 Pid  38228 on  nid005249 device  0 [0000:de:00] AMD Instinct MI250X
#  Rank  6 Group  0 Pid  38229 on  nid005249 device  0 [0000:c1:00] AMD Instinct MI250X
#  Rank  7 Group  0 Pid  38230 on  nid005249 device  0 [0000:c6:00] AMD Instinct MI250X
#
#                                                              out-of-place                       in-place          
#       size         count      type   redop    root     time   algbw   busbw #wrong     time   algbw   busbw #wrong                               
#        (B)    (elements)                               (us)  (GB/s)  (GB/s)            (us)  (GB/s)  (GB/s)                                      
           0             0     uint8    none      -1     2.69    0.00    0.00      0     0.08    0.00    0.00    N/A
           0             0     uint8    none      -1     0.07    0.00    0.00      0     0.08    0.00    0.00    N/A
           0             0     uint8    none      -1     0.07    0.00    0.00      0     0.07    0.00    0.00    N/A
           0             0     uint8    none      -1     0.07    0.00    0.00      0     0.07    0.00    0.00    N/A
           0             0     uint8    none      -1     0.07    0.00    0.00      0     0.08    0.00    0.00    N/A
           0             0     uint8    none      -1     0.07    0.00    0.00      0     0.08    0.00    0.00    N/A
           0             0     uint8    none      -1     0.07    0.00    0.00      0     0.08    0.00    0.00    N/A
         128            16     uint8    none      -1    13.08    0.01    0.01      0    11.79    0.01    0.01    N/A
         256            32     uint8    none      -1    13.06    0.02    0.02      0    11.61    0.02    0.02    N/A
         512            64     uint8    none      -1    12.80    0.04    0.03      0    12.10    0.04    0.04    N/A
        1024           128     uint8    none      -1    13.12    0.08    0.07      0    11.64    0.09    0.08    N/A
        2048           256     uint8    none      -1    12.49    0.16    0.14      0    11.66    0.18    0.15    N/A
        4096           512     uint8    none      -1    12.95    0.32    0.28      0    11.37    0.36    0.32    N/A
        8192          1024     uint8    none      -1    12.48    0.66    0.57      0    12.23    0.67    0.59    N/A
       16384          2048     uint8    none      -1    13.48    1.22    1.06      0    12.59    1.30    1.14    N/A
       32768          4096     uint8    none      -1    15.05    2.18    1.90      0    14.25    2.30    2.01    N/A
       65536          8192     uint8    none      -1    15.93    4.11    3.60      0    14.48    4.53    3.96    N/A
      131072         16384     uint8    none      -1    18.43    7.11    6.22      0    18.62    7.04    6.16    N/A
      262144         32768     uint8    none      -1    26.61    9.85    8.62      0    26.27    9.98    8.73    N/A
      524288         65536     uint8    none      -1    26.91   19.48   17.05      0    25.72   20.39   17.84    N/A
     1048576        131072     uint8    none      -1    32.11   32.66   28.58      0    32.22   32.55   28.48    N/A
     2097152        262144     uint8    none      -1    50.76   41.31   36.15      0    49.93   42.00   36.75    N/A
     4194304        524288     uint8    none      -1    84.29   49.76   43.54      0    83.94   49.97   43.72    N/A
     8388608       1048576     uint8    none      -1    154.9   54.15   47.38      0    154.3   54.35   47.56    N/A
    16777216       2097152     uint8    none      -1    263.3   63.71   55.75      0    263.8   63.60   55.65    N/A
    33554432       4194304     uint8    none      -1    482.1   69.60   60.90      0    482.2   69.58   60.88    N/A
    67108864       8388608     uint8    none      -1    926.4   72.44   63.39      0    927.5   72.36   63.31    N/A
   134217728      16777216     uint8    none      -1   1808.0   74.24   64.96      0   1806.2   74.31   65.02    N/A
# Errors with asterisks indicate errors that have exceeded the maximum threshold.
# Out of bounds values : 0 OK
# Avg bus bandwidth    : 15.7613 
#
# Collective test concluded: alltoall_perf

-- srun all_reduce_perf -d uint8 -b 1 -e 128M -f 2 -g 1
cpu-bind=MASK - nid005249, task  0  0 [38442]: mask 0xfe00000000000000fe set
cpu-bind=MASK - nid005249, task  1  1 [38443]: mask 0xfe00000000000000fe00 set
cpu-bind=MASK - nid005249, task  2  2 [38444]: mask 0xfe00000000000000fe0000 set
cpu-bind=MASK - nid005249, task  3  3 [38445]: mask 0xfe00000000000000fe000000 set
cpu-bind=MASK - nid005249, task  4  4 [38446]: mask 0xfe00000000000000fe00000000 set
cpu-bind=MASK - nid005249, task  5  5 [38447]: mask 0xfe00000000000000fe0000000000 set
cpu-bind=MASK - nid005249, task  6  6 [38448]: mask 0xfe00000000000000fe000000000000 set
cpu-bind=MASK - nid005249, task  7  7 [38449]: mask 0xfe00000000000000fe00000000000000 set
MPI VERSION    : CRAY MPICH version 9.0.1.498 (ANL base 4.1.2)
MPI BUILD INFO : Wed Jul 16  9:39 2025 (git hash 0848216) (CH4)
# Collective test starting: all_reduce_perf
# nThread 1 nGpus 1 minBytes 1 maxBytes 134217728 step: 2(factor) warmup iters: 5 iters: 20 agg iters: 1 validation: 1 graph: 0
#
rccl-tests: Version develop_deprecated:40b1b17
# Using devices
#  Rank  0 Group  0 Pid  38442 on  nid005249 device  0 [0000:d1:00] AMD Instinct MI250X
#  Rank  1 Group  0 Pid  38443 on  nid005249 device  0 [0000:d6:00] AMD Instinct MI250X
#  Rank  2 Group  0 Pid  38444 on  nid005249 device  0 [0000:c9:00] AMD Instinct MI250X
#  Rank  3 Group  0 Pid  38445 on  nid005249 device  0 [0000:ce:00] AMD Instinct MI250X
#  Rank  4 Group  0 Pid  38446 on  nid005249 device  0 [0000:d9:00] AMD Instinct MI250X
#  Rank  5 Group  0 Pid  38447 on  nid005249 device  0 [0000:de:00] AMD Instinct MI250X
#  Rank  6 Group  0 Pid  38448 on  nid005249 device  0 [0000:c1:00] AMD Instinct MI250X
#  Rank  7 Group  0 Pid  38449 on  nid005249 device  0 [0000:c6:00] AMD Instinct MI250X
#
#                                                              out-of-place                       in-place          
#       size         count      type   redop    root     time   algbw   busbw #wrong     time   algbw   busbw #wrong                               
#        (B)    (elements)                               (us)  (GB/s)  (GB/s)            (us)  (GB/s)  (GB/s)                                      
           1             1     uint8     sum      -1    43.80    0.00    0.00      0    27.45    0.00    0.00      0
           2             2     uint8     sum      -1    31.55    0.00    0.00      0    27.37    0.00    0.00      0
           4             4     uint8     sum      -1    26.89    0.00    0.00      0    21.52    0.00    0.00      0
           8             8     uint8     sum      -1    21.38    0.00    0.00      0    22.04    0.00    0.00      0
          16            16     uint8     sum      -1    21.29    0.00    0.00      0    21.48    0.00    0.00      0
          32            32     uint8     sum      -1    23.59    0.00    0.00      0    22.75    0.00    0.00      0
          64            64     uint8     sum      -1    26.19    0.00    0.00      0    27.17    0.00    0.00      0
         128           128     uint8     sum      -1    33.02    0.00    0.01      0    33.61    0.00    0.01      0
         256           256     uint8     sum      -1    32.66    0.01    0.01      0    32.83    0.01    0.01      0
         512           512     uint8     sum      -1    33.63    0.02    0.03      0    32.69    0.02    0.03      0
        1024          1024     uint8     sum      -1    32.76    0.03    0.05      0    33.32    0.03    0.05      0
        2048          2048     uint8     sum      -1    33.55    0.06    0.11      0    33.47    0.06    0.11      0
        4096          4096     uint8     sum      -1    34.44    0.12    0.21      0    34.04    0.12    0.21      0
        8192          8192     uint8     sum      -1    35.58    0.23    0.40      0    34.93    0.23    0.41      0
       16384         16384     uint8     sum      -1    38.35    0.43    0.75      0    39.00    0.42    0.74      0
       32768         32768     uint8     sum      -1    38.39    0.85    1.49      0    38.64    0.85    1.48      0
       65536         65536     uint8     sum      -1    38.79    1.69    2.96      0    38.32    1.71    2.99      0
      131072        131072     uint8     sum      -1    38.33    3.42    5.98      0    38.35    3.42    5.98      0
      262144        262144     uint8     sum      -1    75.68    3.46    6.06      0    74.13    3.54    6.19      0
      524288        524288     uint8     sum      -1    99.35    5.28    9.23      0    99.41    5.27    9.23      0
     1048576       1048576     uint8     sum      -1    112.0    9.37   16.39      0    111.0    9.45   16.53      0
     2097152       2097152     uint8     sum      -1    135.4   15.49   27.11      0    135.9   15.43   27.01      0
     4194304       4194304     uint8     sum      -1    185.6   22.60   39.54      0    186.0   22.55   39.47      0
     8388608       8388608     uint8     sum      -1    288.4   29.09   50.91      0    287.5   29.18   51.06      0
    16777216      16777216     uint8     sum      -1    298.9   56.14   98.24      0    294.1   57.05   99.83      0
    33554432      33554432     uint8     sum      -1    516.5   64.96  113.69      0    504.1   66.56  116.48      0
    67108864      67108864     uint8     sum      -1    954.6   70.30  123.02      0    921.8   72.80  127.40      0
   134217728     134217728     uint8     sum      -1   1834.4   73.17  128.04      0   1763.5   76.11  133.19      0
# Errors with asterisks indicate errors that have exceeded the maximum threshold.
# Out of bounds values : 0 OK
# Avg bus bandwidth    : 22.5478 
#
# Collective test concluded: all_reduce_perf

-- srun all_gather_perf -d uint8 -b 1 -e 128M -f 2 -g 1
cpu-bind=MASK - nid005249, task  0  0 [38607]: mask 0xfe00000000000000fe set
cpu-bind=MASK - nid005249, task  1  1 [38608]: mask 0xfe00000000000000fe00 set
cpu-bind=MASK - nid005249, task  2  2 [38609]: mask 0xfe00000000000000fe0000 set
cpu-bind=MASK - nid005249, task  3  3 [38610]: mask 0xfe00000000000000fe000000 set
cpu-bind=MASK - nid005249, task  4  4 [38611]: mask 0xfe00000000000000fe00000000 set
cpu-bind=MASK - nid005249, task  5  5 [38612]: mask 0xfe00000000000000fe0000000000 set
cpu-bind=MASK - nid005249, task  6  6 [38613]: mask 0xfe00000000000000fe000000000000 set
cpu-bind=MASK - nid005249, task  7  7 [38614]: mask 0xfe00000000000000fe00000000000000 set
MPI VERSION    : CRAY MPICH version 9.0.1.498 (ANL base 4.1.2)
MPI BUILD INFO : Wed Jul 16  9:39 2025 (git hash 0848216) (CH4)
# Collective test starting: all_gather_perf
# nThread 1 nGpus 1 minBytes 1 maxBytes 134217728 step: 2(factor) warmup iters: 5 iters: 20 agg iters: 1 validation: 1 graph: 0
#
rccl-tests: Version develop_deprecated:40b1b17
# Using devices
#  Rank  0 Group  0 Pid  38607 on  nid005249 device  0 [0000:d1:00] AMD Instinct MI250X
#  Rank  1 Group  0 Pid  38608 on  nid005249 device  0 [0000:d6:00] AMD Instinct MI250X
#  Rank  2 Group  0 Pid  38609 on  nid005249 device  0 [0000:c9:00] AMD Instinct MI250X
#  Rank  3 Group  0 Pid  38610 on  nid005249 device  0 [0000:ce:00] AMD Instinct MI250X
#  Rank  4 Group  0 Pid  38611 on  nid005249 device  0 [0000:d9:00] AMD Instinct MI250X
#  Rank  5 Group  0 Pid  38612 on  nid005249 device  0 [0000:de:00] AMD Instinct MI250X
#  Rank  6 Group  0 Pid  38613 on  nid005249 device  0 [0000:c1:00] AMD Instinct MI250X
#  Rank  7 Group  0 Pid  38614 on  nid005249 device  0 [0000:c6:00] AMD Instinct MI250X
#
#                                                              out-of-place                       in-place          
#       size         count      type   redop    root     time   algbw   busbw #wrong     time   algbw   busbw #wrong                               
#        (B)    (elements)                               (us)  (GB/s)  (GB/s)            (us)  (GB/s)  (GB/s)                                      
           0             0     uint8    none      -1     2.64    0.00    0.00      0     0.14    0.00    0.00      0
           0             0     uint8    none      -1     0.13    0.00    0.00      0     0.14    0.00    0.00      0
           0             0     uint8    none      -1     0.13    0.00    0.00      0     0.13    0.00    0.00      0
           0             0     uint8    none      -1     0.13    0.00    0.00      0     0.13    0.00    0.00      0
           0             0     uint8    none      -1     0.13    0.00    0.00      0     0.13    0.00    0.00      0
           0             0     uint8    none      -1     0.13    0.00    0.00      0     0.13    0.00    0.00      0
           0             0     uint8    none      -1     0.13    0.00    0.00      0     0.13    0.00    0.00      0
         128            16     uint8    none      -1    24.78    0.01    0.00      0    25.65    0.00    0.00      0
         256            32     uint8    none      -1    28.27    0.01    0.01      0    25.40    0.01    0.01      0
         512            64     uint8    none      -1    25.06    0.02    0.02      0    22.48    0.02    0.02      0
        1024           128     uint8    none      -1    22.54    0.05    0.04      0    21.97    0.05    0.04      0
        2048           256     uint8    none      -1    22.08    0.09    0.08      0    21.90    0.09    0.08      0
        4096           512     uint8    none      -1    23.62    0.17    0.15      0    21.93    0.19    0.16      0
        8192          1024     uint8    none      -1    23.16    0.35    0.31      0    23.04    0.36    0.31      0
       16384          2048     uint8    none      -1    25.30    0.65    0.57      0    24.79    0.66    0.58      0
       32768          4096     uint8    none      -1    26.29    1.25    1.09      0    24.86    1.32    1.15      0
       65536          8192     uint8    none      -1    26.06    2.51    2.20      0    25.29    2.59    2.27      0
      131072         16384     uint8    none      -1    26.14    5.01    4.39      0    25.78    5.09    4.45      0
      262144         32768     uint8    none      -1    26.68    9.82    8.60      0    26.28    9.97    8.73      0
      524288         65536     uint8    none      -1    44.57   11.76   10.29      0    42.67   12.29   10.75      0
     1048576        131072     uint8    none      -1    45.64   22.98   20.10      0    45.37   23.11   20.22      0
     2097152        262144     uint8    none      -1    51.60   40.64   35.56      0    51.42   40.78   35.69      0
     4194304        524288     uint8    none      -1    66.99   62.61   54.79      0    66.23   63.33   55.41      0
     8388608       1048576     uint8    none      -1    102.5   81.86   71.63      0    101.0   83.03   72.65      0
    16777216       2097152     uint8    none      -1    159.7  105.05   91.92      0    158.5  105.87   92.64      0
    33554432       4194304     uint8    none      -1    274.7  122.14  106.87      0    271.9  123.42  107.99      0
    67108864       8388608     uint8    none      -1    504.9  132.92  116.30      0    504.4  133.04  116.41      0
   134217728      16777216     uint8    none      -1    969.4  138.46  121.15      0    971.6  138.15  120.88      0
# Errors with asterisks indicate errors that have exceeded the maximum threshold.
# Out of bounds values : 0 OK
# Avg bus bandwidth    : 23.1523 
#
# Collective test concluded: all_gather_perf

