Starting job 190609 on gpu-1-[1-16] on Olivia at Wed Feb 25 10:16:21 CET 2026

ROOT_DIR = /cluster/home/marcink/hpe_cug_paper/openmpi_on_ss11
Running "module reset". Resetting modules to system default. The following $MODULEPATH directories have been removed: None

Lmod is automatically replacing "cce/19.0.0" with "gcc-native/14.2".


Due to MODULEPATH changes, the following have been reloaded:
  1) cray-libsci/25.03.0     2) cray-mpich/8.1.32


The following have been reloaded with a version change:
  1) gcc-native/14.2 => gcc-native/13.2


Currently Loaded Modules:
  1) init-NRIS                      (S)   9) craype/2.7.34
  2) craype-arm-grace                    10) cray-dsmml/0.3.1
  3) libfabric/1.22.0                    11) PrgEnv-gnu/8.6.0
  4) craype-network-ofi                  12) gcc-native/13.2
  5) perftools-base/25.03.0              13) cray-mpich/8.1.32
  6) xpmem/2.11.3-1.3_gdbda01a1eb3d      14) cray-libsci/25.03.0
  7) CrayEnv                             15) craype-accel-nvidia90
  8) cuda/12.6

  Where:
   S:  Module is Sticky, requires --force to unload or purge

 

-- srun osu_alltoall D D
cpu-bind=MASK - gpu-1-8, task 28  0 [1967770]: mask 0xffffffffffffffffff set
cpu-bind=MASK - gpu-1-8, task 29  1 [1967771]: mask 0xffffffffffffffffff000000000000000000 set
cpu-bind=MASK - gpu-1-9, task 32  0 [395549]: mask 0xffffffffffffffffff set
cpu-bind=MASK - gpu-1-8, task 30  2 [1967772]: mask 0xffffffffffffffffff000000000000000000000000000000000000 set
cpu-bind=MASK - gpu-1-8, task 31  3 [1967773]: mask 0xffffffffffffffffff000000000000000000000000000000000000000000000000000000 set
cpu-bind=MASK - gpu-1-9, task 33  1 [395550]: mask 0xffffffffffffffffff000000000000000000 set
cpu-bind=MASK - gpu-1-12, task 44  0 [389229]: mask 0xffffffffffffffffff set
cpu-bind=MASK - gpu-1-10, task 36  0 [1878986]: mask 0xffffffffffffffffff set
cpu-bind=MASK - gpu-1-9, task 34  2 [395551]: mask 0xffffffffffffffffff000000000000000000000000000000000000 set
cpu-bind=MASK - gpu-1-12, task 45  1 [389230]: mask 0xffffffffffffffffff000000000000000000 set
cpu-bind=MASK - gpu-1-10, task 37  1 [1878987]: mask 0xffffffffffffffffff000000000000000000 set
cpu-bind=MASK - gpu-1-12, task 46  2 [389231]: mask 0xffffffffffffffffff000000000000000000000000000000000000 set
cpu-bind=MASK - gpu-1-1, task  0  0 [3044629]: mask 0xffffffffffffffffff set
cpu-bind=MASK - gpu-1-10, task 38  2 [1878988]: mask 0xffffffffffffffffff000000000000000000000000000000000000 set
cpu-bind=MASK - gpu-1-9, task 35  3 [395552]: mask 0xffffffffffffffffff000000000000000000000000000000000000000000000000000000 set
cpu-bind=MASK - gpu-1-15, task 56  0 [3222048]: mask 0xffffffffffffffffff set
cpu-bind=MASK - gpu-1-12, task 47  3 [389232]: mask 0xffffffffffffffffff000000000000000000000000000000000000000000000000000000 set
cpu-bind=MASK - gpu-1-3, task  8  0 [1549143]: mask 0xffffffffffffffffff set
cpu-bind=MASK - gpu-1-1, task  1  1 [3044630]: mask 0xffffffffffffffffff000000000000000000 set
cpu-bind=MASK - gpu-1-15, task 57  1 [3222049]: mask 0xffffffffffffffffff000000000000000000 set
cpu-bind=MASK - gpu-1-10, task 39  3 [1878989]: mask 0xffffffffffffffffff000000000000000000000000000000000000000000000000000000 set
cpu-bind=MASK - gpu-1-3, task  9  1 [1549144]: mask 0xffffffffffffffffff000000000000000000 set
cpu-bind=MASK - gpu-1-15, task 58  2 [3222050]: mask 0xffffffffffffffffff000000000000000000000000000000000000 set
cpu-bind=MASK - gpu-1-3, task 10  2 [1549145]: mask 0xffffffffffffffffff000000000000000000000000000000000000 set
cpu-bind=MASK - gpu-1-1, task  2  2 [3044631]: mask 0xffffffffffffffffff000000000000000000000000000000000000 set
cpu-bind=MASK - gpu-1-3, task 11  3 [1549146]: mask 0xffffffffffffffffff000000000000000000000000000000000000000000000000000000 set
cpu-bind=MASK - gpu-1-15, task 59  3 [3222051]: mask 0xffffffffffffffffff000000000000000000000000000000000000000000000000000000 set
cpu-bind=MASK - gpu-1-5, task 16  0 [3220198]: mask 0xffffffffffffffffff set
cpu-bind=MASK - gpu-1-5, task 17  1 [3220199]: mask 0xffffffffffffffffff000000000000000000 set
cpu-bind=MASK - gpu-1-1, task  3  3 [3044632]: mask 0xffffffffffffffffff000000000000000000000000000000000000000000000000000000 set
cpu-bind=MASK - gpu-1-5, task 18  2 [3220200]: mask 0xffffffffffffffffff000000000000000000000000000000000000 set
cpu-bind=MASK - gpu-1-13, task 48  0 [385997]: mask 0xffffffffffffffffff set
cpu-bind=MASK - gpu-1-13, task 49  1 [385998]: mask 0xffffffffffffffffff000000000000000000 set
cpu-bind=MASK - gpu-1-5, task 19  3 [3220201]: mask 0xffffffffffffffffff000000000000000000000000000000000000000000000000000000 set
cpu-bind=MASK - gpu-1-13, task 50  2 [385999]: mask 0xffffffffffffffffff000000000000000000000000000000000000 set
cpu-bind=MASK - gpu-1-4, task 12  0 [2437515]: mask 0xffffffffffffffffff set
cpu-bind=MASK - gpu-1-13, task 51  3 [386000]: mask 0xffffffffffffffffff000000000000000000000000000000000000000000000000000000 set
cpu-bind=MASK - gpu-1-4, task 13  1 [2437516]: mask 0xffffffffffffffffff000000000000000000 set
cpu-bind=MASK - gpu-1-16, task 60  0 [2675987]: mask 0xffffffffffffffffff set
cpu-bind=MASK - gpu-1-2, task  4  0 [363524]: mask 0xffffffffffffffffff set
cpu-bind=MASK - gpu-1-14, task 52  0 [3490349]: mask 0xffffffffffffffffff set
cpu-bind=MASK - gpu-1-11, task 40  0 [371735]: mask 0xffffffffffffffffff set
cpu-bind=MASK - gpu-1-4, task 14  2 [2437517]: mask 0xffffffffffffffffff000000000000000000000000000000000000 set
cpu-bind=MASK - gpu-1-11, task 41  1 [371736]: mask 0xffffffffffffffffff000000000000000000 set
cpu-bind=MASK - gpu-1-16, task 61  1 [2675988]: mask 0xffffffffffffffffff000000000000000000 set
cpu-bind=MASK - gpu-1-2, task  5  1 [363525]: mask 0xffffffffffffffffff000000000000000000 set
cpu-bind=MASK - gpu-1-7, task 24  0 [2883473]: mask 0xffffffffffffffffff set
cpu-bind=MASK - gpu-1-11, task 42  2 [371737]: mask 0xffffffffffffffffff000000000000000000000000000000000000 set
cpu-bind=MASK - gpu-1-14, task 53  1 [3490350]: mask 0xffffffffffffffffff000000000000000000 set
cpu-bind=MASK - gpu-1-16, task 62  2 [2675989]: mask 0xffffffffffffffffff000000000000000000000000000000000000 set
cpu-bind=MASK - gpu-1-2, task  6  2 [363526]: mask 0xffffffffffffffffff000000000000000000000000000000000000 set
cpu-bind=MASK - gpu-1-7, task 25  1 [2883474]: mask 0xffffffffffffffffff000000000000000000 set
using SLURM envars
cpu-bind=MASK - gpu-1-4, task 15  3 [2437518]: mask 0xffffffffffffffffff000000000000000000000000000000000000000000000000000000 set
rank local 0 gpu 0 nic cxi0
cpu-bind=MASK - gpu-1-7, task 26  2 [2883475]: mask 0xffffffffffffffffff000000000000000000000000000000000000 set
cpu-bind=MASK - gpu-1-14, task 54  2 [3490351]: mask 0xffffffffffffffffff000000000000000000000000000000000000 set
cpu-bind=MASK - gpu-1-11, task 43  3 [371738]: mask 0xffffffffffffffffff000000000000000000000000000000000000000000000000000000 set
cpu-bind=MASK - gpu-1-16, task 63  3 [2675990]: mask 0xffffffffffffffffff000000000000000000000000000000000000000000000000000000 set
cpu-bind=MASK - gpu-1-2, task  7  3 [363527]: mask 0xffffffffffffffffff000000000000000000000000000000000000000000000000000000 set
cpu-bind=MASK - gpu-1-7, task 27  3 [2883476]: mask 0xffffffffffffffffff000000000000000000000000000000000000000000000000000000 set
using SLURM envars
rank local 1 gpu 1 nic cxi1
cpu-bind=MASK - gpu-1-14, task 55  3 [3490352]: mask 0xffffffffffffffffff000000000000000000000000000000000000000000000000000000 set
using SLURM envars
rank local 2 gpu 2 nic cxi2
using SLURM envars
rank local 3 gpu 3 nic cxi3
cpu-bind=MASK - gpu-1-6, task 20  0 [677608]: mask 0xffffffffffffffffff set
cpu-bind=MASK - gpu-1-6, task 21  1 [677609]: mask 0xffffffffffffffffff000000000000000000 set
cpu-bind=MASK - gpu-1-6, task 22  2 [677610]: mask 0xffffffffffffffffff000000000000000000000000000000000000 set
cpu-bind=MASK - gpu-1-6, task 23  3 [677611]: mask 0xffffffffffffffffff000000000000000000000000000000000000000000000000000000 set
using SLURM envars
rank local 3 gpu 3 nic cxi3
using SLURM envars
rank local 0 gpu 0 nic cxi0
using SLURM envars
rank local 2 gpu 2 nic cxi2
using SLURM envars
rank local 1 gpu 1 nic cxi1
using SLURM envars
rank local 0 gpu 0 nic cxi0
using SLURM envars
rank local 3 gpu 3 nic cxi3
using SLURM envars
rank local 1 gpu 1 nic cxi1
using SLURM envars
rank local 2 gpu 2 nic cxi2
using SLURM envars
rank local 3 gpu 3 nic cxi3
using SLURM envars
rank local 0 gpu 0 nic cxi0
using SLURM envars
rank local 1 gpu 1 nic cxi1
using SLURM envars
rank local 2 gpu 2 nic cxi2
using SLURM envars
rank local 2 gpu 2 nic cxi2
using SLURM envars
rank local 0 gpu 0 nic cxi0
using SLURM envars
rank local 1 gpu 1 nic cxi1
using SLURM envars
rank local 3 gpu 3 nic cxi3
using SLURM envars
rank local 1 gpu 1 nic cxi1
using SLURM envars
rank local 0 gpu 0 nic cxi0
using SLURM envars
using SLURM envars
rank local 1 gpu 1 nic cxi1
rank local 2 gpu 2 nic cxi2
using SLURM envars
rank local 3 gpu 3 nic cxi3
using SLURM envars
rank local 0 gpu 0 nic cxi0
using SLURM envars
rank local 2 gpu 2 nic cxi2
using SLURM envars
rank local 3 gpu 3 nic cxi3
using SLURM envars
rank local 0 gpu 0 nic cxi0
using SLURM envars
rank local 1 gpu 1 nic cxi1
using SLURM envars
rank local 3 gpu 3 nic cxi3
using SLURM envars
rank local 2 gpu 2 nic cxi2
using SLURM envars
rank local 1 gpu 1 nic cxi1
using SLURM envars
rank local 0 gpu 0 nic cxi0
using SLURM envars
rank local 2 gpu 2 nic cxi2
using SLURM envars
rank local 3 gpu 3 nic cxi3
using SLURM envars
rank local 0 gpu 0 nic cxi0
using SLURM envars
rank local 1 gpu 1 nic cxi1
using SLURM envars
using SLURM envars
rank local 2 gpu 2 nic cxi2
rank local 3 gpu 3 nic cxi3
using SLURM envars
rank local 3 gpu 3 nic cxi3
using SLURM envars
rank local 2 gpu 2 nic cxi2
using SLURM envars
rank local 0 gpu 0 nic cxi0
using SLURM envars
rank local 1 gpu 1 nic cxi1
using SLURM envars
rank local 1 gpu 1 nic cxi1
using SLURM envars
rank local 3 gpu 3 nic cxi3
using SLURM envars
rank local 0 gpu 0 nic cxi0
using SLURM envars
rank local 2 gpu 2 nic cxi2
using SLURM envars
rank local 3 gpu 3 nic cxi3
using SLURM envars
rank local 2 gpu 2 nic cxi2
using SLURM envars
rank local 0 gpu 0 nic cxi0
using SLURM envars
rank local 1 gpu 1 nic cxi1
using SLURM envars
rank local 0 gpu 0 nic cxi0
using SLURM envars
rank local 3 gpu 3 nic cxi3
using SLURM envars
rank local 1 gpu 1 nic cxi1
using SLURM envars
rank local 2 gpu 2 nic cxi2
using SLURM envars
rank local 3 gpu 3 nic cxi3
using SLURM envars
rank local 0 gpu 0 nic cxi0
using SLURM envars
rank local 2 gpu 2 nic cxi2
using SLURM envars
using SLURM envars
rank local 1 gpu 1 nic cxi1
rank local 3 gpu 3 nic cxi3
using SLURM envars
rank local 2 gpu 2 nic cxi2
using SLURM envars
using SLURM envars
rank local 0 gpu 0 nic cxi0
rank local 1 gpu 1 nic cxi1

# OSU MPI All-to-All Personalized Exchange Latency Test v7.5.2
# Datatype: MPI_CHAR.
# Size       Avg Latency(us)
1                     205.43
2                     202.95
4                     202.01
8                     207.11
16                    206.27
32                    226.10
64                    234.13
128                   242.16
256                   245.85
512                   254.62
1024                  155.59
2048                  155.79
4096                  162.46
8192                  182.12
16384                 200.53
32768                 178.45
65536                 237.47
131072                480.34
262144               1050.22
524288               2760.33
1048576              5060.26
-- srun osu_allreduce D D
cpu-bind=MASK - gpu-1-10, task 36  0 [1880236]: mask 0xffffffffffffffffff set
cpu-bind=MASK - gpu-1-10, task 37  1 [1880237]: mask 0xffffffffffffffffff000000000000000000 set
cpu-bind=MASK - gpu-1-10, task 38  2 [1880238]: mask 0xffffffffffffffffff000000000000000000000000000000000000 set
cpu-bind=MASK - gpu-1-12, task 44  0 [390467]: mask 0xffffffffffffffffff set
cpu-bind=MASK - gpu-1-12, task 45  1 [390468]: mask 0xffffffffffffffffff000000000000000000 set
cpu-bind=MASK - gpu-1-12, task 46  2 [390469]: mask 0xffffffffffffffffff000000000000000000000000000000000000 set
cpu-bind=MASK - gpu-1-10, task 39  3 [1880239]: mask 0xffffffffffffffffff000000000000000000000000000000000000000000000000000000 set
cpu-bind=MASK - gpu-1-12, task 47  3 [390470]: mask 0xffffffffffffffffff000000000000000000000000000000000000000000000000000000 set
cpu-bind=MASK - gpu-1-16, task 60  0 [2677230]: mask 0xffffffffffffffffff set
cpu-bind=MASK - gpu-1-16, task 61  1 [2677231]: mask 0xffffffffffffffffff000000000000000000 set
cpu-bind=MASK - gpu-1-16, task 62  2 [2677232]: mask 0xffffffffffffffffff000000000000000000000000000000000000 set
using SLURM envars
rank local 0 gpu 0 nic cxi0
cpu-bind=MASK - gpu-1-16, task 63  3 [2677233]: mask 0xffffffffffffffffff000000000000000000000000000000000000000000000000000000 set
using SLURM envars
rank local 0 gpu 0 nic cxi0
using SLURM envars
rank local 1 gpu 1 nic cxi1
cpu-bind=MASK - gpu-1-9, task 32  0 [396788]: mask 0xffffffffffffffffff set
using SLURM envars
rank local 3 gpu 3 nic cxi3
using SLURM envars
rank local 2 gpu 2 nic cxi2
cpu-bind=MASK - gpu-1-9, task 33  1 [396789]: mask 0xffffffffffffffffff000000000000000000 set
using SLURM envars
rank local 1 gpu 1 nic cxi1
cpu-bind=MASK - gpu-1-9, task 34  2 [396790]: mask 0xffffffffffffffffff000000000000000000000000000000000000 set
using SLURM envars
rank local 2 gpu 2 nic cxi2
using SLURM envars
rank local 3 gpu 3 nic cxi3
cpu-bind=MASK - gpu-1-9, task 35  3 [396791]: mask 0xffffffffffffffffff000000000000000000000000000000000000000000000000000000 set
cpu-bind=MASK - gpu-1-14, task 52  0 [3491585]: mask 0xffffffffffffffffff set
cpu-bind=MASK - gpu-1-6, task 20  0 [678844]: mask 0xffffffffffffffffff set
cpu-bind=MASK - gpu-1-14, task 53  1 [3491586]: mask 0xffffffffffffffffff000000000000000000 set
cpu-bind=MASK - gpu-1-6, task 21  1 [678845]: mask 0xffffffffffffffffff000000000000000000 set
cpu-bind=MASK - gpu-1-8, task 28  0 [1969005]: mask 0xffffffffffffffffff set
cpu-bind=MASK - gpu-1-11, task 40  0 [372977]: mask 0xffffffffffffffffff set
cpu-bind=MASK - gpu-1-3, task  8  0 [1550378]: mask 0xffffffffffffffffff set
cpu-bind=MASK - gpu-1-14, task 54  2 [3491587]: mask 0xffffffffffffffffff000000000000000000000000000000000000 set
using SLURM envars
rank local 1 gpu 1 nic cxi1
cpu-bind=MASK - gpu-1-13, task 48  0 [387238]: mask 0xffffffffffffffffff set
cpu-bind=MASK - gpu-1-4, task 12  0 [2438750]: mask 0xffffffffffffffffff set
cpu-bind=MASK - gpu-1-6, task 22  2 [678846]: mask 0xffffffffffffffffff000000000000000000000000000000000000 set
cpu-bind=MASK - gpu-1-3, task  9  1 [1550379]: mask 0xffffffffffffffffff000000000000000000 set
cpu-bind=MASK - gpu-1-13, task 49  1 [387239]: mask 0xffffffffffffffffff000000000000000000 set
cpu-bind=MASK - gpu-1-8, task 29  1 [1969006]: mask 0xffffffffffffffffff000000000000000000 set
cpu-bind=MASK - gpu-1-11, task 41  1 [372978]: mask 0xffffffffffffffffff000000000000000000 set
using SLURM envars
rank local 0 gpu 0 nic cxi0
cpu-bind=MASK - gpu-1-7, task 24  0 [2884708]: mask 0xffffffffffffffffff set
cpu-bind=MASK - gpu-1-8, task 30  2 [1969007]: mask 0xffffffffffffffffff000000000000000000000000000000000000 set
cpu-bind=MASK - gpu-1-3, task 10  2 [1550380]: mask 0xffffffffffffffffff000000000000000000000000000000000000 set
cpu-bind=MASK - gpu-1-13, task 50  2 [387240]: mask 0xffffffffffffffffff000000000000000000000000000000000000 set
cpu-bind=MASK - gpu-1-4, task 13  1 [2438751]: mask 0xffffffffffffffffff000000000000000000 set
cpu-bind=MASK - gpu-1-2, task  4  0 [364773]: mask 0xffffffffffffffffff set
cpu-bind=MASK - gpu-1-7, task 25  1 [2884709]: mask 0xffffffffffffffffff000000000000000000 set
using SLURM envars
rank local 2 gpu 2 nic cxi2
using SLURM envars
rank local 3 gpu 3 nic cxi3
cpu-bind=MASK - gpu-1-11, task 42  2 [372979]: mask 0xffffffffffffffffff000000000000000000000000000000000000 set
cpu-bind=MASK - gpu-1-4, task 14  2 [2438752]: mask 0xffffffffffffffffff000000000000000000000000000000000000 set
cpu-bind=MASK - gpu-1-2, task  5  1 [364774]: mask 0xffffffffffffffffff000000000000000000 set
cpu-bind=MASK - gpu-1-7, task 26  2 [2884710]: mask 0xffffffffffffffffff000000000000000000000000000000000000 set
cpu-bind=MASK - gpu-1-6, task 23  3 [678847]: mask 0xffffffffffffffffff000000000000000000000000000000000000000000000000000000 set
cpu-bind=MASK - gpu-1-14, task 55  3 [3491588]: mask 0xffffffffffffffffff000000000000000000000000000000000000000000000000000000 set
cpu-bind=MASK - gpu-1-8, task 31  3 [1969008]: mask 0xffffffffffffffffff000000000000000000000000000000000000000000000000000000 set
cpu-bind=MASK - gpu-1-3, task 11  3 [1550381]: mask 0xffffffffffffffffff000000000000000000000000000000000000000000000000000000 set
cpu-bind=MASK - gpu-1-5, task 16  0 [3221433]: mask 0xffffffffffffffffff set
cpu-bind=MASK - gpu-1-15, task 56  0 [3223285]: mask 0xffffffffffffffffff set
cpu-bind=MASK - gpu-1-2, task  6  2 [364775]: mask 0xffffffffffffffffff000000000000000000000000000000000000 set
cpu-bind=MASK - gpu-1-13, task 51  3 [387241]: mask 0xffffffffffffffffff000000000000000000000000000000000000000000000000000000 set
cpu-bind=MASK - gpu-1-5, task 17  1 [3221434]: mask 0xffffffffffffffffff000000000000000000 set
cpu-bind=MASK - gpu-1-11, task 43  3 [372980]: mask 0xffffffffffffffffff000000000000000000000000000000000000000000000000000000 set
using SLURM envars
rank local 1 gpu 1 nic cxi1
cpu-bind=MASK - gpu-1-7, task 27  3 [2884711]: mask 0xffffffffffffffffff000000000000000000000000000000000000000000000000000000 set
cpu-bind=MASK - gpu-1-4, task 15  3 [2438753]: mask 0xffffffffffffffffff000000000000000000000000000000000000000000000000000000 set
cpu-bind=MASK - gpu-1-15, task 57  1 [3223286]: mask 0xffffffffffffffffff000000000000000000 set
cpu-bind=MASK - gpu-1-5, task 18  2 [3221435]: mask 0xffffffffffffffffff000000000000000000000000000000000000 set
cpu-bind=MASK - gpu-1-1, task  0  0 [3045898]: mask 0xffffffffffffffffff set
using SLURM envars
rank local 0 gpu 0 nic cxi0
using SLURM envars
cpu-bind=MASK - gpu-1-2, task  7  3 [364776]: mask 0xffffffffffffffffff000000000000000000000000000000000000000000000000000000 set
rank local 2 gpu 2 nic cxi2
cpu-bind=MASK - gpu-1-15, task 58  2 [3223287]: mask 0xffffffffffffffffff000000000000000000000000000000000000 set
using SLURM envars
rank local 3 gpu 3 nic cxi3
cpu-bind=MASK - gpu-1-1, task  1  1 [3045899]: mask 0xffffffffffffffffff000000000000000000 set
cpu-bind=MASK - gpu-1-5, task 19  3 [3221436]: mask 0xffffffffffffffffff000000000000000000000000000000000000000000000000000000 set
cpu-bind=MASK - gpu-1-1, task  2  2 [3045900]: mask 0xffffffffffffffffff000000000000000000000000000000000000 set
cpu-bind=MASK - gpu-1-15, task 59  3 [3223288]: mask 0xffffffffffffffffff000000000000000000000000000000000000000000000000000000 set
cpu-bind=MASK - gpu-1-1, task  3  3 [3045901]: mask 0xffffffffffffffffff000000000000000000000000000000000000000000000000000000 set
using SLURM envars
rank local 2 gpu 2 nic cxi2
using SLURM envars
rank local 3 gpu 3 nic cxi3
using SLURM envars
rank local 3 gpu 3 nic cxi3
using SLURM envars
using SLURM envars
rank local 2 gpu 2 nic cxi2
rank local 0 gpu 0 nic cxi0
using SLURM envars
rank local 0 gpu 0 nic cxi0
using SLURM envars
rank local 3 gpu 3 nic cxi3
using SLURM envars
rank local 0 gpu 0 nic cxi0
using SLURM envars
rank local 0 gpu 0 nic cxi0
using SLURM envars
rank local 1 gpu 1 nic cxi1
using SLURM envars
rank local 3 gpu 3 nic cxi3
using SLURM envars
rank local 2 gpu 2 nic cxi2
using SLURM envars
rank local 1 gpu 1 nic cxi1
using SLURM envars
rank local 1 gpu 1 nic cxi1
using SLURM envars
rank local 2 gpu 2 nic cxi2
using SLURM envars
rank local 2 gpu 2 nic cxi2
using SLURM envars
rank local 1 gpu 1 nic cxi1
using SLURM envars
using SLURM envars
rank local 3 gpu 3 nic cxi3
using SLURM envars
rank local 2 gpu 2 nic cxi2
rank local 0 gpu 0 nic cxi0
using SLURM envars
rank local 0 gpu 0 nic cxi0
using SLURM envars
rank local 1 gpu 1 nic cxi1
using SLURM envars
rank local 0 gpu 0 nic cxi0
using SLURM envars
rank local 1 gpu 1 nic cxi1
using SLURM envars
rank local 3 gpu 3 nic cxi3
using SLURM envars
rank local 3 gpu 3 nic cxi3
using SLURM envars
rank local 2 gpu 2 nic cxi2
using SLURM envars
rank local 1 gpu 1 nic cxi1
using SLURM envars
rank local 3 gpu 3 nic cxi3
using SLURM envars
rank local 1 gpu 1 nic cxi1
using SLURM envars
rank local 2 gpu 2 nic cxi2
using SLURM envars
rank local 1 gpu 1 nic cxi1
using SLURM envars
rank local 0 gpu 0 nic cxi0
using SLURM envars
rank local 3 gpu 3 nic cxi3
using SLURM envars
rank local 0 gpu 0 nic cxi0
using SLURM envars
rank local 3 gpu 3 nic cxi3
using SLURM envars
rank local 2 gpu 2 nic cxi2
using SLURM envars
rank local 0 gpu 0 nic cxi0
using SLURM envars
rank local 1 gpu 1 nic cxi1
using SLURM envars
rank local 0 gpu 0 nic cxi0
using SLURM envars
rank local 2 gpu 2 nic cxi2
using SLURM envars
rank local 1 gpu 1 nic cxi1
using SLURM envars
rank local 0 gpu 0 nic cxi0
using SLURM envars
rank local 3 gpu 3 nic cxi3
using SLURM envars
rank local 2 gpu 2 nic cxi2
using SLURM envars
rank local 2 gpu 2 nic cxi2
using SLURM envars
rank local 1 gpu 1 nic cxi1
using SLURM envars
rank local 3 gpu 3 nic cxi3

# OSU MPI Allreduce Latency Test v7.5.2
# Datatype: MPI_INT.
# Size       Avg Latency(us)
4                      26.93
8                      24.64
16                     27.11
32                     24.47
64                     25.74
128                    25.92
256                    33.91
512                    47.57
1024                   70.11
2048                   78.25
4096                  125.45
8192                  135.58
16384                 138.71
32768                 147.64
65536                 157.82
131072                202.44
262144                255.35
524288                430.46
1048576               914.59
-- srun osu_allgather D D
cpu-bind=MASK - gpu-1-3, task  8  0 [1551203]: mask 0xffffffffffffffffff set
cpu-bind=MASK - gpu-1-3, task  9  1 [1551204]: mask 0xffffffffffffffffff000000000000000000 set
cpu-bind=MASK - gpu-1-3, task 10  2 [1551205]: mask 0xffffffffffffffffff000000000000000000000000000000000000 set
cpu-bind=MASK - gpu-1-15, task 56  0 [3224117]: mask 0xffffffffffffffffff set
cpu-bind=MASK - gpu-1-10, task 36  0 [1881073]: mask 0xffffffffffffffffff set
cpu-bind=MASK - gpu-1-16, task 60  0 [2678055]: mask 0xffffffffffffffffff set
cpu-bind=MASK - gpu-1-8, task 28  0 [1969830]: mask 0xffffffffffffffffff set
cpu-bind=MASK - gpu-1-7, task 24  0 [2885539]: mask 0xffffffffffffffffff set
cpu-bind=MASK - gpu-1-3, task 11  3 [1551206]: mask 0xffffffffffffffffff000000000000000000000000000000000000000000000000000000 set
cpu-bind=MASK - gpu-1-15, task 57  1 [3224118]: mask 0xffffffffffffffffff000000000000000000 set
cpu-bind=MASK - gpu-1-10, task 37  1 [1881074]: mask 0xffffffffffffffffff000000000000000000 set
cpu-bind=MASK - gpu-1-16, task 61  1 [2678056]: mask 0xffffffffffffffffff000000000000000000 set
cpu-bind=MASK - gpu-1-7, task 25  1 [2885540]: mask 0xffffffffffffffffff000000000000000000 set
cpu-bind=MASK - gpu-1-10, task 38  2 [1881075]: mask 0xffffffffffffffffff000000000000000000000000000000000000 set
cpu-bind=MASK - gpu-1-7, task 26  2 [2885541]: mask 0xffffffffffffffffff000000000000000000000000000000000000 set
cpu-bind=MASK - gpu-1-10, task 39  3 [1881076]: mask 0xffffffffffffffffff000000000000000000000000000000000000000000000000000000 set
cpu-bind=MASK - gpu-1-15, task 58  2 [3224119]: mask 0xffffffffffffffffff000000000000000000000000000000000000 set
cpu-bind=MASK - gpu-1-16, task 62  2 [2678057]: mask 0xffffffffffffffffff000000000000000000000000000000000000 set
cpu-bind=MASK - gpu-1-8, task 29  1 [1969831]: mask 0xffffffffffffffffff000000000000000000 set
cpu-bind=MASK - gpu-1-8, task 30  2 [1969832]: mask 0xffffffffffffffffff000000000000000000000000000000000000 set
cpu-bind=MASK - gpu-1-15, task 59  3 [3224120]: mask 0xffffffffffffffffff000000000000000000000000000000000000000000000000000000 set
cpu-bind=MASK - gpu-1-7, task 27  3 [2885542]: mask 0xffffffffffffffffff000000000000000000000000000000000000000000000000000000 set
cpu-bind=MASK - gpu-1-13, task 48  0 [388063]: mask 0xffffffffffffffffff set
cpu-bind=MASK - gpu-1-16, task 63  3 [2678058]: mask 0xffffffffffffffffff000000000000000000000000000000000000000000000000000000 set
cpu-bind=MASK - gpu-1-13, task 49  1 [388064]: mask 0xffffffffffffffffff000000000000000000 set
cpu-bind=MASK - gpu-1-8, task 31  3 [1969833]: mask 0xffffffffffffffffff000000000000000000000000000000000000000000000000000000 set
cpu-bind=MASK - gpu-1-13, task 50  2 [388065]: mask 0xffffffffffffffffff000000000000000000000000000000000000 set
cpu-bind=MASK - gpu-1-1, task  0  0 [3046754]: mask 0xffffffffffffffffff set
cpu-bind=MASK - gpu-1-13, task 51  3 [388066]: mask 0xffffffffffffffffff000000000000000000000000000000000000000000000000000000 set
cpu-bind=MASK - gpu-1-1, task  1  1 [3046755]: mask 0xffffffffffffffffff000000000000000000 set
cpu-bind=MASK - gpu-1-1, task  2  2 [3046756]: mask 0xffffffffffffffffff000000000000000000000000000000000000 set
cpu-bind=MASK - gpu-1-14, task 52  0 [3492411]: mask 0xffffffffffffffffff set
using SLURM envars
rank local 3 gpu 3 nic cxi3
using SLURM envars
rank local 3 gpu 3 nic cxi3
cpu-bind=MASK - gpu-1-4, task 12  0 [2439575]: mask 0xffffffffffffffffff set
using SLURM envars
rank local 0 gpu 0 nic cxi0
cpu-bind=MASK - gpu-1-14, task 53  1 [3492412]: mask 0xffffffffffffffffff000000000000000000 set
cpu-bind=MASK - gpu-1-4, task 13  1 [2439576]: mask 0xffffffffffffffffff000000000000000000 set
cpu-bind=MASK - gpu-1-9, task 32  0 [397614]: mask 0xffffffffffffffffff set
cpu-bind=MASK - gpu-1-1, task  3  3 [3046757]: mask 0xffffffffffffffffff000000000000000000000000000000000000000000000000000000 set
cpu-bind=MASK - gpu-1-12, task 44  0 [391292]: mask 0xffffffffffffffffff set
using SLURM envars
rank local 2 gpu 2 nic cxi2
cpu-bind=MASK - gpu-1-14, task 54  2 [3492413]: mask 0xffffffffffffffffff000000000000000000000000000000000000 set
using SLURM envars
rank local 1 gpu 1 nic cxi1
cpu-bind=MASK - gpu-1-4, task 14  2 [2439577]: mask 0xffffffffffffffffff000000000000000000000000000000000000 set
using SLURM envars
rank local 2 gpu 2 nic cxi2
using SLURM envars
using SLURM envars
rank local 0 gpu 0 nic cxi0
rank local 1 gpu 1 nic cxi1
cpu-bind=MASK - gpu-1-12, task 45  1 [391293]: mask 0xffffffffffffffffff000000000000000000 set
using SLURM envars
rank local 0 gpu 0 nic cxi0
using SLURM envars
rank local 1 gpu 1 nic cxi1
cpu-bind=MASK - gpu-1-9, task 33  1 [397615]: mask 0xffffffffffffffffff000000000000000000 set
cpu-bind=MASK - gpu-1-12, task 46  2 [391294]: mask 0xffffffffffffffffff000000000000000000000000000000000000 set
using SLURM envars
rank local 1 gpu 1 nic cxi1
using SLURM envars
rank local 1 gpu 1 nic cxi1
cpu-bind=MASK - gpu-1-9, task 34  2 [397616]: mask 0xffffffffffffffffff000000000000000000000000000000000000 set
cpu-bind=MASK - gpu-1-14, task 55  3 [3492414]: mask 0xffffffffffffffffff000000000000000000000000000000000000000000000000000000 set
cpu-bind=MASK - gpu-1-5, task 16  0 [3222258]: mask 0xffffffffffffffffff set
cpu-bind=MASK - gpu-1-4, task 15  3 [2439578]: mask 0xffffffffffffffffff000000000000000000000000000000000000000000000000000000 set
using SLURM envars
rank local 0 gpu 0 nic cxi0
using SLURM envars
rank local 0 gpu 0 nic cxi0
using SLURM envars
rank local 2 gpu 2 nic cxi2
using SLURM envars
rank local 3 gpu 3 nic cxi3
cpu-bind=MASK - gpu-1-5, task 17  1 [3222259]: mask 0xffffffffffffffffff000000000000000000 set
using SLURM envars
rank local 2 gpu 2 nic cxi2
using SLURM envars
rank local 2 gpu 2 nic cxi2
using SLURM envars
rank local 2 gpu 2 nic cxi2
using SLURM envars
rank local 3 gpu 3 nic cxi3
cpu-bind=MASK - gpu-1-9, task 35  3 [397617]: mask 0xffffffffffffffffff000000000000000000000000000000000000000000000000000000 set
using SLURM envars
cpu-bind=MASK - gpu-1-5, task 18  2 [3222260]: mask 0xffffffffffffffffff000000000000000000000000000000000000 set
rank local 3 gpu 3 nic cxi3
cpu-bind=MASK - gpu-1-12, task 47  3 [391295]: mask 0xffffffffffffffffff000000000000000000000000000000000000000000000000000000 set
using SLURM envars
rank local 1 gpu 1 nic cxi1
using SLURM envars
rank local 0 gpu 0 nic cxi0
using SLURM envars
rank local 1 gpu 1 nic cxi1
cpu-bind=MASK - gpu-1-11, task 40  0 [373802]: mask 0xffffffffffffffffff set
using SLURM envars
rank local 3 gpu 3 nic cxi3
using SLURM envars
rank local 0 gpu 0 nic cxi0
cpu-bind=MASK - gpu-1-11, task 41  1 [373803]: mask 0xffffffffffffffffff000000000000000000 set
cpu-bind=MASK - gpu-1-2, task  4  0 [365613]: mask 0xffffffffffffffffff set
cpu-bind=MASK - gpu-1-5, task 19  3 [3222261]: mask 0xffffffffffffffffff000000000000000000000000000000000000000000000000000000 set
cpu-bind=MASK - gpu-1-11, task 42  2 [373804]: mask 0xffffffffffffffffff000000000000000000000000000000000000 set
cpu-bind=MASK - gpu-1-6, task 20  0 [679670]: mask 0xffffffffffffffffff set
using SLURM envars
rank local 2 gpu 2 nic cxi2
using SLURM envars
rank local 3 gpu 3 nic cxi3
cpu-bind=MASK - gpu-1-6, task 21  1 [679671]: mask 0xffffffffffffffffff000000000000000000 set
cpu-bind=MASK - gpu-1-2, task  5  1 [365614]: mask 0xffffffffffffffffff000000000000000000 set
cpu-bind=MASK - gpu-1-2, task  6  2 [365615]: mask 0xffffffffffffffffff000000000000000000000000000000000000 set
cpu-bind=MASK - gpu-1-6, task 22  2 [679672]: mask 0xffffffffffffffffff000000000000000000000000000000000000 set
using SLURM envars
rank local 0 gpu 0 nic cxi0
cpu-bind=MASK - gpu-1-11, task 43  3 [373805]: mask 0xffffffffffffffffff000000000000000000000000000000000000000000000000000000 set
cpu-bind=MASK - gpu-1-2, task  7  3 [365616]: mask 0xffffffffffffffffff000000000000000000000000000000000000000000000000000000 set
using SLURM envars
rank local 1 gpu 1 nic cxi1
using SLURM envars
rank local 3 gpu 3 nic cxi3
using SLURM envars
rank local 2 gpu 2 nic cxi2
using SLURM envars
rank local 2 gpu 2 nic cxi2
cpu-bind=MASK - gpu-1-6, task 23  3 [679673]: mask 0xffffffffffffffffff000000000000000000000000000000000000000000000000000000 set
using SLURM envars
rank local 2 gpu 2 nic cxi2
using SLURM envars
rank local 1 gpu 1 nic cxi1
using SLURM envars
rank local 3 gpu 3 nic cxi3
using SLURM envars
rank local 3 gpu 3 nic cxi3
using SLURM envars
rank local 1 gpu 1 nic cxi1
using SLURM envars
rank local 0 gpu 0 nic cxi0
using SLURM envars
using SLURM envars
rank local 1 gpu 1 nic cxi1
rank local 0 gpu 0 nic cxi0
using SLURM envars
rank local 1 gpu 1 nic cxi1
using SLURM envars
rank local 0 gpu 0 nic cxi0
using SLURM envars
rank local 3 gpu 3 nic cxi3
using SLURM envars
rank local 0 gpu 0 nic cxi0
using SLURM envars
rank local 2 gpu 2 nic cxi2
using SLURM envars
rank local 2 gpu 2 nic cxi2
using SLURM envars
rank local 3 gpu 3 nic cxi3
using SLURM envars
rank local 3 gpu 3 nic cxi3
using SLURM envars
rank local 1 gpu 1 nic cxi1
using SLURM envars
rank local 0 gpu 0 nic cxi0
using SLURM envars
rank local 2 gpu 2 nic cxi2
using SLURM envars
rank local 2 gpu 2 nic cxi2
using SLURM envars
rank local 3 gpu 3 nic cxi3
using SLURM envars
rank local 0 gpu 0 nic cxi0
using SLURM envars
rank local 1 gpu 1 nic cxi1
using SLURM envars
rank local 3 gpu 3 nic cxi3
using SLURM envars
rank local 0 gpu 0 nic cxi0
using SLURM envars
rank local 1 gpu 1 nic cxi1
using SLURM envars
rank local 3 gpu 3 nic cxi3
using SLURM envars
rank local 2 gpu 2 nic cxi2
using SLURM envars
rank local 0 gpu 0 nic cxi0
using SLURM envars
rank local 2 gpu 2 nic cxi2
using SLURM envars
rank local 1 gpu 1 nic cxi1

# OSU MPI Allgather Latency Test v7.5.2
# Datatype: MPI_CHAR.
# Size       Avg Latency(us)
1                      39.11
2                      37.27
4                      39.60
8                      45.42
16                     60.36
32                     61.98
64                     63.41
128                    64.00
256                    68.30
512                    78.61
1024                  103.56
2048                  137.44
4096                  206.45
8192                  344.40
16384                 995.51
32768                1198.95
65536                1589.83
131072               2551.76
262144               5161.08
524288               9813.43
1048576             19002.19
-- srun osu_alltoall H H
cpu-bind=MASK - gpu-1-4, task 12  0 [2440710]: mask 0xffffffffffffffffff set
cpu-bind=MASK - gpu-1-2, task  4  0 [366772]: mask 0xffffffffffffffffff set
cpu-bind=MASK - gpu-1-4, task 13  1 [2440714]: mask 0xffffffffffffffffff000000000000000000 set
cpu-bind=MASK - gpu-1-2, task  5  1 [366776]: mask 0xffffffffffffffffff000000000000000000 set
cpu-bind=MASK - gpu-1-4, task 14  2 [2440718]: mask 0xffffffffffffffffff000000000000000000000000000000000000 set
cpu-bind=MASK - gpu-1-2, task  6  2 [366780]: mask 0xffffffffffffffffff000000000000000000000000000000000000 set
cpu-bind=MASK - gpu-1-9, task 32  0 [398771]: mask 0xffffffffffffffffff set
cpu-bind=MASK - gpu-1-9, task 33  1 [398775]: mask 0xffffffffffffffffff000000000000000000 set
cpu-bind=MASK - gpu-1-4, task 15  3 [2440722]: mask 0xffffffffffffffffff000000000000000000000000000000000000000000000000000000 set
cpu-bind=MASK - gpu-1-10, task 36  0 [1882253]: mask 0xffffffffffffffffff set
cpu-bind=MASK - gpu-1-2, task  7  3 [366784]: mask 0xffffffffffffffffff000000000000000000000000000000000000000000000000000000 set
cpu-bind=MASK - gpu-1-6, task 20  0 [680832]: mask 0xffffffffffffffffff set
cpu-bind=MASK - gpu-1-9, task 34  2 [398778]: mask 0xffffffffffffffffff000000000000000000000000000000000000 set
cpu-bind=MASK - gpu-1-6, task 21  1 [680836]: mask 0xffffffffffffffffff000000000000000000 set
cpu-bind=MASK - gpu-1-10, task 37  1 [1882257]: mask 0xffffffffffffffffff000000000000000000 set
cpu-bind=MASK - gpu-1-6, task 22  2 [680839]: mask 0xffffffffffffffffff000000000000000000000000000000000000 set
cpu-bind=MASK - gpu-1-11, task 40  0 [374982]: mask 0xffffffffffffffffff set
cpu-bind=MASK - gpu-1-9, task 35  3 [398782]: mask 0xffffffffffffffffff000000000000000000000000000000000000000000000000000000 set
cpu-bind=MASK - gpu-1-10, task 38  2 [1882261]: mask 0xffffffffffffffffff000000000000000000000000000000000000 set
cpu-bind=MASK - gpu-1-11, task 41  1 [374986]: mask 0xffffffffffffffffff000000000000000000 set
cpu-bind=MASK - gpu-1-11, task 42  2 [374990]: mask 0xffffffffffffffffff000000000000000000000000000000000000 set
cpu-bind=MASK - gpu-1-6, task 23  3 [680843]: mask 0xffffffffffffffffff000000000000000000000000000000000000000000000000000000 set
cpu-bind=MASK - gpu-1-10, task 39  3 [1882265]: mask 0xffffffffffffffffff000000000000000000000000000000000000000000000000000000 set
cpu-bind=MASK - gpu-1-1, task  0  0 [3047974]: mask 0xffffffffffffffffff set
cpu-bind=MASK - gpu-1-11, task 43  3 [374994]: mask 0xffffffffffffffffff000000000000000000000000000000000000000000000000000000 set
cpu-bind=MASK - gpu-1-1, task  1  1 [3047979]: mask 0xffffffffffffffffff000000000000000000 set
cpu-bind=MASK - gpu-1-1, task  2  2 [3047980]: mask 0xffffffffffffffffff000000000000000000000000000000000000 set
using SLURM envars
rank local 3 gpu 3 nic cxi3
using SLURM envars
rank local 3 gpu 3 nic cxi3
cpu-bind=MASK - gpu-1-12, task 44  0 [392486]: mask 0xffffffffffffffffff set
using SLURM envars
rank local 0 gpu 0 nic cxi0
cpu-bind=MASK - gpu-1-1, task  3  3 [3047981]: mask 0xffffffffffffffffff000000000000000000000000000000000000000000000000000000 set
cpu-bind=MASK - gpu-1-12, task 45  1 [392487]: mask 0xffffffffffffffffff000000000000000000 set
using SLURM envars
rank local 2 gpu 2 nic cxi2
using SLURM envars
rank local 1 gpu 1 nic cxi1
using SLURM envars
rank local 1 gpu 1 nic cxi1
using SLURM envars
using SLURM envars
rank local 0 gpu 0 nic cxi0
rank local 1 gpu 1 nic cxi1
cpu-bind=MASK - gpu-1-12, task 46  2 [392488]: mask 0xffffffffffffffffff000000000000000000000000000000000000 set
using SLURM envars
rank local 2 gpu 2 nic cxi2
using SLURM envars
rank local 3 gpu 3 nic cxi3
using SLURM envars
rank local 3 gpu 3 nic cxi3
using SLURM envars
rank local 0 gpu 0 nic cxi0
cpu-bind=MASK - gpu-1-12, task 47  3 [392489]: mask 0xffffffffffffffffff000000000000000000000000000000000000000000000000000000 set
using SLURM envars
rank local 2 gpu 2 nic cxi2
using SLURM envars
rank local 0 gpu 0 nic cxi0
using SLURM envars
rank local 3 gpu 3 nic cxi3
using SLURM envars
rank local 2 gpu 2 nic cxi2
using SLURM envars
rank local 0 gpu 0 nic cxi0
using SLURM envars
rank local 1 gpu 1 nic cxi1
using SLURM envars
rank local 2 gpu 2 nic cxi2
using SLURM envars
rank local 1 gpu 1 nic cxi1
using SLURM envars
rank local 0 gpu 0 nic cxi0
using SLURM envars
rank local 2 gpu 2 nic cxi2
using SLURM envars
rank local 1 gpu 1 nic cxi1
using SLURM envars
rank local 3 gpu 3 nic cxi3
using SLURM envars
rank local 0 gpu 0 nic cxi0
using SLURM envars
rank local 1 gpu 1 nic cxi1
cpu-bind=MASK - gpu-1-7, task 24  0 [2886725]: mask 0xffffffffffffffffff set
using SLURM envars
rank local 2 gpu 2 nic cxi2
cpu-bind=MASK - gpu-1-8, task 28  0 [1971022]: mask 0xffffffffffffffffff set
using SLURM envars
rank local 3 gpu 3 nic cxi3
cpu-bind=MASK - gpu-1-3, task  8  0 [1552396]: mask 0xffffffffffffffffff set
cpu-bind=MASK - gpu-1-7, task 25  1 [2886730]: mask 0xffffffffffffffffff000000000000000000 set
cpu-bind=MASK - gpu-1-8, task 29  1 [1971024]: mask 0xffffffffffffffffff000000000000000000 set
using SLURM envars
rank local 0 gpu 0 nic cxi0
cpu-bind=MASK - gpu-1-3, task  9  1 [1552397]: mask 0xffffffffffffffffff000000000000000000 set
cpu-bind=MASK - gpu-1-8, task 30  2 [1971025]: mask 0xffffffffffffffffff000000000000000000000000000000000000 set
cpu-bind=MASK - gpu-1-7, task 26  2 [2886734]: mask 0xffffffffffffffffff000000000000000000000000000000000000 set
cpu-bind=MASK - gpu-1-13, task 48  0 [389258]: mask 0xffffffffffffffffff set
using SLURM envars
rank local 1 gpu 1 nic cxi1
cpu-bind=MASK - gpu-1-3, task 10  2 [1552398]: mask 0xffffffffffffffffff000000000000000000000000000000000000 set
cpu-bind=MASK - gpu-1-13, task 49  1 [389259]: mask 0xffffffffffffffffff000000000000000000 set
cpu-bind=MASK - gpu-1-5, task 16  0 [3223460]: mask 0xffffffffffffffffff set
cpu-bind=MASK - gpu-1-16, task 60  0 [2679245]: mask 0xffffffffffffffffff set
using SLURM envars
rank local 3 gpu 3 nic cxi3
using SLURM envars
rank local 2 gpu 2 nic cxi2
cpu-bind=MASK - gpu-1-13, task 50  2 [389260]: mask 0xffffffffffffffffff000000000000000000000000000000000000 set
cpu-bind=MASK - gpu-1-5, task 17  1 [3223461]: mask 0xffffffffffffffffff000000000000000000 set
cpu-bind=MASK - gpu-1-15, task 56  0 [3225310]: mask 0xffffffffffffffffff set
cpu-bind=MASK - gpu-1-8, task 31  3 [1971026]: mask 0xffffffffffffffffff000000000000000000000000000000000000000000000000000000 set
cpu-bind=MASK - gpu-1-7, task 27  3 [2886735]: mask 0xffffffffffffffffff000000000000000000000000000000000000000000000000000000 set
cpu-bind=MASK - gpu-1-16, task 61  1 [2679249]: mask 0xffffffffffffffffff000000000000000000 set
cpu-bind=MASK - gpu-1-15, task 57  1 [3225311]: mask 0xffffffffffffffffff000000000000000000 set
cpu-bind=MASK - gpu-1-3, task 11  3 [1552399]: mask 0xffffffffffffffffff000000000000000000000000000000000000000000000000000000 set
cpu-bind=MASK - gpu-1-5, task 18  2 [3223462]: mask 0xffffffffffffffffff000000000000000000000000000000000000 set
cpu-bind=MASK - gpu-1-13, task 51  3 [389261]: mask 0xffffffffffffffffff000000000000000000000000000000000000000000000000000000 set
cpu-bind=MASK - gpu-1-15, task 58  2 [3225312]: mask 0xffffffffffffffffff000000000000000000000000000000000000 set
cpu-bind=MASK - gpu-1-14, task 52  0 [3493605]: mask 0xffffffffffffffffff set
cpu-bind=MASK - gpu-1-16, task 62  2 [2679250]: mask 0xffffffffffffffffff000000000000000000000000000000000000 set
cpu-bind=MASK - gpu-1-14, task 53  1 [3493606]: mask 0xffffffffffffffffff000000000000000000 set
cpu-bind=MASK - gpu-1-5, task 19  3 [3223463]: mask 0xffffffffffffffffff000000000000000000000000000000000000000000000000000000 set
cpu-bind=MASK - gpu-1-15, task 59  3 [3225313]: mask 0xffffffffffffffffff000000000000000000000000000000000000000000000000000000 set
cpu-bind=MASK - gpu-1-14, task 54  2 [3493607]: mask 0xffffffffffffffffff000000000000000000000000000000000000 set
cpu-bind=MASK - gpu-1-16, task 63  3 [2679251]: mask 0xffffffffffffffffff000000000000000000000000000000000000000000000000000000 set
cpu-bind=MASK - gpu-1-14, task 55  3 [3493608]: mask 0xffffffffffffffffff000000000000000000000000000000000000000000000000000000 set
using SLURM envars
rank local 2 gpu 2 nic cxi2
using SLURM envars
rank local 3 gpu 3 nic cxi3
using SLURM envars
rank local 3 gpu 3 nic cxi3
using SLURM envars
rank local 0 gpu 0 nic cxi0
using SLURM envars
rank local 0 gpu 0 nic cxi0
using SLURM envars
rank local 3 gpu 3 nic cxi3
using SLURM envars
rank local 0 gpu 0 nic cxi0
using SLURM envars
rank local 0 gpu 0 nic cxi0
using SLURM envars
rank local 1 gpu 1 nic cxi1
using SLURM envars
rank local 1 gpu 1 nic cxi1
using SLURM envars
rank local 2 gpu 2 nic cxi2
using SLURM envars
rank local 1 gpu 1 nic cxi1
using SLURM envars
rank local 3 gpu 3 nic cxi3
using SLURM envars
rank local 2 gpu 2 nic cxi2
using SLURM envars
rank local 1 gpu 1 nic cxi1
using SLURM envars
rank local 2 gpu 2 nic cxi2
using SLURM envars
rank local 0 gpu 0 nic cxi0
using SLURM envars
rank local 3 gpu 3 nic cxi3
using SLURM envars
rank local 1 gpu 1 nic cxi1
using SLURM envars
rank local 0 gpu 0 nic cxi0
using SLURM envars
rank local 0 gpu 0 nic cxi0
using SLURM envars
rank local 1 gpu 1 nic cxi1
using SLURM envars
rank local 2 gpu 2 nic cxi2
using SLURM envars
using SLURM envars
rank local 1 gpu 1 nic cxi1
rank local 2 gpu 2 nic cxi2
using SLURM envars
rank local 3 gpu 3 nic cxi3
using SLURM envars
rank local 2 gpu 2 nic cxi2
using SLURM envars
rank local 3 gpu 3 nic cxi3
using SLURM envars
rank local 2 gpu 2 nic cxi2
using SLURM envars
rank local 1 gpu 1 nic cxi1
using SLURM envars
rank local 3 gpu 3 nic cxi3
using SLURM envars
rank local 0 gpu 0 nic cxi0

# OSU MPI All-to-All Personalized Exchange Latency Test v7.5.2
# Datatype: MPI_CHAR.
# Size       Avg Latency(us)
1                     202.97
2                     201.34
4                     201.34
8                     203.22
16                    203.86
32                    223.64
64                    232.70
128                   236.78
256                   241.67
512                   249.32
1024                  152.83
2048                  154.98
4096                  163.03
8192                  182.61
16384                 200.58
32768                 178.51
65536                 236.23
131072                481.50
262144               1051.00
524288               2741.11
1048576              5019.49
-- srun osu_allreduce H H
cpu-bind=MASK - gpu-1-5, task 16  0 [3224518]: mask 0xffffffffffffffffff set
cpu-bind=MASK - gpu-1-5, task 17  1 [3224519]: mask 0xffffffffffffffffff000000000000000000 set
cpu-bind=MASK - gpu-1-5, task 18  2 [3224520]: mask 0xffffffffffffffffff000000000000000000000000000000000000 set
cpu-bind=MASK - gpu-1-5, task 19  3 [3224521]: mask 0xffffffffffffffffff000000000000000000000000000000000000000000000000000000 set
cpu-bind=MASK - gpu-1-9, task 32  0 [399863]: mask 0xffffffffffffffffff set
cpu-bind=MASK - gpu-1-9, task 33  1 [399864]: mask 0xffffffffffffffffff000000000000000000 set
cpu-bind=MASK - gpu-1-11, task 40  0 [376051]: mask 0xffffffffffffffffff set
cpu-bind=MASK - gpu-1-16, task 60  0 [2680303]: mask 0xffffffffffffffffff set
cpu-bind=MASK - gpu-1-16, task 61  1 [2680304]: mask 0xffffffffffffffffff000000000000000000 set
cpu-bind=MASK - gpu-1-9, task 34  2 [399865]: mask 0xffffffffffffffffff000000000000000000000000000000000000 set
cpu-bind=MASK - gpu-1-11, task 41  1 [376052]: mask 0xffffffffffffffffff000000000000000000 set
cpu-bind=MASK - gpu-1-16, task 62  2 [2680305]: mask 0xffffffffffffffffff000000000000000000000000000000000000 set
cpu-bind=MASK - gpu-1-6, task 20  0 [681919]: mask 0xffffffffffffffffff set
cpu-bind=MASK - gpu-1-16, task 63  3 [2680306]: mask 0xffffffffffffffffff000000000000000000000000000000000000000000000000000000 set
cpu-bind=MASK - gpu-1-9, task 35  3 [399866]: mask 0xffffffffffffffffff000000000000000000000000000000000000000000000000000000 set
cpu-bind=MASK - gpu-1-11, task 42  2 [376053]: mask 0xffffffffffffffffff000000000000000000000000000000000000 set
cpu-bind=MASK - gpu-1-6, task 21  1 [681920]: mask 0xffffffffffffffffff000000000000000000 set
cpu-bind=MASK - gpu-1-13, task 48  0 [390313]: mask 0xffffffffffffffffff set
cpu-bind=MASK - gpu-1-3, task  8  0 [1553453]: mask 0xffffffffffffffffff set
cpu-bind=MASK - gpu-1-2, task  4  0 [367894]: mask 0xffffffffffffffffff set
cpu-bind=MASK - gpu-1-14, task 52  0 [3494660]: mask 0xffffffffffffffffff set
cpu-bind=MASK - gpu-1-6, task 22  2 [681921]: mask 0xffffffffffffffffff000000000000000000000000000000000000 set
cpu-bind=MASK - gpu-1-13, task 49  1 [390314]: mask 0xffffffffffffffffff000000000000000000 set
cpu-bind=MASK - gpu-1-3, task  9  1 [1553454]: mask 0xffffffffffffffffff000000000000000000 set
cpu-bind=MASK - gpu-1-2, task  5  1 [367895]: mask 0xffffffffffffffffff000000000000000000 set
cpu-bind=MASK - gpu-1-11, task 43  3 [376054]: mask 0xffffffffffffffffff000000000000000000000000000000000000000000000000000000 set
cpu-bind=MASK - gpu-1-13, task 50  2 [390315]: mask 0xffffffffffffffffff000000000000000000000000000000000000 set
cpu-bind=MASK - gpu-1-14, task 53  1 [3494661]: mask 0xffffffffffffffffff000000000000000000 set
cpu-bind=MASK - gpu-1-6, task 23  3 [681922]: mask 0xffffffffffffffffff000000000000000000000000000000000000000000000000000000 set
cpu-bind=MASK - gpu-1-3, task 10  2 [1553455]: mask 0xffffffffffffffffff000000000000000000000000000000000000 set
cpu-bind=MASK - gpu-1-2, task  6  2 [367896]: mask 0xffffffffffffffffff000000000000000000000000000000000000 set
cpu-bind=MASK - gpu-1-8, task 28  0 [1972079]: mask 0xffffffffffffffffff set
cpu-bind=MASK - gpu-1-14, task 54  2 [3494662]: mask 0xffffffffffffffffff000000000000000000000000000000000000 set
cpu-bind=MASK - gpu-1-13, task 51  3 [390316]: mask 0xffffffffffffffffff000000000000000000000000000000000000000000000000000000 set
cpu-bind=MASK - gpu-1-8, task 29  1 [1972080]: mask 0xffffffffffffffffff000000000000000000 set
using SLURM envars
rank local 0 gpu 0 nic cxi0
cpu-bind=MASK - gpu-1-3, task 11  3 [1553456]: mask 0xffffffffffffffffff000000000000000000000000000000000000000000000000000000 set
cpu-bind=MASK - gpu-1-2, task  7  3 [367897]: mask 0xffffffffffffffffff000000000000000000000000000000000000000000000000000000 set
cpu-bind=MASK - gpu-1-8, task 30  2 [1972081]: mask 0xffffffffffffffffff000000000000000000000000000000000000 set
cpu-bind=MASK - gpu-1-14, task 55  3 [3494663]: mask 0xffffffffffffffffff000000000000000000000000000000000000000000000000000000 set
using SLURM envars
rank local 1 gpu 1 nic cxi1
cpu-bind=MASK - gpu-1-10, task 36  0 [1883347]: mask 0xffffffffffffffffff set
using SLURM envars
rank local 3 gpu 3 nic cxi3
using SLURM envars
cpu-bind=MASK - gpu-1-10, task 37  1 [1883348]: mask 0xffffffffffffffffff000000000000000000 set
rank local 2 gpu 2 nic cxi2
cpu-bind=MASK - gpu-1-8, task 31  3 [1972082]: mask 0xffffffffffffffffff000000000000000000000000000000000000000000000000000000 set
cpu-bind=MASK - gpu-1-10, task 38  2 [1883349]: mask 0xffffffffffffffffff000000000000000000000000000000000000 set
cpu-bind=MASK - gpu-1-1, task  0  0 [3049064]: mask 0xffffffffffffffffff set
cpu-bind=MASK - gpu-1-1, task  1  1 [3049065]: mask 0xffffffffffffffffff000000000000000000 set
using SLURM envars
rank local 1 gpu 1 nic cxi1
using SLURM envars
rank local 0 gpu 0 nic cxi0
cpu-bind=MASK - gpu-1-1, task  2  2 [3049066]: mask 0xffffffffffffffffff000000000000000000000000000000000000 set
using SLURM envars
rank local 1 gpu 1 nic cxi1
cpu-bind=MASK - gpu-1-10, task 39  3 [1883350]: mask 0xffffffffffffffffff000000000000000000000000000000000000000000000000000000 set
using SLURM envars
rank local 0 gpu 0 nic cxi0
using SLURM envars
rank local 3 gpu 3 nic cxi3
using SLURM envars
rank local 2 gpu 2 nic cxi2
using SLURM envars
rank local 3 gpu 3 nic cxi3
cpu-bind=MASK - gpu-1-4, task 12  0 [2441825]: mask 0xffffffffffffffffff set
using SLURM envars
rank local 3 gpu 3 nic cxi3
using SLURM envars
rank local 0 gpu 0 nic cxi0
using SLURM envars
rank local 2 gpu 2 nic cxi2
using SLURM envars
rank local 2 gpu 2 nic cxi2
cpu-bind=MASK - gpu-1-1, task  3  3 [3049067]: mask 0xffffffffffffffffff000000000000000000000000000000000000000000000000000000 set
cpu-bind=MASK - gpu-1-4, task 13  1 [2441826]: mask 0xffffffffffffffffff000000000000000000 set
using SLURM envars
rank local 1 gpu 1 nic cxi1
using SLURM envars
rank local 2 gpu 2 nic cxi2
using SLURM envars
rank local 3 gpu 3 nic cxi3
using SLURM envars
rank local 0 gpu 0 nic cxi0
cpu-bind=MASK - gpu-1-12, task 44  0 [393541]: mask 0xffffffffffffffffff set
using SLURM envars
rank local 0 gpu 0 nic cxi0
using SLURM envars
rank local 1 gpu 1 nic cxi1
using SLURM envars
rank local 0 gpu 0 nic cxi0
cpu-bind=MASK - gpu-1-4, task 14  2 [2441827]: mask 0xffffffffffffffffff000000000000000000000000000000000000 set
using SLURM envars
rank local 2 gpu 2 nic cxi2
using SLURM envars
rank local 0 gpu 0 nic cxi0
cpu-bind=MASK - gpu-1-12, task 45  1 [393542]: mask 0xffffffffffffffffff000000000000000000 set
using SLURM envars
rank local 3 gpu 3 nic cxi3
using SLURM envars
rank local 1 gpu 1 nic cxi1
using SLURM envars
rank local 3 gpu 3 nic cxi3
using SLURM envars
rank local 3 gpu 3 nic cxi3
using SLURM envars
rank local 1 gpu 1 nic cxi1
using SLURM envars
rank local 1 gpu 1 nic cxi1
cpu-bind=MASK - gpu-1-4, task 15  3 [2441828]: mask 0xffffffffffffffffff000000000000000000000000000000000000000000000000000000 set
cpu-bind=MASK - gpu-1-12, task 46  2 [393543]: mask 0xffffffffffffffffff000000000000000000000000000000000000 set
using SLURM envars
rank local 3 gpu 3 nic cxi3
using SLURM envars
rank local 2 gpu 2 nic cxi2
using SLURM envars
rank local 2 gpu 2 nic cxi2
using SLURM envars
rank local 2 gpu 2 nic cxi2
using SLURM envars
rank local 2 gpu 2 nic cxi2
using SLURM envars
rank local 1 gpu 1 nic cxi1
using SLURM envars
rank local 3 gpu 3 nic cxi3
using SLURM envars
rank local 0 gpu 0 nic cxi0
using SLURM envars
rank local 1 gpu 1 nic cxi1
cpu-bind=MASK - gpu-1-12, task 47  3 [393544]: mask 0xffffffffffffffffff000000000000000000000000000000000000000000000000000000 set
using SLURM envars
rank local 0 gpu 0 nic cxi0
using SLURM envars
rank local 3 gpu 3 nic cxi3
using SLURM envars
rank local 0 gpu 0 nic cxi0
using SLURM envars
rank local 0 gpu 0 nic cxi0
using SLURM envars
rank local 1 gpu 1 nic cxi1
using SLURM envars
rank local 2 gpu 2 nic cxi2
cpu-bind=MASK - gpu-1-7, task 24  0 [2887789]: mask 0xffffffffffffffffff set
using SLURM envars
rank local 1 gpu 1 nic cxi1
using SLURM envars
rank local 3 gpu 3 nic cxi3
using SLURM envars
rank local 2 gpu 2 nic cxi2
cpu-bind=MASK - gpu-1-7, task 25  1 [2887790]: mask 0xffffffffffffffffff000000000000000000 set
using SLURM envars
rank local 1 gpu 1 nic cxi1
cpu-bind=MASK - gpu-1-7, task 26  2 [2887791]: mask 0xffffffffffffffffff000000000000000000000000000000000000 set
using SLURM envars
rank local 2 gpu 2 nic cxi2
using SLURM envars
rank local 0 gpu 0 nic cxi0
using SLURM envars
rank local 0 gpu 0 nic cxi0
using SLURM envars
rank local 3 gpu 3 nic cxi3
cpu-bind=MASK - gpu-1-15, task 56  0 [3226365]: mask 0xffffffffffffffffff set
cpu-bind=MASK - gpu-1-7, task 27  3 [2887792]: mask 0xffffffffffffffffff000000000000000000000000000000000000000000000000000000 set
cpu-bind=MASK - gpu-1-15, task 57  1 [3226366]: mask 0xffffffffffffffffff000000000000000000 set
using SLURM envars
rank local 1 gpu 1 nic cxi1
using SLURM envars
rank local 2 gpu 2 nic cxi2
cpu-bind=MASK - gpu-1-15, task 58  2 [3226367]: mask 0xffffffffffffffffff000000000000000000000000000000000000 set
using SLURM envars
rank local 3 gpu 3 nic cxi3
cpu-bind=MASK - gpu-1-15, task 59  3 [3226368]: mask 0xffffffffffffffffff000000000000000000000000000000000000000000000000000000 set
using SLURM envars
rank local 2 gpu 2 nic cxi2
using SLURM envars
rank local 3 gpu 3 nic cxi3
using SLURM envars
rank local 0 gpu 0 nic cxi0
using SLURM envars
rank local 1 gpu 1 nic cxi1
using SLURM envars
rank local 0 gpu 0 nic cxi0
using SLURM envars
rank local 1 gpu 1 nic cxi1
using SLURM envars
rank local 3 gpu 3 nic cxi3
using SLURM envars
rank local 2 gpu 2 nic cxi2

# OSU MPI Allreduce Latency Test v7.5.2
# Datatype: MPI_INT.
# Size       Avg Latency(us)
4                      27.32
8                      26.53
16                     25.74
32                     24.82
64                     25.02
128                    26.54
256                    31.88
512                    47.29
1024                   70.00
2048                   76.02
4096                  123.70
8192                  129.61
16384                 137.74
32768                 145.97
65536                 158.48
131072                185.30
262144                255.64
524288                423.91
1048576               896.96
-- srun osu_allgather H H
cpu-bind=MASK - gpu-1-8, task 28  0 [1972904]: mask 0xffffffffffffffffff set
cpu-bind=MASK - gpu-1-8, task 29  1 [1972905]: mask 0xffffffffffffffffff000000000000000000 set
cpu-bind=MASK - gpu-1-8, task 30  2 [1972906]: mask 0xffffffffffffffffff000000000000000000000000000000000000 set
cpu-bind=MASK - gpu-1-4, task 12  0 [2442650]: mask 0xffffffffffffffffff set
cpu-bind=MASK - gpu-1-4, task 13  1 [2442651]: mask 0xffffffffffffffffff000000000000000000 set
cpu-bind=MASK - gpu-1-4, task 14  2 [2442652]: mask 0xffffffffffffffffff000000000000000000000000000000000000 set
cpu-bind=MASK - gpu-1-8, task 31  3 [1972907]: mask 0xffffffffffffffffff000000000000000000000000000000000000000000000000000000 set
cpu-bind=MASK - gpu-1-4, task 15  3 [2442653]: mask 0xffffffffffffffffff000000000000000000000000000000000000000000000000000000 set
cpu-bind=MASK - gpu-1-5, task 16  0 [3225343]: mask 0xffffffffffffffffff set
cpu-bind=MASK - gpu-1-5, task 17  1 [3225344]: mask 0xffffffffffffffffff000000000000000000 set
cpu-bind=MASK - gpu-1-5, task 18  2 [3225345]: mask 0xffffffffffffffffff000000000000000000000000000000000000 set
cpu-bind=MASK - gpu-1-12, task 44  0 [394367]: mask 0xffffffffffffffffff set
cpu-bind=MASK - gpu-1-6, task 20  0 [682749]: mask 0xffffffffffffffffff set
cpu-bind=MASK - gpu-1-5, task 19  3 [3225346]: mask 0xffffffffffffffffff000000000000000000000000000000000000000000000000000000 set
cpu-bind=MASK - gpu-1-12, task 45  1 [394368]: mask 0xffffffffffffffffff000000000000000000 set
cpu-bind=MASK - gpu-1-6, task 21  1 [682750]: mask 0xffffffffffffffffff000000000000000000 set
cpu-bind=MASK - gpu-1-9, task 32  0 [400688]: mask 0xffffffffffffffffff set
cpu-bind=MASK - gpu-1-12, task 46  2 [394369]: mask 0xffffffffffffffffff000000000000000000000000000000000000 set
using SLURM envars
rank local 2 gpu 2 nic cxi2
cpu-bind=MASK - gpu-1-6, task 22  2 [682751]: mask 0xffffffffffffffffff000000000000000000000000000000000000 set
cpu-bind=MASK - gpu-1-9, task 33  1 [400689]: mask 0xffffffffffffffffff000000000000000000 set
using SLURM envars
rank local 0 gpu 0 nic cxi0
cpu-bind=MASK - gpu-1-15, task 56  0 [3227190]: mask 0xffffffffffffffffff set
using SLURM envars
rank local 2 gpu 2 nic cxi2
cpu-bind=MASK - gpu-1-9, task 34  2 [400690]: mask 0xffffffffffffffffff000000000000000000000000000000000000 set
using SLURM envars
rank local 1 gpu 1 nic cxi1
using SLURM envars
rank local 3 gpu 3 nic cxi3
cpu-bind=MASK - gpu-1-15, task 57  1 [3227191]: mask 0xffffffffffffffffff000000000000000000 set
cpu-bind=MASK - gpu-1-6, task 23  3 [682752]: mask 0xffffffffffffffffff000000000000000000000000000000000000000000000000000000 set
cpu-bind=MASK - gpu-1-12, task 47  3 [394370]: mask 0xffffffffffffffffff000000000000000000000000000000000000000000000000000000 set
cpu-bind=MASK - gpu-1-16, task 60  0 [2681128]: mask 0xffffffffffffffffff set
cpu-bind=MASK - gpu-1-15, task 58  2 [3227192]: mask 0xffffffffffffffffff000000000000000000000000000000000000 set
using SLURM envars
rank local 1 gpu 1 nic cxi1
using SLURM envars
rank local 0 gpu 0 nic cxi0
using SLURM envars
rank local 3 gpu 3 nic cxi3
cpu-bind=MASK - gpu-1-9, task 35  3 [400691]: mask 0xffffffffffffffffff000000000000000000000000000000000000000000000000000000 set
cpu-bind=MASK - gpu-1-16, task 61  1 [2681129]: mask 0xffffffffffffffffff000000000000000000 set
cpu-bind=MASK - gpu-1-16, task 62  2 [2681130]: mask 0xffffffffffffffffff000000000000000000000000000000000000 set
cpu-bind=MASK - gpu-1-14, task 52  0 [3495485]: mask 0xffffffffffffffffff set
cpu-bind=MASK - gpu-1-15, task 59  3 [3227193]: mask 0xffffffffffffffffff000000000000000000000000000000000000000000000000000000 set
cpu-bind=MASK - gpu-1-14, task 53  1 [3495486]: mask 0xffffffffffffffffff000000000000000000 set
cpu-bind=MASK - gpu-1-10, task 36  0 [1884185]: mask 0xffffffffffffffffff set
cpu-bind=MASK - gpu-1-16, task 63  3 [2681131]: mask 0xffffffffffffffffff000000000000000000000000000000000000000000000000000000 set
cpu-bind=MASK - gpu-1-14, task 54  2 [3495487]: mask 0xffffffffffffffffff000000000000000000000000000000000000 set
cpu-bind=MASK - gpu-1-1, task  0  0 [3049920]: mask 0xffffffffffffffffff set
cpu-bind=MASK - gpu-1-2, task  4  0 [368733]: mask 0xffffffffffffffffff set
cpu-bind=MASK - gpu-1-10, task 37  1 [1884186]: mask 0xffffffffffffffffff000000000000000000 set
cpu-bind=MASK - gpu-1-11, task 40  0 [376878]: mask 0xffffffffffffffffff set
using SLURM envars
rank local 3 gpu 3 nic cxi3
cpu-bind=MASK - gpu-1-1, task  1  1 [3049921]: mask 0xffffffffffffffffff000000000000000000 set
cpu-bind=MASK - gpu-1-13, task 48  0 [391138]: mask 0xffffffffffffffffff set
cpu-bind=MASK - gpu-1-2, task  5  1 [368734]: mask 0xffffffffffffffffff000000000000000000 set
cpu-bind=MASK - gpu-1-13, task 49  1 [391139]: mask 0xffffffffffffffffff000000000000000000 set
cpu-bind=MASK - gpu-1-7, task 24  0 [2888614]: mask 0xffffffffffffffffff set
cpu-bind=MASK - gpu-1-14, task 55  3 [3495488]: mask 0xffffffffffffffffff000000000000000000000000000000000000000000000000000000 set
cpu-bind=MASK - gpu-1-10, task 38  2 [1884187]: mask 0xffffffffffffffffff000000000000000000000000000000000000 set
using SLURM envars
rank local 0 gpu 0 nic cxi0
cpu-bind=MASK - gpu-1-1, task  2  2 [3049922]: mask 0xffffffffffffffffff000000000000000000000000000000000000 set
cpu-bind=MASK - gpu-1-11, task 41  1 [376879]: mask 0xffffffffffffffffff000000000000000000 set
cpu-bind=MASK - gpu-1-2, task  6  2 [368735]: mask 0xffffffffffffffffff000000000000000000000000000000000000 set
cpu-bind=MASK - gpu-1-13, task 50  2 [391140]: mask 0xffffffffffffffffff000000000000000000000000000000000000 set
using SLURM envars
rank local 1 gpu 1 nic cxi1
using SLURM envars
rank local 2 gpu 2 nic cxi2
cpu-bind=MASK - gpu-1-7, task 25  1 [2888615]: mask 0xffffffffffffffffff000000000000000000 set
cpu-bind=MASK - gpu-1-11, task 42  2 [376880]: mask 0xffffffffffffffffff000000000000000000000000000000000000 set
using SLURM envars
rank local 0 gpu 0 nic cxi0
using SLURM envars
rank local 3 gpu 3 nic cxi3
cpu-bind=MASK - gpu-1-10, task 39  3 [1884188]: mask 0xffffffffffffffffff000000000000000000000000000000000000000000000000000000 set
cpu-bind=MASK - gpu-1-1, task  3  3 [3049923]: mask 0xffffffffffffffffff000000000000000000000000000000000000000000000000000000 set
cpu-bind=MASK - gpu-1-7, task 26  2 [2888616]: mask 0xffffffffffffffffff000000000000000000000000000000000000 set
cpu-bind=MASK - gpu-1-13, task 51  3 [391141]: mask 0xffffffffffffffffff000000000000000000000000000000000000000000000000000000 set
cpu-bind=MASK - gpu-1-2, task  7  3 [368736]: mask 0xffffffffffffffffff000000000000000000000000000000000000000000000000000000 set
using SLURM envars
rank local 0 gpu 0 nic cxi0
using SLURM envars
rank local 1 gpu 1 nic cxi1
cpu-bind=MASK - gpu-1-11, task 43  3 [376881]: mask 0xffffffffffffffffff000000000000000000000000000000000000000000000000000000 set
using SLURM envars
rank local 1 gpu 1 nic cxi1
using SLURM envars
rank local 2 gpu 2 nic cxi2
using SLURM envars
rank local 1 gpu 1 nic cxi1
using SLURM envars
rank local 3 gpu 3 nic cxi3
using SLURM envars
rank local 2 gpu 2 nic cxi2
cpu-bind=MASK - gpu-1-7, task 27  3 [2888617]: mask 0xffffffffffffffffff000000000000000000000000000000000000000000000000000000 set
using SLURM envars
rank local 0 gpu 0 nic cxi0
using SLURM envars
using SLURM envars
rank local 0 gpu 0 nic cxi0
rank local 2 gpu 2 nic cxi2
using SLURM envars
rank local 3 gpu 3 nic cxi3
using SLURM envars
rank local 1 gpu 1 nic cxi1
using SLURM envars
rank local 1 gpu 1 nic cxi1
using SLURM envars
rank local 2 gpu 2 nic cxi2
using SLURM envars
rank local 3 gpu 3 nic cxi3
using SLURM envars
rank local 2 gpu 2 nic cxi2
using SLURM envars
rank local 0 gpu 0 nic cxi0
using SLURM envars
rank local 3 gpu 3 nic cxi3
cpu-bind=MASK - gpu-1-3, task  8  0 [1554860]: mask 0xffffffffffffffffff set
using SLURM envars
rank local 2 gpu 2 nic cxi2
cpu-bind=MASK - gpu-1-3, task  9  1 [1554861]: mask 0xffffffffffffffffff000000000000000000 set
using SLURM envars
rank local 3 gpu 3 nic cxi3
cpu-bind=MASK - gpu-1-3, task 10  2 [1554862]: mask 0xffffffffffffffffff000000000000000000000000000000000000 set
using SLURM envars
rank local 1 gpu 1 nic cxi1
using SLURM envars
rank local 0 gpu 0 nic cxi0
using SLURM envars
rank local 3 gpu 3 nic cxi3
using SLURM envars
rank local 3 gpu 3 nic cxi3
cpu-bind=MASK - gpu-1-3, task 11  3 [1554863]: mask 0xffffffffffffffffff000000000000000000000000000000000000000000000000000000 set
using SLURM envars
rank local 0 gpu 0 nic cxi0
using SLURM envars
rank local 0 gpu 0 nic cxi0
using SLURM envars
rank local 0 gpu 0 nic cxi0
using SLURM envars
rank local 2 gpu 2 nic cxi2
using SLURM envars
rank local 1 gpu 1 nic cxi1
using SLURM envars
using SLURM envars
rank local 0 gpu 0 nic cxi0
rank local 0 gpu 0 nic cxi0
using SLURM envars
rank local 1 gpu 1 nic cxi1
using SLURM envars
rank local 2 gpu 2 nic cxi2
using SLURM envars
using SLURM envars
rank local 1 gpu 1 nic cxi1
rank local 2 gpu 2 nic cxi2
using SLURM envars
rank local 3 gpu 3 nic cxi3
using SLURM envars
rank local 3 gpu 3 nic cxi3
using SLURM envars
rank local 1 gpu 1 nic cxi1
using SLURM envars
rank local 2 gpu 2 nic cxi2
using SLURM envars
rank local 3 gpu 3 nic cxi3
using SLURM envars
rank local 2 gpu 2 nic cxi2
using SLURM envars
rank local 3 gpu 3 nic cxi3
using SLURM envars
rank local 1 gpu 1 nic cxi1
using SLURM envars
rank local 2 gpu 2 nic cxi2
using SLURM envars
rank local 0 gpu 0 nic cxi0
using SLURM envars
rank local 1 gpu 1 nic cxi1
using SLURM envars
rank local 3 gpu 3 nic cxi3
using SLURM envars
rank local 1 gpu 1 nic cxi1
using SLURM envars
rank local 0 gpu 0 nic cxi0
using SLURM envars
rank local 2 gpu 2 nic cxi2

# OSU MPI Allgather Latency Test v7.5.2
# Datatype: MPI_CHAR.
# Size       Avg Latency(us)
1                      42.60
2                      41.17
4                      39.52
8                      44.56
16                     60.42
32                     61.78
64                     63.20
128                    63.78
256                    67.09
512                    78.06
1024                  103.32
2048                  137.23
4096                  206.53
8192                  343.23
16384                 981.91
32768                1229.56
65536                1657.84
131072               2540.28
262144               5041.93
524288               9849.77
1048576             19105.63
---------------- 8.1.32 ---------------
-- srun osu_xccl_alltoall
cpu-bind=MASK - gpu-1-1, task  0  0 [3051149]: mask 0xffffffffffffffffff set
cpu-bind=MASK - gpu-1-7, task 24  0 [2889813]: mask 0xffffffffffffffffff set
cpu-bind=MASK - gpu-1-1, task  1  1 [3051150]: mask 0xffffffffffffffffff000000000000000000 set
cpu-bind=MASK - gpu-1-1, task  2  2 [3051151]: mask 0xffffffffffffffffff000000000000000000000000000000000000 set
cpu-bind=MASK - gpu-1-7, task 25  1 [2889814]: mask 0xffffffffffffffffff000000000000000000 set
cpu-bind=MASK - gpu-1-7, task 26  2 [2889815]: mask 0xffffffffffffffffff000000000000000000000000000000000000 set
cpu-bind=MASK - gpu-1-1, task  3  3 [3051152]: mask 0xffffffffffffffffff000000000000000000000000000000000000000000000000000000 set
cpu-bind=MASK - gpu-1-10, task 36  0 [1885397]: mask 0xffffffffffffffffff set
cpu-bind=MASK - gpu-1-10, task 37  1 [1885398]: mask 0xffffffffffffffffff000000000000000000 set
cpu-bind=MASK - gpu-1-7, task 27  3 [2889816]: mask 0xffffffffffffffffff000000000000000000000000000000000000000000000000000000 set
cpu-bind=MASK - gpu-1-10, task 38  2 [1885399]: mask 0xffffffffffffffffff000000000000000000000000000000000000 set
cpu-bind=MASK - gpu-1-12, task 44  0 [395561]: mask 0xffffffffffffffffff set
cpu-bind=MASK - gpu-1-10, task 39  3 [1885400]: mask 0xffffffffffffffffff000000000000000000000000000000000000000000000000000000 set
cpu-bind=MASK - gpu-1-2, task  4  0 [369940]: mask 0xffffffffffffffffff set
cpu-bind=MASK - gpu-1-14, task 52  0 [3496678]: mask 0xffffffffffffffffff set
cpu-bind=MASK - gpu-1-12, task 45  1 [395562]: mask 0xffffffffffffffffff000000000000000000 set
cpu-bind=MASK - gpu-1-2, task  5  1 [369941]: mask 0xffffffffffffffffff000000000000000000 set
cpu-bind=MASK - gpu-1-8, task 28  0 [1974097]: mask 0xffffffffffffffffff set
cpu-bind=MASK - gpu-1-2, task  6  2 [369942]: mask 0xffffffffffffffffff000000000000000000000000000000000000 set
cpu-bind=MASK - gpu-1-12, task 46  2 [395563]: mask 0xffffffffffffffffff000000000000000000000000000000000000 set
cpu-bind=MASK - gpu-1-14, task 53  1 [3496679]: mask 0xffffffffffffffffff000000000000000000 set
cpu-bind=MASK - gpu-1-8, task 29  1 [1974098]: mask 0xffffffffffffffffff000000000000000000 set
cpu-bind=MASK - gpu-1-5, task 16  0 [3226537]: mask 0xffffffffffffffffff set
cpu-bind=MASK - gpu-1-6, task 20  0 [683942]: mask 0xffffffffffffffffff set
cpu-bind=MASK - gpu-1-8, task 30  2 [1974099]: mask 0xffffffffffffffffff000000000000000000000000000000000000 set
cpu-bind=MASK - gpu-1-14, task 54  2 [3496680]: mask 0xffffffffffffffffff000000000000000000000000000000000000 set
cpu-bind=MASK - gpu-1-2, task  7  3 [369943]: mask 0xffffffffffffffffff000000000000000000000000000000000000000000000000000000 set
cpu-bind=MASK - gpu-1-5, task 17  1 [3226538]: mask 0xffffffffffffffffff000000000000000000 set
cpu-bind=MASK - gpu-1-12, task 47  3 [395564]: mask 0xffffffffffffffffff000000000000000000000000000000000000000000000000000000 set
cpu-bind=MASK - gpu-1-6, task 21  1 [683943]: mask 0xffffffffffffffffff000000000000000000 set
cpu-bind=MASK - gpu-1-5, task 18  2 [3226539]: mask 0xffffffffffffffffff000000000000000000000000000000000000 set
using SLURM envars
rank local 0 gpu 0 nic cxi0
cpu-bind=MASK - gpu-1-8, task 31  3 [1974100]: mask 0xffffffffffffffffff000000000000000000000000000000000000000000000000000000 set
cpu-bind=MASK - gpu-1-6, task 22  2 [683944]: mask 0xffffffffffffffffff000000000000000000000000000000000000 set
cpu-bind=MASK - gpu-1-14, task 55  3 [3496681]: mask 0xffffffffffffffffff000000000000000000000000000000000000000000000000000000 set
using SLURM envars
rank local 1 gpu 1 nic cxi1
using SLURM envars
rank local 3 gpu 3 nic cxi3
cpu-bind=MASK - gpu-1-5, task 19  3 [3226540]: mask 0xffffffffffffffffff000000000000000000000000000000000000000000000000000000 set
#Using NCCL
cpu-bind=MASK - gpu-1-16, task 60  0 [2682322]: mask 0xffffffffffffffffff set
using SLURM envars
rank local 1 gpu 1 nic cxi1
using SLURM envars
rank local 2 gpu 2 nic cxi2
#Using NCCL
using SLURM envars
rank local 0 gpu 0 nic cxi0
cpu-bind=MASK - gpu-1-16, task 61  1 [2682323]: mask 0xffffffffffffffffff000000000000000000 set
#Using NCCL
using SLURM envars
rank local 3 gpu 3 nic cxi3
#Using NCCL
using SLURM envars
rank local 0 gpu 0 nic cxi0
cpu-bind=MASK - gpu-1-6, task 23  3 [683945]: mask 0xffffffffffffffffff000000000000000000000000000000000000000000000000000000 set
using SLURM envars
rank local 2 gpu 2 nic cxi2
cpu-bind=MASK - gpu-1-16, task 62  2 [2682324]: mask 0xffffffffffffffffff000000000000000000000000000000000000 set
#Using NCCL
#Using NCCL
using SLURM envars
rank local 3 gpu 3 nic cxi3
#Using NCCL
#Using NCCL
cpu-bind=MASK - gpu-1-15, task 56  0 [3228383]: mask 0xffffffffffffffffff set
#Using NCCL
#Using NCCL
cpu-bind=MASK - gpu-1-15, task 57  1 [3228384]: mask 0xffffffffffffffffff000000000000000000 set
cpu-bind=MASK - gpu-1-3, task  8  0 [1556053]: mask 0xffffffffffffffffff set
using SLURM envars
rank local 1 gpu 1 nic cxi1
cpu-bind=MASK - gpu-1-16, task 63  3 [2682325]: mask 0xffffffffffffffffff000000000000000000000000000000000000000000000000000000 set
using SLURM envars
rank local 2 gpu 2 nic cxi2
cpu-bind=MASK - gpu-1-15, task 58  2 [3228385]: mask 0xffffffffffffffffff000000000000000000000000000000000000 set
cpu-bind=MASK - gpu-1-3, task  9  1 [1556054]: mask 0xffffffffffffffffff000000000000000000 set
cpu-bind=MASK - gpu-1-3, task 10  2 [1556055]: mask 0xffffffffffffffffff000000000000000000000000000000000000 set
#Using NCCL
using SLURM envars
rank local 3 gpu 3 nic cxi3
#Using NCCL
using SLURM envars
rank local 0 gpu 0 nic cxi0
using SLURM envars
rank local 0 gpu 0 nic cxi0
cpu-bind=MASK - gpu-1-15, task 59  3 [3228386]: mask 0xffffffffffffffffff000000000000000000000000000000000000000000000000000000 set
using SLURM envars
rank local 0 gpu 0 nic cxi0
cpu-bind=MASK - gpu-1-9, task 32  0 [401882]: mask 0xffffffffffffffffff set
using SLURM envars
rank local 0 gpu 0 nic cxi0
#Using NCCL
using SLURM envars
rank local 2 gpu 2 nic cxi2
#Using NCCL
cpu-bind=MASK - gpu-1-13, task 48  0 [392331]: mask 0xffffffffffffffffff set
cpu-bind=MASK - gpu-1-3, task 11  3 [1556056]: mask 0xffffffffffffffffff000000000000000000000000000000000000000000000000000000 set
using SLURM envars
rank local 1 gpu 1 nic cxi1
using SLURM envars
rank local 1 gpu 1 nic cxi1
#Using NCCL
using SLURM envars
rank local 3 gpu 3 nic cxi3
cpu-bind=MASK - gpu-1-9, task 33  1 [401883]: mask 0xffffffffffffffffff000000000000000000 set
cpu-bind=MASK - gpu-1-13, task 49  1 [392332]: mask 0xffffffffffffffffff000000000000000000 set
using SLURM envars
rank local 2 gpu 2 nic cxi2
using SLURM envars
rank local 3 gpu 3 nic cxi3
#Using NCCL
#Using NCCL
#Using NCCL
#Using NCCL
using SLURM envars
rank local 2 gpu 2 nic cxi2
cpu-bind=MASK - gpu-1-4, task 12  0 [2443846]: mask 0xffffffffffffffffff set
#Using NCCL
cpu-bind=MASK - gpu-1-13, task 50  2 [392333]: mask 0xffffffffffffffffff000000000000000000000000000000000000 set
#Using NCCL
using SLURM envars
rank local 3 gpu 3 nic cxi3
#Using NCCL
using SLURM envars
rank local 2 gpu 2 nic cxi2
using SLURM envars
rank local 3 gpu 3 nic cxi3
cpu-bind=MASK - gpu-1-9, task 34  2 [401884]: mask 0xffffffffffffffffff000000000000000000000000000000000000 set
using SLURM envars
rank local 1 gpu 1 nic cxi1
using SLURM envars
rank local 1 gpu 1 nic cxi1
cpu-bind=MASK - gpu-1-4, task 13  1 [2443847]: mask 0xffffffffffffffffff000000000000000000 set
using SLURM envars
rank local 0 gpu 0 nic cxi0
#Using NCCL
#Using NCCL
using SLURM envars
rank local 3 gpu 3 nic cxi3
using SLURM envars
rank local 2 gpu 2 nic cxi2
using SLURM envars
rank local 1 gpu 1 nic cxi1
#Using NCCL
#Using NCCL
cpu-bind=MASK - gpu-1-4, task 14  2 [2443848]: mask 0xffffffffffffffffff000000000000000000000000000000000000 set
cpu-bind=MASK - gpu-1-13, task 51  3 [392334]: mask 0xffffffffffffffffff000000000000000000000000000000000000000000000000000000 set
#Using NCCL
#Using NCCL
#Using NCCL
#Using NCCL
using SLURM envars
rank local 0 gpu 0 nic cxi0
cpu-bind=MASK - gpu-1-9, task 35  3 [401885]: mask 0xffffffffffffffffff000000000000000000000000000000000000000000000000000000 set
#Using NCCL
#Using NCCL
#Using NCCL
using SLURM envars
rank local 1 gpu 1 nic cxi1
using SLURM envars
rank local 2 gpu 2 nic cxi2
cpu-bind=MASK - gpu-1-4, task 15  3 [2443849]: mask 0xffffffffffffffffff000000000000000000000000000000000000000000000000000000 set
#Using NCCL
using SLURM envars
rank local 1 gpu 1 nic cxi1
#Using NCCL
#Using NCCL
using SLURM envars
rank local 0 gpu 0 nic cxi0
using SLURM envars
rank local 3 gpu 3 nic cxi3
using SLURM envars
rank local 2 gpu 2 nic cxi2
#Using NCCL
#Using NCCL
using SLURM envars
rank local 0 gpu 0 nic cxi0
#Using NCCL
#Using NCCL
using SLURM envars
rank local 3 gpu 3 nic cxi3
using SLURM envars
rank local 1 gpu 1 nic cxi1
#Using NCCL
using SLURM envars
rank local 3 gpu 3 nic cxi3
using SLURM envars
rank local 0 gpu 0 nic cxi0
using SLURM envars
rank local 2 gpu 2 nic cxi2
#Using NCCL
cpu-bind=MASK - gpu-1-11, task 40  0 [378072]: mask 0xffffffffffffffffff set
#Using NCCL
#Using NCCL
using SLURM envars
rank local 2 gpu 2 nic cxi2
using SLURM envars
rank local 1 gpu 1 nic cxi1
#Using NCCL
#Using NCCL
cpu-bind=MASK - gpu-1-11, task 41  1 [378073]: mask 0xffffffffffffffffff000000000000000000 set
#Using NCCL
using SLURM envars
rank local 1 gpu 1 nic cxi1
#Using NCCL
cpu-bind=MASK - gpu-1-11, task 42  2 [378074]: mask 0xffffffffffffffffff000000000000000000000000000000000000 set
using SLURM envars
rank local 0 gpu 0 nic cxi0
using SLURM envars
rank local 1 gpu 1 nic cxi1
using SLURM envars
rank local 0 gpu 0 nic cxi0
using SLURM envars
rank local 3 gpu 3 nic cxi3
#Using NCCL
#Using NCCL
using SLURM envars
rank local 2 gpu 2 nic cxi2
cpu-bind=MASK - gpu-1-11, task 43  3 [378075]: mask 0xffffffffffffffffff000000000000000000000000000000000000000000000000000000 set
using SLURM envars
rank local 1 gpu 1 nic cxi1
using SLURM envars
rank local 0 gpu 0 nic cxi0
#Using NCCL
using SLURM envars
rank local 2 gpu 2 nic cxi2
using SLURM envars
rank local 3 gpu 3 nic cxi3
#Using NCCL
#Using NCCL
#Using NCCL
#Using NCCL
#Using NCCL
using SLURM envars
rank local 2 gpu 2 nic cxi2
#Using NCCL
using SLURM envars
rank local 3 gpu 3 nic cxi3
#Using NCCL
#Using NCCL
#Using NCCL
using SLURM envars
rank local 2 gpu 2 nic cxi2
using SLURM envars
rank local 0 gpu 0 nic cxi0
using SLURM envars
rank local 1 gpu 1 nic cxi1
using SLURM envars
rank local 3 gpu 3 nic cxi3
#Using NCCL
#Using NCCL
#Using NCCL
#Using NCCL

# OSU NCCL-CUDA All-to-All Personalized Exchange Latency Test v7.5.2
# Size       Avg Latency(us)
1                     386.72
2                     385.41
4                     383.16
8                     385.84
16                    384.76
32                    384.00
64                    380.23
128                   382.79
256                   360.16
512                   357.86
1024                  358.96
2048                  385.89
4096                  376.58
8192                  392.25
16384                 450.29
32768                 546.92
65536                 920.16
131072               1753.94
262144               5829.27
524288              11866.09
1048576             14809.71
-- srun osu_xccl_allreduce
cpu-bind=MASK - gpu-1-4, task 12  0 [2445245]: mask 0xffffffffffffffffff set
cpu-bind=MASK - gpu-1-12, task 44  0 [396958]: mask 0xffffffffffffffffff set
cpu-bind=MASK - gpu-1-4, task 13  1 [2445249]: mask 0xffffffffffffffffff000000000000000000 set
cpu-bind=MASK - gpu-1-10, task 36  0 [1886812]: mask 0xffffffffffffffffff set
cpu-bind=MASK - gpu-1-4, task 14  2 [2445253]: mask 0xffffffffffffffffff000000000000000000000000000000000000 set
cpu-bind=MASK - gpu-1-10, task 37  1 [1886816]: mask 0xffffffffffffffffff000000000000000000 set
cpu-bind=MASK - gpu-1-12, task 45  1 [396962]: mask 0xffffffffffffffffff000000000000000000 set
cpu-bind=MASK - gpu-1-1, task  0  0 [3052580]: mask 0xffffffffffffffffff set
cpu-bind=MASK - gpu-1-12, task 46  2 [396966]: mask 0xffffffffffffffffff000000000000000000000000000000000000 set
cpu-bind=MASK - gpu-1-10, task 38  2 [1886820]: mask 0xffffffffffffffffff000000000000000000000000000000000000 set
cpu-bind=MASK - gpu-1-12, task 47  3 [396970]: mask 0xffffffffffffffffff000000000000000000000000000000000000000000000000000000 set
cpu-bind=MASK - gpu-1-4, task 15  3 [2445257]: mask 0xffffffffffffffffff000000000000000000000000000000000000000000000000000000 set
cpu-bind=MASK - gpu-1-1, task  1  1 [3052584]: mask 0xffffffffffffffffff000000000000000000 set
cpu-bind=MASK - gpu-1-1, task  2  2 [3052589]: mask 0xffffffffffffffffff000000000000000000000000000000000000 set
cpu-bind=MASK - gpu-1-10, task 39  3 [1886824]: mask 0xffffffffffffffffff000000000000000000000000000000000000000000000000000000 set
cpu-bind=MASK - gpu-1-1, task  3  3 [3052593]: mask 0xffffffffffffffffff000000000000000000000000000000000000000000000000000000 set
cpu-bind=MASK - gpu-1-9, task 32  0 [403327]: mask 0xffffffffffffffffff set
cpu-bind=MASK - gpu-1-5, task 16  0 [3227980]: mask 0xffffffffffffffffff set
cpu-bind=MASK - gpu-1-9, task 33  1 [403328]: mask 0xffffffffffffffffff000000000000000000 set
cpu-bind=MASK - gpu-1-5, task 17  1 [3227981]: mask 0xffffffffffffffffff000000000000000000 set
cpu-bind=MASK - gpu-1-9, task 34  2 [403329]: mask 0xffffffffffffffffff000000000000000000000000000000000000 set
cpu-bind=MASK - gpu-1-5, task 18  2 [3227982]: mask 0xffffffffffffffffff000000000000000000000000000000000000 set
cpu-bind=MASK - gpu-1-9, task 35  3 [403330]: mask 0xffffffffffffffffff000000000000000000000000000000000000000000000000000000 set
using SLURM envars
rank local 3 gpu 3 nic cxi3
cpu-bind=MASK - gpu-1-5, task 19  3 [3227983]: mask 0xffffffffffffffffff000000000000000000000000000000000000000000000000000000 set
using SLURM envars
using SLURM envars
using SLURM envars
using SLURM envars
rank local 0 gpu 0 nic cxi0
rank local 0 gpu 0 nic cxi0
rank local 0 gpu 0 nic cxi0
rank local 0 gpu 0 nic cxi0
#Using NCCL
#Using NCCL
#Using NCCL
using SLURM envars
using SLURM envars
rank local 1 gpu 1 nic cxi1
rank local 2 gpu 2 nic cxi2
using SLURM envars
rank local 1 gpu 1 nic cxi1
#Using NCCL
using SLURM envars
using SLURM envars
rank local 2 gpu 2 nic cxi2
rank local 3 gpu 3 nic cxi3
using SLURM envars
rank local 1 gpu 1 nic cxi1
#Using NCCL
#Using NCCL
using SLURM envars
cpu-bind=MASK - gpu-1-13, task 48  0 [393774]: mask 0xffffffffffffffffff set
rank local 3 gpu 3 nic cxi3
#Using NCCL
using SLURM envars
rank local 2 gpu 2 nic cxi2
#Using NCCL
#Using NCCL
cpu-bind=MASK - gpu-1-13, task 49  1 [393775]: mask 0xffffffffffffffffff000000000000000000 set
#Using NCCL
#Using NCCL
using SLURM envars
rank local 1 gpu 1 nic cxi1
using SLURM envars
rank local 2 gpu 2 nic cxi2
using SLURM envars
rank local 3 gpu 3 nic cxi3
#Using NCCL
#Using NCCL
cpu-bind=MASK - gpu-1-16, task 60  0 [2683766]: mask 0xffffffffffffffffff set
cpu-bind=MASK - gpu-1-13, task 50  2 [393776]: mask 0xffffffffffffffffff000000000000000000000000000000000000 set
#Using NCCL
cpu-bind=MASK - gpu-1-16, task 61  1 [2683767]: mask 0xffffffffffffffffff000000000000000000 set
#Using NCCL
#Using NCCL
cpu-bind=MASK - gpu-1-16, task 62  2 [2683768]: mask 0xffffffffffffffffff000000000000000000000000000000000000 set
cpu-bind=MASK - gpu-1-2, task  4  0 [371361]: mask 0xffffffffffffffffff set
cpu-bind=MASK - gpu-1-7, task 24  0 [2891223]: mask 0xffffffffffffffffff set
cpu-bind=MASK - gpu-1-2, task  5  1 [371365]: mask 0xffffffffffffffffff000000000000000000 set
using SLURM envars
rank local 1 gpu 1 nic cxi1
cpu-bind=MASK - gpu-1-13, task 51  3 [393777]: mask 0xffffffffffffffffff000000000000000000000000000000000000000000000000000000 set
cpu-bind=MASK - gpu-1-7, task 25  1 [2891228]: mask 0xffffffffffffffffff000000000000000000 set
cpu-bind=MASK - gpu-1-2, task  6  2 [371368]: mask 0xffffffffffffffffff000000000000000000000000000000000000 set
using SLURM envars
rank local 0 gpu 0 nic cxi0
cpu-bind=MASK - gpu-1-15, task 56  0 [3229829]: mask 0xffffffffffffffffff set
cpu-bind=MASK - gpu-1-14, task 52  0 [3498123]: mask 0xffffffffffffffffff set
using SLURM envars
rank local 0 gpu 0 nic cxi0
cpu-bind=MASK - gpu-1-16, task 63  3 [2683769]: mask 0xffffffffffffffffff000000000000000000000000000000000000000000000000000000 set
cpu-bind=MASK - gpu-1-7, task 26  2 [2891233]: mask 0xffffffffffffffffff000000000000000000000000000000000000 set
#Using NCCL
cpu-bind=MASK - gpu-1-15, task 57  1 [3229830]: mask 0xffffffffffffffffff000000000000000000 set
using SLURM envars
rank local 3 gpu 3 nic cxi3
cpu-bind=MASK - gpu-1-8, task 28  0 [1975524]: mask 0xffffffffffffffffff set
using SLURM envars
rank local 2 gpu 2 nic cxi2
#Using NCCL
using SLURM envars
cpu-bind=MASK - gpu-1-6, task 20  0 [685386]: mask 0xffffffffffffffffff set
rank local 3 gpu 3 nic cxi3
cpu-bind=MASK - gpu-1-14, task 53  1 [3498124]: mask 0xffffffffffffffffff000000000000000000 set
#Using NCCL
cpu-bind=MASK - gpu-1-15, task 58  2 [3229831]: mask 0xffffffffffffffffff000000000000000000000000000000000000 set
cpu-bind=MASK - gpu-1-8, task 29  1 [1975529]: mask 0xffffffffffffffffff000000000000000000 set
cpu-bind=MASK - gpu-1-7, task 27  3 [2891238]: mask 0xffffffffffffffffff000000000000000000000000000000000000000000000000000000 set
using SLURM envars
cpu-bind=MASK - gpu-1-14, task 54  2 [3498125]: mask 0xffffffffffffffffff000000000000000000000000000000000000 set
rank local 1 gpu 1 nic cxi1
#Using NCCL
#Using NCCL
#Using NCCL
using SLURM envars
rank local 2 gpu 2 nic cxi2
cpu-bind=MASK - gpu-1-2, task  7  3 [371372]: mask 0xffffffffffffffffff000000000000000000000000000000000000000000000000000000 set
cpu-bind=MASK - gpu-1-6, task 21  1 [685387]: mask 0xffffffffffffffffff000000000000000000 set
cpu-bind=MASK - gpu-1-8, task 30  2 [1975534]: mask 0xffffffffffffffffff000000000000000000000000000000000000 set
#Using NCCL
cpu-bind=MASK - gpu-1-6, task 22  2 [685388]: mask 0xffffffffffffffffff000000000000000000000000000000000000 set
#Using NCCL
cpu-bind=MASK - gpu-1-15, task 59  3 [3229832]: mask 0xffffffffffffffffff000000000000000000000000000000000000000000000000000000 set
cpu-bind=MASK - gpu-1-11, task 40  0 [379516]: mask 0xffffffffffffffffff set
cpu-bind=MASK - gpu-1-14, task 55  3 [3498126]: mask 0xffffffffffffffffff000000000000000000000000000000000000000000000000000000 set
cpu-bind=MASK - gpu-1-3, task  8  0 [1557496]: mask 0xffffffffffffffffff set
cpu-bind=MASK - gpu-1-11, task 41  1 [379517]: mask 0xffffffffffffffffff000000000000000000 set
cpu-bind=MASK - gpu-1-8, task 31  3 [1975539]: mask 0xffffffffffffffffff000000000000000000000000000000000000000000000000000000 set
cpu-bind=MASK - gpu-1-6, task 23  3 [685389]: mask 0xffffffffffffffffff000000000000000000000000000000000000000000000000000000 set
cpu-bind=MASK - gpu-1-11, task 42  2 [379518]: mask 0xffffffffffffffffff000000000000000000000000000000000000 set
cpu-bind=MASK - gpu-1-3, task  9  1 [1557497]: mask 0xffffffffffffffffff000000000000000000 set
cpu-bind=MASK - gpu-1-11, task 43  3 [379519]: mask 0xffffffffffffffffff000000000000000000000000000000000000000000000000000000 set
cpu-bind=MASK - gpu-1-3, task 10  2 [1557498]: mask 0xffffffffffffffffff000000000000000000000000000000000000 set
using SLURM envars
rank local 1 gpu 1 nic cxi1
using SLURM envars
rank local 0 gpu 0 nic cxi0
using SLURM envars
rank local 0 gpu 0 nic cxi0
cpu-bind=MASK - gpu-1-3, task 11  3 [1557499]: mask 0xffffffffffffffffff000000000000000000000000000000000000000000000000000000 set
#Using NCCL
using SLURM envars
rank local 3 gpu 3 nic cxi3
#Using NCCL
using SLURM envars
rank local 2 gpu 2 nic cxi2
using SLURM envars
rank local 1 gpu 1 nic cxi1
using SLURM envars
rank local 3 gpu 3 nic cxi3
#Using NCCL
using SLURM envars
rank local 3 gpu 3 nic cxi3
using SLURM envars
rank local 2 gpu 2 nic cxi2
using SLURM envars
rank local 3 gpu 3 nic cxi3
#Using NCCL
#Using NCCL
#Using NCCL
using SLURM envars
rank local 1 gpu 1 nic cxi1
using SLURM envars
rank local 1 gpu 1 nic cxi1
#Using NCCL
using SLURM envars
rank local 0 gpu 0 nic cxi0
#Using NCCL
#Using NCCL
#Using NCCL
using SLURM envars
rank local 3 gpu 3 nic cxi3
using SLURM envars
rank local 2 gpu 2 nic cxi2
#Using NCCL
using SLURM envars
using SLURM envars
rank local 2 gpu 2 nic cxi2
rank local 2 gpu 2 nic cxi2
using SLURM envars
rank local 0 gpu 0 nic cxi0
#Using NCCL
#Using NCCL
using SLURM envars
rank local 0 gpu 0 nic cxi0
using SLURM envars
rank local 2 gpu 2 nic cxi2
#Using NCCL
using SLURM envars
rank local 3 gpu 3 nic cxi3
#Using NCCL
using SLURM envars
rank local 0 gpu 0 nic cxi0
using SLURM envars
rank local 1 gpu 1 nic cxi1
using SLURM envars
rank local 2 gpu 2 nic cxi2
#Using NCCL
#Using NCCL
#Using NCCL
#Using NCCL
using SLURM envars
rank local 0 gpu 0 nic cxi0
using SLURM envars
rank local 1 gpu 1 nic cxi1
using SLURM envars
rank local 3 gpu 3 nic cxi3
#Using NCCL
#Using NCCL
using SLURM envars
rank local 2 gpu 2 nic cxi2
using SLURM envars
rank local 0 gpu 0 nic cxi0
using SLURM envars
rank local 1 gpu 1 nic cxi1
using SLURM envars
rank local 3 gpu 3 nic cxi3
#Using NCCL
#Using NCCL
#Using NCCL
#Using NCCL
using SLURM envars
rank local 1 gpu 1 nic cxi1
using SLURM envars
rank local 2 gpu 2 nic cxi2
#Using NCCL
#Using NCCL
#Using NCCL
using SLURM envars
rank local 0 gpu 0 nic cxi0
#Using NCCL
#Using NCCL
#Using NCCL
using SLURM envars
rank local 1 gpu 1 nic cxi1
using SLURM envars
rank local 3 gpu 3 nic cxi3
#Using NCCL
#Using NCCL
using SLURM envars
rank local 3 gpu 3 nic cxi3
#Using NCCL
#Using NCCL
#Using NCCL
using SLURM envars
rank local 0 gpu 0 nic cxi0
#Using NCCL
using SLURM envars
rank local 2 gpu 2 nic cxi2
using SLURM envars
rank local 1 gpu 1 nic cxi1
#Using NCCL
#Using NCCL
#Using NCCL

# OSU NCCL-CUDA Allreduce Latency Test v7.5.2
# Size       Avg Latency(us)
4                      44.83
8                      44.42
16                     44.23
32                     44.21
64                     48.68
128                    49.69
256                    49.99
512                    51.36
1024                   52.98
2048                   55.02
4096                   59.36
8192                   65.93
16384                  76.27
32768                 141.44
65536                 207.13
131072                109.62
262144                132.88
524288                247.90
1048576               466.79
-- srun osu_xccl_allgather
cpu-bind=MASK - gpu-1-1, task  0  0 [3053503]: mask 0xffffffffffffffffff set
cpu-bind=MASK - gpu-1-1, task  1  1 [3053504]: mask 0xffffffffffffffffff000000000000000000 set
cpu-bind=MASK - gpu-1-1, task  2  2 [3053505]: mask 0xffffffffffffffffff000000000000000000000000000000000000 set
cpu-bind=MASK - gpu-1-4, task 12  0 [2446136]: mask 0xffffffffffffffffff set
cpu-bind=MASK - gpu-1-5, task 16  0 [3228826]: mask 0xffffffffffffffffff set
cpu-bind=MASK - gpu-1-4, task 13  1 [2446137]: mask 0xffffffffffffffffff000000000000000000 set
cpu-bind=MASK - gpu-1-1, task  3  3 [3053506]: mask 0xffffffffffffffffff000000000000000000000000000000000000000000000000000000 set
cpu-bind=MASK - gpu-1-5, task 17  1 [3228827]: mask 0xffffffffffffffffff000000000000000000 set
cpu-bind=MASK - gpu-1-4, task 14  2 [2446138]: mask 0xffffffffffffffffff000000000000000000000000000000000000 set
cpu-bind=MASK - gpu-1-16, task 60  0 [2684615]: mask 0xffffffffffffffffff set
cpu-bind=MASK - gpu-1-5, task 18  2 [3228828]: mask 0xffffffffffffffffff000000000000000000000000000000000000 set
cpu-bind=MASK - gpu-1-16, task 61  1 [2684616]: mask 0xffffffffffffffffff000000000000000000 set
cpu-bind=MASK - gpu-1-16, task 62  2 [2684617]: mask 0xffffffffffffffffff000000000000000000000000000000000000 set
cpu-bind=MASK - gpu-1-4, task 15  3 [2446139]: mask 0xffffffffffffffffff000000000000000000000000000000000000000000000000000000 set
cpu-bind=MASK - gpu-1-14, task 52  0 [3498969]: mask 0xffffffffffffffffff set
cpu-bind=MASK - gpu-1-5, task 19  3 [3228829]: mask 0xffffffffffffffffff000000000000000000000000000000000000000000000000000000 set
cpu-bind=MASK - gpu-1-8, task 28  0 [1976386]: mask 0xffffffffffffffffff set
cpu-bind=MASK - gpu-1-9, task 32  0 [404173]: mask 0xffffffffffffffffff set
cpu-bind=MASK - gpu-1-16, task 63  3 [2684618]: mask 0xffffffffffffffffff000000000000000000000000000000000000000000000000000000 set
cpu-bind=MASK - gpu-1-14, task 53  1 [3498970]: mask 0xffffffffffffffffff000000000000000000 set
cpu-bind=MASK - gpu-1-8, task 29  1 [1976387]: mask 0xffffffffffffffffff000000000000000000 set
cpu-bind=MASK - gpu-1-9, task 33  1 [404174]: mask 0xffffffffffffffffff000000000000000000 set
cpu-bind=MASK - gpu-1-14, task 54  2 [3498971]: mask 0xffffffffffffffffff000000000000000000000000000000000000 set
cpu-bind=MASK - gpu-1-8, task 30  2 [1976388]: mask 0xffffffffffffffffff000000000000000000000000000000000000 set
cpu-bind=MASK - gpu-1-7, task 24  0 [2892106]: mask 0xffffffffffffffffff set
cpu-bind=MASK - gpu-1-9, task 34  2 [404175]: mask 0xffffffffffffffffff000000000000000000000000000000000000 set
cpu-bind=MASK - gpu-1-8, task 31  3 [1976389]: mask 0xffffffffffffffffff000000000000000000000000000000000000000000000000000000 set
cpu-bind=MASK - gpu-1-14, task 55  3 [3498972]: mask 0xffffffffffffffffff000000000000000000000000000000000000000000000000000000 set
cpu-bind=MASK - gpu-1-7, task 25  1 [2892107]: mask 0xffffffffffffffffff000000000000000000 set
using SLURM envars
rank local 0 gpu 0 nic cxi0
cpu-bind=MASK - gpu-1-7, task 26  2 [2892108]: mask 0xffffffffffffffffff000000000000000000000000000000000000 set
cpu-bind=MASK - gpu-1-9, task 35  3 [404176]: mask 0xffffffffffffffffff000000000000000000000000000000000000000000000000000000 set
cpu-bind=MASK - gpu-1-15, task 56  0 [3230675]: mask 0xffffffffffffffffff set
cpu-bind=MASK - gpu-1-11, task 40  0 [380363]: mask 0xffffffffffffffffff set
using SLURM envars
rank local 1 gpu 1 nic cxi1
#Using NCCL
cpu-bind=MASK - gpu-1-11, task 41  1 [380364]: mask 0xffffffffffffffffff000000000000000000 set
cpu-bind=MASK - gpu-1-7, task 27  3 [2892109]: mask 0xffffffffffffffffff000000000000000000000000000000000000000000000000000000 set
cpu-bind=MASK - gpu-1-15, task 57  1 [3230676]: mask 0xffffffffffffffffff000000000000000000 set
#Using NCCL
using SLURM envars
rank local 2 gpu 2 nic cxi2
using SLURM envars
rank local 3 gpu 3 nic cxi3
cpu-bind=MASK - gpu-1-11, task 42  2 [380365]: mask 0xffffffffffffffffff000000000000000000000000000000000000 set
using SLURM envars
rank local 0 gpu 0 nic cxi0
#Using NCCL
using SLURM envars
rank local 2 gpu 2 nic cxi2
cpu-bind=MASK - gpu-1-15, task 58  2 [3230677]: mask 0xffffffffffffffffff000000000000000000000000000000000000 set
#Using NCCL
cpu-bind=MASK - gpu-1-12, task 44  0 [397850]: mask 0xffffffffffffffffff set
using SLURM envars
rank local 1 gpu 1 nic cxi1
#Using NCCL
cpu-bind=MASK - gpu-1-11, task 43  3 [380366]: mask 0xffffffffffffffffff000000000000000000000000000000000000000000000000000000 set
#Using NCCL
using SLURM envars
rank local 1 gpu 1 nic cxi1
using SLURM envars
rank local 0 gpu 0 nic cxi0
using SLURM envars
rank local 3 gpu 3 nic cxi3
using SLURM envars
rank local 3 gpu 3 nic cxi3
cpu-bind=MASK - gpu-1-12, task 45  1 [397851]: mask 0xffffffffffffffffff000000000000000000 set
cpu-bind=MASK - gpu-1-2, task  4  0 [372258]: mask 0xffffffffffffffffff set
using SLURM envars
rank local 3 gpu 3 nic cxi3
cpu-bind=MASK - gpu-1-15, task 59  3 [3230678]: mask 0xffffffffffffffffff000000000000000000000000000000000000000000000000000000 set
#Using NCCL
using SLURM envars
rank local 2 gpu 2 nic cxi2
#Using NCCL
using SLURM envars
rank local 1 gpu 1 nic cxi1
#Using NCCL
#Using NCCL
using SLURM envars
rank local 0 gpu 0 nic cxi0
using SLURM envars
cpu-bind=MASK - gpu-1-10, task 36  0 [1887715]: mask 0xffffffffffffffffff set
rank local 2 gpu 2 nic cxi2
cpu-bind=MASK - gpu-1-2, task  5  1 [372259]: mask 0xffffffffffffffffff000000000000000000 set
#Using NCCL
#Using NCCL
cpu-bind=MASK - gpu-1-12, task 46  2 [397852]: mask 0xffffffffffffffffff000000000000000000000000000000000000 set
using SLURM envars
rank local 1 gpu 1 nic cxi1
#Using NCCL
using SLURM envars
rank local 3 gpu 3 nic cxi3
cpu-bind=MASK - gpu-1-6, task 20  0 [686232]: mask 0xffffffffffffffffff set
#Using NCCL
cpu-bind=MASK - gpu-1-2, task  6  2 [372260]: mask 0xffffffffffffffffff000000000000000000000000000000000000 set
cpu-bind=MASK - gpu-1-10, task 37  1 [1887716]: mask 0xffffffffffffffffff000000000000000000 set
#Using NCCL
#Using NCCL
cpu-bind=MASK - gpu-1-6, task 21  1 [686233]: mask 0xffffffffffffffffff000000000000000000 set
using SLURM envars
rank local 0 gpu 0 nic cxi0
#Using NCCL
cpu-bind=MASK - gpu-1-12, task 47  3 [397853]: mask 0xffffffffffffffffff000000000000000000000000000000000000000000000000000000 set
cpu-bind=MASK - gpu-1-3, task  8  0 [1558342]: mask 0xffffffffffffffffff set
using SLURM envars
rank local 2 gpu 2 nic cxi2
#Using NCCL
using SLURM envars
rank local 1 gpu 1 nic cxi1
cpu-bind=MASK - gpu-1-10, task 38  2 [1887717]: mask 0xffffffffffffffffff000000000000000000000000000000000000 set
cpu-bind=MASK - gpu-1-13, task 48  0 [394622]: mask 0xffffffffffffffffff set
#Using NCCL
cpu-bind=MASK - gpu-1-6, task 22  2 [686234]: mask 0xffffffffffffffffff000000000000000000000000000000000000 set
using SLURM envars
rank local 2 gpu 2 nic cxi2
using SLURM envars
rank local 3 gpu 3 nic cxi3
using SLURM envars
rank local 1 gpu 1 nic cxi1
using SLURM envars
rank local 0 gpu 0 nic cxi0
cpu-bind=MASK - gpu-1-2, task  7  3 [372261]: mask 0xffffffffffffffffff000000000000000000000000000000000000000000000000000000 set
cpu-bind=MASK - gpu-1-13, task 49  1 [394623]: mask 0xffffffffffffffffff000000000000000000 set
#Using NCCL
cpu-bind=MASK - gpu-1-3, task  9  1 [1558343]: mask 0xffffffffffffffffff000000000000000000 set
using SLURM envars
rank local 3 gpu 3 nic cxi3
#Using NCCL
#Using NCCL
cpu-bind=MASK - gpu-1-13, task 50  2 [394624]: mask 0xffffffffffffffffff000000000000000000000000000000000000 set
using SLURM envars
rank local 1 gpu 1 nic cxi1
#Using NCCL
#Using NCCL
#Using NCCL
using SLURM envars
rank local 2 gpu 2 nic cxi2
using SLURM envars
rank local 0 gpu 0 nic cxi0
cpu-bind=MASK - gpu-1-3, task 10  2 [1558344]: mask 0xffffffffffffffffff000000000000000000000000000000000000 set
#Using NCCL
cpu-bind=MASK - gpu-1-10, task 39  3 [1887718]: mask 0xffffffffffffffffff000000000000000000000000000000000000000000000000000000 set
cpu-bind=MASK - gpu-1-6, task 23  3 [686235]: mask 0xffffffffffffffffff000000000000000000000000000000000000000000000000000000 set
#Using NCCL
#Using NCCL
#Using NCCL
using SLURM envars
rank local 3 gpu 3 nic cxi3
using SLURM envars
rank local 0 gpu 0 nic cxi0
cpu-bind=MASK - gpu-1-13, task 51  3 [394625]: mask 0xffffffffffffffffff000000000000000000000000000000000000000000000000000000 set
using SLURM envars
rank local 2 gpu 2 nic cxi2
cpu-bind=MASK - gpu-1-3, task 11  3 [1558345]: mask 0xffffffffffffffffff000000000000000000000000000000000000000000000000000000 set
#Using NCCL
#Using NCCL
using SLURM envars
rank local 2 gpu 2 nic cxi2
#Using NCCL
using SLURM envars
rank local 0 gpu 0 nic cxi0
using SLURM envars
rank local 0 gpu 0 nic cxi0
using SLURM envars
rank local 1 gpu 1 nic cxi1
#Using NCCL
using SLURM envars
rank local 3 gpu 3 nic cxi3
using SLURM envars
rank local 1 gpu 1 nic cxi1
#Using NCCL
#Using NCCL
using SLURM envars
rank local 3 gpu 3 nic cxi3
using SLURM envars
rank local 2 gpu 2 nic cxi2
#Using NCCL
#Using NCCL
#Using NCCL
#Using NCCL
#Using NCCL
using SLURM envars
rank local 3 gpu 3 nic cxi3
using SLURM envars
rank local 3 gpu 3 nic cxi3
using SLURM envars
rank local 0 gpu 0 nic cxi0
using SLURM envars
rank local 1 gpu 1 nic cxi1
using SLURM envars
rank local 2 gpu 2 nic cxi2
using SLURM envars
rank local 0 gpu 0 nic cxi0
#Using NCCL
#Using NCCL
using SLURM envars
rank local 3 gpu 3 nic cxi3
#Using NCCL
#Using NCCL
using SLURM envars
rank local 1 gpu 1 nic cxi1
#Using NCCL
#Using NCCL
using SLURM envars
rank local 2 gpu 2 nic cxi2
using SLURM envars
rank local 2 gpu 2 nic cxi2
using SLURM envars
rank local 0 gpu 0 nic cxi0
#Using NCCL
#Using NCCL
#Using NCCL
using SLURM envars
rank local 1 gpu 1 nic cxi1
using SLURM envars
rank local 0 gpu 0 nic cxi0
using SLURM envars
rank local 1 gpu 1 nic cxi1
using SLURM envars
rank local 0 gpu 0 nic cxi0
#Using NCCL
using SLURM envars
rank local 2 gpu 2 nic cxi2
#Using NCCL
using SLURM envars
rank local 1 gpu 1 nic cxi1
using SLURM envars
rank local 1 gpu 1 nic cxi1
#Using NCCL
using SLURM envars
rank local 3 gpu 3 nic cxi3
#Using NCCL
using SLURM envars
rank local 0 gpu 0 nic cxi0
using SLURM envars
rank local 3 gpu 3 nic cxi3
#Using NCCL
using SLURM envars
rank local 2 gpu 2 nic cxi2
#Using NCCL
#Using NCCL
using SLURM envars
rank local 3 gpu 3 nic cxi3
#Using NCCL
using SLURM envars
rank local 2 gpu 2 nic cxi2
#Using NCCL
#Using NCCL
#Using NCCL
#Using NCCL
#Using NCCL
#Using NCCL
#Using NCCL

# OSU NCCL-CUDA Allgather Latency Test v7.5.2
# Size       Avg Latency(us)
1                     150.77
2                     150.33
4                     148.88
8                     148.69
16                    148.31
32                    147.50
64                    148.63
128                   151.06
256                   155.26
512                   162.63
1024                  176.19
2048                  184.10
4096                  214.21
8192                  400.30
16384                 529.04
32768                 481.62
65536                 688.15
131072                817.65
262144                853.75
524288               4168.59
1048576              2903.30

Job 190609 consumed 0.0 billing hours and 1.9 GPU hours from project nn9997k.

Submitted 2026-02-25T10:16:20; waited 0.0 seconds in the queue after becoming eligible to run.

Requested wallclock time: 10.0 minutes
Elapsed wallclock time:   1.8 minutes

Job exited normally.

Task and CPU statistics:
ID                 CPUs  Tasks  CPU util                Start  Elapsed  Exit status
190609             4608            0.0 %  2026-02-25T10:16:20  107.0 s  0
190609.batch        288      1     0.0 %  2026-02-25T10:16:20  107.0 s  0
190609.gpubind.sh  4608     64     0.0 %  2026-02-25T10:16:23   12.0 s  0
190609.gpubind.sh  4608     64     0.0 %  2026-02-25T10:16:35    7.0 s  0
190609.gpubind.sh  4608     64     0.0 %  2026-02-25T10:16:42   12.0 s  0
190609.gpubind.sh  4608     64     0.0 %  2026-02-25T10:16:54   11.0 s  0
190609.gpubind.sh  4608     64     0.0 %  2026-02-25T10:17:05    7.0 s  0
190609.gpubind.sh  4608     64     0.0 %  2026-02-25T10:17:12   13.0 s  0
190609.gpubind.sh  4608     64     0.0 %  2026-02-25T10:17:25   19.0 s  0
190609.gpubind.sh  4608     64     0.0 %  2026-02-25T10:17:44   10.0 s  0
190609.gpubind.sh  4608     64     0.0 %  2026-02-25T10:17:54   13.0 s  0

Used CPU time:   1.3 CPU seconds
Unused CPU time: 5.7 CPU days

Memory statistics, in GiB:
ID                  Alloc   Usage
190609             11200.0        
190609.batch        700.0     0.2
190609.gpubind.sh  11200.0    26.4
190609.gpubind.sh  11200.0    12.3
190609.gpubind.sh  11200.0    16.1
190609.gpubind.sh  11200.0    24.7
190609.gpubind.sh  11200.0    12.1
190609.gpubind.sh  11200.0    16.1
190609.gpubind.sh  11200.0    48.2
190609.gpubind.sh  11200.0    39.5
190609.gpubind.sh  11200.0    39.5

Job 190609 completed at Wed Feb 25 10:18:08 CET 2026
